<?xml version="1.0" encoding="UTF-8"?>
<!-- Generated by org.testng.reporters.JUnitXMLReporter -->
<testsuite ignored="1" hostname="HUSEYINTURKSOY" failures="0" tests="1" name="Surefire test" time="10.413" errors="0" timestamp="2026-05-11T12:39:14 TRT">
  <testcase classname="com.zoetispets.Tests" name="stageAuthTest" time="0.268"/>
  <testcase classname="com.zoetispets.Tests" name="PracticeDetail" time="0.0">
    <ignored/>
  </testcase> <!-- PracticeDetail -->
</testsuite> <!-- Surefire test -->
