<?xml version="1.0" encoding="UTF-8"?>
<testng-results ignored="0" total="31" passed="31" failed="0" skipped="0">
  <reporter-output>
  </reporter-output>
  <suite started-at="2026-07-14T07:25:41 UTC" name="Surefire suite" finished-at="2026-07-14T07:27:36 UTC" duration-ms="115012">
    <groups>
    </groups>
    <test started-at="2026-07-14T07:25:41 UTC" name="Surefire test" finished-at="2026-07-14T07:27:36 UTC" duration-ms="115012">
      <class name="com.zoetispets.Tests">
        <test-method is-config="true" signature="setUp()[pri:0, instance:com.zoetispets.Tests@4c1d9d4b]" started-at="2026-07-14T07:25:42 UTC" name="setUp" finished-at="2026-07-14T07:25:50 UTC" duration-ms="8408" status="PASS">
          <reporter-output>
          </reporter-output>
        </test-method> <!-- setUp -->
        <test-method signature="PracticeDetail(java.lang.String,java.lang.String,java.lang.String)[pri:1, instance:com.zoetispets.Tests@4c1d9d4b]" started-at="2026-07-14T07:25:50 UTC" name="PracticeDetail" data-provider="zoetispetsV2Locals" finished-at="2026-07-14T07:25:54 UTC" duration-ms="4191" status="PASS">
          <params>
            <param index="0">
              <value>
                <![CDATA[https://www.zoetispets.com/en-gb/]]>
              </value>
            </param>
            <param index="1">
              <value>
                <![CDATA[Zoetis Pets UK]]>
              </value>
            </param>
            <param index="2">
              <value>
                <![CDATA[UK HOME PAGE]]>
              </value>
            </param>
          </params>
          <reporter-output>
          </reporter-output>
        </test-method> <!-- PracticeDetail -->
        <test-method signature="PracticeDetail(java.lang.String,java.lang.String,java.lang.String)[pri:1, instance:com.zoetispets.Tests@4c1d9d4b]" started-at="2026-07-14T07:25:54 UTC" name="PracticeDetail" data-provider="zoetispetsV2Locals" finished-at="2026-07-14T07:25:58 UTC" duration-ms="4342" status="PASS">
          <params>
            <param index="0">
              <value>
                <![CDATA[https://www.zoetispets.com/en-au/]]>
              </value>
            </param>
            <param index="1">
              <value>
                <![CDATA[Zoetis Pets AU]]>
              </value>
            </param>
            <param index="2">
              <value>
                <![CDATA[AU HOME PAGE]]>
              </value>
            </param>
          </params>
          <reporter-output>
          </reporter-output>
        </test-method> <!-- PracticeDetail -->
        <test-method signature="PracticeDetail(java.lang.String,java.lang.String,java.lang.String)[pri:1, instance:com.zoetispets.Tests@4c1d9d4b]" started-at="2026-07-14T07:25:58 UTC" name="PracticeDetail" data-provider="zoetispetsV2Locals" finished-at="2026-07-14T07:26:02 UTC" duration-ms="3606" status="PASS">
          <params>
            <param index="0">
              <value>
                <![CDATA[https://www.zoetispets.com/de-de/]]>
              </value>
            </param>
            <param index="1">
              <value>
                <![CDATA[Zoetis Pets DE]]>
              </value>
            </param>
            <param index="2">
              <value>
                <![CDATA[DE HOME PAGE]]>
              </value>
            </param>
          </params>
          <reporter-output>
          </reporter-output>
        </test-method> <!-- PracticeDetail -->
        <test-method signature="PracticeDetail(java.lang.String,java.lang.String,java.lang.String)[pri:1, instance:com.zoetispets.Tests@4c1d9d4b]" started-at="2026-07-14T07:26:02 UTC" name="PracticeDetail" data-provider="zoetispetsV2Locals" finished-at="2026-07-14T07:26:06 UTC" duration-ms="3517" status="PASS">
          <params>
            <param index="0">
              <value>
                <![CDATA[https://www.zoetispets.com/it-it/]]>
              </value>
            </param>
            <param index="1">
              <value>
                <![CDATA[Zoetis Pets IT]]>
              </value>
            </param>
            <param index="2">
              <value>
                <![CDATA[IT HOME PAGE]]>
              </value>
            </param>
          </params>
          <reporter-output>
          </reporter-output>
        </test-method> <!-- PracticeDetail -->
        <test-method signature="PracticeDetail(java.lang.String,java.lang.String,java.lang.String)[pri:1, instance:com.zoetispets.Tests@4c1d9d4b]" started-at="2026-07-14T07:26:06 UTC" name="PracticeDetail" data-provider="zoetispetsV2Locals" finished-at="2026-07-14T07:26:09 UTC" duration-ms="3256" status="PASS">
          <params>
            <param index="0">
              <value>
                <![CDATA[https://www.zoetispets.com/es-es/]]>
              </value>
            </param>
            <param index="1">
              <value>
                <![CDATA[Zoetis Pets ES]]>
              </value>
            </param>
            <param index="2">
              <value>
                <![CDATA[ES HOME PAGE]]>
              </value>
            </param>
          </params>
          <reporter-output>
          </reporter-output>
        </test-method> <!-- PracticeDetail -->
        <test-method signature="PracticeDetail(java.lang.String,java.lang.String,java.lang.String)[pri:1, instance:com.zoetispets.Tests@4c1d9d4b]" started-at="2026-07-14T07:26:09 UTC" name="PracticeDetail" data-provider="zoetispetsV2Locals" finished-at="2026-07-14T07:26:12 UTC" duration-ms="3248" status="PASS">
          <params>
            <param index="0">
              <value>
                <![CDATA[https://www.zoetispets.com/pl-pl/]]>
              </value>
            </param>
            <param index="1">
              <value>
                <![CDATA[Zoetis Pets PL]]>
              </value>
            </param>
            <param index="2">
              <value>
                <![CDATA[PL HOME PAGE]]>
              </value>
            </param>
          </params>
          <reporter-output>
          </reporter-output>
        </test-method> <!-- PracticeDetail -->
        <test-method signature="PracticeDetail(java.lang.String,java.lang.String,java.lang.String)[pri:1, instance:com.zoetispets.Tests@4c1d9d4b]" started-at="2026-07-14T07:26:12 UTC" name="PracticeDetail" data-provider="zoetispetsV2Locals" finished-at="2026-07-14T07:26:15 UTC" duration-ms="3236" status="PASS">
          <params>
            <param index="0">
              <value>
                <![CDATA[https://www.zoetispets.com/en-ca/]]>
              </value>
            </param>
            <param index="1">
              <value>
                <![CDATA[Zoetis Pets CA]]>
              </value>
            </param>
            <param index="2">
              <value>
                <![CDATA[CA-EN HOME PAGE]]>
              </value>
            </param>
          </params>
          <reporter-output>
          </reporter-output>
        </test-method> <!-- PracticeDetail -->
        <test-method signature="PracticeDetail(java.lang.String,java.lang.String,java.lang.String)[pri:1, instance:com.zoetispets.Tests@4c1d9d4b]" started-at="2026-07-14T07:26:15 UTC" name="PracticeDetail" data-provider="zoetispetsV2Locals" finished-at="2026-07-14T07:26:19 UTC" duration-ms="3242" status="PASS">
          <params>
            <param index="0">
              <value>
                <![CDATA[https://www.zoetispets.com/fr-ca/]]>
              </value>
            </param>
            <param index="1">
              <value>
                <![CDATA[Zoetis Pets CA]]>
              </value>
            </param>
            <param index="2">
              <value>
                <![CDATA[CA-FR HOME PAGE]]>
              </value>
            </param>
          </params>
          <reporter-output>
          </reporter-output>
        </test-method> <!-- PracticeDetail -->
        <test-method signature="PracticeDetail(java.lang.String,java.lang.String,java.lang.String)[pri:1, instance:com.zoetispets.Tests@4c1d9d4b]" started-at="2026-07-14T07:26:19 UTC" name="PracticeDetail" data-provider="zoetispetsV2Locals" finished-at="2026-07-14T07:26:23 UTC" duration-ms="4372" status="PASS">
          <params>
            <param index="0">
              <value>
                <![CDATA[https://www.zoetisetcompagnie.com/fr-fr/]]>
              </value>
            </param>
            <param index="1">
              <value>
                <![CDATA[Zoetis Pets FR]]>
              </value>
            </param>
            <param index="2">
              <value>
                <![CDATA[FR HOME PAGE]]>
              </value>
            </param>
          </params>
          <reporter-output>
          </reporter-output>
        </test-method> <!-- PracticeDetail -->
        <test-method signature="PracticeDetail(java.lang.String,java.lang.String,java.lang.String)[pri:1, instance:com.zoetispets.Tests@4c1d9d4b]" started-at="2026-07-14T07:26:23 UTC" name="PracticeDetail" data-provider="zoetispetsV2Locals" finished-at="2026-07-14T07:26:26 UTC" duration-ms="3314" status="PASS">
          <params>
            <param index="0">
              <value>
                <![CDATA[https://www.zoetispets.com/pt-br/produtos/librela/]]>
              </value>
            </param>
            <param index="1">
              <value>
                <![CDATA[Librela® para cães | Zoetis Pets]]>
              </value>
            </param>
            <param index="2">
              <value>
                <![CDATA[BR HOME PAGE]]>
              </value>
            </param>
          </params>
          <reporter-output>
          </reporter-output>
        </test-method> <!-- PracticeDetail -->
        <test-method signature="PracticeDetail(java.lang.String,java.lang.String,java.lang.String)[pri:1, instance:com.zoetispets.Tests@4c1d9d4b]" started-at="2026-07-14T07:26:26 UTC" name="PracticeDetail" data-provider="zoetispetsV2Locals" finished-at="2026-07-14T07:26:30 UTC" duration-ms="3868" status="PASS">
          <params>
            <param index="0">
              <value>
                <![CDATA[https://www.zoetispets.com/en-gb/dog-healthcare/arthritis-quiz/]]>
              </value>
            </param>
            <param index="1">
              <value>
                <![CDATA[Dog Arthritis Assessment | Zoetis Pets]]>
              </value>
            </param>
            <param index="2">
              <value>
                <![CDATA[UK DOG ARTHRTIS ASSESSMENT PAGE]]>
              </value>
            </param>
          </params>
          <reporter-output>
          </reporter-output>
        </test-method> <!-- PracticeDetail -->
        <test-method signature="PracticeDetail(java.lang.String,java.lang.String,java.lang.String)[pri:1, instance:com.zoetispets.Tests@4c1d9d4b]" started-at="2026-07-14T07:26:30 UTC" name="PracticeDetail" data-provider="zoetispetsV2Locals" finished-at="2026-07-14T07:26:34 UTC" duration-ms="3886" status="PASS">
          <params>
            <param index="0">
              <value>
                <![CDATA[https://www.zoetispets.com/en-au/dog-healthcare/arthritis-quiz/]]>
              </value>
            </param>
            <param index="1">
              <value>
                <![CDATA[Dog Arthritis Assessment | Zoetis Pets]]>
              </value>
            </param>
            <param index="2">
              <value>
                <![CDATA[AU DOG ARTHRTIS ASSESSMENT PAGE]]>
              </value>
            </param>
          </params>
          <reporter-output>
          </reporter-output>
        </test-method> <!-- PracticeDetail -->
        <test-method signature="PracticeDetail(java.lang.String,java.lang.String,java.lang.String)[pri:1, instance:com.zoetispets.Tests@4c1d9d4b]" started-at="2026-07-14T07:26:34 UTC" name="PracticeDetail" data-provider="zoetispetsV2Locals" finished-at="2026-07-14T07:26:37 UTC" duration-ms="3304" status="PASS">
          <params>
            <param index="0">
              <value>
                <![CDATA[https://www.zoetispets.com/en-ca/dog-healthcare/arthritis-quiz/]]>
              </value>
            </param>
            <param index="1">
              <value>
                <![CDATA[Dog Arthritis Assessment | Zoetis Pets]]>
              </value>
            </param>
            <param index="2">
              <value>
                <![CDATA[CA-EN DOG ARTHRTIS ASSESSMENT PAGE]]>
              </value>
            </param>
          </params>
          <reporter-output>
          </reporter-output>
        </test-method> <!-- PracticeDetail -->
        <test-method signature="PracticeDetail(java.lang.String,java.lang.String,java.lang.String)[pri:1, instance:com.zoetispets.Tests@4c1d9d4b]" started-at="2026-07-14T07:26:37 UTC" name="PracticeDetail" data-provider="zoetispetsV2Locals" finished-at="2026-07-14T07:26:41 UTC" duration-ms="3693" status="PASS">
          <params>
            <param index="0">
              <value>
                <![CDATA[https://www.zoetispets.com/en-gb/cat-healthcare/arthritis-quiz/]]>
              </value>
            </param>
            <param index="1">
              <value>
                <![CDATA[Cat Arthritis Assessment | Zoetis Pets]]>
              </value>
            </param>
            <param index="2">
              <value>
                <![CDATA[UK CAT ARTHRTIS ASSESSMENT PAGE]]>
              </value>
            </param>
          </params>
          <reporter-output>
          </reporter-output>
        </test-method> <!-- PracticeDetail -->
        <test-method signature="PracticeDetail(java.lang.String,java.lang.String,java.lang.String)[pri:1, instance:com.zoetispets.Tests@4c1d9d4b]" started-at="2026-07-14T07:26:41 UTC" name="PracticeDetail" data-provider="zoetispetsV2Locals" finished-at="2026-07-14T07:26:44 UTC" duration-ms="3235" status="PASS">
          <params>
            <param index="0">
              <value>
                <![CDATA[https://www.zoetispets.com/en-au/cat-healthcare/arthritis-quiz/]]>
              </value>
            </param>
            <param index="1">
              <value>
                <![CDATA[Cat Arthritis Assessment | Zoetis Pets]]>
              </value>
            </param>
            <param index="2">
              <value>
                <![CDATA[AU CAT ARTHRITIS ASSESSMENT PAGE]]>
              </value>
            </param>
          </params>
          <reporter-output>
          </reporter-output>
        </test-method> <!-- PracticeDetail -->
        <test-method signature="PracticeDetail(java.lang.String,java.lang.String,java.lang.String)[pri:1, instance:com.zoetispets.Tests@4c1d9d4b]" started-at="2026-07-14T07:26:44 UTC" name="PracticeDetail" data-provider="zoetispetsV2Locals" finished-at="2026-07-14T07:26:48 UTC" duration-ms="3786" status="PASS">
          <params>
            <param index="0">
              <value>
                <![CDATA[https://www.zoetispets.com/en-gb/dog-healthcare/skin-conditions-assessment/]]>
              </value>
            </param>
            <param index="1">
              <value>
                <![CDATA[Dog Skin Conditions Assessment | Zoetis Pets]]>
              </value>
            </param>
            <param index="2">
              <value>
                <![CDATA[UK SKIN ASSESSMENT PAGE]]>
              </value>
            </param>
          </params>
          <reporter-output>
          </reporter-output>
        </test-method> <!-- PracticeDetail -->
        <test-method signature="PracticeDetail(java.lang.String,java.lang.String,java.lang.String)[pri:1, instance:com.zoetispets.Tests@4c1d9d4b]" started-at="2026-07-14T07:26:48 UTC" name="PracticeDetail" data-provider="zoetispetsV2Locals" finished-at="2026-07-14T07:26:52 UTC" duration-ms="3602" status="PASS">
          <params>
            <param index="0">
              <value>
                <![CDATA[https://www.zoetispets.com/en-au/dog-healthcare/skin-conditions-assessment/]]>
              </value>
            </param>
            <param index="1">
              <value>
                <![CDATA[Dog Skin Conditions Assessment | Zoetis Pets]]>
              </value>
            </param>
            <param index="2">
              <value>
                <![CDATA[AU SKIN ASSESSMENT PAGE]]>
              </value>
            </param>
          </params>
          <reporter-output>
          </reporter-output>
        </test-method> <!-- PracticeDetail -->
        <test-method signature="PracticeDetail(java.lang.String,java.lang.String,java.lang.String)[pri:1, instance:com.zoetispets.Tests@4c1d9d4b]" started-at="2026-07-14T07:26:52 UTC" name="PracticeDetail" data-provider="zoetispetsV2Locals" finished-at="2026-07-14T07:26:56 UTC" duration-ms="3914" status="PASS">
          <params>
            <param index="0">
              <value>
                <![CDATA[https://www.zoetispets.com/en-ca/dog-healthcare/skin-conditions-assessment/]]>
              </value>
            </param>
            <param index="1">
              <value>
                <![CDATA[Dog Skin Conditions Assessment | Zoetis Pets]]>
              </value>
            </param>
            <param index="2">
              <value>
                <![CDATA[CA SKIN ASSESSMENT PAGE]]>
              </value>
            </param>
          </params>
          <reporter-output>
          </reporter-output>
        </test-method> <!-- PracticeDetail -->
        <test-method signature="PracticeDetail(java.lang.String,java.lang.String,java.lang.String)[pri:1, instance:com.zoetispets.Tests@4c1d9d4b]" started-at="2026-07-14T07:26:56 UTC" name="PracticeDetail" data-provider="zoetispetsV2Locals" finished-at="2026-07-14T07:26:59 UTC" duration-ms="3235" status="PASS">
          <params>
            <param index="0">
              <value>
                <![CDATA[https://www.zoetispets.com/fr-ca/chien-soins/arthrose-quiz/]]>
              </value>
            </param>
            <param index="1">
              <value>
                <![CDATA[Questionnaire sur l’arthrose du chien | Zoetis Pets]]>
              </value>
            </param>
            <param index="2">
              <value>
                <![CDATA[CA-FR ARTHRITIS ASSESSMENT PAGE]]>
              </value>
            </param>
          </params>
          <reporter-output>
          </reporter-output>
        </test-method> <!-- PracticeDetail -->
        <test-method signature="PracticeDetail(java.lang.String,java.lang.String,java.lang.String)[pri:1, instance:com.zoetispets.Tests@4c1d9d4b]" started-at="2026-07-14T07:26:59 UTC" name="PracticeDetail" data-provider="zoetispetsV2Locals" finished-at="2026-07-14T07:27:02 UTC" duration-ms="3599" status="PASS">
          <params>
            <param index="0">
              <value>
                <![CDATA[https://www.zoetisetcompagnie.com/fr-fr/sante-du-chien/arthrose-quiz/]]>
              </value>
            </param>
            <param index="1">
              <value>
                <![CDATA[Évaluation de l’arthrose chez le chien | Zoetis Pets]]>
              </value>
            </param>
            <param index="2">
              <value>
                <![CDATA[FR ARTHRITIS ASSESSMENT PAGE]]>
              </value>
            </param>
          </params>
          <reporter-output>
          </reporter-output>
        </test-method> <!-- PracticeDetail -->
        <test-method signature="PracticeDetail(java.lang.String,java.lang.String,java.lang.String)[pri:1, instance:com.zoetispets.Tests@4c1d9d4b]" started-at="2026-07-14T07:27:02 UTC" name="PracticeDetail" data-provider="zoetispetsV2Locals" finished-at="2026-07-14T07:27:06 UTC" duration-ms="3307" status="PASS">
          <params>
            <param index="0">
              <value>
                <![CDATA[https://www.zoetispets.com/fr-ca/chien-soins/dermatologie-evaluation/]]>
              </value>
            </param>
            <param index="1">
              <value>
                <![CDATA[Évaluation de la peau du chien | Zoetis Pets]]>
              </value>
            </param>
            <param index="2">
              <value>
                <![CDATA[CA-FR SKIN ASSESSMENT PAGE]]>
              </value>
            </param>
          </params>
          <reporter-output>
          </reporter-output>
        </test-method> <!-- PracticeDetail -->
        <test-method signature="PracticeDetail(java.lang.String,java.lang.String,java.lang.String)[pri:1, instance:com.zoetispets.Tests@4c1d9d4b]" started-at="2026-07-14T07:27:06 UTC" name="PracticeDetail" data-provider="zoetispetsV2Locals" finished-at="2026-07-14T07:27:09 UTC" duration-ms="3477" status="PASS">
          <params>
            <param index="0">
              <value>
                <![CDATA[https://www.zoetisetcompagnie.com/fr-fr/sante-du-chien/dermatologie-evaluation/]]>
              </value>
            </param>
            <param index="1">
              <value>
                <![CDATA[Évaluation des problèmes de peau chez le chien | Zoetis Pets]]>
              </value>
            </param>
            <param index="2">
              <value>
                <![CDATA[FR SKIN ASSESSMENT PAGE]]>
              </value>
            </param>
          </params>
          <reporter-output>
          </reporter-output>
        </test-method> <!-- PracticeDetail -->
        <test-method signature="PracticeDetail(java.lang.String,java.lang.String,java.lang.String)[pri:1, instance:com.zoetispets.Tests@4c1d9d4b]" started-at="2026-07-14T07:27:09 UTC" name="PracticeDetail" data-provider="zoetispetsV2Locals" finished-at="2026-07-14T07:27:12 UTC" duration-ms="3292" status="PASS">
          <params>
            <param index="0">
              <value>
                <![CDATA[https://www.zoetispets.com/de-de/hund-gesundheit/arthrose-quiz/]]>
              </value>
            </param>
            <param index="1">
              <value>
                <![CDATA[Online-Test zu Arthrose beim Hund | Zoetis Pets]]>
              </value>
            </param>
            <param index="2">
              <value>
                <![CDATA[DE ARTHRITIS ASSESSMENT PAGE]]>
              </value>
            </param>
          </params>
          <reporter-output>
          </reporter-output>
        </test-method> <!-- PracticeDetail -->
        <test-method signature="PracticeDetail(java.lang.String,java.lang.String,java.lang.String)[pri:1, instance:com.zoetispets.Tests@4c1d9d4b]" started-at="2026-07-14T07:27:12 UTC" name="PracticeDetail" data-provider="zoetispetsV2Locals" finished-at="2026-07-14T07:27:16 UTC" duration-ms="3388" status="PASS">
          <params>
            <param index="0">
              <value>
                <![CDATA[https://www.zoetispets.com/de-de/hund-gesundheit/juckreiz-test/]]>
              </value>
            </param>
            <param index="1">
              <value>
                <![CDATA[Hautprobleme beim Hund | Zoetis Pets]]>
              </value>
            </param>
            <param index="2">
              <value>
                <![CDATA[DE SKIN ASSESSMENT PAGE]]>
              </value>
            </param>
          </params>
          <reporter-output>
          </reporter-output>
        </test-method> <!-- PracticeDetail -->
        <test-method signature="PracticeDetail(java.lang.String,java.lang.String,java.lang.String)[pri:1, instance:com.zoetispets.Tests@4c1d9d4b]" started-at="2026-07-14T07:27:16 UTC" name="PracticeDetail" data-provider="zoetispetsV2Locals" finished-at="2026-07-14T07:27:19 UTC" duration-ms="3237" status="PASS">
          <params>
            <param index="0">
              <value>
                <![CDATA[https://www.zoetispets.com/es-es/perro-salud/artrosis-quiz/]]>
              </value>
            </param>
            <param index="1">
              <value>
                <![CDATA[Evaluación de la artrosis en perros | Zoetis Pets]]>
              </value>
            </param>
            <param index="2">
              <value>
                <![CDATA[ES ARTHRITIS ASSESSMENT PAGE]]>
              </value>
            </param>
          </params>
          <reporter-output>
          </reporter-output>
        </test-method> <!-- PracticeDetail -->
        <test-method signature="PracticeDetail(java.lang.String,java.lang.String,java.lang.String)[pri:1, instance:com.zoetispets.Tests@4c1d9d4b]" started-at="2026-07-14T07:27:19 UTC" name="PracticeDetail" data-provider="zoetispetsV2Locals" finished-at="2026-07-14T07:27:22 UTC" duration-ms="3281" status="PASS">
          <params>
            <param index="0">
              <value>
                <![CDATA[https://www.zoetispets.com/es-es/perro-salud/problemas-de-piel-evaluacion/]]>
              </value>
            </param>
            <param index="1">
              <value>
                <![CDATA[Evaluación de problemas de la piel en perros | Zoetis Pets]]>
              </value>
            </param>
            <param index="2">
              <value>
                <![CDATA[ES SKIN ASSESSMENT PAGE]]>
              </value>
            </param>
          </params>
          <reporter-output>
          </reporter-output>
        </test-method> <!-- PracticeDetail -->
        <test-method signature="PracticeDetail(java.lang.String,java.lang.String,java.lang.String)[pri:1, instance:com.zoetispets.Tests@4c1d9d4b]" started-at="2026-07-14T07:27:22 UTC" name="PracticeDetail" data-provider="zoetispetsV2Locals" finished-at="2026-07-14T07:27:26 UTC" duration-ms="3255" status="PASS">
          <params>
            <param index="0">
              <value>
                <![CDATA[https://www.zoetispets.com/it-it/salute-cane/dolore-articolare-quiz/]]>
              </value>
            </param>
            <param index="1">
              <value>
                <![CDATA[Test del dolore articolare nel cane | Zoetis Pets]]>
              </value>
            </param>
            <param index="2">
              <value>
                <![CDATA[IT ARTHRITIS ASSESSMENT PAGE]]>
              </value>
            </param>
          </params>
          <reporter-output>
          </reporter-output>
        </test-method> <!-- PracticeDetail -->
        <test-method signature="PracticeDetail(java.lang.String,java.lang.String,java.lang.String)[pri:1, instance:com.zoetispets.Tests@4c1d9d4b]" started-at="2026-07-14T07:27:26 UTC" name="PracticeDetail" data-provider="zoetispetsV2Locals" finished-at="2026-07-14T07:27:29 UTC" duration-ms="3242" status="PASS">
          <params>
            <param index="0">
              <value>
                <![CDATA[https://www.zoetispets.com/it-it/salute-cane/segni-di-problemi-cutanei-risultato/]]>
              </value>
            </param>
            <param index="1">
              <value>
                <![CDATA[Test del prurito del cane | Zoetis Pets]]>
              </value>
            </param>
            <param index="2">
              <value>
                <![CDATA[IT SKIN ASSESSMENT PAGE]]>
              </value>
            </param>
          </params>
          <reporter-output>
          </reporter-output>
        </test-method> <!-- PracticeDetail -->
        <test-method signature="PracticeDetail(java.lang.String,java.lang.String,java.lang.String)[pri:1, instance:com.zoetispets.Tests@4c1d9d4b]" started-at="2026-07-14T07:27:29 UTC" name="PracticeDetail" data-provider="zoetispetsV2Locals" finished-at="2026-07-14T07:27:32 UTC" duration-ms="3230" status="PASS">
          <params>
            <param index="0">
              <value>
                <![CDATA[https://www.zoetispets.com/pl-pl/ochrona-zdrowia-psa/artretyzm-quiz/]]>
              </value>
            </param>
            <param index="1">
              <value>
                <![CDATA[Ankieta pod kątem osteoarthritis u psa | Zoetis Pets]]>
              </value>
            </param>
            <param index="2">
              <value>
                <![CDATA[PL ARTHRITIS ASSESSMENT PAGE]]>
              </value>
            </param>
          </params>
          <reporter-output>
          </reporter-output>
        </test-method> <!-- PracticeDetail -->
        <test-method signature="PracticeDetail(java.lang.String,java.lang.String,java.lang.String)[pri:1, instance:com.zoetispets.Tests@4c1d9d4b]" started-at="2026-07-14T07:27:32 UTC" name="PracticeDetail" data-provider="zoetispetsV2Locals" finished-at="2026-07-14T07:27:36 UTC" duration-ms="3448" status="PASS">
          <params>
            <param index="0">
              <value>
                <![CDATA[https://www.zoetispets.com/pl-pl/ochrona-zdrowia-psa/choroby-skory-u-psa-ocena/]]>
              </value>
            </param>
            <param index="1">
              <value>
                <![CDATA[Ankieta dotycząca stanu skóry psa | Zoetis Pets]]>
              </value>
            </param>
            <param index="2">
              <value>
                <![CDATA[PL SKIN ASSESSMENT PAGE]]>
              </value>
            </param>
          </params>
          <reporter-output>
          </reporter-output>
        </test-method> <!-- PracticeDetail -->
        <test-method signature="stageAuthTest()[pri:2, instance:com.zoetispets.Tests@4c1d9d4b]" started-at="2026-07-14T07:27:36 UTC" name="stageAuthTest" finished-at="2026-07-14T07:27:36 UTC" duration-ms="489" status="PASS">
          <reporter-output>
          </reporter-output>
        </test-method> <!-- stageAuthTest -->
        <test-method is-config="true" signature="tearDown()[pri:0, instance:com.zoetispets.Tests@4c1d9d4b]" started-at="2026-07-14T07:27:36 UTC" name="tearDown" finished-at="2026-07-14T07:27:36 UTC" duration-ms="458" status="PASS">
          <reporter-output>
          </reporter-output>
        </test-method> <!-- tearDown -->
      </class> <!-- com.zoetispets.Tests -->
    </test> <!-- Surefire test -->
  </suite> <!-- Surefire suite -->
</testng-results>
