<?xml version="1.0" encoding="UTF-8"?>
<testng-results ignored="0" total="10" passed="9" failed="1" skipped="0">
  <reporter-output>
  </reporter-output>
  <suite started-at="2025-08-14T13:59:57 UTC" name="Surefire suite" finished-at="2025-08-14T14:00:17 UTC" duration-ms="20335">
    <groups>
    </groups>
    <test started-at="2025-08-14T13:59:57 UTC" name="Surefire test" finished-at="2025-08-14T14:00:17 UTC" duration-ms="20335">
      <class name="com.zoetispets.Tests">
        <test-method is-config="true" signature="setUp()[pri:0, instance:com.zoetispets.Tests@78e94dcf]" started-at="2025-08-14T13:59:57 UTC" name="setUp" finished-at="2025-08-14T14:00:11 UTC" duration-ms="14572" status="PASS">
          <reporter-output>
          </reporter-output>
        </test-method> <!-- setUp -->
        <test-method signature="PracticeDetail(java.lang.String,java.lang.String)[pri:1, instance:com.zoetispets.Tests@78e94dcf]" started-at="2025-08-14T14:00:11 UTC" name="PracticeDetail" data-provider="zoetispetsV2Locals" finished-at="2025-08-14T14:00:14 UTC" duration-ms="2411" status="PASS">
          <params>
            <param index="0">
              <value>
                <![CDATA[https://www.zoetispets.com/en-gb/]]>
              </value>
            </param>
            <param index="1">
              <value>
                <![CDATA[Zoetis Pets UK]]>
              </value>
            </param>
          </params>
          <reporter-output>
          </reporter-output>
        </test-method> <!-- PracticeDetail -->
        <test-method signature="PracticeDetail(java.lang.String,java.lang.String)[pri:1, instance:com.zoetispets.Tests@78e94dcf]" started-at="2025-08-14T14:00:14 UTC" name="PracticeDetail" data-provider="zoetispetsV2Locals" finished-at="2025-08-14T14:00:14 UTC" duration-ms="330" status="PASS">
          <params>
            <param index="0">
              <value>
                <![CDATA[https://www.zoetispets.com/en-au/]]>
              </value>
            </param>
            <param index="1">
              <value>
                <![CDATA[Zoetis Pets AU]]>
              </value>
            </param>
          </params>
          <reporter-output>
          </reporter-output>
        </test-method> <!-- PracticeDetail -->
        <test-method signature="PracticeDetail(java.lang.String,java.lang.String)[pri:1, instance:com.zoetispets.Tests@78e94dcf]" started-at="2025-08-14T14:00:14 UTC" name="PracticeDetail" data-provider="zoetispetsV2Locals" finished-at="2025-08-14T14:00:14 UTC" duration-ms="301" status="PASS">
          <params>
            <param index="0">
              <value>
                <![CDATA[https://www.zoetispets.com/de-de/]]>
              </value>
            </param>
            <param index="1">
              <value>
                <![CDATA[Zoetis Pets DE]]>
              </value>
            </param>
          </params>
          <reporter-output>
          </reporter-output>
        </test-method> <!-- PracticeDetail -->
        <test-method signature="PracticeDetail(java.lang.String,java.lang.String)[pri:1, instance:com.zoetispets.Tests@78e94dcf]" started-at="2025-08-14T14:00:14 UTC" name="PracticeDetail" data-provider="zoetispetsV2Locals" finished-at="2025-08-14T14:00:15 UTC" duration-ms="388" status="PASS">
          <params>
            <param index="0">
              <value>
                <![CDATA[https://www.zoetispets.com/it-it/]]>
              </value>
            </param>
            <param index="1">
              <value>
                <![CDATA[Zoetis Pets IT]]>
              </value>
            </param>
          </params>
          <reporter-output>
          </reporter-output>
        </test-method> <!-- PracticeDetail -->
        <test-method signature="PracticeDetail(java.lang.String,java.lang.String)[pri:1, instance:com.zoetispets.Tests@78e94dcf]" started-at="2025-08-14T14:00:15 UTC" name="PracticeDetail" data-provider="zoetispetsV2Locals" finished-at="2025-08-14T14:00:15 UTC" duration-ms="279" status="PASS">
          <params>
            <param index="0">
              <value>
                <![CDATA[https://www.zoetispets.com/es-es/]]>
              </value>
            </param>
            <param index="1">
              <value>
                <![CDATA[Zoetis Pets ES]]>
              </value>
            </param>
          </params>
          <reporter-output>
          </reporter-output>
        </test-method> <!-- PracticeDetail -->
        <test-method signature="PracticeDetail(java.lang.String,java.lang.String)[pri:1, instance:com.zoetispets.Tests@78e94dcf]" started-at="2025-08-14T14:00:15 UTC" name="PracticeDetail" data-provider="zoetispetsV2Locals" finished-at="2025-08-14T14:00:15 UTC" duration-ms="286" status="PASS">
          <params>
            <param index="0">
              <value>
                <![CDATA[https://www.zoetispets.com/pl-pl/]]>
              </value>
            </param>
            <param index="1">
              <value>
                <![CDATA[Zoetis Pets PL]]>
              </value>
            </param>
          </params>
          <reporter-output>
          </reporter-output>
        </test-method> <!-- PracticeDetail -->
        <test-method signature="PracticeDetail(java.lang.String,java.lang.String)[pri:1, instance:com.zoetispets.Tests@78e94dcf]" started-at="2025-08-14T14:00:15 UTC" name="PracticeDetail" data-provider="zoetispetsV2Locals" finished-at="2025-08-14T14:00:16 UTC" duration-ms="277" status="PASS">
          <params>
            <param index="0">
              <value>
                <![CDATA[https://www.zoetispets.com/en-ca/]]>
              </value>
            </param>
            <param index="1">
              <value>
                <![CDATA[Zoetis Pets CA]]>
              </value>
            </param>
          </params>
          <reporter-output>
          </reporter-output>
        </test-method> <!-- PracticeDetail -->
        <test-method signature="PracticeDetail(java.lang.String,java.lang.String)[pri:1, instance:com.zoetispets.Tests@78e94dcf]" started-at="2025-08-14T14:00:16 UTC" name="PracticeDetail" data-provider="zoetispetsV2Locals" finished-at="2025-08-14T14:00:16 UTC" duration-ms="362" status="PASS">
          <params>
            <param index="0">
              <value>
                <![CDATA[https://www.zoetispets.com/fr-ca/]]>
              </value>
            </param>
            <param index="1">
              <value>
                <![CDATA[Zoetis Pets CA]]>
              </value>
            </param>
          </params>
          <reporter-output>
          </reporter-output>
        </test-method> <!-- PracticeDetail -->
        <test-method signature="PracticeDetail(java.lang.String,java.lang.String)[pri:1, instance:com.zoetispets.Tests@78e94dcf]" started-at="2025-08-14T14:00:16 UTC" name="PracticeDetail" data-provider="zoetispetsV2Locals" finished-at="2025-08-14T14:00:16 UTC" duration-ms="300" status="FAIL">
          <params>
            <param index="0">
              <value>
                <![CDATA[https://www.zoetispets.com/fr-fr/]]>
              </value>
            </param>
            <param index="1">
              <value>
                <![CDATA[Zoetis Pets FRa]]>
              </value>
            </param>
          </params>
          <exception class="java.lang.AssertionError">
            <message>
              <![CDATA[expected [Zoetis Pets FRa] but found [Zoetis Pets FR]]]>
            </message>
            <full-stacktrace>
              <![CDATA[java.lang.AssertionError: expected [Zoetis Pets FRa] but found [Zoetis Pets FR]
at org.testng.Assert.fail(Assert.java:111)
at org.testng.Assert.failNotEquals(Assert.java:1578)
at org.testng.Assert.assertEqualsImpl(Assert.java:150)
at org.testng.Assert.assertEquals(Assert.java:132)
at org.testng.Assert.assertEquals(Assert.java:656)
at org.testng.Assert.assertEquals(Assert.java:666)
at com.zoetispets.Tests.PracticeDetail(Tests.java:65)
at java.base/jdk.internal.reflect.NativeMethodAccessorImpl.invoke0(Native Method)
at java.base/jdk.internal.reflect.NativeMethodAccessorImpl.invoke(NativeMethodAccessorImpl.java:77)
at java.base/jdk.internal.reflect.DelegatingMethodAccessorImpl.invoke(DelegatingMethodAccessorImpl.java:43)
at java.base/java.lang.reflect.Method.invoke(Method.java:569)
at org.testng.internal.invokers.MethodInvocationHelper.invokeMethod(MethodInvocationHelper.java:141)
at org.testng.internal.invokers.TestInvoker.invokeMethod(TestInvoker.java:686)
at org.testng.internal.invokers.TestInvoker.invokeTestMethod(TestInvoker.java:230)
at org.testng.internal.invokers.MethodRunner.runInSequence(MethodRunner.java:63)
at org.testng.internal.invokers.TestInvoker$MethodInvocationAgent.invoke(TestInvoker.java:992)
at org.testng.internal.invokers.TestInvoker.invokeTestMethods(TestInvoker.java:203)
at org.testng.internal.invokers.TestMethodWorker.invokeTestMethods(TestMethodWorker.java:154)
at org.testng.internal.invokers.TestMethodWorker.run(TestMethodWorker.java:134)
at java.base/java.util.ArrayList.forEach(ArrayList.java:1511)
at org.testng.TestRunner.privateRun(TestRunner.java:739)
at org.testng.TestRunner.run(TestRunner.java:614)
at org.testng.SuiteRunner.runTest(SuiteRunner.java:421)
at org.testng.SuiteRunner.runSequentially(SuiteRunner.java:413)
at org.testng.SuiteRunner.privateRun(SuiteRunner.java:373)
at org.testng.SuiteRunner.run(SuiteRunner.java:312)
at org.testng.SuiteRunnerWorker.runSuite(SuiteRunnerWorker.java:52)
at org.testng.SuiteRunnerWorker.run(SuiteRunnerWorker.java:95)
at org.testng.TestNG.runSuitesSequentially(TestNG.java:1274)
at org.testng.TestNG.runSuitesLocally(TestNG.java:1208)
at org.testng.TestNG.runSuites(TestNG.java:1112)
at org.testng.TestNG.run(TestNG.java:1079)
at org.apache.maven.surefire.testng.TestNGExecutor.run(TestNGExecutor.java:155)
at org.apache.maven.surefire.testng.TestNGDirectoryTestSuite.executeMulti(TestNGDirectoryTestSuite.java:169)
at org.apache.maven.surefire.testng.TestNGDirectoryTestSuite.execute(TestNGDirectoryTestSuite.java:88)
at org.apache.maven.surefire.testng.TestNGProvider.invoke(TestNGProvider.java:137)
at org.apache.maven.surefire.booter.ForkedBooter.runSuitesInProcess(ForkedBooter.java:385)
at org.apache.maven.surefire.booter.ForkedBooter.execute(ForkedBooter.java:162)
at org.apache.maven.surefire.booter.ForkedBooter.run(ForkedBooter.java:507)
at org.apache.maven.surefire.booter.ForkedBooter.main(ForkedBooter.java:495)
]]>
            </full-stacktrace>
          </exception> <!-- java.lang.AssertionError -->
          <reporter-output>
          </reporter-output>
        </test-method> <!-- PracticeDetail -->
        <test-method signature="PracticeDetail(java.lang.String,java.lang.String)[pri:1, instance:com.zoetispets.Tests@78e94dcf]" started-at="2025-08-14T14:00:16 UTC" name="PracticeDetail" data-provider="zoetispetsV2Locals" finished-at="2025-08-14T14:00:17 UTC" duration-ms="297" status="PASS">
          <params>
            <param index="0">
              <value>
                <![CDATA[https://www.zoetispets.com/pt-br/produtos/librela/]]>
              </value>
            </param>
            <param index="1">
              <value>
                <![CDATA[Librela® para cães | Zoetis Pets]]>
              </value>
            </param>
          </params>
          <reporter-output>
          </reporter-output>
        </test-method> <!-- PracticeDetail -->
        <test-method is-config="true" signature="tearDown()[pri:0, instance:com.zoetispets.Tests@78e94dcf]" started-at="2025-08-14T14:00:17 UTC" name="tearDown" finished-at="2025-08-14T14:00:17 UTC" duration-ms="494" status="PASS">
          <reporter-output>
          </reporter-output>
        </test-method> <!-- tearDown -->
      </class> <!-- com.zoetispets.Tests -->
    </test> <!-- Surefire test -->
  </suite> <!-- Surefire suite -->
</testng-results>
