<?xml version="1.0" encoding="UTF-8"?>
<testng-results ignored="0" total="30" passed="30" failed="0" skipped="0">
  <reporter-output>
  </reporter-output>
  <suite started-at="2025-08-17T05:45:17 UTC" name="Surefire suite" finished-at="2025-08-17T05:45:41 UTC" duration-ms="23304">
    <groups>
    </groups>
    <test started-at="2025-08-17T05:45:17 UTC" name="Surefire test" finished-at="2025-08-17T05:45:41 UTC" duration-ms="23304">
      <class name="com.zoetispets.Tests">
        <test-method is-config="true" signature="setUp()[pri:0, instance:com.zoetispets.Tests@78e94dcf]" started-at="2025-08-17T05:45:17 UTC" name="setUp" finished-at="2025-08-17T05:45:25 UTC" duration-ms="7721" status="PASS">
          <reporter-output>
          </reporter-output>
        </test-method> <!-- setUp -->
        <test-method signature="PracticeDetail(java.lang.String,java.lang.String)[pri:1, instance:com.zoetispets.Tests@78e94dcf]" started-at="2025-08-17T05:45:25 UTC" name="PracticeDetail" data-provider="zoetispetsV2Locals" finished-at="2025-08-17T05:45:26 UTC" duration-ms="1027" status="PASS">
          <params>
            <param index="0">
              <value>
                <![CDATA[https://www.zoetispets.com/en-gb/]]>
              </value>
            </param>
            <param index="1">
              <value>
                <![CDATA[Zoetis Pets UK]]>
              </value>
            </param>
          </params>
          <reporter-output>
          </reporter-output>
        </test-method> <!-- PracticeDetail -->
        <test-method signature="PracticeDetail(java.lang.String,java.lang.String)[pri:1, instance:com.zoetispets.Tests@78e94dcf]" started-at="2025-08-17T05:45:26 UTC" name="PracticeDetail" data-provider="zoetispetsV2Locals" finished-at="2025-08-17T05:45:27 UTC" duration-ms="329" status="PASS">
          <params>
            <param index="0">
              <value>
                <![CDATA[https://www.zoetispets.com/en-au/]]>
              </value>
            </param>
            <param index="1">
              <value>
                <![CDATA[Zoetis Pets AU]]>
              </value>
            </param>
          </params>
          <reporter-output>
          </reporter-output>
        </test-method> <!-- PracticeDetail -->
        <test-method signature="PracticeDetail(java.lang.String,java.lang.String)[pri:1, instance:com.zoetispets.Tests@78e94dcf]" started-at="2025-08-17T05:45:27 UTC" name="PracticeDetail" data-provider="zoetispetsV2Locals" finished-at="2025-08-17T05:45:27 UTC" duration-ms="257" status="PASS">
          <params>
            <param index="0">
              <value>
                <![CDATA[https://www.zoetispets.com/de-de/]]>
              </value>
            </param>
            <param index="1">
              <value>
                <![CDATA[Zoetis Pets DE]]>
              </value>
            </param>
          </params>
          <reporter-output>
          </reporter-output>
        </test-method> <!-- PracticeDetail -->
        <test-method signature="PracticeDetail(java.lang.String,java.lang.String)[pri:1, instance:com.zoetispets.Tests@78e94dcf]" started-at="2025-08-17T05:45:27 UTC" name="PracticeDetail" data-provider="zoetispetsV2Locals" finished-at="2025-08-17T05:45:27 UTC" duration-ms="295" status="PASS">
          <params>
            <param index="0">
              <value>
                <![CDATA[https://www.zoetispets.com/it-it/]]>
              </value>
            </param>
            <param index="1">
              <value>
                <![CDATA[Zoetis Pets IT]]>
              </value>
            </param>
          </params>
          <reporter-output>
          </reporter-output>
        </test-method> <!-- PracticeDetail -->
        <test-method signature="PracticeDetail(java.lang.String,java.lang.String)[pri:1, instance:com.zoetispets.Tests@78e94dcf]" started-at="2025-08-17T05:45:27 UTC" name="PracticeDetail" data-provider="zoetispetsV2Locals" finished-at="2025-08-17T05:45:27 UTC" duration-ms="273" status="PASS">
          <params>
            <param index="0">
              <value>
                <![CDATA[https://www.zoetispets.com/es-es/]]>
              </value>
            </param>
            <param index="1">
              <value>
                <![CDATA[Zoetis Pets ES]]>
              </value>
            </param>
          </params>
          <reporter-output>
          </reporter-output>
        </test-method> <!-- PracticeDetail -->
        <test-method signature="PracticeDetail(java.lang.String,java.lang.String)[pri:1, instance:com.zoetispets.Tests@78e94dcf]" started-at="2025-08-17T05:45:27 UTC" name="PracticeDetail" data-provider="zoetispetsV2Locals" finished-at="2025-08-17T05:45:28 UTC" duration-ms="563" status="PASS">
          <params>
            <param index="0">
              <value>
                <![CDATA[https://www.zoetispets.com/pl-pl/]]>
              </value>
            </param>
            <param index="1">
              <value>
                <![CDATA[Zoetis Pets PL]]>
              </value>
            </param>
          </params>
          <reporter-output>
          </reporter-output>
        </test-method> <!-- PracticeDetail -->
        <test-method signature="PracticeDetail(java.lang.String,java.lang.String)[pri:1, instance:com.zoetispets.Tests@78e94dcf]" started-at="2025-08-17T05:45:28 UTC" name="PracticeDetail" data-provider="zoetispetsV2Locals" finished-at="2025-08-17T05:45:28 UTC" duration-ms="276" status="PASS">
          <params>
            <param index="0">
              <value>
                <![CDATA[https://www.zoetispets.com/en-ca/]]>
              </value>
            </param>
            <param index="1">
              <value>
                <![CDATA[Zoetis Pets CA]]>
              </value>
            </param>
          </params>
          <reporter-output>
          </reporter-output>
        </test-method> <!-- PracticeDetail -->
        <test-method signature="PracticeDetail(java.lang.String,java.lang.String)[pri:1, instance:com.zoetispets.Tests@78e94dcf]" started-at="2025-08-17T05:45:28 UTC" name="PracticeDetail" data-provider="zoetispetsV2Locals" finished-at="2025-08-17T05:45:28 UTC" duration-ms="271" status="PASS">
          <params>
            <param index="0">
              <value>
                <![CDATA[https://www.zoetispets.com/fr-ca/]]>
              </value>
            </param>
            <param index="1">
              <value>
                <![CDATA[Zoetis Pets CA]]>
              </value>
            </param>
          </params>
          <reporter-output>
          </reporter-output>
        </test-method> <!-- PracticeDetail -->
        <test-method signature="PracticeDetail(java.lang.String,java.lang.String)[pri:1, instance:com.zoetispets.Tests@78e94dcf]" started-at="2025-08-17T05:45:28 UTC" name="PracticeDetail" data-provider="zoetispetsV2Locals" finished-at="2025-08-17T05:45:29 UTC" duration-ms="272" status="PASS">
          <params>
            <param index="0">
              <value>
                <![CDATA[https://www.zoetispets.com/fr-fr/]]>
              </value>
            </param>
            <param index="1">
              <value>
                <![CDATA[Zoetis Pets FR]]>
              </value>
            </param>
          </params>
          <reporter-output>
          </reporter-output>
        </test-method> <!-- PracticeDetail -->
        <test-method signature="PracticeDetail(java.lang.String,java.lang.String)[pri:1, instance:com.zoetispets.Tests@78e94dcf]" started-at="2025-08-17T05:45:29 UTC" name="PracticeDetail" data-provider="zoetispetsV2Locals" finished-at="2025-08-17T05:45:29 UTC" duration-ms="245" status="PASS">
          <params>
            <param index="0">
              <value>
                <![CDATA[https://www.zoetispets.com/pt-br/produtos/librela/]]>
              </value>
            </param>
            <param index="1">
              <value>
                <![CDATA[Librela® para cães | Zoetis Pets]]>
              </value>
            </param>
          </params>
          <reporter-output>
          </reporter-output>
        </test-method> <!-- PracticeDetail -->
        <test-method signature="PracticeDetail(java.lang.String,java.lang.String)[pri:1, instance:com.zoetispets.Tests@78e94dcf]" started-at="2025-08-17T05:45:29 UTC" name="PracticeDetail" data-provider="zoetispetsV2Locals" finished-at="2025-08-17T05:45:30 UTC" duration-ms="1452" status="PASS">
          <params>
            <param index="0">
              <value>
                <![CDATA[https://www.zoetispets.com/en-gb/dog-healthcare/arthritis-quiz/]]>
              </value>
            </param>
            <param index="1">
              <value>
                <![CDATA[Dog Arthritis Assessment | Zoetis Pets]]>
              </value>
            </param>
          </params>
          <reporter-output>
          </reporter-output>
        </test-method> <!-- PracticeDetail -->
        <test-method signature="PracticeDetail(java.lang.String,java.lang.String)[pri:1, instance:com.zoetispets.Tests@78e94dcf]" started-at="2025-08-17T05:45:30 UTC" name="PracticeDetail" data-provider="zoetispetsV2Locals" finished-at="2025-08-17T05:45:31 UTC" duration-ms="383" status="PASS">
          <params>
            <param index="0">
              <value>
                <![CDATA[https://www.zoetispets.com/en-au/dog-healthcare/arthritis-quiz/]]>
              </value>
            </param>
            <param index="1">
              <value>
                <![CDATA[Dog Arthritis Assessment | Zoetis Pets]]>
              </value>
            </param>
          </params>
          <reporter-output>
          </reporter-output>
        </test-method> <!-- PracticeDetail -->
        <test-method signature="PracticeDetail(java.lang.String,java.lang.String)[pri:1, instance:com.zoetispets.Tests@78e94dcf]" started-at="2025-08-17T05:45:31 UTC" name="PracticeDetail" data-provider="zoetispetsV2Locals" finished-at="2025-08-17T05:45:31 UTC" duration-ms="336" status="PASS">
          <params>
            <param index="0">
              <value>
                <![CDATA[https://www.zoetispets.com/en-ca/dog-healthcare/arthritis-quiz/]]>
              </value>
            </param>
            <param index="1">
              <value>
                <![CDATA[Dog Arthritis Assessment | Zoetis Pets]]>
              </value>
            </param>
          </params>
          <reporter-output>
          </reporter-output>
        </test-method> <!-- PracticeDetail -->
        <test-method signature="PracticeDetail(java.lang.String,java.lang.String)[pri:1, instance:com.zoetispets.Tests@78e94dcf]" started-at="2025-08-17T05:45:31 UTC" name="PracticeDetail" data-provider="zoetispetsV2Locals" finished-at="2025-08-17T05:45:32 UTC" duration-ms="784" status="PASS">
          <params>
            <param index="0">
              <value>
                <![CDATA[https://www.zoetispets.com/en-gb/cat-healthcare/arthritis-quiz/]]>
              </value>
            </param>
            <param index="1">
              <value>
                <![CDATA[Cat Arthritis Assessment | Zoetis Pets]]>
              </value>
            </param>
          </params>
          <reporter-output>
          </reporter-output>
        </test-method> <!-- PracticeDetail -->
        <test-method signature="PracticeDetail(java.lang.String,java.lang.String)[pri:1, instance:com.zoetispets.Tests@78e94dcf]" started-at="2025-08-17T05:45:32 UTC" name="PracticeDetail" data-provider="zoetispetsV2Locals" finished-at="2025-08-17T05:45:33 UTC" duration-ms="628" status="PASS">
          <params>
            <param index="0">
              <value>
                <![CDATA[https://www.zoetispets.com/en-au/cat-healthcare/arthritis-quiz/]]>
              </value>
            </param>
            <param index="1">
              <value>
                <![CDATA[Cat Arthritis Assessment | Zoetis Pets]]>
              </value>
            </param>
          </params>
          <reporter-output>
          </reporter-output>
        </test-method> <!-- PracticeDetail -->
        <test-method signature="PracticeDetail(java.lang.String,java.lang.String)[pri:1, instance:com.zoetispets.Tests@78e94dcf]" started-at="2025-08-17T05:45:33 UTC" name="PracticeDetail" data-provider="zoetispetsV2Locals" finished-at="2025-08-17T05:45:33 UTC" duration-ms="638" status="PASS">
          <params>
            <param index="0">
              <value>
                <![CDATA[https://www.zoetispets.com/en-gb/dog-healthcare/skin-conditions-assessment/]]>
              </value>
            </param>
            <param index="1">
              <value>
                <![CDATA[Dog Skin Conditions Assessment | Zoetis Pets]]>
              </value>
            </param>
          </params>
          <reporter-output>
          </reporter-output>
        </test-method> <!-- PracticeDetail -->
        <test-method signature="PracticeDetail(java.lang.String,java.lang.String)[pri:1, instance:com.zoetispets.Tests@78e94dcf]" started-at="2025-08-17T05:45:33 UTC" name="PracticeDetail" data-provider="zoetispetsV2Locals" finished-at="2025-08-17T05:45:34 UTC" duration-ms="423" status="PASS">
          <params>
            <param index="0">
              <value>
                <![CDATA[https://www.zoetispets.com/en-au/dog-healthcare/skin-conditions-assessment/]]>
              </value>
            </param>
            <param index="1">
              <value>
                <![CDATA[Dog Skin Conditions Assessment | Zoetis Pets]]>
              </value>
            </param>
          </params>
          <reporter-output>
          </reporter-output>
        </test-method> <!-- PracticeDetail -->
        <test-method signature="PracticeDetail(java.lang.String,java.lang.String)[pri:1, instance:com.zoetispets.Tests@78e94dcf]" started-at="2025-08-17T05:45:34 UTC" name="PracticeDetail" data-provider="zoetispetsV2Locals" finished-at="2025-08-17T05:45:34 UTC" duration-ms="414" status="PASS">
          <params>
            <param index="0">
              <value>
                <![CDATA[https://www.zoetispets.com/en-ca/dog-healthcare/skin-conditions-assessment/]]>
              </value>
            </param>
            <param index="1">
              <value>
                <![CDATA[Dog Skin Conditions Assessment | Zoetis Pets]]>
              </value>
            </param>
          </params>
          <reporter-output>
          </reporter-output>
        </test-method> <!-- PracticeDetail -->
        <test-method signature="PracticeDetail(java.lang.String,java.lang.String)[pri:1, instance:com.zoetispets.Tests@78e94dcf]" started-at="2025-08-17T05:45:34 UTC" name="PracticeDetail" data-provider="zoetispetsV2Locals" finished-at="2025-08-17T05:45:34 UTC" duration-ms="413" status="PASS">
          <params>
            <param index="0">
              <value>
                <![CDATA[https://www.zoetispets.com/fr-ca/chien-soins/arthrose-quiz/]]>
              </value>
            </param>
            <param index="1">
              <value>
                <![CDATA[Questionnaire sur l’arthrose du chien | Zoetis Pets]]>
              </value>
            </param>
          </params>
          <reporter-output>
          </reporter-output>
        </test-method> <!-- PracticeDetail -->
        <test-method signature="PracticeDetail(java.lang.String,java.lang.String)[pri:1, instance:com.zoetispets.Tests@78e94dcf]" started-at="2025-08-17T05:45:34 UTC" name="PracticeDetail" data-provider="zoetispetsV2Locals" finished-at="2025-08-17T05:45:35 UTC" duration-ms="450" status="PASS">
          <params>
            <param index="0">
              <value>
                <![CDATA[https://www.zoetispets.com/fr-fr/sante-du-chien/arthrose-quiz/]]>
              </value>
            </param>
            <param index="1">
              <value>
                <![CDATA[Évaluation de l’arthrose chez le chien | Zoetis Pets]]>
              </value>
            </param>
          </params>
          <reporter-output>
          </reporter-output>
        </test-method> <!-- PracticeDetail -->
        <test-method signature="PracticeDetail(java.lang.String,java.lang.String)[pri:1, instance:com.zoetispets.Tests@78e94dcf]" started-at="2025-08-17T05:45:35 UTC" name="PracticeDetail" data-provider="zoetispetsV2Locals" finished-at="2025-08-17T05:45:35 UTC" duration-ms="420" status="PASS">
          <params>
            <param index="0">
              <value>
                <![CDATA[https://www.zoetispets.com/fr-ca/chien-soins/dermatologie-evaluation/]]>
              </value>
            </param>
            <param index="1">
              <value>
                <![CDATA[Évaluation de la peau du chien | Zoetis Pets]]>
              </value>
            </param>
          </params>
          <reporter-output>
          </reporter-output>
        </test-method> <!-- PracticeDetail -->
        <test-method signature="PracticeDetail(java.lang.String,java.lang.String)[pri:1, instance:com.zoetispets.Tests@78e94dcf]" started-at="2025-08-17T05:45:35 UTC" name="PracticeDetail" data-provider="zoetispetsV2Locals" finished-at="2025-08-17T05:45:36 UTC" duration-ms="398" status="PASS">
          <params>
            <param index="0">
              <value>
                <![CDATA[https://www.zoetispets.com/fr-fr/sante-du-chien/dermatologie-evaluation/]]>
              </value>
            </param>
            <param index="1">
              <value>
                <![CDATA[Évaluation des problèmes de peau chez le chien | Zoetis Pets]]>
              </value>
            </param>
          </params>
          <reporter-output>
          </reporter-output>
        </test-method> <!-- PracticeDetail -->
        <test-method signature="PracticeDetail(java.lang.String,java.lang.String)[pri:1, instance:com.zoetispets.Tests@78e94dcf]" started-at="2025-08-17T05:45:36 UTC" name="PracticeDetail" data-provider="zoetispetsV2Locals" finished-at="2025-08-17T05:45:37 UTC" duration-ms="1255" status="PASS">
          <params>
            <param index="0">
              <value>
                <![CDATA[https://www.zoetispets.com/de-de/hund-gesundheit/arthrose-quiz/]]>
              </value>
            </param>
            <param index="1">
              <value>
                <![CDATA[Online-Test zu Arthrose beim Hund | Zoetis Pets]]>
              </value>
            </param>
          </params>
          <reporter-output>
          </reporter-output>
        </test-method> <!-- PracticeDetail -->
        <test-method signature="PracticeDetail(java.lang.String,java.lang.String)[pri:1, instance:com.zoetispets.Tests@78e94dcf]" started-at="2025-08-17T05:45:37 UTC" name="PracticeDetail" data-provider="zoetispetsV2Locals" finished-at="2025-08-17T05:45:37 UTC" duration-ms="465" status="PASS">
          <params>
            <param index="0">
              <value>
                <![CDATA[https://www.zoetispets.com/de-de/hund-gesundheit/juckreiz-test/]]>
              </value>
            </param>
            <param index="1">
              <value>
                <![CDATA[Hautprobleme beim Hund | Zoetis Pets]]>
              </value>
            </param>
          </params>
          <reporter-output>
          </reporter-output>
        </test-method> <!-- PracticeDetail -->
        <test-method signature="PracticeDetail(java.lang.String,java.lang.String)[pri:1, instance:com.zoetispets.Tests@78e94dcf]" started-at="2025-08-17T05:45:37 UTC" name="PracticeDetail" data-provider="zoetispetsV2Locals" finished-at="2025-08-17T05:45:38 UTC" duration-ms="448" status="PASS">
          <params>
            <param index="0">
              <value>
                <![CDATA[https://www.zoetispets.com/es-es/perro-salud/artrosis-quiz/]]>
              </value>
            </param>
            <param index="1">
              <value>
                <![CDATA[Evaluación de la artrosis en perros | Zoetis Pets]]>
              </value>
            </param>
          </params>
          <reporter-output>
          </reporter-output>
        </test-method> <!-- PracticeDetail -->
        <test-method signature="PracticeDetail(java.lang.String,java.lang.String)[pri:1, instance:com.zoetispets.Tests@78e94dcf]" started-at="2025-08-17T05:45:38 UTC" name="PracticeDetail" data-provider="zoetispetsV2Locals" finished-at="2025-08-17T05:45:38 UTC" duration-ms="406" status="PASS">
          <params>
            <param index="0">
              <value>
                <![CDATA[https://www.zoetispets.com/es-es/perro-salud/problemas-de-piel-evaluacion/]]>
              </value>
            </param>
            <param index="1">
              <value>
                <![CDATA[Evaluación de problemas de la piel en perros | Zoetis Pets]]>
              </value>
            </param>
          </params>
          <reporter-output>
          </reporter-output>
        </test-method> <!-- PracticeDetail -->
        <test-method signature="PracticeDetail(java.lang.String,java.lang.String)[pri:1, instance:com.zoetispets.Tests@78e94dcf]" started-at="2025-08-17T05:45:38 UTC" name="PracticeDetail" data-provider="zoetispetsV2Locals" finished-at="2025-08-17T05:45:39 UTC" duration-ms="447" status="PASS">
          <params>
            <param index="0">
              <value>
                <![CDATA[https://www.zoetispets.com/it-it/salute-cane/dolore-articolare-quiz/]]>
              </value>
            </param>
            <param index="1">
              <value>
                <![CDATA[Test del dolore articolare nel cane | Zoetis Pets]]>
              </value>
            </param>
          </params>
          <reporter-output>
          </reporter-output>
        </test-method> <!-- PracticeDetail -->
        <test-method signature="PracticeDetail(java.lang.String,java.lang.String)[pri:1, instance:com.zoetispets.Tests@78e94dcf]" started-at="2025-08-17T05:45:39 UTC" name="PracticeDetail" data-provider="zoetispetsV2Locals" finished-at="2025-08-17T05:45:39 UTC" duration-ms="405" status="PASS">
          <params>
            <param index="0">
              <value>
                <![CDATA[https://www.zoetispets.com/it-it/salute-cane/segni-di-problemi-cutanei-risultato/]]>
              </value>
            </param>
            <param index="1">
              <value>
                <![CDATA[Test del prurito del cane | Zoetis Pets]]>
              </value>
            </param>
          </params>
          <reporter-output>
          </reporter-output>
        </test-method> <!-- PracticeDetail -->
        <test-method signature="PracticeDetail(java.lang.String,java.lang.String)[pri:1, instance:com.zoetispets.Tests@78e94dcf]" started-at="2025-08-17T05:45:39 UTC" name="PracticeDetail" data-provider="zoetispetsV2Locals" finished-at="2025-08-17T05:45:40 UTC" duration-ms="621" status="PASS">
          <params>
            <param index="0">
              <value>
                <![CDATA[https://www.zoetispets.com/pl-pl/ochrona-zdrowia-psa/artretyzm-quiz/]]>
              </value>
            </param>
            <param index="1">
              <value>
                <![CDATA[Ankieta pod kątem osteoarthritis u psa | Zoetis Pets]]>
              </value>
            </param>
          </params>
          <reporter-output>
          </reporter-output>
        </test-method> <!-- PracticeDetail -->
        <test-method signature="PracticeDetail(java.lang.String,java.lang.String)[pri:1, instance:com.zoetispets.Tests@78e94dcf]" started-at="2025-08-17T05:45:40 UTC" name="PracticeDetail" data-provider="zoetispetsV2Locals" finished-at="2025-08-17T05:45:40 UTC" duration-ms="408" status="PASS">
          <params>
            <param index="0">
              <value>
                <![CDATA[https://www.zoetispets.com/pl-pl/ochrona-zdrowia-psa/choroby-skory-u-psa-ocena/]]>
              </value>
            </param>
            <param index="1">
              <value>
                <![CDATA[Ankieta dotycząca stanu skóry psa | Zoetis Pets]]>
              </value>
            </param>
          </params>
          <reporter-output>
          </reporter-output>
        </test-method> <!-- PracticeDetail -->
        <test-method is-config="true" signature="tearDown()[pri:0, instance:com.zoetispets.Tests@78e94dcf]" started-at="2025-08-17T05:45:40 UTC" name="tearDown" finished-at="2025-08-17T05:45:41 UTC" duration-ms="530" status="PASS">
          <reporter-output>
          </reporter-output>
        </test-method> <!-- tearDown -->
      </class> <!-- com.zoetispets.Tests -->
    </test> <!-- Surefire test -->
  </suite> <!-- Surefire suite -->
</testng-results>
