<?xml version="1.0" encoding="UTF-8"?>
<testng-results ignored="0" total="30" passed="30" failed="0" skipped="0">
  <reporter-output>
  </reporter-output>
  <suite started-at="2025-08-16T05:44:22 UTC" name="Surefire suite" finished-at="2025-08-16T05:44:52 UTC" duration-ms="29560">
    <groups>
    </groups>
    <test started-at="2025-08-16T05:44:22 UTC" name="Surefire test" finished-at="2025-08-16T05:44:52 UTC" duration-ms="29560">
      <class name="com.zoetispets.Tests">
        <test-method is-config="true" signature="setUp()[pri:0, instance:com.zoetispets.Tests@78e94dcf]" started-at="2025-08-16T05:44:22 UTC" name="setUp" finished-at="2025-08-16T05:44:37 UTC" duration-ms="14361" status="PASS">
          <reporter-output>
          </reporter-output>
        </test-method> <!-- setUp -->
        <test-method signature="PracticeDetail(java.lang.String,java.lang.String)[pri:1, instance:com.zoetispets.Tests@78e94dcf]" started-at="2025-08-16T05:44:37 UTC" name="PracticeDetail" data-provider="zoetispetsV2Locals" finished-at="2025-08-16T05:44:38 UTC" duration-ms="1652" status="PASS">
          <params>
            <param index="0">
              <value>
                <![CDATA[https://www.zoetispets.com/en-gb/]]>
              </value>
            </param>
            <param index="1">
              <value>
                <![CDATA[Zoetis Pets UK]]>
              </value>
            </param>
          </params>
          <reporter-output>
          </reporter-output>
        </test-method> <!-- PracticeDetail -->
        <test-method signature="PracticeDetail(java.lang.String,java.lang.String)[pri:1, instance:com.zoetispets.Tests@78e94dcf]" started-at="2025-08-16T05:44:38 UTC" name="PracticeDetail" data-provider="zoetispetsV2Locals" finished-at="2025-08-16T05:44:39 UTC" duration-ms="365" status="PASS">
          <params>
            <param index="0">
              <value>
                <![CDATA[https://www.zoetispets.com/en-au/]]>
              </value>
            </param>
            <param index="1">
              <value>
                <![CDATA[Zoetis Pets AU]]>
              </value>
            </param>
          </params>
          <reporter-output>
          </reporter-output>
        </test-method> <!-- PracticeDetail -->
        <test-method signature="PracticeDetail(java.lang.String,java.lang.String)[pri:1, instance:com.zoetispets.Tests@78e94dcf]" started-at="2025-08-16T05:44:39 UTC" name="PracticeDetail" data-provider="zoetispetsV2Locals" finished-at="2025-08-16T05:44:39 UTC" duration-ms="321" status="PASS">
          <params>
            <param index="0">
              <value>
                <![CDATA[https://www.zoetispets.com/de-de/]]>
              </value>
            </param>
            <param index="1">
              <value>
                <![CDATA[Zoetis Pets DE]]>
              </value>
            </param>
          </params>
          <reporter-output>
          </reporter-output>
        </test-method> <!-- PracticeDetail -->
        <test-method signature="PracticeDetail(java.lang.String,java.lang.String)[pri:1, instance:com.zoetispets.Tests@78e94dcf]" started-at="2025-08-16T05:44:39 UTC" name="PracticeDetail" data-provider="zoetispetsV2Locals" finished-at="2025-08-16T05:44:39 UTC" duration-ms="300" status="PASS">
          <params>
            <param index="0">
              <value>
                <![CDATA[https://www.zoetispets.com/it-it/]]>
              </value>
            </param>
            <param index="1">
              <value>
                <![CDATA[Zoetis Pets IT]]>
              </value>
            </param>
          </params>
          <reporter-output>
          </reporter-output>
        </test-method> <!-- PracticeDetail -->
        <test-method signature="PracticeDetail(java.lang.String,java.lang.String)[pri:1, instance:com.zoetispets.Tests@78e94dcf]" started-at="2025-08-16T05:44:39 UTC" name="PracticeDetail" data-provider="zoetispetsV2Locals" finished-at="2025-08-16T05:44:40 UTC" duration-ms="316" status="PASS">
          <params>
            <param index="0">
              <value>
                <![CDATA[https://www.zoetispets.com/es-es/]]>
              </value>
            </param>
            <param index="1">
              <value>
                <![CDATA[Zoetis Pets ES]]>
              </value>
            </param>
          </params>
          <reporter-output>
          </reporter-output>
        </test-method> <!-- PracticeDetail -->
        <test-method signature="PracticeDetail(java.lang.String,java.lang.String)[pri:1, instance:com.zoetispets.Tests@78e94dcf]" started-at="2025-08-16T05:44:40 UTC" name="PracticeDetail" data-provider="zoetispetsV2Locals" finished-at="2025-08-16T05:44:40 UTC" duration-ms="308" status="PASS">
          <params>
            <param index="0">
              <value>
                <![CDATA[https://www.zoetispets.com/pl-pl/]]>
              </value>
            </param>
            <param index="1">
              <value>
                <![CDATA[Zoetis Pets PL]]>
              </value>
            </param>
          </params>
          <reporter-output>
          </reporter-output>
        </test-method> <!-- PracticeDetail -->
        <test-method signature="PracticeDetail(java.lang.String,java.lang.String)[pri:1, instance:com.zoetispets.Tests@78e94dcf]" started-at="2025-08-16T05:44:40 UTC" name="PracticeDetail" data-provider="zoetispetsV2Locals" finished-at="2025-08-16T05:44:40 UTC" duration-ms="283" status="PASS">
          <params>
            <param index="0">
              <value>
                <![CDATA[https://www.zoetispets.com/en-ca/]]>
              </value>
            </param>
            <param index="1">
              <value>
                <![CDATA[Zoetis Pets CA]]>
              </value>
            </param>
          </params>
          <reporter-output>
          </reporter-output>
        </test-method> <!-- PracticeDetail -->
        <test-method signature="PracticeDetail(java.lang.String,java.lang.String)[pri:1, instance:com.zoetispets.Tests@78e94dcf]" started-at="2025-08-16T05:44:40 UTC" name="PracticeDetail" data-provider="zoetispetsV2Locals" finished-at="2025-08-16T05:44:40 UTC" duration-ms="282" status="PASS">
          <params>
            <param index="0">
              <value>
                <![CDATA[https://www.zoetispets.com/fr-ca/]]>
              </value>
            </param>
            <param index="1">
              <value>
                <![CDATA[Zoetis Pets CA]]>
              </value>
            </param>
          </params>
          <reporter-output>
          </reporter-output>
        </test-method> <!-- PracticeDetail -->
        <test-method signature="PracticeDetail(java.lang.String,java.lang.String)[pri:1, instance:com.zoetispets.Tests@78e94dcf]" started-at="2025-08-16T05:44:40 UTC" name="PracticeDetail" data-provider="zoetispetsV2Locals" finished-at="2025-08-16T05:44:41 UTC" duration-ms="332" status="PASS">
          <params>
            <param index="0">
              <value>
                <![CDATA[https://www.zoetispets.com/fr-fr/]]>
              </value>
            </param>
            <param index="1">
              <value>
                <![CDATA[Zoetis Pets FR]]>
              </value>
            </param>
          </params>
          <reporter-output>
          </reporter-output>
        </test-method> <!-- PracticeDetail -->
        <test-method signature="PracticeDetail(java.lang.String,java.lang.String)[pri:1, instance:com.zoetispets.Tests@78e94dcf]" started-at="2025-08-16T05:44:41 UTC" name="PracticeDetail" data-provider="zoetispetsV2Locals" finished-at="2025-08-16T05:44:41 UTC" duration-ms="322" status="PASS">
          <params>
            <param index="0">
              <value>
                <![CDATA[https://www.zoetispets.com/pt-br/produtos/librela/]]>
              </value>
            </param>
            <param index="1">
              <value>
                <![CDATA[Librela® para cães | Zoetis Pets]]>
              </value>
            </param>
          </params>
          <reporter-output>
          </reporter-output>
        </test-method> <!-- PracticeDetail -->
        <test-method signature="PracticeDetail(java.lang.String,java.lang.String)[pri:1, instance:com.zoetispets.Tests@78e94dcf]" started-at="2025-08-16T05:44:41 UTC" name="PracticeDetail" data-provider="zoetispetsV2Locals" finished-at="2025-08-16T05:44:42 UTC" duration-ms="599" status="PASS">
          <params>
            <param index="0">
              <value>
                <![CDATA[https://www.zoetispets.com/en-gb/dog-healthcare/arthritis-quiz/]]>
              </value>
            </param>
            <param index="1">
              <value>
                <![CDATA[Dog Arthritis Assessment | Zoetis Pets]]>
              </value>
            </param>
          </params>
          <reporter-output>
          </reporter-output>
        </test-method> <!-- PracticeDetail -->
        <test-method signature="PracticeDetail(java.lang.String,java.lang.String)[pri:1, instance:com.zoetispets.Tests@78e94dcf]" started-at="2025-08-16T05:44:42 UTC" name="PracticeDetail" data-provider="zoetispetsV2Locals" finished-at="2025-08-16T05:44:42 UTC" duration-ms="373" status="PASS">
          <params>
            <param index="0">
              <value>
                <![CDATA[https://www.zoetispets.com/en-au/dog-healthcare/arthritis-quiz/]]>
              </value>
            </param>
            <param index="1">
              <value>
                <![CDATA[Dog Arthritis Assessment | Zoetis Pets]]>
              </value>
            </param>
          </params>
          <reporter-output>
          </reporter-output>
        </test-method> <!-- PracticeDetail -->
        <test-method signature="PracticeDetail(java.lang.String,java.lang.String)[pri:1, instance:com.zoetispets.Tests@78e94dcf]" started-at="2025-08-16T05:44:42 UTC" name="PracticeDetail" data-provider="zoetispetsV2Locals" finished-at="2025-08-16T05:44:43 UTC" duration-ms="382" status="PASS">
          <params>
            <param index="0">
              <value>
                <![CDATA[https://www.zoetispets.com/en-ca/dog-healthcare/arthritis-quiz/]]>
              </value>
            </param>
            <param index="1">
              <value>
                <![CDATA[Dog Arthritis Assessment | Zoetis Pets]]>
              </value>
            </param>
          </params>
          <reporter-output>
          </reporter-output>
        </test-method> <!-- PracticeDetail -->
        <test-method signature="PracticeDetail(java.lang.String,java.lang.String)[pri:1, instance:com.zoetispets.Tests@78e94dcf]" started-at="2025-08-16T05:44:43 UTC" name="PracticeDetail" data-provider="zoetispetsV2Locals" finished-at="2025-08-16T05:44:44 UTC" duration-ms="1502" status="PASS">
          <params>
            <param index="0">
              <value>
                <![CDATA[https://www.zoetispets.com/en-gb/cat-healthcare/arthritis-quiz/]]>
              </value>
            </param>
            <param index="1">
              <value>
                <![CDATA[Cat Arthritis Assessment | Zoetis Pets]]>
              </value>
            </param>
          </params>
          <reporter-output>
          </reporter-output>
        </test-method> <!-- PracticeDetail -->
        <test-method signature="PracticeDetail(java.lang.String,java.lang.String)[pri:1, instance:com.zoetispets.Tests@78e94dcf]" started-at="2025-08-16T05:44:44 UTC" name="PracticeDetail" data-provider="zoetispetsV2Locals" finished-at="2025-08-16T05:44:45 UTC" duration-ms="808" status="PASS">
          <params>
            <param index="0">
              <value>
                <![CDATA[https://www.zoetispets.com/en-au/cat-healthcare/arthritis-quiz/]]>
              </value>
            </param>
            <param index="1">
              <value>
                <![CDATA[Cat Arthritis Assessment | Zoetis Pets]]>
              </value>
            </param>
          </params>
          <reporter-output>
          </reporter-output>
        </test-method> <!-- PracticeDetail -->
        <test-method signature="PracticeDetail(java.lang.String,java.lang.String)[pri:1, instance:com.zoetispets.Tests@78e94dcf]" started-at="2025-08-16T05:44:45 UTC" name="PracticeDetail" data-provider="zoetispetsV2Locals" finished-at="2025-08-16T05:44:46 UTC" duration-ms="686" status="PASS">
          <params>
            <param index="0">
              <value>
                <![CDATA[https://www.zoetispets.com/en-gb/dog-healthcare/skin-conditions-assessment/]]>
              </value>
            </param>
            <param index="1">
              <value>
                <![CDATA[Dog Skin Conditions Assessment | Zoetis Pets]]>
              </value>
            </param>
          </params>
          <reporter-output>
          </reporter-output>
        </test-method> <!-- PracticeDetail -->
        <test-method signature="PracticeDetail(java.lang.String,java.lang.String)[pri:1, instance:com.zoetispets.Tests@78e94dcf]" started-at="2025-08-16T05:44:46 UTC" name="PracticeDetail" data-provider="zoetispetsV2Locals" finished-at="2025-08-16T05:44:46 UTC" duration-ms="420" status="PASS">
          <params>
            <param index="0">
              <value>
                <![CDATA[https://www.zoetispets.com/en-au/dog-healthcare/skin-conditions-assessment/]]>
              </value>
            </param>
            <param index="1">
              <value>
                <![CDATA[Dog Skin Conditions Assessment | Zoetis Pets]]>
              </value>
            </param>
          </params>
          <reporter-output>
          </reporter-output>
        </test-method> <!-- PracticeDetail -->
        <test-method signature="PracticeDetail(java.lang.String,java.lang.String)[pri:1, instance:com.zoetispets.Tests@78e94dcf]" started-at="2025-08-16T05:44:46 UTC" name="PracticeDetail" data-provider="zoetispetsV2Locals" finished-at="2025-08-16T05:44:46 UTC" duration-ms="443" status="PASS">
          <params>
            <param index="0">
              <value>
                <![CDATA[https://www.zoetispets.com/en-ca/dog-healthcare/skin-conditions-assessment/]]>
              </value>
            </param>
            <param index="1">
              <value>
                <![CDATA[Dog Skin Conditions Assessment | Zoetis Pets]]>
              </value>
            </param>
          </params>
          <reporter-output>
          </reporter-output>
        </test-method> <!-- PracticeDetail -->
        <test-method signature="PracticeDetail(java.lang.String,java.lang.String)[pri:1, instance:com.zoetispets.Tests@78e94dcf]" started-at="2025-08-16T05:44:46 UTC" name="PracticeDetail" data-provider="zoetispetsV2Locals" finished-at="2025-08-16T05:44:47 UTC" duration-ms="466" status="PASS">
          <params>
            <param index="0">
              <value>
                <![CDATA[https://www.zoetispets.com/fr-ca/chien-soins/arthrose-quiz/]]>
              </value>
            </param>
            <param index="1">
              <value>
                <![CDATA[Questionnaire sur l’arthrose du chien | Zoetis Pets]]>
              </value>
            </param>
          </params>
          <reporter-output>
          </reporter-output>
        </test-method> <!-- PracticeDetail -->
        <test-method signature="PracticeDetail(java.lang.String,java.lang.String)[pri:1, instance:com.zoetispets.Tests@78e94dcf]" started-at="2025-08-16T05:44:47 UTC" name="PracticeDetail" data-provider="zoetispetsV2Locals" finished-at="2025-08-16T05:44:47 UTC" duration-ms="458" status="PASS">
          <params>
            <param index="0">
              <value>
                <![CDATA[https://www.zoetispets.com/fr-fr/sante-du-chien/arthrose-quiz/]]>
              </value>
            </param>
            <param index="1">
              <value>
                <![CDATA[Évaluation de l’arthrose chez le chien | Zoetis Pets]]>
              </value>
            </param>
          </params>
          <reporter-output>
          </reporter-output>
        </test-method> <!-- PracticeDetail -->
        <test-method signature="PracticeDetail(java.lang.String,java.lang.String)[pri:1, instance:com.zoetispets.Tests@78e94dcf]" started-at="2025-08-16T05:44:47 UTC" name="PracticeDetail" data-provider="zoetispetsV2Locals" finished-at="2025-08-16T05:44:48 UTC" duration-ms="391" status="PASS">
          <params>
            <param index="0">
              <value>
                <![CDATA[https://www.zoetispets.com/fr-ca/chien-soins/dermatologie-evaluation/]]>
              </value>
            </param>
            <param index="1">
              <value>
                <![CDATA[Évaluation de la peau du chien | Zoetis Pets]]>
              </value>
            </param>
          </params>
          <reporter-output>
          </reporter-output>
        </test-method> <!-- PracticeDetail -->
        <test-method signature="PracticeDetail(java.lang.String,java.lang.String)[pri:1, instance:com.zoetispets.Tests@78e94dcf]" started-at="2025-08-16T05:44:48 UTC" name="PracticeDetail" data-provider="zoetispetsV2Locals" finished-at="2025-08-16T05:44:48 UTC" duration-ms="435" status="PASS">
          <params>
            <param index="0">
              <value>
                <![CDATA[https://www.zoetispets.com/fr-fr/sante-du-chien/dermatologie-evaluation/]]>
              </value>
            </param>
            <param index="1">
              <value>
                <![CDATA[Évaluation des problèmes de peau chez le chien | Zoetis Pets]]>
              </value>
            </param>
          </params>
          <reporter-output>
          </reporter-output>
        </test-method> <!-- PracticeDetail -->
        <test-method signature="PracticeDetail(java.lang.String,java.lang.String)[pri:1, instance:com.zoetispets.Tests@78e94dcf]" started-at="2025-08-16T05:44:48 UTC" name="PracticeDetail" data-provider="zoetispetsV2Locals" finished-at="2025-08-16T05:44:49 UTC" duration-ms="430" status="PASS">
          <params>
            <param index="0">
              <value>
                <![CDATA[https://www.zoetispets.com/de-de/hund-gesundheit/arthrose-quiz/]]>
              </value>
            </param>
            <param index="1">
              <value>
                <![CDATA[Online-Test zu Arthrose beim Hund | Zoetis Pets]]>
              </value>
            </param>
          </params>
          <reporter-output>
          </reporter-output>
        </test-method> <!-- PracticeDetail -->
        <test-method signature="PracticeDetail(java.lang.String,java.lang.String)[pri:1, instance:com.zoetispets.Tests@78e94dcf]" started-at="2025-08-16T05:44:49 UTC" name="PracticeDetail" data-provider="zoetispetsV2Locals" finished-at="2025-08-16T05:44:49 UTC" duration-ms="417" status="PASS">
          <params>
            <param index="0">
              <value>
                <![CDATA[https://www.zoetispets.com/de-de/hund-gesundheit/juckreiz-test/]]>
              </value>
            </param>
            <param index="1">
              <value>
                <![CDATA[Hautprobleme beim Hund | Zoetis Pets]]>
              </value>
            </param>
          </params>
          <reporter-output>
          </reporter-output>
        </test-method> <!-- PracticeDetail -->
        <test-method signature="PracticeDetail(java.lang.String,java.lang.String)[pri:1, instance:com.zoetispets.Tests@78e94dcf]" started-at="2025-08-16T05:44:49 UTC" name="PracticeDetail" data-provider="zoetispetsV2Locals" finished-at="2025-08-16T05:44:49 UTC" duration-ms="412" status="PASS">
          <params>
            <param index="0">
              <value>
                <![CDATA[https://www.zoetispets.com/es-es/perro-salud/artrosis-quiz/]]>
              </value>
            </param>
            <param index="1">
              <value>
                <![CDATA[Evaluación de la artrosis en perros | Zoetis Pets]]>
              </value>
            </param>
          </params>
          <reporter-output>
          </reporter-output>
        </test-method> <!-- PracticeDetail -->
        <test-method signature="PracticeDetail(java.lang.String,java.lang.String)[pri:1, instance:com.zoetispets.Tests@78e94dcf]" started-at="2025-08-16T05:44:49 UTC" name="PracticeDetail" data-provider="zoetispetsV2Locals" finished-at="2025-08-16T05:44:50 UTC" duration-ms="390" status="PASS">
          <params>
            <param index="0">
              <value>
                <![CDATA[https://www.zoetispets.com/es-es/perro-salud/problemas-de-piel-evaluacion/]]>
              </value>
            </param>
            <param index="1">
              <value>
                <![CDATA[Evaluación de problemas de la piel en perros | Zoetis Pets]]>
              </value>
            </param>
          </params>
          <reporter-output>
          </reporter-output>
        </test-method> <!-- PracticeDetail -->
        <test-method signature="PracticeDetail(java.lang.String,java.lang.String)[pri:1, instance:com.zoetispets.Tests@78e94dcf]" started-at="2025-08-16T05:44:50 UTC" name="PracticeDetail" data-provider="zoetispetsV2Locals" finished-at="2025-08-16T05:44:50 UTC" duration-ms="423" status="PASS">
          <params>
            <param index="0">
              <value>
                <![CDATA[https://www.zoetispets.com/it-it/salute-cane/dolore-articolare-quiz/]]>
              </value>
            </param>
            <param index="1">
              <value>
                <![CDATA[Test del dolore articolare nel cane | Zoetis Pets]]>
              </value>
            </param>
          </params>
          <reporter-output>
          </reporter-output>
        </test-method> <!-- PracticeDetail -->
        <test-method signature="PracticeDetail(java.lang.String,java.lang.String)[pri:1, instance:com.zoetispets.Tests@78e94dcf]" started-at="2025-08-16T05:44:50 UTC" name="PracticeDetail" data-provider="zoetispetsV2Locals" finished-at="2025-08-16T05:44:51 UTC" duration-ms="340" status="PASS">
          <params>
            <param index="0">
              <value>
                <![CDATA[https://www.zoetispets.com/it-it/salute-cane/segni-di-problemi-cutanei-risultato/]]>
              </value>
            </param>
            <param index="1">
              <value>
                <![CDATA[Test del prurito del cane | Zoetis Pets]]>
              </value>
            </param>
          </params>
          <reporter-output>
          </reporter-output>
        </test-method> <!-- PracticeDetail -->
        <test-method signature="PracticeDetail(java.lang.String,java.lang.String)[pri:1, instance:com.zoetispets.Tests@78e94dcf]" started-at="2025-08-16T05:44:51 UTC" name="PracticeDetail" data-provider="zoetispetsV2Locals" finished-at="2025-08-16T05:44:51 UTC" duration-ms="415" status="PASS">
          <params>
            <param index="0">
              <value>
                <![CDATA[https://www.zoetispets.com/pl-pl/ochrona-zdrowia-psa/artretyzm-quiz/]]>
              </value>
            </param>
            <param index="1">
              <value>
                <![CDATA[Ankieta pod kątem osteoarthritis u psa | Zoetis Pets]]>
              </value>
            </param>
          </params>
          <reporter-output>
          </reporter-output>
        </test-method> <!-- PracticeDetail -->
        <test-method signature="PracticeDetail(java.lang.String,java.lang.String)[pri:1, instance:com.zoetispets.Tests@78e94dcf]" started-at="2025-08-16T05:44:51 UTC" name="PracticeDetail" data-provider="zoetispetsV2Locals" finished-at="2025-08-16T05:44:51 UTC" duration-ms="368" status="PASS">
          <params>
            <param index="0">
              <value>
                <![CDATA[https://www.zoetispets.com/pl-pl/ochrona-zdrowia-psa/choroby-skory-u-psa-ocena/]]>
              </value>
            </param>
            <param index="1">
              <value>
                <![CDATA[Ankieta dotycząca stanu skóry psa | Zoetis Pets]]>
              </value>
            </param>
          </params>
          <reporter-output>
          </reporter-output>
        </test-method> <!-- PracticeDetail -->
        <test-method is-config="true" signature="tearDown()[pri:0, instance:com.zoetispets.Tests@78e94dcf]" started-at="2025-08-16T05:44:51 UTC" name="tearDown" finished-at="2025-08-16T05:44:52 UTC" duration-ms="507" status="PASS">
          <reporter-output>
          </reporter-output>
        </test-method> <!-- tearDown -->
      </class> <!-- com.zoetispets.Tests -->
    </test> <!-- Surefire test -->
  </suite> <!-- Surefire suite -->
</testng-results>
