<?xml version="1.0" encoding="UTF-8"?>
<testng-results ignored="0" total="30" passed="30" failed="0" skipped="0">
  <reporter-output>
  </reporter-output>
  <suite started-at="2025-11-29T05:43:48 UTC" name="Surefire suite" finished-at="2025-11-29T05:44:19 UTC" duration-ms="31231">
    <groups>
    </groups>
    <test started-at="2025-11-29T05:43:48 UTC" name="Surefire test" finished-at="2025-11-29T05:44:19 UTC" duration-ms="31231">
      <class name="com.zoetispets.Tests">
        <test-method is-config="true" signature="setUp()[pri:0, instance:com.zoetispets.Tests@ec756bd]" started-at="2025-11-29T05:43:48 UTC" name="setUp" finished-at="2025-11-29T05:44:00 UTC" duration-ms="11570" status="PASS">
          <reporter-output>
          </reporter-output>
        </test-method> <!-- setUp -->
        <test-method signature="PracticeDetail(java.lang.String,java.lang.String,java.lang.String)[pri:1, instance:com.zoetispets.Tests@ec756bd]" started-at="2025-11-29T05:44:00 UTC" name="PracticeDetail" data-provider="zoetispetsV2Locals" finished-at="2025-11-29T05:44:01 UTC" duration-ms="1181" status="PASS">
          <params>
            <param index="0">
              <value>
                <![CDATA[https://www.zoetispets.com/en-gb/]]>
              </value>
            </param>
            <param index="1">
              <value>
                <![CDATA[Zoetis Pets UK]]>
              </value>
            </param>
            <param index="2">
              <value>
                <![CDATA[UK HOME PAGE]]>
              </value>
            </param>
          </params>
          <reporter-output>
          </reporter-output>
        </test-method> <!-- PracticeDetail -->
        <test-method signature="PracticeDetail(java.lang.String,java.lang.String,java.lang.String)[pri:1, instance:com.zoetispets.Tests@ec756bd]" started-at="2025-11-29T05:44:01 UTC" name="PracticeDetail" data-provider="zoetispetsV2Locals" finished-at="2025-11-29T05:44:01 UTC" duration-ms="432" status="PASS">
          <params>
            <param index="0">
              <value>
                <![CDATA[https://www.zoetispets.com/en-au/]]>
              </value>
            </param>
            <param index="1">
              <value>
                <![CDATA[Zoetis Pets AU]]>
              </value>
            </param>
            <param index="2">
              <value>
                <![CDATA[AU HOME PAGE]]>
              </value>
            </param>
          </params>
          <reporter-output>
          </reporter-output>
        </test-method> <!-- PracticeDetail -->
        <test-method signature="PracticeDetail(java.lang.String,java.lang.String,java.lang.String)[pri:1, instance:com.zoetispets.Tests@ec756bd]" started-at="2025-11-29T05:44:01 UTC" name="PracticeDetail" data-provider="zoetispetsV2Locals" finished-at="2025-11-29T05:44:02 UTC" duration-ms="414" status="PASS">
          <params>
            <param index="0">
              <value>
                <![CDATA[https://www.zoetispets.com/de-de/]]>
              </value>
            </param>
            <param index="1">
              <value>
                <![CDATA[Zoetis Pets DE]]>
              </value>
            </param>
            <param index="2">
              <value>
                <![CDATA[DE HOME PAGE]]>
              </value>
            </param>
          </params>
          <reporter-output>
          </reporter-output>
        </test-method> <!-- PracticeDetail -->
        <test-method signature="PracticeDetail(java.lang.String,java.lang.String,java.lang.String)[pri:1, instance:com.zoetispets.Tests@ec756bd]" started-at="2025-11-29T05:44:02 UTC" name="PracticeDetail" data-provider="zoetispetsV2Locals" finished-at="2025-11-29T05:44:02 UTC" duration-ms="333" status="PASS">
          <params>
            <param index="0">
              <value>
                <![CDATA[https://www.zoetispets.com/it-it/]]>
              </value>
            </param>
            <param index="1">
              <value>
                <![CDATA[Zoetis Pets IT]]>
              </value>
            </param>
            <param index="2">
              <value>
                <![CDATA[IT HOME PAGE]]>
              </value>
            </param>
          </params>
          <reporter-output>
          </reporter-output>
        </test-method> <!-- PracticeDetail -->
        <test-method signature="PracticeDetail(java.lang.String,java.lang.String,java.lang.String)[pri:1, instance:com.zoetispets.Tests@ec756bd]" started-at="2025-11-29T05:44:02 UTC" name="PracticeDetail" data-provider="zoetispetsV2Locals" finished-at="2025-11-29T05:44:02 UTC" duration-ms="274" status="PASS">
          <params>
            <param index="0">
              <value>
                <![CDATA[https://www.zoetispets.com/es-es/]]>
              </value>
            </param>
            <param index="1">
              <value>
                <![CDATA[Zoetis Pets ES]]>
              </value>
            </param>
            <param index="2">
              <value>
                <![CDATA[ES HOME PAGE]]>
              </value>
            </param>
          </params>
          <reporter-output>
          </reporter-output>
        </test-method> <!-- PracticeDetail -->
        <test-method signature="PracticeDetail(java.lang.String,java.lang.String,java.lang.String)[pri:1, instance:com.zoetispets.Tests@ec756bd]" started-at="2025-11-29T05:44:02 UTC" name="PracticeDetail" data-provider="zoetispetsV2Locals" finished-at="2025-11-29T05:44:03 UTC" duration-ms="365" status="PASS">
          <params>
            <param index="0">
              <value>
                <![CDATA[https://www.zoetispets.com/pl-pl/]]>
              </value>
            </param>
            <param index="1">
              <value>
                <![CDATA[Zoetis Pets PL]]>
              </value>
            </param>
            <param index="2">
              <value>
                <![CDATA[PL HOME PAGE]]>
              </value>
            </param>
          </params>
          <reporter-output>
          </reporter-output>
        </test-method> <!-- PracticeDetail -->
        <test-method signature="PracticeDetail(java.lang.String,java.lang.String,java.lang.String)[pri:1, instance:com.zoetispets.Tests@ec756bd]" started-at="2025-11-29T05:44:03 UTC" name="PracticeDetail" data-provider="zoetispetsV2Locals" finished-at="2025-11-29T05:44:03 UTC" duration-ms="338" status="PASS">
          <params>
            <param index="0">
              <value>
                <![CDATA[https://www.zoetispets.com/en-ca/]]>
              </value>
            </param>
            <param index="1">
              <value>
                <![CDATA[Zoetis Pets CA]]>
              </value>
            </param>
            <param index="2">
              <value>
                <![CDATA[CA-EN HOME PAGE]]>
              </value>
            </param>
          </params>
          <reporter-output>
          </reporter-output>
        </test-method> <!-- PracticeDetail -->
        <test-method signature="PracticeDetail(java.lang.String,java.lang.String,java.lang.String)[pri:1, instance:com.zoetispets.Tests@ec756bd]" started-at="2025-11-29T05:44:03 UTC" name="PracticeDetail" data-provider="zoetispetsV2Locals" finished-at="2025-11-29T05:44:03 UTC" duration-ms="275" status="PASS">
          <params>
            <param index="0">
              <value>
                <![CDATA[https://www.zoetispets.com/fr-ca/]]>
              </value>
            </param>
            <param index="1">
              <value>
                <![CDATA[Zoetis Pets CA]]>
              </value>
            </param>
            <param index="2">
              <value>
                <![CDATA[CA-FR HOME PAGE]]>
              </value>
            </param>
          </params>
          <reporter-output>
          </reporter-output>
        </test-method> <!-- PracticeDetail -->
        <test-method signature="PracticeDetail(java.lang.String,java.lang.String,java.lang.String)[pri:1, instance:com.zoetispets.Tests@ec756bd]" started-at="2025-11-29T05:44:03 UTC" name="PracticeDetail" data-provider="zoetispetsV2Locals" finished-at="2025-11-29T05:44:04 UTC" duration-ms="293" status="PASS">
          <params>
            <param index="0">
              <value>
                <![CDATA[https://www.zoetispets.com/fr-fr/]]>
              </value>
            </param>
            <param index="1">
              <value>
                <![CDATA[Zoetis Pets FR]]>
              </value>
            </param>
            <param index="2">
              <value>
                <![CDATA[FR HOME PAGE]]>
              </value>
            </param>
          </params>
          <reporter-output>
          </reporter-output>
        </test-method> <!-- PracticeDetail -->
        <test-method signature="PracticeDetail(java.lang.String,java.lang.String,java.lang.String)[pri:1, instance:com.zoetispets.Tests@ec756bd]" started-at="2025-11-29T05:44:04 UTC" name="PracticeDetail" data-provider="zoetispetsV2Locals" finished-at="2025-11-29T05:44:04 UTC" duration-ms="300" status="PASS">
          <params>
            <param index="0">
              <value>
                <![CDATA[https://www.zoetispets.com/pt-br/produtos/librela/]]>
              </value>
            </param>
            <param index="1">
              <value>
                <![CDATA[Librela® para cães | Zoetis Pets]]>
              </value>
            </param>
            <param index="2">
              <value>
                <![CDATA[BR HOME PAGE]]>
              </value>
            </param>
          </params>
          <reporter-output>
          </reporter-output>
        </test-method> <!-- PracticeDetail -->
        <test-method signature="PracticeDetail(java.lang.String,java.lang.String,java.lang.String)[pri:1, instance:com.zoetispets.Tests@ec756bd]" started-at="2025-11-29T05:44:04 UTC" name="PracticeDetail" data-provider="zoetispetsV2Locals" finished-at="2025-11-29T05:44:06 UTC" duration-ms="1890" status="PASS">
          <params>
            <param index="0">
              <value>
                <![CDATA[https://www.zoetispets.com/en-gb/dog-healthcare/arthritis-quiz/]]>
              </value>
            </param>
            <param index="1">
              <value>
                <![CDATA[Dog Arthritis Assessment | Zoetis Pets]]>
              </value>
            </param>
            <param index="2">
              <value>
                <![CDATA[UK DOG ARTHRTIS ASSESSMENT PAGE]]>
              </value>
            </param>
          </params>
          <reporter-output>
          </reporter-output>
        </test-method> <!-- PracticeDetail -->
        <test-method signature="PracticeDetail(java.lang.String,java.lang.String,java.lang.String)[pri:1, instance:com.zoetispets.Tests@ec756bd]" started-at="2025-11-29T05:44:06 UTC" name="PracticeDetail" data-provider="zoetispetsV2Locals" finished-at="2025-11-29T05:44:06 UTC" duration-ms="380" status="PASS">
          <params>
            <param index="0">
              <value>
                <![CDATA[https://www.zoetispets.com/en-au/dog-healthcare/arthritis-quiz/]]>
              </value>
            </param>
            <param index="1">
              <value>
                <![CDATA[Dog Arthritis Assessment | Zoetis Pets]]>
              </value>
            </param>
            <param index="2">
              <value>
                <![CDATA[AU DOG ARTHRTIS ASSESSMENT PAGE]]>
              </value>
            </param>
          </params>
          <reporter-output>
          </reporter-output>
        </test-method> <!-- PracticeDetail -->
        <test-method signature="PracticeDetail(java.lang.String,java.lang.String,java.lang.String)[pri:1, instance:com.zoetispets.Tests@ec756bd]" started-at="2025-11-29T05:44:06 UTC" name="PracticeDetail" data-provider="zoetispetsV2Locals" finished-at="2025-11-29T05:44:07 UTC" duration-ms="372" status="PASS">
          <params>
            <param index="0">
              <value>
                <![CDATA[https://www.zoetispets.com/en-ca/dog-healthcare/arthritis-quiz/]]>
              </value>
            </param>
            <param index="1">
              <value>
                <![CDATA[Dog Arthritis Assessment | Zoetis Pets]]>
              </value>
            </param>
            <param index="2">
              <value>
                <![CDATA[CA-EN DOG ARTHRTIS ASSESSMENT PAGE]]>
              </value>
            </param>
          </params>
          <reporter-output>
          </reporter-output>
        </test-method> <!-- PracticeDetail -->
        <test-method signature="PracticeDetail(java.lang.String,java.lang.String,java.lang.String)[pri:1, instance:com.zoetispets.Tests@ec756bd]" started-at="2025-11-29T05:44:07 UTC" name="PracticeDetail" data-provider="zoetispetsV2Locals" finished-at="2025-11-29T05:44:09 UTC" duration-ms="2392" status="PASS">
          <params>
            <param index="0">
              <value>
                <![CDATA[https://www.zoetispets.com/en-gb/cat-healthcare/arthritis-quiz/]]>
              </value>
            </param>
            <param index="1">
              <value>
                <![CDATA[Cat Arthritis Assessment | Zoetis Pets]]>
              </value>
            </param>
            <param index="2">
              <value>
                <![CDATA[UK CAT ARTHRTIS ASSESSMENT PAGE]]>
              </value>
            </param>
          </params>
          <reporter-output>
          </reporter-output>
        </test-method> <!-- PracticeDetail -->
        <test-method signature="PracticeDetail(java.lang.String,java.lang.String,java.lang.String)[pri:1, instance:com.zoetispets.Tests@ec756bd]" started-at="2025-11-29T05:44:09 UTC" name="PracticeDetail" data-provider="zoetispetsV2Locals" finished-at="2025-11-29T05:44:10 UTC" duration-ms="910" status="PASS">
          <params>
            <param index="0">
              <value>
                <![CDATA[https://www.zoetispets.com/en-au/cat-healthcare/arthritis-quiz/]]>
              </value>
            </param>
            <param index="1">
              <value>
                <![CDATA[Cat Arthritis Assessment | Zoetis Pets]]>
              </value>
            </param>
            <param index="2">
              <value>
                <![CDATA[AU CAT ARTHRITIS ASSESSMENT PAGE]]>
              </value>
            </param>
          </params>
          <reporter-output>
          </reporter-output>
        </test-method> <!-- PracticeDetail -->
        <test-method signature="PracticeDetail(java.lang.String,java.lang.String,java.lang.String)[pri:1, instance:com.zoetispets.Tests@ec756bd]" started-at="2025-11-29T05:44:10 UTC" name="PracticeDetail" data-provider="zoetispetsV2Locals" finished-at="2025-11-29T05:44:11 UTC" duration-ms="715" status="PASS">
          <params>
            <param index="0">
              <value>
                <![CDATA[https://www.zoetispets.com/en-gb/dog-healthcare/skin-conditions-assessment/]]>
              </value>
            </param>
            <param index="1">
              <value>
                <![CDATA[Dog Skin Conditions Assessment | Zoetis Pets]]>
              </value>
            </param>
            <param index="2">
              <value>
                <![CDATA[UK SKIN ASSESSMENT PAGE]]>
              </value>
            </param>
          </params>
          <reporter-output>
          </reporter-output>
        </test-method> <!-- PracticeDetail -->
        <test-method signature="PracticeDetail(java.lang.String,java.lang.String,java.lang.String)[pri:1, instance:com.zoetispets.Tests@ec756bd]" started-at="2025-11-29T05:44:11 UTC" name="PracticeDetail" data-provider="zoetispetsV2Locals" finished-at="2025-11-29T05:44:11 UTC" duration-ms="442" status="PASS">
          <params>
            <param index="0">
              <value>
                <![CDATA[https://www.zoetispets.com/en-au/dog-healthcare/skin-conditions-assessment/]]>
              </value>
            </param>
            <param index="1">
              <value>
                <![CDATA[Dog Skin Conditions Assessment | Zoetis Pets]]>
              </value>
            </param>
            <param index="2">
              <value>
                <![CDATA[AU SKIN ASSESSMENT PAGE]]>
              </value>
            </param>
          </params>
          <reporter-output>
          </reporter-output>
        </test-method> <!-- PracticeDetail -->
        <test-method signature="PracticeDetail(java.lang.String,java.lang.String,java.lang.String)[pri:1, instance:com.zoetispets.Tests@ec756bd]" started-at="2025-11-29T05:44:11 UTC" name="PracticeDetail" data-provider="zoetispetsV2Locals" finished-at="2025-11-29T05:44:12 UTC" duration-ms="807" status="PASS">
          <params>
            <param index="0">
              <value>
                <![CDATA[https://www.zoetispets.com/en-ca/dog-healthcare/skin-conditions-assessment/]]>
              </value>
            </param>
            <param index="1">
              <value>
                <![CDATA[Dog Skin Conditions Assessment | Zoetis Pets]]>
              </value>
            </param>
            <param index="2">
              <value>
                <![CDATA[CA SKIN ASSESSMENT PAGE]]>
              </value>
            </param>
          </params>
          <reporter-output>
          </reporter-output>
        </test-method> <!-- PracticeDetail -->
        <test-method signature="PracticeDetail(java.lang.String,java.lang.String,java.lang.String)[pri:1, instance:com.zoetispets.Tests@ec756bd]" started-at="2025-11-29T05:44:12 UTC" name="PracticeDetail" data-provider="zoetispetsV2Locals" finished-at="2025-11-29T05:44:12 UTC" duration-ms="462" status="PASS">
          <params>
            <param index="0">
              <value>
                <![CDATA[https://www.zoetispets.com/fr-ca/chien-soins/arthrose-quiz/]]>
              </value>
            </param>
            <param index="1">
              <value>
                <![CDATA[Questionnaire sur l’arthrose du chien | Zoetis Pets]]>
              </value>
            </param>
            <param index="2">
              <value>
                <![CDATA[CA-FR ARTHRITIS ASSESSMENT PAGE]]>
              </value>
            </param>
          </params>
          <reporter-output>
          </reporter-output>
        </test-method> <!-- PracticeDetail -->
        <test-method signature="PracticeDetail(java.lang.String,java.lang.String,java.lang.String)[pri:1, instance:com.zoetispets.Tests@ec756bd]" started-at="2025-11-29T05:44:12 UTC" name="PracticeDetail" data-provider="zoetispetsV2Locals" finished-at="2025-11-29T05:44:13 UTC" duration-ms="532" status="PASS">
          <params>
            <param index="0">
              <value>
                <![CDATA[https://www.zoetispets.com/fr-fr/sante-du-chien/arthrose-quiz/]]>
              </value>
            </param>
            <param index="1">
              <value>
                <![CDATA[Évaluation de l’arthrose chez le chien | Zoetis Pets]]>
              </value>
            </param>
            <param index="2">
              <value>
                <![CDATA[FR ARTHRITIS ASSESSMENT PAGE]]>
              </value>
            </param>
          </params>
          <reporter-output>
          </reporter-output>
        </test-method> <!-- PracticeDetail -->
        <test-method signature="PracticeDetail(java.lang.String,java.lang.String,java.lang.String)[pri:1, instance:com.zoetispets.Tests@ec756bd]" started-at="2025-11-29T05:44:13 UTC" name="PracticeDetail" data-provider="zoetispetsV2Locals" finished-at="2025-11-29T05:44:13 UTC" duration-ms="327" status="PASS">
          <params>
            <param index="0">
              <value>
                <![CDATA[https://www.zoetispets.com/fr-ca/chien-soins/dermatologie-evaluation/]]>
              </value>
            </param>
            <param index="1">
              <value>
                <![CDATA[Évaluation de la peau du chien | Zoetis Pets]]>
              </value>
            </param>
            <param index="2">
              <value>
                <![CDATA[CA-FR SKIN ASSESSMENT PAGE]]>
              </value>
            </param>
          </params>
          <reporter-output>
          </reporter-output>
        </test-method> <!-- PracticeDetail -->
        <test-method signature="PracticeDetail(java.lang.String,java.lang.String,java.lang.String)[pri:1, instance:com.zoetispets.Tests@ec756bd]" started-at="2025-11-29T05:44:13 UTC" name="PracticeDetail" data-provider="zoetispetsV2Locals" finished-at="2025-11-29T05:44:14 UTC" duration-ms="857" status="PASS">
          <params>
            <param index="0">
              <value>
                <![CDATA[https://www.zoetispets.com/fr-fr/sante-du-chien/dermatologie-evaluation/]]>
              </value>
            </param>
            <param index="1">
              <value>
                <![CDATA[Évaluation des problèmes de peau chez le chien | Zoetis Pets]]>
              </value>
            </param>
            <param index="2">
              <value>
                <![CDATA[FR SKIN ASSESSMENT PAGE]]>
              </value>
            </param>
          </params>
          <reporter-output>
          </reporter-output>
        </test-method> <!-- PracticeDetail -->
        <test-method signature="PracticeDetail(java.lang.String,java.lang.String,java.lang.String)[pri:1, instance:com.zoetispets.Tests@ec756bd]" started-at="2025-11-29T05:44:14 UTC" name="PracticeDetail" data-provider="zoetispetsV2Locals" finished-at="2025-11-29T05:44:15 UTC" duration-ms="583" status="PASS">
          <params>
            <param index="0">
              <value>
                <![CDATA[https://www.zoetispets.com/de-de/hund-gesundheit/arthrose-quiz/]]>
              </value>
            </param>
            <param index="1">
              <value>
                <![CDATA[Online-Test zu Arthrose beim Hund | Zoetis Pets]]>
              </value>
            </param>
            <param index="2">
              <value>
                <![CDATA[DE ARTHRITIS ASSESSMENT PAGE]]>
              </value>
            </param>
          </params>
          <reporter-output>
          </reporter-output>
        </test-method> <!-- PracticeDetail -->
        <test-method signature="PracticeDetail(java.lang.String,java.lang.String,java.lang.String)[pri:1, instance:com.zoetispets.Tests@ec756bd]" started-at="2025-11-29T05:44:15 UTC" name="PracticeDetail" data-provider="zoetispetsV2Locals" finished-at="2025-11-29T05:44:15 UTC" duration-ms="362" status="PASS">
          <params>
            <param index="0">
              <value>
                <![CDATA[https://www.zoetispets.com/de-de/hund-gesundheit/juckreiz-test/]]>
              </value>
            </param>
            <param index="1">
              <value>
                <![CDATA[Hautprobleme beim Hund | Zoetis Pets]]>
              </value>
            </param>
            <param index="2">
              <value>
                <![CDATA[DE SKIN ASSESSMENT PAGE]]>
              </value>
            </param>
          </params>
          <reporter-output>
          </reporter-output>
        </test-method> <!-- PracticeDetail -->
        <test-method signature="PracticeDetail(java.lang.String,java.lang.String,java.lang.String)[pri:1, instance:com.zoetispets.Tests@ec756bd]" started-at="2025-11-29T05:44:15 UTC" name="PracticeDetail" data-provider="zoetispetsV2Locals" finished-at="2025-11-29T05:44:16 UTC" duration-ms="927" status="PASS">
          <params>
            <param index="0">
              <value>
                <![CDATA[https://www.zoetispets.com/es-es/perro-salud/artrosis-quiz/]]>
              </value>
            </param>
            <param index="1">
              <value>
                <![CDATA[Evaluación de la artrosis en perros | Zoetis Pets]]>
              </value>
            </param>
            <param index="2">
              <value>
                <![CDATA[ES ARTHRITIS ASSESSMENT PAGE]]>
              </value>
            </param>
          </params>
          <reporter-output>
          </reporter-output>
        </test-method> <!-- PracticeDetail -->
        <test-method signature="PracticeDetail(java.lang.String,java.lang.String,java.lang.String)[pri:1, instance:com.zoetispets.Tests@ec756bd]" started-at="2025-11-29T05:44:16 UTC" name="PracticeDetail" data-provider="zoetispetsV2Locals" finished-at="2025-11-29T05:44:17 UTC" duration-ms="858" status="PASS">
          <params>
            <param index="0">
              <value>
                <![CDATA[https://www.zoetispets.com/es-es/perro-salud/problemas-de-piel-evaluacion/]]>
              </value>
            </param>
            <param index="1">
              <value>
                <![CDATA[Evaluación de problemas de la piel en perros | Zoetis Pets]]>
              </value>
            </param>
            <param index="2">
              <value>
                <![CDATA[ES SKIN ASSESSMENT PAGE]]>
              </value>
            </param>
          </params>
          <reporter-output>
          </reporter-output>
        </test-method> <!-- PracticeDetail -->
        <test-method signature="PracticeDetail(java.lang.String,java.lang.String,java.lang.String)[pri:1, instance:com.zoetispets.Tests@ec756bd]" started-at="2025-11-29T05:44:17 UTC" name="PracticeDetail" data-provider="zoetispetsV2Locals" finished-at="2025-11-29T05:44:17 UTC" duration-ms="425" status="PASS">
          <params>
            <param index="0">
              <value>
                <![CDATA[https://www.zoetispets.com/it-it/salute-cane/dolore-articolare-quiz/]]>
              </value>
            </param>
            <param index="1">
              <value>
                <![CDATA[Test del dolore articolare nel cane | Zoetis Pets]]>
              </value>
            </param>
            <param index="2">
              <value>
                <![CDATA[IT ARTHRITIS ASSESSMENT PAGE]]>
              </value>
            </param>
          </params>
          <reporter-output>
          </reporter-output>
        </test-method> <!-- PracticeDetail -->
        <test-method signature="PracticeDetail(java.lang.String,java.lang.String,java.lang.String)[pri:1, instance:com.zoetispets.Tests@ec756bd]" started-at="2025-11-29T05:44:17 UTC" name="PracticeDetail" data-provider="zoetispetsV2Locals" finished-at="2025-11-29T05:44:18 UTC" duration-ms="719" status="PASS">
          <params>
            <param index="0">
              <value>
                <![CDATA[https://www.zoetispets.com/it-it/salute-cane/segni-di-problemi-cutanei-risultato/]]>
              </value>
            </param>
            <param index="1">
              <value>
                <![CDATA[Test del prurito del cane | Zoetis Pets]]>
              </value>
            </param>
            <param index="2">
              <value>
                <![CDATA[IT SKIN ASSESSMENT PAGE]]>
              </value>
            </param>
          </params>
          <reporter-output>
          </reporter-output>
        </test-method> <!-- PracticeDetail -->
        <test-method signature="PracticeDetail(java.lang.String,java.lang.String,java.lang.String)[pri:1, instance:com.zoetispets.Tests@ec756bd]" started-at="2025-11-29T05:44:18 UTC" name="PracticeDetail" data-provider="zoetispetsV2Locals" finished-at="2025-11-29T05:44:18 UTC" duration-ms="457" status="PASS">
          <params>
            <param index="0">
              <value>
                <![CDATA[https://www.zoetispets.com/pl-pl/ochrona-zdrowia-psa/artretyzm-quiz/]]>
              </value>
            </param>
            <param index="1">
              <value>
                <![CDATA[Ankieta pod kątem osteoarthritis u psa | Zoetis Pets]]>
              </value>
            </param>
            <param index="2">
              <value>
                <![CDATA[PL ARTHRITIS ASSESSMENT PAGE]]>
              </value>
            </param>
          </params>
          <reporter-output>
          </reporter-output>
        </test-method> <!-- PracticeDetail -->
        <test-method signature="PracticeDetail(java.lang.String,java.lang.String,java.lang.String)[pri:1, instance:com.zoetispets.Tests@ec756bd]" started-at="2025-11-29T05:44:18 UTC" name="PracticeDetail" data-provider="zoetispetsV2Locals" finished-at="2025-11-29T05:44:19 UTC" duration-ms="442" status="PASS">
          <params>
            <param index="0">
              <value>
                <![CDATA[https://www.zoetispets.com/pl-pl/ochrona-zdrowia-psa/choroby-skory-u-psa-ocena/]]>
              </value>
            </param>
            <param index="1">
              <value>
                <![CDATA[Ankieta dotycząca stanu skóry psa | Zoetis Pets]]>
              </value>
            </param>
            <param index="2">
              <value>
                <![CDATA[PL SKIN ASSESSMENT PAGE]]>
              </value>
            </param>
          </params>
          <reporter-output>
          </reporter-output>
        </test-method> <!-- PracticeDetail -->
        <test-method is-config="true" signature="tearDown()[pri:0, instance:com.zoetispets.Tests@ec756bd]" started-at="2025-11-29T05:44:19 UTC" name="tearDown" finished-at="2025-11-29T05:44:19 UTC" duration-ms="538" status="PASS">
          <reporter-output>
          </reporter-output>
        </test-method> <!-- tearDown -->
      </class> <!-- com.zoetispets.Tests -->
    </test> <!-- Surefire test -->
  </suite> <!-- Surefire suite -->
</testng-results>
