<?xml version="1.0" encoding="UTF-8"?>
<testsuite xmlns:xsi="http://www.w3.org/2001/XMLSchema-instance" xsi:noNamespaceSchemaLocation="https://maven.apache.org/surefire/maven-surefire-plugin/xsd/surefire-test-report-3.0.xsd" version="3.0" name="TestSuite" time="28.295" tests="30" errors="0" skipped="0" failures="0">
  <properties>
[...]
</properties>
  <testcase name="PracticeDetail[https://www.zoetispets.com/en-gb/, Zoetis Pets UK, UK HOME PAGE](1)" classname="com.zoetispets.Tests" time="1.134">
    <system-out><![CDATA[title = Zoetis Pets UK
]]></system-out>
    <system-err><![CDATA[SLF4J(W): No SLF4J providers were found.
SLF4J(W): Defaulting to no-operation (NOP) logger implementation
SLF4J(W): See https://www.slf4j.org/codes.html#noProviders for further details.
Dec 23, 2025 5:48:54 AM org.openqa.selenium.remote.service.DriverService$Builder getLogOutput
INFO: Driver logs no longer sent to console by default; https://www.selenium.dev/documentation/webdriver/drivers/service/#setting-log-output
Dec 23, 2025 5:48:58 AM org.openqa.selenium.devtools.CdpVersionFinder findNearestMatch
WARNING: Unable to find CDP implementation matching 143
Dec 23, 2025 5:48:58 AM org.openqa.selenium.chromium.ChromiumDriver lambda$new$4
WARNING: Unable to find version of CDP to use for . You may need to include a dependency on a specific version of the CDP using something similar to `org.seleniumhq.selenium:selenium-devtools-v86:4.10.0` where the version ("v86") matches the version of the chromium-based browser you're using and the version number of the artifact is the same as Selenium's.
]]></system-err>
  </testcase>
  <testcase name="PracticeDetail[https://www.zoetispets.com/en-au/, Zoetis Pets AU, AU HOME PAGE](2)" classname="com.zoetispets.Tests" time="0.395">
    <system-out><![CDATA[title = Zoetis Pets AU
]]></system-out>
  </testcase>
  <testcase name="PracticeDetail[https://www.zoetispets.com/de-de/, Zoetis Pets DE, DE HOME PAGE](3)" classname="com.zoetispets.Tests" time="0.337">
    <system-out><![CDATA[title = Zoetis Pets DE
]]></system-out>
  </testcase>
  <testcase name="PracticeDetail[https://www.zoetispets.com/it-it/, Zoetis Pets IT, IT HOME PAGE](4)" classname="com.zoetispets.Tests" time="0.268">
    <system-out><![CDATA[title = Zoetis Pets IT
]]></system-out>
  </testcase>
  <testcase name="PracticeDetail[https://www.zoetispets.com/es-es/, Zoetis Pets ES, ES HOME PAGE](5)" classname="com.zoetispets.Tests" time="0.276">
    <system-out><![CDATA[title = Zoetis Pets ES
]]></system-out>
  </testcase>
  <testcase name="PracticeDetail[https://www.zoetispets.com/pl-pl/, Zoetis Pets PL, PL HOME PAGE](6)" classname="com.zoetispets.Tests" time="0.235">
    <system-out><![CDATA[title = Zoetis Pets PL
]]></system-out>
  </testcase>
  <testcase name="PracticeDetail[https://www.zoetispets.com/en-ca/, Zoetis Pets CA, CA-EN HOME PAGE](7)" classname="com.zoetispets.Tests" time="0.311">
    <system-out><![CDATA[title = Zoetis Pets CA
]]></system-out>
  </testcase>
  <testcase name="PracticeDetail[https://www.zoetispets.com/fr-ca/, Zoetis Pets CA, CA-FR HOME PAGE](8)" classname="com.zoetispets.Tests" time="0.29">
    <system-out><![CDATA[title = Zoetis Pets CA
]]></system-out>
  </testcase>
  <testcase name="PracticeDetail[https://www.zoetispets.com/fr-fr/, Zoetis Pets FR, FR HOME PAGE](9)" classname="com.zoetispets.Tests" time="0.332">
    <system-out><![CDATA[title = Zoetis Pets FR
]]></system-out>
  </testcase>
  <testcase name="PracticeDetail[https://www.zoetispets.com/pt-br/produtos/librela/, Librela® para cães | Zoetis Pets, BR HOME PAGE](10)" classname="com.zoetispets.Tests" time="0.386">
    <system-out><![CDATA[title = Librela® para cães | Zoetis Pets
]]></system-out>
  </testcase>
  <testcase name="PracticeDetail[https://www.zoetispets.com/en-gb/dog-healthcare/arthritis-quiz/, Dog Arthritis Assessment | Zoetis Pets, UK DOG ARTHRTIS ASSESSMENT PAGE](11)" classname="com.zoetispets.Tests" time="1.88">
    <system-out><![CDATA[title = Dog Arthritis Assessment | Zoetis Pets
]]></system-out>
  </testcase>
  <testcase name="PracticeDetail[https://www.zoetispets.com/en-au/dog-healthcare/arthritis-quiz/, Dog Arthritis Assessment | Zoetis Pets, AU DOG ARTHRTIS ASSESSMENT PAGE](12)" classname="com.zoetispets.Tests" time="0.406">
    <system-out><![CDATA[title = Dog Arthritis Assessment | Zoetis Pets
]]></system-out>
  </testcase>
  <testcase name="PracticeDetail[https://www.zoetispets.com/en-ca/dog-healthcare/arthritis-quiz/, Dog Arthritis Assessment | Zoetis Pets, CA-EN DOG ARTHRTIS ASSESSMENT PAGE](13)" classname="com.zoetispets.Tests" time="0.428">
    <system-out><![CDATA[title = Dog Arthritis Assessment | Zoetis Pets
]]></system-out>
  </testcase>
  <testcase name="PracticeDetail[https://www.zoetispets.com/en-gb/cat-healthcare/arthritis-quiz/, Cat Arthritis Assessment | Zoetis Pets, UK CAT ARTHRTIS ASSESSMENT PAGE](14)" classname="com.zoetispets.Tests" time="1.043">
    <system-out><![CDATA[title = Cat Arthritis Assessment | Zoetis Pets
]]></system-out>
  </testcase>
  <testcase name="PracticeDetail[https://www.zoetispets.com/en-au/cat-healthcare/arthritis-quiz/, Cat Arthritis Assessment | Zoetis Pets, AU CAT ARTHRITIS ASSESSMENT PAGE](15)" classname="com.zoetispets.Tests" time="1.056">
    <system-out><![CDATA[title = Cat Arthritis Assessment | Zoetis Pets
]]></system-out>
  </testcase>
  <testcase name="PracticeDetail[https://www.zoetispets.com/en-gb/dog-healthcare/skin-conditions-assessment/, Dog Skin Conditions Assessment | Zoetis Pets, UK SKIN ASSESSMENT PAGE](16)" classname="com.zoetispets.Tests" time="0.4">
    <system-out><![CDATA[title = Dog Skin Conditions Assessment | Zoetis Pets
]]></system-out>
  </testcase>
  <testcase name="PracticeDetail[https://www.zoetispets.com/en-au/dog-healthcare/skin-conditions-assessment/, Dog Skin Conditions Assessment | Zoetis Pets, AU SKIN ASSESSMENT PAGE](17)" classname="com.zoetispets.Tests" time="1.021">
    <system-out><![CDATA[title = Dog Skin Conditions Assessment | Zoetis Pets
]]></system-out>
  </testcase>
  <testcase name="PracticeDetail[https://www.zoetispets.com/en-ca/dog-healthcare/skin-conditions-assessment/, Dog Skin Conditions Assessment | Zoetis Pets, CA SKIN ASSESSMENT PAGE](18)" classname="com.zoetispets.Tests" time="0.407">
    <system-out><![CDATA[title = Dog Skin Conditions Assessment | Zoetis Pets
]]></system-out>
  </testcase>
  <testcase name="PracticeDetail[https://www.zoetispets.com/fr-ca/chien-soins/arthrose-quiz/, Questionnaire sur l’arthrose du chien | Zoetis Pets, CA-FR ARTHRITIS ASSESSMENT PAGE](19)" classname="com.zoetispets.Tests" time="0.437">
    <system-out><![CDATA[title = Questionnaire sur l’arthrose du chien | Zoetis Pets
]]></system-out>
  </testcase>
  <testcase name="PracticeDetail[https://www.zoetispets.com/fr-fr/sante-du-chien/arthrose-quiz/, Évaluation de l’arthrose chez le chien | Zoetis Pets, FR ARTHRITIS ASSESSMENT PAGE](20)" classname="com.zoetispets.Tests" time="0.446">
    <system-out><![CDATA[title = Évaluation de l’arthrose chez le chien | Zoetis Pets
]]></system-out>
  </testcase>
  <testcase name="PracticeDetail[https://www.zoetispets.com/fr-ca/chien-soins/dermatologie-evaluation/, Évaluation de la peau du chien | Zoetis Pets, CA-FR SKIN ASSESSMENT PAGE](21)" classname="com.zoetispets.Tests" time="0.941">
    <system-out><![CDATA[title = Évaluation de la peau du chien | Zoetis Pets
]]></system-out>
  </testcase>
  <testcase name="PracticeDetail[https://www.zoetispets.com/fr-fr/sante-du-chien/dermatologie-evaluation/, Évaluation des problèmes de peau chez le chien | Zoetis Pets, FR SKIN ASSESSMENT PAGE](22)" classname="com.zoetispets.Tests" time="0.914">
    <system-out><![CDATA[title = Évaluation des problèmes de peau chez le chien | Zoetis Pets
]]></system-out>
  </testcase>
  <testcase name="PracticeDetail[https://www.zoetispets.com/de-de/hund-gesundheit/arthrose-quiz/, Online-Test zu Arthrose beim Hund | Zoetis Pets, DE ARTHRITIS ASSESSMENT PAGE](23)" classname="com.zoetispets.Tests" time="0.548">
    <system-out><![CDATA[title = Online-Test zu Arthrose beim Hund | Zoetis Pets
]]></system-out>
  </testcase>
  <testcase name="PracticeDetail[https://www.zoetispets.com/de-de/hund-gesundheit/juckreiz-test/, Hautprobleme beim Hund | Zoetis Pets, DE SKIN ASSESSMENT PAGE](24)" classname="com.zoetispets.Tests" time="1.205">
    <system-out><![CDATA[title = Hautprobleme beim Hund | Zoetis Pets
]]></system-out>
  </testcase>
  <testcase name="PracticeDetail[https://www.zoetispets.com/es-es/perro-salud/artrosis-quiz/, Evaluación de la artrosis en perros | Zoetis Pets, ES ARTHRITIS ASSESSMENT PAGE](25)" classname="com.zoetispets.Tests" time="0.397">
    <system-out><![CDATA[title = Evaluación de la artrosis en perros | Zoetis Pets
]]></system-out>
  </testcase>
  <testcase name="PracticeDetail[https://www.zoetispets.com/es-es/perro-salud/problemas-de-piel-evaluacion/, Evaluación de problemas de la piel en perros | Zoetis Pets, ES SKIN ASSESSMENT PAGE](26)" classname="com.zoetispets.Tests" time="1.4">
    <system-out><![CDATA[title = Evaluación de problemas de la piel en perros | Zoetis Pets
]]></system-out>
  </testcase>
  <testcase name="PracticeDetail[https://www.zoetispets.com/it-it/salute-cane/dolore-articolare-quiz/, Test del dolore articolare nel cane | Zoetis Pets, IT ARTHRITIS ASSESSMENT PAGE](27)" classname="com.zoetispets.Tests" time="0.369">
    <system-out><![CDATA[title = Test del dolore articolare nel cane | Zoetis Pets
]]></system-out>
  </testcase>
  <testcase name="PracticeDetail[https://www.zoetispets.com/it-it/salute-cane/segni-di-problemi-cutanei-risultato/, Test del prurito del cane | Zoetis Pets, IT SKIN ASSESSMENT PAGE](28)" classname="com.zoetispets.Tests" time="0.305">
    <system-out><![CDATA[title = Test del prurito del cane | Zoetis Pets
]]></system-out>
  </testcase>
  <testcase name="PracticeDetail[https://www.zoetispets.com/pl-pl/ochrona-zdrowia-psa/artretyzm-quiz/, Ankieta pod kątem osteoarthritis u psa | Zoetis Pets, PL ARTHRITIS ASSESSMENT PAGE](29)" classname="com.zoetispets.Tests" time="0.359">
    <system-out><![CDATA[title = Ankieta pod kątem osteoarthritis u psa | Zoetis Pets
]]></system-out>
  </testcase>
  <testcase name="PracticeDetail[https://www.zoetispets.com/pl-pl/ochrona-zdrowia-psa/choroby-skory-u-psa-ocena/, Ankieta dotycząca stanu skóry psa | Zoetis Pets, PL SKIN ASSESSMENT PAGE](30)" classname="com.zoetispets.Tests" time="1.56">
    <system-out><![CDATA[title = Ankieta dotycząca stanu skóry psa | Zoetis Pets
]]></system-out>
  </testcase>
</testsuite>