<?xml version="1.0" encoding="UTF-8"?>
<testng-results ignored="0" total="10" passed="10" failed="0" skipped="0">
  <reporter-output>
  </reporter-output>
  <suite started-at="2025-08-14T12:58:59 UTC" name="Surefire suite" finished-at="2025-08-14T12:59:13 UTC" duration-ms="14556">
    <groups>
    </groups>
    <test started-at="2025-08-14T12:58:59 UTC" name="Surefire test" finished-at="2025-08-14T12:59:13 UTC" duration-ms="14556">
      <class name="com.zoetispets.Tests">
        <test-method is-config="true" signature="setUp()[pri:0, instance:com.zoetispets.Tests@78e94dcf]" started-at="2025-08-14T12:58:59 UTC" name="setUp" finished-at="2025-08-14T12:59:09 UTC" duration-ms="9927" status="PASS">
          <reporter-output>
          </reporter-output>
        </test-method> <!-- setUp -->
        <test-method signature="PracticeDetail(java.lang.String,java.lang.String)[pri:1, instance:com.zoetispets.Tests@78e94dcf]" started-at="2025-08-14T12:59:09 UTC" name="PracticeDetail" data-provider="zoetispetsV2Locals" finished-at="2025-08-14T12:59:10 UTC" duration-ms="1655" status="PASS">
          <params>
            <param index="0">
              <value>
                <![CDATA[https://www.zoetispets.com/en-gb/]]>
              </value>
            </param>
            <param index="1">
              <value>
                <![CDATA[Zoetis Pets UK]]>
              </value>
            </param>
          </params>
          <reporter-output>
          </reporter-output>
        </test-method> <!-- PracticeDetail -->
        <test-method signature="PracticeDetail(java.lang.String,java.lang.String)[pri:1, instance:com.zoetispets.Tests@78e94dcf]" started-at="2025-08-14T12:59:10 UTC" name="PracticeDetail" data-provider="zoetispetsV2Locals" finished-at="2025-08-14T12:59:11 UTC" duration-ms="328" status="PASS">
          <params>
            <param index="0">
              <value>
                <![CDATA[https://www.zoetispets.com/en-au/]]>
              </value>
            </param>
            <param index="1">
              <value>
                <![CDATA[Zoetis Pets AU]]>
              </value>
            </param>
          </params>
          <reporter-output>
          </reporter-output>
        </test-method> <!-- PracticeDetail -->
        <test-method signature="PracticeDetail(java.lang.String,java.lang.String)[pri:1, instance:com.zoetispets.Tests@78e94dcf]" started-at="2025-08-14T12:59:11 UTC" name="PracticeDetail" data-provider="zoetispetsV2Locals" finished-at="2025-08-14T12:59:11 UTC" duration-ms="259" status="PASS">
          <params>
            <param index="0">
              <value>
                <![CDATA[https://www.zoetispets.com/de-de/]]>
              </value>
            </param>
            <param index="1">
              <value>
                <![CDATA[Zoetis Pets DE]]>
              </value>
            </param>
          </params>
          <reporter-output>
          </reporter-output>
        </test-method> <!-- PracticeDetail -->
        <test-method signature="PracticeDetail(java.lang.String,java.lang.String)[pri:1, instance:com.zoetispets.Tests@78e94dcf]" started-at="2025-08-14T12:59:11 UTC" name="PracticeDetail" data-provider="zoetispetsV2Locals" finished-at="2025-08-14T12:59:11 UTC" duration-ms="268" status="PASS">
          <params>
            <param index="0">
              <value>
                <![CDATA[https://www.zoetispets.com/it-it/]]>
              </value>
            </param>
            <param index="1">
              <value>
                <![CDATA[Zoetis Pets IT]]>
              </value>
            </param>
          </params>
          <reporter-output>
          </reporter-output>
        </test-method> <!-- PracticeDetail -->
        <test-method signature="PracticeDetail(java.lang.String,java.lang.String)[pri:1, instance:com.zoetispets.Tests@78e94dcf]" started-at="2025-08-14T12:59:11 UTC" name="PracticeDetail" data-provider="zoetispetsV2Locals" finished-at="2025-08-14T12:59:12 UTC" duration-ms="254" status="PASS">
          <params>
            <param index="0">
              <value>
                <![CDATA[https://www.zoetispets.com/es-es/]]>
              </value>
            </param>
            <param index="1">
              <value>
                <![CDATA[Zoetis Pets ES]]>
              </value>
            </param>
          </params>
          <reporter-output>
          </reporter-output>
        </test-method> <!-- PracticeDetail -->
        <test-method signature="PracticeDetail(java.lang.String,java.lang.String)[pri:1, instance:com.zoetispets.Tests@78e94dcf]" started-at="2025-08-14T12:59:12 UTC" name="PracticeDetail" data-provider="zoetispetsV2Locals" finished-at="2025-08-14T12:59:12 UTC" duration-ms="305" status="PASS">
          <params>
            <param index="0">
              <value>
                <![CDATA[https://www.zoetispets.com/pl-pl/]]>
              </value>
            </param>
            <param index="1">
              <value>
                <![CDATA[Zoetis Pets PL]]>
              </value>
            </param>
          </params>
          <reporter-output>
          </reporter-output>
        </test-method> <!-- PracticeDetail -->
        <test-method signature="PracticeDetail(java.lang.String,java.lang.String)[pri:1, instance:com.zoetispets.Tests@78e94dcf]" started-at="2025-08-14T12:59:12 UTC" name="PracticeDetail" data-provider="zoetispetsV2Locals" finished-at="2025-08-14T12:59:12 UTC" duration-ms="263" status="PASS">
          <params>
            <param index="0">
              <value>
                <![CDATA[https://www.zoetispets.com/en-ca/]]>
              </value>
            </param>
            <param index="1">
              <value>
                <![CDATA[Zoetis Pets CA]]>
              </value>
            </param>
          </params>
          <reporter-output>
          </reporter-output>
        </test-method> <!-- PracticeDetail -->
        <test-method signature="PracticeDetail(java.lang.String,java.lang.String)[pri:1, instance:com.zoetispets.Tests@78e94dcf]" started-at="2025-08-14T12:59:12 UTC" name="PracticeDetail" data-provider="zoetispetsV2Locals" finished-at="2025-08-14T12:59:12 UTC" duration-ms="261" status="PASS">
          <params>
            <param index="0">
              <value>
                <![CDATA[https://www.zoetispets.com/fr-ca/]]>
              </value>
            </param>
            <param index="1">
              <value>
                <![CDATA[Zoetis Pets CA]]>
              </value>
            </param>
          </params>
          <reporter-output>
          </reporter-output>
        </test-method> <!-- PracticeDetail -->
        <test-method signature="PracticeDetail(java.lang.String,java.lang.String)[pri:1, instance:com.zoetispets.Tests@78e94dcf]" started-at="2025-08-14T12:59:12 UTC" name="PracticeDetail" data-provider="zoetispetsV2Locals" finished-at="2025-08-14T12:59:13 UTC" duration-ms="264" status="PASS">
          <params>
            <param index="0">
              <value>
                <![CDATA[https://www.zoetispets.com/fr-fr/]]>
              </value>
            </param>
            <param index="1">
              <value>
                <![CDATA[Zoetis Pets FR]]>
              </value>
            </param>
          </params>
          <reporter-output>
          </reporter-output>
        </test-method> <!-- PracticeDetail -->
        <test-method signature="PracticeDetail(java.lang.String,java.lang.String)[pri:1, instance:com.zoetispets.Tests@78e94dcf]" started-at="2025-08-14T12:59:13 UTC" name="PracticeDetail" data-provider="zoetispetsV2Locals" finished-at="2025-08-14T12:59:13 UTC" duration-ms="249" status="PASS">
          <params>
            <param index="0">
              <value>
                <![CDATA[https://www.zoetispets.com/pt-br/produtos/librela/]]>
              </value>
            </param>
            <param index="1">
              <value>
                <![CDATA[Librela® para cães | Zoetis Pets]]>
              </value>
            </param>
          </params>
          <reporter-output>
          </reporter-output>
        </test-method> <!-- PracticeDetail -->
        <test-method is-config="true" signature="tearDown()[pri:0, instance:com.zoetispets.Tests@78e94dcf]" started-at="2025-08-14T12:59:13 UTC" name="tearDown" finished-at="2025-08-14T12:59:13 UTC" duration-ms="485" status="PASS">
          <reporter-output>
          </reporter-output>
        </test-method> <!-- tearDown -->
      </class> <!-- com.zoetispets.Tests -->
    </test> <!-- Surefire test -->
  </suite> <!-- Surefire suite -->
</testng-results>
