<?xml version="1.0" encoding="UTF-8"?>
<testng-results ignored="0" total="30" passed="29" failed="1" skipped="0">
  <reporter-output>
  </reporter-output>
  <suite started-at="2025-11-01T05:41:46 UTC" name="Surefire suite" finished-at="2025-11-01T05:42:28 UTC" duration-ms="41934">
    <groups>
    </groups>
    <test started-at="2025-11-01T05:41:46 UTC" name="Surefire test" finished-at="2025-11-01T05:42:28 UTC" duration-ms="41934">
      <class name="com.zoetispets.Tests">
        <test-method is-config="true" signature="setUp()[pri:0, instance:com.zoetispets.Tests@ec756bd]" started-at="2025-11-01T05:41:46 UTC" name="setUp" finished-at="2025-11-01T05:42:07 UTC" duration-ms="21652" status="PASS">
          <reporter-output>
          </reporter-output>
        </test-method> <!-- setUp -->
        <test-method signature="PracticeDetail(java.lang.String,java.lang.String,java.lang.String)[pri:1, instance:com.zoetispets.Tests@ec756bd]" started-at="2025-11-01T05:42:07 UTC" name="PracticeDetail" data-provider="zoetispetsV2Locals" finished-at="2025-11-01T05:42:09 UTC" duration-ms="1658" status="PASS">
          <params>
            <param index="0">
              <value>
                <![CDATA[https://www.zoetispets.com/en-gb/]]>
              </value>
            </param>
            <param index="1">
              <value>
                <![CDATA[Zoetis Pets UK]]>
              </value>
            </param>
            <param index="2">
              <value>
                <![CDATA[UK HOME PAGE]]>
              </value>
            </param>
          </params>
          <reporter-output>
          </reporter-output>
        </test-method> <!-- PracticeDetail -->
        <test-method signature="PracticeDetail(java.lang.String,java.lang.String,java.lang.String)[pri:1, instance:com.zoetispets.Tests@ec756bd]" started-at="2025-11-01T05:42:09 UTC" name="PracticeDetail" data-provider="zoetispetsV2Locals" finished-at="2025-11-01T05:42:09 UTC" duration-ms="492" status="PASS">
          <params>
            <param index="0">
              <value>
                <![CDATA[https://www.zoetispets.com/en-au/]]>
              </value>
            </param>
            <param index="1">
              <value>
                <![CDATA[Zoetis Pets AU]]>
              </value>
            </param>
            <param index="2">
              <value>
                <![CDATA[AU HOME PAGE]]>
              </value>
            </param>
          </params>
          <reporter-output>
          </reporter-output>
        </test-method> <!-- PracticeDetail -->
        <test-method signature="PracticeDetail(java.lang.String,java.lang.String,java.lang.String)[pri:1, instance:com.zoetispets.Tests@ec756bd]" started-at="2025-11-01T05:42:09 UTC" name="PracticeDetail" data-provider="zoetispetsV2Locals" finished-at="2025-11-01T05:42:10 UTC" duration-ms="283" status="PASS">
          <params>
            <param index="0">
              <value>
                <![CDATA[https://www.zoetispets.com/de-de/]]>
              </value>
            </param>
            <param index="1">
              <value>
                <![CDATA[Zoetis Pets DE]]>
              </value>
            </param>
            <param index="2">
              <value>
                <![CDATA[DE HOME PAGE]]>
              </value>
            </param>
          </params>
          <reporter-output>
          </reporter-output>
        </test-method> <!-- PracticeDetail -->
        <test-method signature="PracticeDetail(java.lang.String,java.lang.String,java.lang.String)[pri:1, instance:com.zoetispets.Tests@ec756bd]" started-at="2025-11-01T05:42:10 UTC" name="PracticeDetail" data-provider="zoetispetsV2Locals" finished-at="2025-11-01T05:42:10 UTC" duration-ms="266" status="PASS">
          <params>
            <param index="0">
              <value>
                <![CDATA[https://www.zoetispets.com/it-it/]]>
              </value>
            </param>
            <param index="1">
              <value>
                <![CDATA[Zoetis Pets IT]]>
              </value>
            </param>
            <param index="2">
              <value>
                <![CDATA[IT HOME PAGE]]>
              </value>
            </param>
          </params>
          <reporter-output>
          </reporter-output>
        </test-method> <!-- PracticeDetail -->
        <test-method signature="PracticeDetail(java.lang.String,java.lang.String,java.lang.String)[pri:1, instance:com.zoetispets.Tests@ec756bd]" started-at="2025-11-01T05:42:10 UTC" name="PracticeDetail" data-provider="zoetispetsV2Locals" finished-at="2025-11-01T05:42:10 UTC" duration-ms="275" status="PASS">
          <params>
            <param index="0">
              <value>
                <![CDATA[https://www.zoetispets.com/es-es/]]>
              </value>
            </param>
            <param index="1">
              <value>
                <![CDATA[Zoetis Pets ES]]>
              </value>
            </param>
            <param index="2">
              <value>
                <![CDATA[ES HOME PAGE]]>
              </value>
            </param>
          </params>
          <reporter-output>
          </reporter-output>
        </test-method> <!-- PracticeDetail -->
        <test-method signature="PracticeDetail(java.lang.String,java.lang.String,java.lang.String)[pri:1, instance:com.zoetispets.Tests@ec756bd]" started-at="2025-11-01T05:42:10 UTC" name="PracticeDetail" data-provider="zoetispetsV2Locals" finished-at="2025-11-01T05:42:11 UTC" duration-ms="288" status="PASS">
          <params>
            <param index="0">
              <value>
                <![CDATA[https://www.zoetispets.com/pl-pl/]]>
              </value>
            </param>
            <param index="1">
              <value>
                <![CDATA[Zoetis Pets PL]]>
              </value>
            </param>
            <param index="2">
              <value>
                <![CDATA[PL HOME PAGE]]>
              </value>
            </param>
          </params>
          <reporter-output>
          </reporter-output>
        </test-method> <!-- PracticeDetail -->
        <test-method signature="PracticeDetail(java.lang.String,java.lang.String,java.lang.String)[pri:1, instance:com.zoetispets.Tests@ec756bd]" started-at="2025-11-01T05:42:11 UTC" name="PracticeDetail" data-provider="zoetispetsV2Locals" finished-at="2025-11-01T05:42:11 UTC" duration-ms="278" status="PASS">
          <params>
            <param index="0">
              <value>
                <![CDATA[https://www.zoetispets.com/en-ca/]]>
              </value>
            </param>
            <param index="1">
              <value>
                <![CDATA[Zoetis Pets CA]]>
              </value>
            </param>
            <param index="2">
              <value>
                <![CDATA[CA-EN HOME PAGE]]>
              </value>
            </param>
          </params>
          <reporter-output>
          </reporter-output>
        </test-method> <!-- PracticeDetail -->
        <test-method signature="PracticeDetail(java.lang.String,java.lang.String,java.lang.String)[pri:1, instance:com.zoetispets.Tests@ec756bd]" started-at="2025-11-01T05:42:11 UTC" name="PracticeDetail" data-provider="zoetispetsV2Locals" finished-at="2025-11-01T05:42:11 UTC" duration-ms="263" status="PASS">
          <params>
            <param index="0">
              <value>
                <![CDATA[https://www.zoetispets.com/fr-ca/]]>
              </value>
            </param>
            <param index="1">
              <value>
                <![CDATA[Zoetis Pets CA]]>
              </value>
            </param>
            <param index="2">
              <value>
                <![CDATA[CA-FR HOME PAGE]]>
              </value>
            </param>
          </params>
          <reporter-output>
          </reporter-output>
        </test-method> <!-- PracticeDetail -->
        <test-method signature="PracticeDetail(java.lang.String,java.lang.String,java.lang.String)[pri:1, instance:com.zoetispets.Tests@ec756bd]" started-at="2025-11-01T05:42:11 UTC" name="PracticeDetail" data-provider="zoetispetsV2Locals" finished-at="2025-11-01T05:42:11 UTC" duration-ms="289" status="PASS">
          <params>
            <param index="0">
              <value>
                <![CDATA[https://www.zoetispets.com/fr-fr/]]>
              </value>
            </param>
            <param index="1">
              <value>
                <![CDATA[Zoetis Pets FR]]>
              </value>
            </param>
            <param index="2">
              <value>
                <![CDATA[FR HOME PAGE]]>
              </value>
            </param>
          </params>
          <reporter-output>
          </reporter-output>
        </test-method> <!-- PracticeDetail -->
        <test-method signature="PracticeDetail(java.lang.String,java.lang.String,java.lang.String)[pri:1, instance:com.zoetispets.Tests@ec756bd]" started-at="2025-11-01T05:42:11 UTC" name="PracticeDetail" data-provider="zoetispetsV2Locals" finished-at="2025-11-01T05:42:13 UTC" duration-ms="1613" status="PASS">
          <params>
            <param index="0">
              <value>
                <![CDATA[https://www.zoetispets.com/pt-br/produtos/librela/]]>
              </value>
            </param>
            <param index="1">
              <value>
                <![CDATA[Librela® para cães | Zoetis Pets]]>
              </value>
            </param>
            <param index="2">
              <value>
                <![CDATA[BR HOME PAGE]]>
              </value>
            </param>
          </params>
          <reporter-output>
          </reporter-output>
        </test-method> <!-- PracticeDetail -->
        <test-method signature="PracticeDetail(java.lang.String,java.lang.String,java.lang.String)[pri:1, instance:com.zoetispets.Tests@ec756bd]" started-at="2025-11-01T05:42:13 UTC" name="PracticeDetail" data-provider="zoetispetsV2Locals" finished-at="2025-11-01T05:42:15 UTC" duration-ms="2133" status="PASS">
          <params>
            <param index="0">
              <value>
                <![CDATA[https://www.zoetispets.com/en-gb/dog-healthcare/arthritis-quiz/]]>
              </value>
            </param>
            <param index="1">
              <value>
                <![CDATA[Dog Arthritis Assessment | Zoetis Pets]]>
              </value>
            </param>
            <param index="2">
              <value>
                <![CDATA[UK DOG ARTHRTIS ASSESSMENT PAGE]]>
              </value>
            </param>
          </params>
          <reporter-output>
          </reporter-output>
        </test-method> <!-- PracticeDetail -->
        <test-method signature="PracticeDetail(java.lang.String,java.lang.String,java.lang.String)[pri:1, instance:com.zoetispets.Tests@ec756bd]" started-at="2025-11-01T05:42:15 UTC" name="PracticeDetail" data-provider="zoetispetsV2Locals" finished-at="2025-11-01T05:42:16 UTC" duration-ms="1128" status="PASS">
          <params>
            <param index="0">
              <value>
                <![CDATA[https://www.zoetispets.com/en-au/dog-healthcare/arthritis-quiz/]]>
              </value>
            </param>
            <param index="1">
              <value>
                <![CDATA[Dog Arthritis Assessment | Zoetis Pets]]>
              </value>
            </param>
            <param index="2">
              <value>
                <![CDATA[AU DOG ARTHRTIS ASSESSMENT PAGE]]>
              </value>
            </param>
          </params>
          <reporter-output>
          </reporter-output>
        </test-method> <!-- PracticeDetail -->
        <test-method signature="PracticeDetail(java.lang.String,java.lang.String,java.lang.String)[pri:1, instance:com.zoetispets.Tests@ec756bd]" started-at="2025-11-01T05:42:16 UTC" name="PracticeDetail" data-provider="zoetispetsV2Locals" finished-at="2025-11-01T05:42:17 UTC" duration-ms="336" status="PASS">
          <params>
            <param index="0">
              <value>
                <![CDATA[https://www.zoetispets.com/en-ca/dog-healthcare/arthritis-quiz/]]>
              </value>
            </param>
            <param index="1">
              <value>
                <![CDATA[Dog Arthritis Assessment | Zoetis Pets]]>
              </value>
            </param>
            <param index="2">
              <value>
                <![CDATA[CA-EN DOG ARTHRTIS ASSESSMENT PAGE]]>
              </value>
            </param>
          </params>
          <reporter-output>
          </reporter-output>
        </test-method> <!-- PracticeDetail -->
        <test-method signature="PracticeDetail(java.lang.String,java.lang.String,java.lang.String)[pri:1, instance:com.zoetispets.Tests@ec756bd]" started-at="2025-11-01T05:42:17 UTC" name="PracticeDetail" data-provider="zoetispetsV2Locals" finished-at="2025-11-01T05:42:17 UTC" duration-ms="291" status="PASS">
          <params>
            <param index="0">
              <value>
                <![CDATA[https://www.zoetispets.com/en-gb/cat-healthcare/arthritis-quiz/]]>
              </value>
            </param>
            <param index="1">
              <value>
                <![CDATA[Cat Arthritis Assessment | Zoetis Pets]]>
              </value>
            </param>
            <param index="2">
              <value>
                <![CDATA[UK CAT ARTHRTIS ASSESSMENT PAGE]]>
              </value>
            </param>
          </params>
          <reporter-output>
          </reporter-output>
        </test-method> <!-- PracticeDetail -->
        <test-method signature="PracticeDetail(java.lang.String,java.lang.String,java.lang.String)[pri:1, instance:com.zoetispets.Tests@ec756bd]" started-at="2025-11-01T05:42:17 UTC" name="PracticeDetail" data-provider="zoetispetsV2Locals" finished-at="2025-11-01T05:42:18 UTC" duration-ms="919" status="PASS">
          <params>
            <param index="0">
              <value>
                <![CDATA[https://www.zoetispets.com/en-au/cat-healthcare/arthritis-quiz/]]>
              </value>
            </param>
            <param index="1">
              <value>
                <![CDATA[Cat Arthritis Assessment | Zoetis Pets]]>
              </value>
            </param>
            <param index="2">
              <value>
                <![CDATA[AU CAT ARTHRITIS ASSESSMENT PAGE]]>
              </value>
            </param>
          </params>
          <reporter-output>
          </reporter-output>
        </test-method> <!-- PracticeDetail -->
        <test-method signature="PracticeDetail(java.lang.String,java.lang.String,java.lang.String)[pri:1, instance:com.zoetispets.Tests@ec756bd]" started-at="2025-11-01T05:42:18 UTC" name="PracticeDetail" data-provider="zoetispetsV2Locals" finished-at="2025-11-01T05:42:18 UTC" duration-ms="704" status="PASS">
          <params>
            <param index="0">
              <value>
                <![CDATA[https://www.zoetispets.com/en-gb/dog-healthcare/skin-conditions-assessment/]]>
              </value>
            </param>
            <param index="1">
              <value>
                <![CDATA[Dog Skin Conditions Assessment | Zoetis Pets]]>
              </value>
            </param>
            <param index="2">
              <value>
                <![CDATA[UK SKIN ASSESSMENT PAGE]]>
              </value>
            </param>
          </params>
          <reporter-output>
          </reporter-output>
        </test-method> <!-- PracticeDetail -->
        <test-method signature="PracticeDetail(java.lang.String,java.lang.String,java.lang.String)[pri:1, instance:com.zoetispets.Tests@ec756bd]" started-at="2025-11-01T05:42:18 UTC" name="PracticeDetail" data-provider="zoetispetsV2Locals" finished-at="2025-11-01T05:42:19 UTC" duration-ms="350" status="PASS">
          <params>
            <param index="0">
              <value>
                <![CDATA[https://www.zoetispets.com/en-au/dog-healthcare/skin-conditions-assessment/]]>
              </value>
            </param>
            <param index="1">
              <value>
                <![CDATA[Dog Skin Conditions Assessment | Zoetis Pets]]>
              </value>
            </param>
            <param index="2">
              <value>
                <![CDATA[AU SKIN ASSESSMENT PAGE]]>
              </value>
            </param>
          </params>
          <reporter-output>
          </reporter-output>
        </test-method> <!-- PracticeDetail -->
        <test-method signature="PracticeDetail(java.lang.String,java.lang.String,java.lang.String)[pri:1, instance:com.zoetispets.Tests@ec756bd]" started-at="2025-11-01T05:42:19 UTC" name="PracticeDetail" data-provider="zoetispetsV2Locals" finished-at="2025-11-01T05:42:19 UTC" duration-ms="456" status="PASS">
          <params>
            <param index="0">
              <value>
                <![CDATA[https://www.zoetispets.com/en-ca/dog-healthcare/skin-conditions-assessment/]]>
              </value>
            </param>
            <param index="1">
              <value>
                <![CDATA[Dog Skin Conditions Assessment | Zoetis Pets]]>
              </value>
            </param>
            <param index="2">
              <value>
                <![CDATA[CA SKIN ASSESSMENT PAGE]]>
              </value>
            </param>
          </params>
          <reporter-output>
          </reporter-output>
        </test-method> <!-- PracticeDetail -->
        <test-method signature="PracticeDetail(java.lang.String,java.lang.String,java.lang.String)[pri:1, instance:com.zoetispets.Tests@ec756bd]" started-at="2025-11-01T05:42:19 UTC" name="PracticeDetail" data-provider="zoetispetsV2Locals" finished-at="2025-11-01T05:42:20 UTC" duration-ms="777" status="PASS">
          <params>
            <param index="0">
              <value>
                <![CDATA[https://www.zoetispets.com/fr-ca/chien-soins/arthrose-quiz/]]>
              </value>
            </param>
            <param index="1">
              <value>
                <![CDATA[Questionnaire sur l’arthrose du chien | Zoetis Pets]]>
              </value>
            </param>
            <param index="2">
              <value>
                <![CDATA[CA-FR ARTHRITIS ASSESSMENT PAGE]]>
              </value>
            </param>
          </params>
          <reporter-output>
          </reporter-output>
        </test-method> <!-- PracticeDetail -->
        <test-method signature="PracticeDetail(java.lang.String,java.lang.String,java.lang.String)[pri:1, instance:com.zoetispets.Tests@ec756bd]" started-at="2025-11-01T05:42:20 UTC" name="PracticeDetail" data-provider="zoetispetsV2Locals" finished-at="2025-11-01T05:42:21 UTC" duration-ms="570" status="FAIL">
          <params>
            <param index="0">
              <value>
                <![CDATA[https://www.zoetispets.com/fr-fr/sante-du-chien/arthrose-quiz/]]>
              </value>
            </param>
            <param index="1">
              <value>
                <![CDATA[Évaluation de l’arthrose chez le chien | Zoetis Pets]]>
              </value>
            </param>
            <param index="2">
              <value>
                <![CDATA[FR ARTHRITIS ASSESSMENT PAGE]]>
              </value>
            </param>
          </params>
          <exception class="java.lang.AssertionError">
            <message>
              <![CDATA[expected [Évaluation de l’arthrose chez le chien | Zoetis Pets] but found [Erreur 404 | Zoetis Pets]]]>
            </message>
            <full-stacktrace>
              <![CDATA[java.lang.AssertionError: expected [Évaluation de l’arthrose chez le chien | Zoetis Pets] but found [Erreur 404 | Zoetis Pets]
at org.testng.Assert.fail(Assert.java:111)
at org.testng.Assert.failNotEquals(Assert.java:1578)
at org.testng.Assert.assertEqualsImpl(Assert.java:150)
at org.testng.Assert.assertEquals(Assert.java:132)
at org.testng.Assert.assertEquals(Assert.java:656)
at org.testng.Assert.assertEquals(Assert.java:666)
at com.zoetispets.Tests.PracticeDetail(Tests.java:68)
at jdk.internal.reflect.GeneratedMethodAccessor2.invoke(Unknown Source)
at java.base/jdk.internal.reflect.DelegatingMethodAccessorImpl.invoke(DelegatingMethodAccessorImpl.java:43)
at java.base/java.lang.reflect.Method.invoke(Method.java:569)
at org.testng.internal.invokers.MethodInvocationHelper.invokeMethod(MethodInvocationHelper.java:141)
at org.testng.internal.invokers.TestInvoker.invokeMethod(TestInvoker.java:686)
at org.testng.internal.invokers.TestInvoker.invokeTestMethod(TestInvoker.java:230)
at org.testng.internal.invokers.MethodRunner.runInSequence(MethodRunner.java:63)
at org.testng.internal.invokers.TestInvoker$MethodInvocationAgent.invoke(TestInvoker.java:992)
at org.testng.internal.invokers.TestInvoker.invokeTestMethods(TestInvoker.java:203)
at org.testng.internal.invokers.TestMethodWorker.invokeTestMethods(TestMethodWorker.java:154)
at org.testng.internal.invokers.TestMethodWorker.run(TestMethodWorker.java:134)
at java.base/java.util.ArrayList.forEach(ArrayList.java:1511)
at org.testng.TestRunner.privateRun(TestRunner.java:739)
at org.testng.TestRunner.run(TestRunner.java:614)
at org.testng.SuiteRunner.runTest(SuiteRunner.java:421)
at org.testng.SuiteRunner.runSequentially(SuiteRunner.java:413)
at org.testng.SuiteRunner.privateRun(SuiteRunner.java:373)
at org.testng.SuiteRunner.run(SuiteRunner.java:312)
at org.testng.SuiteRunnerWorker.runSuite(SuiteRunnerWorker.java:52)
at org.testng.SuiteRunnerWorker.run(SuiteRunnerWorker.java:95)
at org.testng.TestNG.runSuitesSequentially(TestNG.java:1274)
at org.testng.TestNG.runSuitesLocally(TestNG.java:1208)
at org.testng.TestNG.runSuites(TestNG.java:1112)
at org.testng.TestNG.run(TestNG.java:1079)
at org.apache.maven.surefire.testng.TestNGExecutor.run(TestNGExecutor.java:155)
at org.apache.maven.surefire.testng.TestNGDirectoryTestSuite.executeMulti(TestNGDirectoryTestSuite.java:169)
at org.apache.maven.surefire.testng.TestNGDirectoryTestSuite.execute(TestNGDirectoryTestSuite.java:88)
at org.apache.maven.surefire.testng.TestNGProvider.invoke(TestNGProvider.java:137)
at org.apache.maven.surefire.booter.ForkedBooter.runSuitesInProcess(ForkedBooter.java:385)
at org.apache.maven.surefire.booter.ForkedBooter.execute(ForkedBooter.java:162)
at org.apache.maven.surefire.booter.ForkedBooter.run(ForkedBooter.java:507)
at org.apache.maven.surefire.booter.ForkedBooter.main(ForkedBooter.java:495)
]]>
            </full-stacktrace>
          </exception> <!-- java.lang.AssertionError -->
          <reporter-output>
          </reporter-output>
        </test-method> <!-- PracticeDetail -->
        <test-method signature="PracticeDetail(java.lang.String,java.lang.String,java.lang.String)[pri:1, instance:com.zoetispets.Tests@ec756bd]" started-at="2025-11-01T05:42:21 UTC" name="PracticeDetail" data-provider="zoetispetsV2Locals" finished-at="2025-11-01T05:42:21 UTC" duration-ms="688" status="PASS">
          <params>
            <param index="0">
              <value>
                <![CDATA[https://www.zoetispets.com/fr-ca/chien-soins/dermatologie-evaluation/]]>
              </value>
            </param>
            <param index="1">
              <value>
                <![CDATA[Évaluation de la peau du chien | Zoetis Pets]]>
              </value>
            </param>
            <param index="2">
              <value>
                <![CDATA[CA-FR SKIN ASSESSMENT PAGE]]>
              </value>
            </param>
          </params>
          <reporter-output>
          </reporter-output>
        </test-method> <!-- PracticeDetail -->
        <test-method signature="PracticeDetail(java.lang.String,java.lang.String,java.lang.String)[pri:1, instance:com.zoetispets.Tests@ec756bd]" started-at="2025-11-01T05:42:21 UTC" name="PracticeDetail" data-provider="zoetispetsV2Locals" finished-at="2025-11-01T05:42:22 UTC" duration-ms="554" status="PASS">
          <params>
            <param index="0">
              <value>
                <![CDATA[https://www.zoetispets.com/fr-fr/sante-du-chien/dermatologie-evaluation/]]>
              </value>
            </param>
            <param index="1">
              <value>
                <![CDATA[Évaluation des problèmes de peau chez le chien | Zoetis Pets]]>
              </value>
            </param>
            <param index="2">
              <value>
                <![CDATA[FR SKIN ASSESSMENT PAGE]]>
              </value>
            </param>
          </params>
          <reporter-output>
          </reporter-output>
        </test-method> <!-- PracticeDetail -->
        <test-method signature="PracticeDetail(java.lang.String,java.lang.String,java.lang.String)[pri:1, instance:com.zoetispets.Tests@ec756bd]" started-at="2025-11-01T05:42:22 UTC" name="PracticeDetail" data-provider="zoetispetsV2Locals" finished-at="2025-11-01T05:42:23 UTC" duration-ms="852" status="PASS">
          <params>
            <param index="0">
              <value>
                <![CDATA[https://www.zoetispets.com/de-de/hund-gesundheit/arthrose-quiz/]]>
              </value>
            </param>
            <param index="1">
              <value>
                <![CDATA[Online-Test zu Arthrose beim Hund | Zoetis Pets]]>
              </value>
            </param>
            <param index="2">
              <value>
                <![CDATA[DE ARTHRITIS ASSESSMENT PAGE]]>
              </value>
            </param>
          </params>
          <reporter-output>
          </reporter-output>
        </test-method> <!-- PracticeDetail -->
        <test-method signature="PracticeDetail(java.lang.String,java.lang.String,java.lang.String)[pri:1, instance:com.zoetispets.Tests@ec756bd]" started-at="2025-11-01T05:42:23 UTC" name="PracticeDetail" data-provider="zoetispetsV2Locals" finished-at="2025-11-01T05:42:24 UTC" duration-ms="825" status="PASS">
          <params>
            <param index="0">
              <value>
                <![CDATA[https://www.zoetispets.com/de-de/hund-gesundheit/juckreiz-test/]]>
              </value>
            </param>
            <param index="1">
              <value>
                <![CDATA[Hautprobleme beim Hund | Zoetis Pets]]>
              </value>
            </param>
            <param index="2">
              <value>
                <![CDATA[DE SKIN ASSESSMENT PAGE]]>
              </value>
            </param>
          </params>
          <reporter-output>
          </reporter-output>
        </test-method> <!-- PracticeDetail -->
        <test-method signature="PracticeDetail(java.lang.String,java.lang.String,java.lang.String)[pri:1, instance:com.zoetispets.Tests@ec756bd]" started-at="2025-11-01T05:42:24 UTC" name="PracticeDetail" data-provider="zoetispetsV2Locals" finished-at="2025-11-01T05:42:24 UTC" duration-ms="815" status="PASS">
          <params>
            <param index="0">
              <value>
                <![CDATA[https://www.zoetispets.com/es-es/perro-salud/artrosis-quiz/]]>
              </value>
            </param>
            <param index="1">
              <value>
                <![CDATA[Evaluación de la artrosis en perros | Zoetis Pets]]>
              </value>
            </param>
            <param index="2">
              <value>
                <![CDATA[ES ARTHRITIS ASSESSMENT PAGE]]>
              </value>
            </param>
          </params>
          <reporter-output>
          </reporter-output>
        </test-method> <!-- PracticeDetail -->
        <test-method signature="PracticeDetail(java.lang.String,java.lang.String,java.lang.String)[pri:1, instance:com.zoetispets.Tests@ec756bd]" started-at="2025-11-01T05:42:24 UTC" name="PracticeDetail" data-provider="zoetispetsV2Locals" finished-at="2025-11-01T05:42:25 UTC" duration-ms="329" status="PASS">
          <params>
            <param index="0">
              <value>
                <![CDATA[https://www.zoetispets.com/es-es/perro-salud/problemas-de-piel-evaluacion/]]>
              </value>
            </param>
            <param index="1">
              <value>
                <![CDATA[Evaluación de problemas de la piel en perros | Zoetis Pets]]>
              </value>
            </param>
            <param index="2">
              <value>
                <![CDATA[ES SKIN ASSESSMENT PAGE]]>
              </value>
            </param>
          </params>
          <reporter-output>
          </reporter-output>
        </test-method> <!-- PracticeDetail -->
        <test-method signature="PracticeDetail(java.lang.String,java.lang.String,java.lang.String)[pri:1, instance:com.zoetispets.Tests@ec756bd]" started-at="2025-11-01T05:42:25 UTC" name="PracticeDetail" data-provider="zoetispetsV2Locals" finished-at="2025-11-01T05:42:25 UTC" duration-ms="374" status="PASS">
          <params>
            <param index="0">
              <value>
                <![CDATA[https://www.zoetispets.com/it-it/salute-cane/dolore-articolare-quiz/]]>
              </value>
            </param>
            <param index="1">
              <value>
                <![CDATA[Test del dolore articolare nel cane | Zoetis Pets]]>
              </value>
            </param>
            <param index="2">
              <value>
                <![CDATA[IT ARTHRITIS ASSESSMENT PAGE]]>
              </value>
            </param>
          </params>
          <reporter-output>
          </reporter-output>
        </test-method> <!-- PracticeDetail -->
        <test-method signature="PracticeDetail(java.lang.String,java.lang.String,java.lang.String)[pri:1, instance:com.zoetispets.Tests@ec756bd]" started-at="2025-11-01T05:42:25 UTC" name="PracticeDetail" data-provider="zoetispetsV2Locals" finished-at="2025-11-01T05:42:26 UTC" duration-ms="679" status="PASS">
          <params>
            <param index="0">
              <value>
                <![CDATA[https://www.zoetispets.com/it-it/salute-cane/segni-di-problemi-cutanei-risultato/]]>
              </value>
            </param>
            <param index="1">
              <value>
                <![CDATA[Test del prurito del cane | Zoetis Pets]]>
              </value>
            </param>
            <param index="2">
              <value>
                <![CDATA[IT SKIN ASSESSMENT PAGE]]>
              </value>
            </param>
          </params>
          <reporter-output>
          </reporter-output>
        </test-method> <!-- PracticeDetail -->
        <test-method signature="PracticeDetail(java.lang.String,java.lang.String,java.lang.String)[pri:1, instance:com.zoetispets.Tests@ec756bd]" started-at="2025-11-01T05:42:26 UTC" name="PracticeDetail" data-provider="zoetispetsV2Locals" finished-at="2025-11-01T05:42:27 UTC" duration-ms="741" status="PASS">
          <params>
            <param index="0">
              <value>
                <![CDATA[https://www.zoetispets.com/pl-pl/ochrona-zdrowia-psa/artretyzm-quiz/]]>
              </value>
            </param>
            <param index="1">
              <value>
                <![CDATA[Ankieta pod kątem osteoarthritis u psa | Zoetis Pets]]>
              </value>
            </param>
            <param index="2">
              <value>
                <![CDATA[PL ARTHRITIS ASSESSMENT PAGE]]>
              </value>
            </param>
          </params>
          <reporter-output>
          </reporter-output>
        </test-method> <!-- PracticeDetail -->
        <test-method signature="PracticeDetail(java.lang.String,java.lang.String,java.lang.String)[pri:1, instance:com.zoetispets.Tests@ec756bd]" started-at="2025-11-01T05:42:27 UTC" name="PracticeDetail" data-provider="zoetispetsV2Locals" finished-at="2025-11-01T05:42:27 UTC" duration-ms="461" status="PASS">
          <params>
            <param index="0">
              <value>
                <![CDATA[https://www.zoetispets.com/pl-pl/ochrona-zdrowia-psa/choroby-skory-u-psa-ocena/]]>
              </value>
            </param>
            <param index="1">
              <value>
                <![CDATA[Ankieta dotycząca stanu skóry psa | Zoetis Pets]]>
              </value>
            </param>
            <param index="2">
              <value>
                <![CDATA[PL SKIN ASSESSMENT PAGE]]>
              </value>
            </param>
          </params>
          <reporter-output>
          </reporter-output>
        </test-method> <!-- PracticeDetail -->
        <test-method is-config="true" signature="tearDown()[pri:0, instance:com.zoetispets.Tests@ec756bd]" started-at="2025-11-01T05:42:27 UTC" name="tearDown" finished-at="2025-11-01T05:42:28 UTC" duration-ms="535" status="PASS">
          <reporter-output>
          </reporter-output>
        </test-method> <!-- tearDown -->
      </class> <!-- com.zoetispets.Tests -->
    </test> <!-- Surefire test -->
  </suite> <!-- Surefire suite -->
</testng-results>
