<?xml version="1.0" encoding="UTF-8"?>
<testsuite xmlns:xsi="http://www.w3.org/2001/XMLSchema-instance" xsi:noNamespaceSchemaLocation="https://maven.apache.org/surefire/maven-surefire-plugin/xsd/surefire-test-report-3.0.xsd" version="3.0" name="TestSuite" time="27.251" tests="10" errors="0" skipped="0" failures="1">
  <properties>
[...]
</properties>
  <testcase name="PracticeDetail[https://www.zoetispets.com/en-gb/, Zoetis Pets UK](1)" classname="com.zoetispets.Tests" time="1.941">
    <system-out><![CDATA[title = Zoetis Pets UK
]]></system-out>
    <system-err><![CDATA[SLF4J(W): No SLF4J providers were found.
SLF4J(W): Defaulting to no-operation (NOP) logger implementation
SLF4J(W): See https://www.slf4j.org/codes.html#noProviders for further details.
Aug 14, 2025 2:06:03 PM org.openqa.selenium.remote.service.DriverService$Builder getLogOutput
INFO: Driver logs no longer sent to console by default; https://www.selenium.dev/documentation/webdriver/drivers/service/#setting-log-output
Aug 14, 2025 2:06:21 PM org.openqa.selenium.devtools.CdpVersionFinder findNearestMatch
WARNING: Unable to find CDP implementation matching 138
Aug 14, 2025 2:06:21 PM org.openqa.selenium.chromium.ChromiumDriver lambda$new$4
WARNING: Unable to find version of CDP to use for . You may need to include a dependency on a specific version of the CDP using something similar to `org.seleniumhq.selenium:selenium-devtools-v86:4.10.0` where the version ("v86") matches the version of the chromium-based browser you're using and the version number of the artifact is the same as Selenium's.
]]></system-err>
  </testcase>
  <testcase name="PracticeDetail[https://www.zoetispets.com/en-au/, Zoetis Pets AU](2)" classname="com.zoetispets.Tests" time="0.509">
    <system-out><![CDATA[title = Zoetis Pets AU
]]></system-out>
  </testcase>
  <testcase name="PracticeDetail[https://www.zoetispets.com/de-de/, Zoetis Pets DE](3)" classname="com.zoetispets.Tests" time="0.336">
    <system-out><![CDATA[title = Zoetis Pets DE
]]></system-out>
  </testcase>
  <testcase name="PracticeDetail[https://www.zoetispets.com/it-it/, Zoetis Pets IT](4)" classname="com.zoetispets.Tests" time="0.306">
    <system-out><![CDATA[title = Zoetis Pets IT
]]></system-out>
  </testcase>
  <testcase name="PracticeDetail[https://www.zoetispets.com/es-es/, Zoetis Pets ES](5)" classname="com.zoetispets.Tests" time="0.285">
    <system-out><![CDATA[title = Zoetis Pets ES
]]></system-out>
  </testcase>
  <testcase name="PracticeDetail[https://www.zoetispets.com/pl-pl/, Zoetis Pets PL](6)" classname="com.zoetispets.Tests" time="0.321">
    <system-out><![CDATA[title = Zoetis Pets PL
]]></system-out>
  </testcase>
  <testcase name="PracticeDetail[https://www.zoetispets.com/en-ca/, Zoetis Pets CA](7)" classname="com.zoetispets.Tests" time="0.3">
    <system-out><![CDATA[title = Zoetis Pets CA
]]></system-out>
  </testcase>
  <testcase name="PracticeDetail[https://www.zoetispets.com/fr-ca/, Zoetis Pets CA](8)" classname="com.zoetispets.Tests" time="0.272">
    <system-out><![CDATA[title = Zoetis Pets CA
]]></system-out>
  </testcase>
  <testcase name="PracticeDetail[https://www.zoetispets.com/fr-fr/, Zoetis Pets FRa](9)" classname="com.zoetispets.Tests" time="0.299">
    <failure message="expected [Zoetis Pets FRa] but found [Zoetis Pets FR]" type="java.lang.AssertionError"><![CDATA[java.lang.AssertionError: expected [Zoetis Pets FRa] but found [Zoetis Pets FR]
	at org.testng.Assert.fail(Assert.java:111)
	at org.testng.Assert.failNotEquals(Assert.java:1578)
	at org.testng.Assert.assertEqualsImpl(Assert.java:150)
	at org.testng.Assert.assertEquals(Assert.java:132)
	at org.testng.Assert.assertEquals(Assert.java:656)
	at org.testng.Assert.assertEquals(Assert.java:666)
	at com.zoetispets.Tests.PracticeDetail(Tests.java:65)
	at java.base/jdk.internal.reflect.NativeMethodAccessorImpl.invoke0(Native Method)
	at java.base/jdk.internal.reflect.NativeMethodAccessorImpl.invoke(NativeMethodAccessorImpl.java:77)
	at java.base/jdk.internal.reflect.DelegatingMethodAccessorImpl.invoke(DelegatingMethodAccessorImpl.java:43)
	at java.base/java.lang.reflect.Method.invoke(Method.java:569)
	at org.testng.internal.invokers.MethodInvocationHelper.invokeMethod(MethodInvocationHelper.java:141)
	at org.testng.internal.invokers.TestInvoker.invokeMethod(TestInvoker.java:686)
	at org.testng.internal.invokers.TestInvoker.invokeTestMethod(TestInvoker.java:230)
	at org.testng.internal.invokers.MethodRunner.runInSequence(MethodRunner.java:63)
	at org.testng.internal.invokers.TestInvoker$MethodInvocationAgent.invoke(TestInvoker.java:992)
	at org.testng.internal.invokers.TestInvoker.invokeTestMethods(TestInvoker.java:203)
	at org.testng.internal.invokers.TestMethodWorker.invokeTestMethods(TestMethodWorker.java:154)
	at org.testng.internal.invokers.TestMethodWorker.run(TestMethodWorker.java:134)
	at java.base/java.util.ArrayList.forEach(ArrayList.java:1511)
	at org.testng.TestRunner.privateRun(TestRunner.java:739)
	at org.testng.TestRunner.run(TestRunner.java:614)
	at org.testng.SuiteRunner.runTest(SuiteRunner.java:421)
	at org.testng.SuiteRunner.runSequentially(SuiteRunner.java:413)
	at org.testng.SuiteRunner.privateRun(SuiteRunner.java:373)
	at org.testng.SuiteRunner.run(SuiteRunner.java:312)
	at org.testng.SuiteRunnerWorker.runSuite(SuiteRunnerWorker.java:52)
	at org.testng.SuiteRunnerWorker.run(SuiteRunnerWorker.java:95)
	at org.testng.TestNG.runSuitesSequentially(TestNG.java:1274)
	at org.testng.TestNG.runSuitesLocally(TestNG.java:1208)
	at org.testng.TestNG.runSuites(TestNG.java:1112)
	at org.testng.TestNG.run(TestNG.java:1079)
	at org.apache.maven.surefire.testng.TestNGExecutor.run(TestNGExecutor.java:155)
	at org.apache.maven.surefire.testng.TestNGDirectoryTestSuite.executeMulti(TestNGDirectoryTestSuite.java:169)
	at org.apache.maven.surefire.testng.TestNGDirectoryTestSuite.execute(TestNGDirectoryTestSuite.java:88)
	at org.apache.maven.surefire.testng.TestNGProvider.invoke(TestNGProvider.java:137)
	at org.apache.maven.surefire.booter.ForkedBooter.runSuitesInProcess(ForkedBooter.java:385)
	at org.apache.maven.surefire.booter.ForkedBooter.execute(ForkedBooter.java:162)
	at org.apache.maven.surefire.booter.ForkedBooter.run(ForkedBooter.java:507)
	at org.apache.maven.surefire.booter.ForkedBooter.main(ForkedBooter.java:495)
]]></failure>
    <system-out><![CDATA[title = Zoetis Pets FR
]]></system-out>
  </testcase>
  <testcase name="PracticeDetail[https://www.zoetispets.com/pt-br/produtos/librela/, Librela® para cães | Zoetis Pets](10)" classname="com.zoetispets.Tests" time="0.427">
    <system-out><![CDATA[title = Librela® para cães | Zoetis Pets
]]></system-out>
  </testcase>
</testsuite>