<?xml version="1.0" encoding="UTF-8"?>
<testng-results ignored="0" total="31" passed="31" failed="0" skipped="0">
  <reporter-output>
  </reporter-output>
  <suite started-at="2026-08-14T06:54:54 UTC" name="Surefire suite" finished-at="2026-08-14T06:56:47 UTC" duration-ms="112667">
    <groups>
    </groups>
    <test started-at="2026-08-14T06:54:54 UTC" name="Surefire test" finished-at="2026-08-14T06:56:47 UTC" duration-ms="112667">
      <class name="com.zoetispets.Tests">
        <test-method is-config="true" signature="setUp()[pri:0, instance:com.zoetispets.Tests@4c1d9d4b]" started-at="2026-08-14T06:54:54 UTC" name="setUp" finished-at="2026-08-14T06:54:58 UTC" duration-ms="3533" status="PASS">
          <reporter-output>
          </reporter-output>
        </test-method> <!-- setUp -->
        <test-method signature="PracticeDetail(java.lang.String,java.lang.String,java.lang.String)[pri:1, instance:com.zoetispets.Tests@4c1d9d4b]" started-at="2026-08-14T06:54:58 UTC" name="PracticeDetail" data-provider="zoetispetsV2Locals" finished-at="2026-08-14T06:55:02 UTC" duration-ms="4468" status="PASS">
          <params>
            <param index="0">
              <value>
                <![CDATA[https://www.zoetispets.com/en-gb/]]>
              </value>
            </param>
            <param index="1">
              <value>
                <![CDATA[Zoetis Pets UK]]>
              </value>
            </param>
            <param index="2">
              <value>
                <![CDATA[UK HOME PAGE]]>
              </value>
            </param>
          </params>
          <reporter-output>
          </reporter-output>
        </test-method> <!-- PracticeDetail -->
        <test-method signature="PracticeDetail(java.lang.String,java.lang.String,java.lang.String)[pri:1, instance:com.zoetispets.Tests@4c1d9d4b]" started-at="2026-08-14T06:55:02 UTC" name="PracticeDetail" data-provider="zoetispetsV2Locals" finished-at="2026-08-14T06:55:06 UTC" duration-ms="3366" status="PASS">
          <params>
            <param index="0">
              <value>
                <![CDATA[https://www.zoetispets.com/en-au/]]>
              </value>
            </param>
            <param index="1">
              <value>
                <![CDATA[Zoetis Pets AU]]>
              </value>
            </param>
            <param index="2">
              <value>
                <![CDATA[AU HOME PAGE]]>
              </value>
            </param>
          </params>
          <reporter-output>
          </reporter-output>
        </test-method> <!-- PracticeDetail -->
        <test-method signature="PracticeDetail(java.lang.String,java.lang.String,java.lang.String)[pri:1, instance:com.zoetispets.Tests@4c1d9d4b]" started-at="2026-08-14T06:55:06 UTC" name="PracticeDetail" data-provider="zoetispetsV2Locals" finished-at="2026-08-14T06:55:09 UTC" duration-ms="3352" status="PASS">
          <params>
            <param index="0">
              <value>
                <![CDATA[https://www.zoetispets.com/de-de/]]>
              </value>
            </param>
            <param index="1">
              <value>
                <![CDATA[Zoetis Pets DE]]>
              </value>
            </param>
            <param index="2">
              <value>
                <![CDATA[DE HOME PAGE]]>
              </value>
            </param>
          </params>
          <reporter-output>
          </reporter-output>
        </test-method> <!-- PracticeDetail -->
        <test-method signature="PracticeDetail(java.lang.String,java.lang.String,java.lang.String)[pri:1, instance:com.zoetispets.Tests@4c1d9d4b]" started-at="2026-08-14T06:55:09 UTC" name="PracticeDetail" data-provider="zoetispetsV2Locals" finished-at="2026-08-14T06:55:12 UTC" duration-ms="3324" status="PASS">
          <params>
            <param index="0">
              <value>
                <![CDATA[https://www.zoetispets.com/it-it/]]>
              </value>
            </param>
            <param index="1">
              <value>
                <![CDATA[Zoetis Pets IT]]>
              </value>
            </param>
            <param index="2">
              <value>
                <![CDATA[IT HOME PAGE]]>
              </value>
            </param>
          </params>
          <reporter-output>
          </reporter-output>
        </test-method> <!-- PracticeDetail -->
        <test-method signature="PracticeDetail(java.lang.String,java.lang.String,java.lang.String)[pri:1, instance:com.zoetispets.Tests@4c1d9d4b]" started-at="2026-08-14T06:55:12 UTC" name="PracticeDetail" data-provider="zoetispetsV2Locals" finished-at="2026-08-14T06:55:16 UTC" duration-ms="3295" status="PASS">
          <params>
            <param index="0">
              <value>
                <![CDATA[https://www.zoetispets.com/es-es/]]>
              </value>
            </param>
            <param index="1">
              <value>
                <![CDATA[Zoetis Pets ES]]>
              </value>
            </param>
            <param index="2">
              <value>
                <![CDATA[ES HOME PAGE]]>
              </value>
            </param>
          </params>
          <reporter-output>
          </reporter-output>
        </test-method> <!-- PracticeDetail -->
        <test-method signature="PracticeDetail(java.lang.String,java.lang.String,java.lang.String)[pri:1, instance:com.zoetispets.Tests@4c1d9d4b]" started-at="2026-08-14T06:55:16 UTC" name="PracticeDetail" data-provider="zoetispetsV2Locals" finished-at="2026-08-14T06:55:19 UTC" duration-ms="3314" status="PASS">
          <params>
            <param index="0">
              <value>
                <![CDATA[https://www.zoetispets.com/pl-pl/]]>
              </value>
            </param>
            <param index="1">
              <value>
                <![CDATA[Zoetis Pets PL]]>
              </value>
            </param>
            <param index="2">
              <value>
                <![CDATA[PL HOME PAGE]]>
              </value>
            </param>
          </params>
          <reporter-output>
          </reporter-output>
        </test-method> <!-- PracticeDetail -->
        <test-method signature="PracticeDetail(java.lang.String,java.lang.String,java.lang.String)[pri:1, instance:com.zoetispets.Tests@4c1d9d4b]" started-at="2026-08-14T06:55:19 UTC" name="PracticeDetail" data-provider="zoetispetsV2Locals" finished-at="2026-08-14T06:55:22 UTC" duration-ms="3269" status="PASS">
          <params>
            <param index="0">
              <value>
                <![CDATA[https://www.zoetispets.com/en-ca/]]>
              </value>
            </param>
            <param index="1">
              <value>
                <![CDATA[Zoetis Pets CA]]>
              </value>
            </param>
            <param index="2">
              <value>
                <![CDATA[CA-EN HOME PAGE]]>
              </value>
            </param>
          </params>
          <reporter-output>
          </reporter-output>
        </test-method> <!-- PracticeDetail -->
        <test-method signature="PracticeDetail(java.lang.String,java.lang.String,java.lang.String)[pri:1, instance:com.zoetispets.Tests@4c1d9d4b]" started-at="2026-08-14T06:55:22 UTC" name="PracticeDetail" data-provider="zoetispetsV2Locals" finished-at="2026-08-14T06:55:25 UTC" duration-ms="3322" status="PASS">
          <params>
            <param index="0">
              <value>
                <![CDATA[https://www.zoetispets.com/fr-ca/]]>
              </value>
            </param>
            <param index="1">
              <value>
                <![CDATA[Zoetis Pets CA]]>
              </value>
            </param>
            <param index="2">
              <value>
                <![CDATA[CA-FR HOME PAGE]]>
              </value>
            </param>
          </params>
          <reporter-output>
          </reporter-output>
        </test-method> <!-- PracticeDetail -->
        <test-method signature="PracticeDetail(java.lang.String,java.lang.String,java.lang.String)[pri:1, instance:com.zoetispets.Tests@4c1d9d4b]" started-at="2026-08-14T06:55:25 UTC" name="PracticeDetail" data-provider="zoetispetsV2Locals" finished-at="2026-08-14T06:55:30 UTC" duration-ms="4052" status="PASS">
          <params>
            <param index="0">
              <value>
                <![CDATA[https://www.zoetisetcompagnie.com/fr-fr/]]>
              </value>
            </param>
            <param index="1">
              <value>
                <![CDATA[Zoetis Pets FR]]>
              </value>
            </param>
            <param index="2">
              <value>
                <![CDATA[FR HOME PAGE]]>
              </value>
            </param>
          </params>
          <reporter-output>
          </reporter-output>
        </test-method> <!-- PracticeDetail -->
        <test-method signature="PracticeDetail(java.lang.String,java.lang.String,java.lang.String)[pri:1, instance:com.zoetispets.Tests@4c1d9d4b]" started-at="2026-08-14T06:55:30 UTC" name="PracticeDetail" data-provider="zoetispetsV2Locals" finished-at="2026-08-14T06:55:33 UTC" duration-ms="3356" status="PASS">
          <params>
            <param index="0">
              <value>
                <![CDATA[https://www.zoetispets.com/pt-br/produtos/librela/]]>
              </value>
            </param>
            <param index="1">
              <value>
                <![CDATA[Librela® para cães | Zoetis Pets]]>
              </value>
            </param>
            <param index="2">
              <value>
                <![CDATA[BR HOME PAGE]]>
              </value>
            </param>
          </params>
          <reporter-output>
          </reporter-output>
        </test-method> <!-- PracticeDetail -->
        <test-method signature="PracticeDetail(java.lang.String,java.lang.String,java.lang.String)[pri:1, instance:com.zoetispets.Tests@4c1d9d4b]" started-at="2026-08-14T06:55:33 UTC" name="PracticeDetail" data-provider="zoetispetsV2Locals" finished-at="2026-08-14T06:55:37 UTC" duration-ms="3867" status="PASS">
          <params>
            <param index="0">
              <value>
                <![CDATA[https://www.zoetispets.com/en-gb/dog-healthcare/arthritis-quiz/]]>
              </value>
            </param>
            <param index="1">
              <value>
                <![CDATA[Dog Arthritis Assessment | Zoetis Pets]]>
              </value>
            </param>
            <param index="2">
              <value>
                <![CDATA[UK DOG ARTHRTIS ASSESSMENT PAGE]]>
              </value>
            </param>
          </params>
          <reporter-output>
          </reporter-output>
        </test-method> <!-- PracticeDetail -->
        <test-method signature="PracticeDetail(java.lang.String,java.lang.String,java.lang.String)[pri:1, instance:com.zoetispets.Tests@4c1d9d4b]" started-at="2026-08-14T06:55:37 UTC" name="PracticeDetail" data-provider="zoetispetsV2Locals" finished-at="2026-08-14T06:55:41 UTC" duration-ms="3865" status="PASS">
          <params>
            <param index="0">
              <value>
                <![CDATA[https://www.zoetispets.com/en-au/dog-healthcare/arthritis-quiz/]]>
              </value>
            </param>
            <param index="1">
              <value>
                <![CDATA[Dog Arthritis Assessment | Zoetis Pets]]>
              </value>
            </param>
            <param index="2">
              <value>
                <![CDATA[AU DOG ARTHRTIS ASSESSMENT PAGE]]>
              </value>
            </param>
          </params>
          <reporter-output>
          </reporter-output>
        </test-method> <!-- PracticeDetail -->
        <test-method signature="PracticeDetail(java.lang.String,java.lang.String,java.lang.String)[pri:1, instance:com.zoetispets.Tests@4c1d9d4b]" started-at="2026-08-14T06:55:41 UTC" name="PracticeDetail" data-provider="zoetispetsV2Locals" finished-at="2026-08-14T06:55:44 UTC" duration-ms="3770" status="PASS">
          <params>
            <param index="0">
              <value>
                <![CDATA[https://www.zoetispets.com/en-ca/dog-healthcare/arthritis-quiz/]]>
              </value>
            </param>
            <param index="1">
              <value>
                <![CDATA[Dog Arthritis Assessment | Zoetis Pets]]>
              </value>
            </param>
            <param index="2">
              <value>
                <![CDATA[CA-EN DOG ARTHRTIS ASSESSMENT PAGE]]>
              </value>
            </param>
          </params>
          <reporter-output>
          </reporter-output>
        </test-method> <!-- PracticeDetail -->
        <test-method signature="PracticeDetail(java.lang.String,java.lang.String,java.lang.String)[pri:1, instance:com.zoetispets.Tests@4c1d9d4b]" started-at="2026-08-14T06:55:44 UTC" name="PracticeDetail" data-provider="zoetispetsV2Locals" finished-at="2026-08-14T06:55:48 UTC" duration-ms="3240" status="PASS">
          <params>
            <param index="0">
              <value>
                <![CDATA[https://www.zoetispets.com/en-gb/cat-healthcare/arthritis-quiz/]]>
              </value>
            </param>
            <param index="1">
              <value>
                <![CDATA[Cat Arthritis Assessment | Zoetis Pets]]>
              </value>
            </param>
            <param index="2">
              <value>
                <![CDATA[UK CAT ARTHRTIS ASSESSMENT PAGE]]>
              </value>
            </param>
          </params>
          <reporter-output>
          </reporter-output>
        </test-method> <!-- PracticeDetail -->
        <test-method signature="PracticeDetail(java.lang.String,java.lang.String,java.lang.String)[pri:1, instance:com.zoetispets.Tests@4c1d9d4b]" started-at="2026-08-14T06:55:48 UTC" name="PracticeDetail" data-provider="zoetispetsV2Locals" finished-at="2026-08-14T06:55:51 UTC" duration-ms="3760" status="PASS">
          <params>
            <param index="0">
              <value>
                <![CDATA[https://www.zoetispets.com/en-au/cat-healthcare/arthritis-quiz/]]>
              </value>
            </param>
            <param index="1">
              <value>
                <![CDATA[Cat Arthritis Assessment | Zoetis Pets]]>
              </value>
            </param>
            <param index="2">
              <value>
                <![CDATA[AU CAT ARTHRITIS ASSESSMENT PAGE]]>
              </value>
            </param>
          </params>
          <reporter-output>
          </reporter-output>
        </test-method> <!-- PracticeDetail -->
        <test-method signature="PracticeDetail(java.lang.String,java.lang.String,java.lang.String)[pri:1, instance:com.zoetispets.Tests@4c1d9d4b]" started-at="2026-08-14T06:55:51 UTC" name="PracticeDetail" data-provider="zoetispetsV2Locals" finished-at="2026-08-14T06:55:55 UTC" duration-ms="3522" status="PASS">
          <params>
            <param index="0">
              <value>
                <![CDATA[https://www.zoetispets.com/en-gb/dog-healthcare/skin-conditions-assessment/]]>
              </value>
            </param>
            <param index="1">
              <value>
                <![CDATA[Dog Skin Conditions Assessment | Zoetis Pets]]>
              </value>
            </param>
            <param index="2">
              <value>
                <![CDATA[UK SKIN ASSESSMENT PAGE]]>
              </value>
            </param>
          </params>
          <reporter-output>
          </reporter-output>
        </test-method> <!-- PracticeDetail -->
        <test-method signature="PracticeDetail(java.lang.String,java.lang.String,java.lang.String)[pri:1, instance:com.zoetispets.Tests@4c1d9d4b]" started-at="2026-08-14T06:55:55 UTC" name="PracticeDetail" data-provider="zoetispetsV2Locals" finished-at="2026-08-14T06:55:59 UTC" duration-ms="3705" status="PASS">
          <params>
            <param index="0">
              <value>
                <![CDATA[https://www.zoetispets.com/en-au/dog-healthcare/skin-conditions-assessment/]]>
              </value>
            </param>
            <param index="1">
              <value>
                <![CDATA[Dog Skin Conditions Assessment | Zoetis Pets]]>
              </value>
            </param>
            <param index="2">
              <value>
                <![CDATA[AU SKIN ASSESSMENT PAGE]]>
              </value>
            </param>
          </params>
          <reporter-output>
          </reporter-output>
        </test-method> <!-- PracticeDetail -->
        <test-method signature="PracticeDetail(java.lang.String,java.lang.String,java.lang.String)[pri:1, instance:com.zoetispets.Tests@4c1d9d4b]" started-at="2026-08-14T06:55:59 UTC" name="PracticeDetail" data-provider="zoetispetsV2Locals" finished-at="2026-08-14T06:56:03 UTC" duration-ms="3966" status="PASS">
          <params>
            <param index="0">
              <value>
                <![CDATA[https://www.zoetispets.com/en-ca/dog-healthcare/skin-conditions-assessment/]]>
              </value>
            </param>
            <param index="1">
              <value>
                <![CDATA[Dog Skin Conditions Assessment | Zoetis Pets]]>
              </value>
            </param>
            <param index="2">
              <value>
                <![CDATA[CA SKIN ASSESSMENT PAGE]]>
              </value>
            </param>
          </params>
          <reporter-output>
          </reporter-output>
        </test-method> <!-- PracticeDetail -->
        <test-method signature="PracticeDetail(java.lang.String,java.lang.String,java.lang.String)[pri:1, instance:com.zoetispets.Tests@4c1d9d4b]" started-at="2026-08-14T06:56:03 UTC" name="PracticeDetail" data-provider="zoetispetsV2Locals" finished-at="2026-08-14T06:56:06 UTC" duration-ms="3833" status="PASS">
          <params>
            <param index="0">
              <value>
                <![CDATA[https://www.zoetispets.com/fr-ca/chien-soins/arthrose-quiz/]]>
              </value>
            </param>
            <param index="1">
              <value>
                <![CDATA[Questionnaire sur l’arthrose du chien | Zoetis Pets]]>
              </value>
            </param>
            <param index="2">
              <value>
                <![CDATA[CA-FR ARTHRITIS ASSESSMENT PAGE]]>
              </value>
            </param>
          </params>
          <reporter-output>
          </reporter-output>
        </test-method> <!-- PracticeDetail -->
        <test-method signature="PracticeDetail(java.lang.String,java.lang.String,java.lang.String)[pri:1, instance:com.zoetispets.Tests@4c1d9d4b]" started-at="2026-08-14T06:56:06 UTC" name="PracticeDetail" data-provider="zoetispetsV2Locals" finished-at="2026-08-14T06:56:10 UTC" duration-ms="4034" status="PASS">
          <params>
            <param index="0">
              <value>
                <![CDATA[https://www.zoetisetcompagnie.com/fr-fr/sante-du-chien/arthrose-quiz/]]>
              </value>
            </param>
            <param index="1">
              <value>
                <![CDATA[Évaluation de l’arthrose chez le chien | Zoetis Pets]]>
              </value>
            </param>
            <param index="2">
              <value>
                <![CDATA[FR ARTHRITIS ASSESSMENT PAGE]]>
              </value>
            </param>
          </params>
          <reporter-output>
          </reporter-output>
        </test-method> <!-- PracticeDetail -->
        <test-method signature="PracticeDetail(java.lang.String,java.lang.String,java.lang.String)[pri:1, instance:com.zoetispets.Tests@4c1d9d4b]" started-at="2026-08-14T06:56:10 UTC" name="PracticeDetail" data-provider="zoetispetsV2Locals" finished-at="2026-08-14T06:56:14 UTC" duration-ms="3966" status="PASS">
          <params>
            <param index="0">
              <value>
                <![CDATA[https://www.zoetispets.com/fr-ca/chien-soins/dermatologie-evaluation/]]>
              </value>
            </param>
            <param index="1">
              <value>
                <![CDATA[Évaluation de la peau du chien | Zoetis Pets]]>
              </value>
            </param>
            <param index="2">
              <value>
                <![CDATA[CA-FR SKIN ASSESSMENT PAGE]]>
              </value>
            </param>
          </params>
          <reporter-output>
          </reporter-output>
        </test-method> <!-- PracticeDetail -->
        <test-method signature="PracticeDetail(java.lang.String,java.lang.String,java.lang.String)[pri:1, instance:com.zoetispets.Tests@4c1d9d4b]" started-at="2026-08-14T06:56:14 UTC" name="PracticeDetail" data-provider="zoetispetsV2Locals" finished-at="2026-08-14T06:56:18 UTC" duration-ms="3846" status="PASS">
          <params>
            <param index="0">
              <value>
                <![CDATA[https://www.zoetisetcompagnie.com/fr-fr/sante-du-chien/dermatologie-evaluation/]]>
              </value>
            </param>
            <param index="1">
              <value>
                <![CDATA[Évaluation des problèmes de peau chez le chien | Zoetis Pets]]>
              </value>
            </param>
            <param index="2">
              <value>
                <![CDATA[FR SKIN ASSESSMENT PAGE]]>
              </value>
            </param>
          </params>
          <reporter-output>
          </reporter-output>
        </test-method> <!-- PracticeDetail -->
        <test-method signature="PracticeDetail(java.lang.String,java.lang.String,java.lang.String)[pri:1, instance:com.zoetispets.Tests@4c1d9d4b]" started-at="2026-08-14T06:56:18 UTC" name="PracticeDetail" data-provider="zoetispetsV2Locals" finished-at="2026-08-14T06:56:22 UTC" duration-ms="3679" status="PASS">
          <params>
            <param index="0">
              <value>
                <![CDATA[https://www.zoetispets.com/de-de/hund-gesundheit/arthrose-quiz/]]>
              </value>
            </param>
            <param index="1">
              <value>
                <![CDATA[Online-Test zu Arthrose beim Hund | Zoetis Pets]]>
              </value>
            </param>
            <param index="2">
              <value>
                <![CDATA[DE ARTHRITIS ASSESSMENT PAGE]]>
              </value>
            </param>
          </params>
          <reporter-output>
          </reporter-output>
        </test-method> <!-- PracticeDetail -->
        <test-method signature="PracticeDetail(java.lang.String,java.lang.String,java.lang.String)[pri:1, instance:com.zoetispets.Tests@4c1d9d4b]" started-at="2026-08-14T06:56:22 UTC" name="PracticeDetail" data-provider="zoetispetsV2Locals" finished-at="2026-08-14T06:56:25 UTC" duration-ms="3482" status="PASS">
          <params>
            <param index="0">
              <value>
                <![CDATA[https://www.zoetispets.com/de-de/hund-gesundheit/juckreiz-test/]]>
              </value>
            </param>
            <param index="1">
              <value>
                <![CDATA[Hautprobleme beim Hund | Zoetis Pets]]>
              </value>
            </param>
            <param index="2">
              <value>
                <![CDATA[DE SKIN ASSESSMENT PAGE]]>
              </value>
            </param>
          </params>
          <reporter-output>
          </reporter-output>
        </test-method> <!-- PracticeDetail -->
        <test-method signature="PracticeDetail(java.lang.String,java.lang.String,java.lang.String)[pri:1, instance:com.zoetispets.Tests@4c1d9d4b]" started-at="2026-08-14T06:56:25 UTC" name="PracticeDetail" data-provider="zoetispetsV2Locals" finished-at="2026-08-14T06:56:29 UTC" duration-ms="3542" status="PASS">
          <params>
            <param index="0">
              <value>
                <![CDATA[https://www.zoetispets.com/es-es/perro-salud/artrosis-quiz/]]>
              </value>
            </param>
            <param index="1">
              <value>
                <![CDATA[Evaluación de la artrosis en perros | Zoetis Pets]]>
              </value>
            </param>
            <param index="2">
              <value>
                <![CDATA[ES ARTHRITIS ASSESSMENT PAGE]]>
              </value>
            </param>
          </params>
          <reporter-output>
          </reporter-output>
        </test-method> <!-- PracticeDetail -->
        <test-method signature="PracticeDetail(java.lang.String,java.lang.String,java.lang.String)[pri:1, instance:com.zoetispets.Tests@4c1d9d4b]" started-at="2026-08-14T06:56:29 UTC" name="PracticeDetail" data-provider="zoetispetsV2Locals" finished-at="2026-08-14T06:56:32 UTC" duration-ms="3306" status="PASS">
          <params>
            <param index="0">
              <value>
                <![CDATA[https://www.zoetispets.com/es-es/perro-salud/problemas-de-piel-evaluacion/]]>
              </value>
            </param>
            <param index="1">
              <value>
                <![CDATA[Evaluación de problemas de la piel en perros | Zoetis Pets]]>
              </value>
            </param>
            <param index="2">
              <value>
                <![CDATA[ES SKIN ASSESSMENT PAGE]]>
              </value>
            </param>
          </params>
          <reporter-output>
          </reporter-output>
        </test-method> <!-- PracticeDetail -->
        <test-method signature="PracticeDetail(java.lang.String,java.lang.String,java.lang.String)[pri:1, instance:com.zoetispets.Tests@4c1d9d4b]" started-at="2026-08-14T06:56:32 UTC" name="PracticeDetail" data-provider="zoetispetsV2Locals" finished-at="2026-08-14T06:56:36 UTC" duration-ms="3527" status="PASS">
          <params>
            <param index="0">
              <value>
                <![CDATA[https://www.zoetispets.com/it-it/salute-cane/dolore-articolare-quiz/]]>
              </value>
            </param>
            <param index="1">
              <value>
                <![CDATA[Test del dolore articolare nel cane | Zoetis Pets]]>
              </value>
            </param>
            <param index="2">
              <value>
                <![CDATA[IT ARTHRITIS ASSESSMENT PAGE]]>
              </value>
            </param>
          </params>
          <reporter-output>
          </reporter-output>
        </test-method> <!-- PracticeDetail -->
        <test-method signature="PracticeDetail(java.lang.String,java.lang.String,java.lang.String)[pri:1, instance:com.zoetispets.Tests@4c1d9d4b]" started-at="2026-08-14T06:56:36 UTC" name="PracticeDetail" data-provider="zoetispetsV2Locals" finished-at="2026-08-14T06:56:39 UTC" duration-ms="3468" status="PASS">
          <params>
            <param index="0">
              <value>
                <![CDATA[https://www.zoetispets.com/it-it/salute-cane/segni-di-problemi-cutanei-risultato/]]>
              </value>
            </param>
            <param index="1">
              <value>
                <![CDATA[Test del prurito del cane | Zoetis Pets]]>
              </value>
            </param>
            <param index="2">
              <value>
                <![CDATA[IT SKIN ASSESSMENT PAGE]]>
              </value>
            </param>
          </params>
          <reporter-output>
          </reporter-output>
        </test-method> <!-- PracticeDetail -->
        <test-method signature="PracticeDetail(java.lang.String,java.lang.String,java.lang.String)[pri:1, instance:com.zoetispets.Tests@4c1d9d4b]" started-at="2026-08-14T06:56:39 UTC" name="PracticeDetail" data-provider="zoetispetsV2Locals" finished-at="2026-08-14T06:56:43 UTC" duration-ms="3519" status="PASS">
          <params>
            <param index="0">
              <value>
                <![CDATA[https://www.zoetispets.com/pl-pl/ochrona-zdrowia-psa/artretyzm-quiz/]]>
              </value>
            </param>
            <param index="1">
              <value>
                <![CDATA[Ankieta pod kątem osteoarthritis u psa | Zoetis Pets]]>
              </value>
            </param>
            <param index="2">
              <value>
                <![CDATA[PL ARTHRITIS ASSESSMENT PAGE]]>
              </value>
            </param>
          </params>
          <reporter-output>
          </reporter-output>
        </test-method> <!-- PracticeDetail -->
        <test-method signature="PracticeDetail(java.lang.String,java.lang.String,java.lang.String)[pri:1, instance:com.zoetispets.Tests@4c1d9d4b]" started-at="2026-08-14T06:56:43 UTC" name="PracticeDetail" data-provider="zoetispetsV2Locals" finished-at="2026-08-14T06:56:46 UTC" duration-ms="3290" status="PASS">
          <params>
            <param index="0">
              <value>
                <![CDATA[https://www.zoetispets.com/pl-pl/ochrona-zdrowia-psa/choroby-skory-u-psa-ocena/]]>
              </value>
            </param>
            <param index="1">
              <value>
                <![CDATA[Ankieta dotycząca stanu skóry psa | Zoetis Pets]]>
              </value>
            </param>
            <param index="2">
              <value>
                <![CDATA[PL SKIN ASSESSMENT PAGE]]>
              </value>
            </param>
          </params>
          <reporter-output>
          </reporter-output>
        </test-method> <!-- PracticeDetail -->
        <test-method signature="stageAuthTest()[pri:2, instance:com.zoetispets.Tests@4c1d9d4b]" started-at="2026-08-14T06:56:46 UTC" name="stageAuthTest" finished-at="2026-08-14T06:56:46 UTC" duration-ms="290" status="PASS">
          <reporter-output>
          </reporter-output>
        </test-method> <!-- stageAuthTest -->
        <test-method is-config="true" signature="tearDown()[pri:0, instance:com.zoetispets.Tests@4c1d9d4b]" started-at="2026-08-14T06:56:46 UTC" name="tearDown" finished-at="2026-08-14T06:56:47 UTC" duration-ms="480" status="PASS">
          <reporter-output>
          </reporter-output>
        </test-method> <!-- tearDown -->
      </class> <!-- com.zoetispets.Tests -->
    </test> <!-- Surefire test -->
  </suite> <!-- Surefire suite -->
</testng-results>
