<?xml version="1.0" encoding="UTF-8"?>
<testng-results ignored="0" total="30" passed="28" failed="2" skipped="0">
  <reporter-output>
  </reporter-output>
  <suite started-at="2026-01-26T14:43:52 UTC" name="Surefire suite" finished-at="2026-01-26T14:45:54 UTC" duration-ms="122547">
    <groups>
    </groups>
    <test started-at="2026-01-26T14:43:52 UTC" name="Surefire test" finished-at="2026-01-26T14:45:54 UTC" duration-ms="122547">
      <class name="com.zoetispets.Tests">
        <test-method is-config="true" signature="setUp()[pri:0, instance:com.zoetispets.Tests@ec756bd]" started-at="2026-01-26T14:43:52 UTC" name="setUp" finished-at="2026-01-26T14:44:04 UTC" duration-ms="12221" status="PASS">
          <reporter-output>
          </reporter-output>
        </test-method> <!-- setUp -->
        <test-method signature="PracticeDetail(java.lang.String,java.lang.String,java.lang.String)[pri:1, instance:com.zoetispets.Tests@ec756bd]" started-at="2026-01-26T14:44:04 UTC" name="PracticeDetail" data-provider="zoetispetsV2Locals" finished-at="2026-01-26T14:44:09 UTC" duration-ms="5014" status="PASS">
          <params>
            <param index="0">
              <value>
                <![CDATA[https://www.zoetispets.com/en-gb/]]>
              </value>
            </param>
            <param index="1">
              <value>
                <![CDATA[Zoetis Pets UK]]>
              </value>
            </param>
            <param index="2">
              <value>
                <![CDATA[UK HOME PAGE]]>
              </value>
            </param>
          </params>
          <reporter-output>
          </reporter-output>
        </test-method> <!-- PracticeDetail -->
        <test-method signature="PracticeDetail(java.lang.String,java.lang.String,java.lang.String)[pri:1, instance:com.zoetispets.Tests@ec756bd]" started-at="2026-01-26T14:44:09 UTC" name="PracticeDetail" data-provider="zoetispetsV2Locals" finished-at="2026-01-26T14:44:12 UTC" duration-ms="3452" status="PASS">
          <params>
            <param index="0">
              <value>
                <![CDATA[https://www.zoetispets.com/en-au/]]>
              </value>
            </param>
            <param index="1">
              <value>
                <![CDATA[Zoetis Pets AU]]>
              </value>
            </param>
            <param index="2">
              <value>
                <![CDATA[AU HOME PAGE]]>
              </value>
            </param>
          </params>
          <reporter-output>
          </reporter-output>
        </test-method> <!-- PracticeDetail -->
        <test-method signature="PracticeDetail(java.lang.String,java.lang.String,java.lang.String)[pri:1, instance:com.zoetispets.Tests@ec756bd]" started-at="2026-01-26T14:44:12 UTC" name="PracticeDetail" data-provider="zoetispetsV2Locals" finished-at="2026-01-26T14:44:16 UTC" duration-ms="3359" status="PASS">
          <params>
            <param index="0">
              <value>
                <![CDATA[https://www.zoetispets.com/de-de/]]>
              </value>
            </param>
            <param index="1">
              <value>
                <![CDATA[Zoetis Pets DE]]>
              </value>
            </param>
            <param index="2">
              <value>
                <![CDATA[DE HOME PAGE]]>
              </value>
            </param>
          </params>
          <reporter-output>
          </reporter-output>
        </test-method> <!-- PracticeDetail -->
        <test-method signature="PracticeDetail(java.lang.String,java.lang.String,java.lang.String)[pri:1, instance:com.zoetispets.Tests@ec756bd]" started-at="2026-01-26T14:44:16 UTC" name="PracticeDetail" data-provider="zoetispetsV2Locals" finished-at="2026-01-26T14:44:19 UTC" duration-ms="3349" status="PASS">
          <params>
            <param index="0">
              <value>
                <![CDATA[https://www.zoetispets.com/it-it/]]>
              </value>
            </param>
            <param index="1">
              <value>
                <![CDATA[Zoetis Pets IT]]>
              </value>
            </param>
            <param index="2">
              <value>
                <![CDATA[IT HOME PAGE]]>
              </value>
            </param>
          </params>
          <reporter-output>
          </reporter-output>
        </test-method> <!-- PracticeDetail -->
        <test-method signature="PracticeDetail(java.lang.String,java.lang.String,java.lang.String)[pri:1, instance:com.zoetispets.Tests@ec756bd]" started-at="2026-01-26T14:44:19 UTC" name="PracticeDetail" data-provider="zoetispetsV2Locals" finished-at="2026-01-26T14:44:22 UTC" duration-ms="3313" status="PASS">
          <params>
            <param index="0">
              <value>
                <![CDATA[https://www.zoetispets.com/es-es/]]>
              </value>
            </param>
            <param index="1">
              <value>
                <![CDATA[Zoetis Pets ES]]>
              </value>
            </param>
            <param index="2">
              <value>
                <![CDATA[ES HOME PAGE]]>
              </value>
            </param>
          </params>
          <reporter-output>
          </reporter-output>
        </test-method> <!-- PracticeDetail -->
        <test-method signature="PracticeDetail(java.lang.String,java.lang.String,java.lang.String)[pri:1, instance:com.zoetispets.Tests@ec756bd]" started-at="2026-01-26T14:44:22 UTC" name="PracticeDetail" data-provider="zoetispetsV2Locals" finished-at="2026-01-26T14:44:26 UTC" duration-ms="3384" status="PASS">
          <params>
            <param index="0">
              <value>
                <![CDATA[https://www.zoetispets.com/pl-pl/]]>
              </value>
            </param>
            <param index="1">
              <value>
                <![CDATA[Zoetis Pets PL]]>
              </value>
            </param>
            <param index="2">
              <value>
                <![CDATA[PL HOME PAGE]]>
              </value>
            </param>
          </params>
          <reporter-output>
          </reporter-output>
        </test-method> <!-- PracticeDetail -->
        <test-method signature="PracticeDetail(java.lang.String,java.lang.String,java.lang.String)[pri:1, instance:com.zoetispets.Tests@ec756bd]" started-at="2026-01-26T14:44:26 UTC" name="PracticeDetail" data-provider="zoetispetsV2Locals" finished-at="2026-01-26T14:44:29 UTC" duration-ms="3308" status="PASS">
          <params>
            <param index="0">
              <value>
                <![CDATA[https://www.zoetispets.com/en-ca/]]>
              </value>
            </param>
            <param index="1">
              <value>
                <![CDATA[Zoetis Pets CA]]>
              </value>
            </param>
            <param index="2">
              <value>
                <![CDATA[CA-EN HOME PAGE]]>
              </value>
            </param>
          </params>
          <reporter-output>
          </reporter-output>
        </test-method> <!-- PracticeDetail -->
        <test-method signature="PracticeDetail(java.lang.String,java.lang.String,java.lang.String)[pri:1, instance:com.zoetispets.Tests@ec756bd]" started-at="2026-01-26T14:44:29 UTC" name="PracticeDetail" data-provider="zoetispetsV2Locals" finished-at="2026-01-26T14:44:32 UTC" duration-ms="3329" status="PASS">
          <params>
            <param index="0">
              <value>
                <![CDATA[https://www.zoetispets.com/fr-ca/]]>
              </value>
            </param>
            <param index="1">
              <value>
                <![CDATA[Zoetis Pets CA]]>
              </value>
            </param>
            <param index="2">
              <value>
                <![CDATA[CA-FR HOME PAGE]]>
              </value>
            </param>
          </params>
          <reporter-output>
          </reporter-output>
        </test-method> <!-- PracticeDetail -->
        <test-method signature="PracticeDetail(java.lang.String,java.lang.String,java.lang.String)[pri:1, instance:com.zoetispets.Tests@ec756bd]" started-at="2026-01-26T14:44:32 UTC" name="PracticeDetail" data-provider="zoetispetsV2Locals" finished-at="2026-01-26T14:44:36 UTC" duration-ms="3352" status="FAIL">
          <params>
            <param index="0">
              <value>
                <![CDATA[https://www.zoetisetcompagnie.com/fr-fr/]]>
              </value>
            </param>
            <param index="1">
              <value>
                <![CDATA[Zoetis Pets FR]]>
              </value>
            </param>
            <param index="2">
              <value>
                <![CDATA[FR HOME PAGE]]>
              </value>
            </param>
          </params>
          <exception class="java.lang.AssertionError">
            <message>
              <![CDATA[expected [Zoetis Pets FR] but found [The resource cannot be found.]]]>
            </message>
            <full-stacktrace>
              <![CDATA[java.lang.AssertionError: expected [Zoetis Pets FR] but found [The resource cannot be found.]
at org.testng.Assert.fail(Assert.java:111)
at org.testng.Assert.failNotEquals(Assert.java:1578)
at org.testng.Assert.assertEqualsImpl(Assert.java:150)
at org.testng.Assert.assertEquals(Assert.java:132)
at org.testng.Assert.assertEquals(Assert.java:656)
at org.testng.Assert.assertEquals(Assert.java:666)
at com.zoetispets.Tests.PracticeDetail(Tests.java:69)
at java.base/jdk.internal.reflect.NativeMethodAccessorImpl.invoke0(Native Method)
at java.base/jdk.internal.reflect.NativeMethodAccessorImpl.invoke(NativeMethodAccessorImpl.java:77)
at java.base/jdk.internal.reflect.DelegatingMethodAccessorImpl.invoke(DelegatingMethodAccessorImpl.java:43)
at java.base/java.lang.reflect.Method.invoke(Method.java:569)
at org.testng.internal.invokers.MethodInvocationHelper.invokeMethod(MethodInvocationHelper.java:141)
at org.testng.internal.invokers.TestInvoker.invokeMethod(TestInvoker.java:686)
at org.testng.internal.invokers.TestInvoker.invokeTestMethod(TestInvoker.java:230)
at org.testng.internal.invokers.MethodRunner.runInSequence(MethodRunner.java:63)
at org.testng.internal.invokers.TestInvoker$MethodInvocationAgent.invoke(TestInvoker.java:992)
at org.testng.internal.invokers.TestInvoker.invokeTestMethods(TestInvoker.java:203)
at org.testng.internal.invokers.TestMethodWorker.invokeTestMethods(TestMethodWorker.java:154)
at org.testng.internal.invokers.TestMethodWorker.run(TestMethodWorker.java:134)
at java.base/java.util.ArrayList.forEach(ArrayList.java:1511)
at org.testng.TestRunner.privateRun(TestRunner.java:739)
at org.testng.TestRunner.run(TestRunner.java:614)
at org.testng.SuiteRunner.runTest(SuiteRunner.java:421)
at org.testng.SuiteRunner.runSequentially(SuiteRunner.java:413)
at org.testng.SuiteRunner.privateRun(SuiteRunner.java:373)
at org.testng.SuiteRunner.run(SuiteRunner.java:312)
at org.testng.SuiteRunnerWorker.runSuite(SuiteRunnerWorker.java:52)
at org.testng.SuiteRunnerWorker.run(SuiteRunnerWorker.java:95)
at org.testng.TestNG.runSuitesSequentially(TestNG.java:1274)
at org.testng.TestNG.runSuitesLocally(TestNG.java:1208)
at org.testng.TestNG.runSuites(TestNG.java:1112)
at org.testng.TestNG.run(TestNG.java:1079)
at org.apache.maven.surefire.testng.TestNGExecutor.run(TestNGExecutor.java:155)
at org.apache.maven.surefire.testng.TestNGDirectoryTestSuite.executeMulti(TestNGDirectoryTestSuite.java:169)
at org.apache.maven.surefire.testng.TestNGDirectoryTestSuite.execute(TestNGDirectoryTestSuite.java:88)
at org.apache.maven.surefire.testng.TestNGProvider.invoke(TestNGProvider.java:137)
at org.apache.maven.surefire.booter.ForkedBooter.runSuitesInProcess(ForkedBooter.java:385)
at org.apache.maven.surefire.booter.ForkedBooter.execute(ForkedBooter.java:162)
at org.apache.maven.surefire.booter.ForkedBooter.run(ForkedBooter.java:507)
at org.apache.maven.surefire.booter.ForkedBooter.main(ForkedBooter.java:495)
]]>
            </full-stacktrace>
          </exception> <!-- java.lang.AssertionError -->
          <reporter-output>
          </reporter-output>
        </test-method> <!-- PracticeDetail -->
        <test-method signature="PracticeDetail(java.lang.String,java.lang.String,java.lang.String)[pri:1, instance:com.zoetispets.Tests@ec756bd]" started-at="2026-01-26T14:44:36 UTC" name="PracticeDetail" data-provider="zoetispetsV2Locals" finished-at="2026-01-26T14:44:39 UTC" duration-ms="3460" status="PASS">
          <params>
            <param index="0">
              <value>
                <![CDATA[https://www.zoetispets.com/pt-br/produtos/librela/]]>
              </value>
            </param>
            <param index="1">
              <value>
                <![CDATA[Librela® para cães | Zoetis Pets]]>
              </value>
            </param>
            <param index="2">
              <value>
                <![CDATA[BR HOME PAGE]]>
              </value>
            </param>
          </params>
          <reporter-output>
          </reporter-output>
        </test-method> <!-- PracticeDetail -->
        <test-method signature="PracticeDetail(java.lang.String,java.lang.String,java.lang.String)[pri:1, instance:com.zoetispets.Tests@ec756bd]" started-at="2026-01-26T14:44:39 UTC" name="PracticeDetail" data-provider="zoetispetsV2Locals" finished-at="2026-01-26T14:44:46 UTC" duration-ms="6301" status="PASS">
          <params>
            <param index="0">
              <value>
                <![CDATA[https://www.zoetispets.com/en-gb/dog-healthcare/arthritis-quiz/]]>
              </value>
            </param>
            <param index="1">
              <value>
                <![CDATA[Dog Arthritis Assessment | Zoetis Pets]]>
              </value>
            </param>
            <param index="2">
              <value>
                <![CDATA[UK DOG ARTHRTIS ASSESSMENT PAGE]]>
              </value>
            </param>
          </params>
          <reporter-output>
          </reporter-output>
        </test-method> <!-- PracticeDetail -->
        <test-method signature="PracticeDetail(java.lang.String,java.lang.String,java.lang.String)[pri:1, instance:com.zoetispets.Tests@ec756bd]" started-at="2026-01-26T14:44:46 UTC" name="PracticeDetail" data-provider="zoetispetsV2Locals" finished-at="2026-01-26T14:44:49 UTC" duration-ms="3324" status="PASS">
          <params>
            <param index="0">
              <value>
                <![CDATA[https://www.zoetispets.com/en-au/dog-healthcare/arthritis-quiz/]]>
              </value>
            </param>
            <param index="1">
              <value>
                <![CDATA[Dog Arthritis Assessment | Zoetis Pets]]>
              </value>
            </param>
            <param index="2">
              <value>
                <![CDATA[AU DOG ARTHRTIS ASSESSMENT PAGE]]>
              </value>
            </param>
          </params>
          <reporter-output>
          </reporter-output>
        </test-method> <!-- PracticeDetail -->
        <test-method signature="PracticeDetail(java.lang.String,java.lang.String,java.lang.String)[pri:1, instance:com.zoetispets.Tests@ec756bd]" started-at="2026-01-26T14:44:49 UTC" name="PracticeDetail" data-provider="zoetispetsV2Locals" finished-at="2026-01-26T14:44:52 UTC" duration-ms="3320" status="PASS">
          <params>
            <param index="0">
              <value>
                <![CDATA[https://www.zoetispets.com/en-ca/dog-healthcare/arthritis-quiz/]]>
              </value>
            </param>
            <param index="1">
              <value>
                <![CDATA[Dog Arthritis Assessment | Zoetis Pets]]>
              </value>
            </param>
            <param index="2">
              <value>
                <![CDATA[CA-EN DOG ARTHRTIS ASSESSMENT PAGE]]>
              </value>
            </param>
          </params>
          <reporter-output>
          </reporter-output>
        </test-method> <!-- PracticeDetail -->
        <test-method signature="PracticeDetail(java.lang.String,java.lang.String,java.lang.String)[pri:1, instance:com.zoetispets.Tests@ec756bd]" started-at="2026-01-26T14:44:52 UTC" name="PracticeDetail" data-provider="zoetispetsV2Locals" finished-at="2026-01-26T14:44:57 UTC" duration-ms="4722" status="PASS">
          <params>
            <param index="0">
              <value>
                <![CDATA[https://www.zoetispets.com/en-gb/cat-healthcare/arthritis-quiz/]]>
              </value>
            </param>
            <param index="1">
              <value>
                <![CDATA[Cat Arthritis Assessment | Zoetis Pets]]>
              </value>
            </param>
            <param index="2">
              <value>
                <![CDATA[UK CAT ARTHRTIS ASSESSMENT PAGE]]>
              </value>
            </param>
          </params>
          <reporter-output>
          </reporter-output>
        </test-method> <!-- PracticeDetail -->
        <test-method signature="PracticeDetail(java.lang.String,java.lang.String,java.lang.String)[pri:1, instance:com.zoetispets.Tests@ec756bd]" started-at="2026-01-26T14:44:57 UTC" name="PracticeDetail" data-provider="zoetispetsV2Locals" finished-at="2026-01-26T14:45:01 UTC" duration-ms="4030" status="PASS">
          <params>
            <param index="0">
              <value>
                <![CDATA[https://www.zoetispets.com/en-au/cat-healthcare/arthritis-quiz/]]>
              </value>
            </param>
            <param index="1">
              <value>
                <![CDATA[Cat Arthritis Assessment | Zoetis Pets]]>
              </value>
            </param>
            <param index="2">
              <value>
                <![CDATA[AU CAT ARTHRITIS ASSESSMENT PAGE]]>
              </value>
            </param>
          </params>
          <reporter-output>
          </reporter-output>
        </test-method> <!-- PracticeDetail -->
        <test-method signature="PracticeDetail(java.lang.String,java.lang.String,java.lang.String)[pri:1, instance:com.zoetispets.Tests@ec756bd]" started-at="2026-01-26T14:45:01 UTC" name="PracticeDetail" data-provider="zoetispetsV2Locals" finished-at="2026-01-26T14:45:05 UTC" duration-ms="3580" status="PASS">
          <params>
            <param index="0">
              <value>
                <![CDATA[https://www.zoetispets.com/en-gb/dog-healthcare/skin-conditions-assessment/]]>
              </value>
            </param>
            <param index="1">
              <value>
                <![CDATA[Dog Skin Conditions Assessment | Zoetis Pets]]>
              </value>
            </param>
            <param index="2">
              <value>
                <![CDATA[UK SKIN ASSESSMENT PAGE]]>
              </value>
            </param>
          </params>
          <reporter-output>
          </reporter-output>
        </test-method> <!-- PracticeDetail -->
        <test-method signature="PracticeDetail(java.lang.String,java.lang.String,java.lang.String)[pri:1, instance:com.zoetispets.Tests@ec756bd]" started-at="2026-01-26T14:45:05 UTC" name="PracticeDetail" data-provider="zoetispetsV2Locals" finished-at="2026-01-26T14:45:09 UTC" duration-ms="4093" status="PASS">
          <params>
            <param index="0">
              <value>
                <![CDATA[https://www.zoetispets.com/en-au/dog-healthcare/skin-conditions-assessment/]]>
              </value>
            </param>
            <param index="1">
              <value>
                <![CDATA[Dog Skin Conditions Assessment | Zoetis Pets]]>
              </value>
            </param>
            <param index="2">
              <value>
                <![CDATA[AU SKIN ASSESSMENT PAGE]]>
              </value>
            </param>
          </params>
          <reporter-output>
          </reporter-output>
        </test-method> <!-- PracticeDetail -->
        <test-method signature="PracticeDetail(java.lang.String,java.lang.String,java.lang.String)[pri:1, instance:com.zoetispets.Tests@ec756bd]" started-at="2026-01-26T14:45:09 UTC" name="PracticeDetail" data-provider="zoetispetsV2Locals" finished-at="2026-01-26T14:45:13 UTC" duration-ms="3941" status="PASS">
          <params>
            <param index="0">
              <value>
                <![CDATA[https://www.zoetispets.com/en-ca/dog-healthcare/skin-conditions-assessment/]]>
              </value>
            </param>
            <param index="1">
              <value>
                <![CDATA[Dog Skin Conditions Assessment | Zoetis Pets]]>
              </value>
            </param>
            <param index="2">
              <value>
                <![CDATA[CA SKIN ASSESSMENT PAGE]]>
              </value>
            </param>
          </params>
          <reporter-output>
          </reporter-output>
        </test-method> <!-- PracticeDetail -->
        <test-method signature="PracticeDetail(java.lang.String,java.lang.String,java.lang.String)[pri:1, instance:com.zoetispets.Tests@ec756bd]" started-at="2026-01-26T14:45:13 UTC" name="PracticeDetail" data-provider="zoetispetsV2Locals" finished-at="2026-01-26T14:45:16 UTC" duration-ms="3252" status="PASS">
          <params>
            <param index="0">
              <value>
                <![CDATA[https://www.zoetispets.com/fr-ca/chien-soins/arthrose-quiz/]]>
              </value>
            </param>
            <param index="1">
              <value>
                <![CDATA[Questionnaire sur l’arthrose du chien | Zoetis Pets]]>
              </value>
            </param>
            <param index="2">
              <value>
                <![CDATA[CA-FR ARTHRITIS ASSESSMENT PAGE]]>
              </value>
            </param>
          </params>
          <reporter-output>
          </reporter-output>
        </test-method> <!-- PracticeDetail -->
        <test-method signature="PracticeDetail(java.lang.String,java.lang.String,java.lang.String)[pri:1, instance:com.zoetispets.Tests@ec756bd]" started-at="2026-01-26T14:45:16 UTC" name="PracticeDetail" data-provider="zoetispetsV2Locals" finished-at="2026-01-26T14:45:19 UTC" duration-ms="3173" status="FAIL">
          <params>
            <param index="0">
              <value>
                <![CDATA[https://www.zoetisetcompagnie.com/fr-fr/sante-du-chien/arthrose-quiz/]]>
              </value>
            </param>
            <param index="1">
              <value>
                <![CDATA[Évaluation de l’arthrose chez le chien | Zoetis Pets]]>
              </value>
            </param>
            <param index="2">
              <value>
                <![CDATA[FR ARTHRITIS ASSESSMENT PAGE]]>
              </value>
            </param>
          </params>
          <exception class="java.lang.AssertionError">
            <message>
              <![CDATA[expected [Évaluation de l’arthrose chez le chien | Zoetis Pets] but found [The resource cannot be found.]]]>
            </message>
            <full-stacktrace>
              <![CDATA[java.lang.AssertionError: expected [Évaluation de l’arthrose chez le chien | Zoetis Pets] but found [The resource cannot be found.]
at org.testng.Assert.fail(Assert.java:111)
at org.testng.Assert.failNotEquals(Assert.java:1578)
at org.testng.Assert.assertEqualsImpl(Assert.java:150)
at org.testng.Assert.assertEquals(Assert.java:132)
at org.testng.Assert.assertEquals(Assert.java:656)
at org.testng.Assert.assertEquals(Assert.java:666)
at com.zoetispets.Tests.PracticeDetail(Tests.java:69)
at jdk.internal.reflect.GeneratedMethodAccessor2.invoke(Unknown Source)
at java.base/jdk.internal.reflect.DelegatingMethodAccessorImpl.invoke(DelegatingMethodAccessorImpl.java:43)
at java.base/java.lang.reflect.Method.invoke(Method.java:569)
at org.testng.internal.invokers.MethodInvocationHelper.invokeMethod(MethodInvocationHelper.java:141)
at org.testng.internal.invokers.TestInvoker.invokeMethod(TestInvoker.java:686)
at org.testng.internal.invokers.TestInvoker.invokeTestMethod(TestInvoker.java:230)
at org.testng.internal.invokers.MethodRunner.runInSequence(MethodRunner.java:63)
at org.testng.internal.invokers.TestInvoker$MethodInvocationAgent.invoke(TestInvoker.java:992)
at org.testng.internal.invokers.TestInvoker.invokeTestMethods(TestInvoker.java:203)
at org.testng.internal.invokers.TestMethodWorker.invokeTestMethods(TestMethodWorker.java:154)
at org.testng.internal.invokers.TestMethodWorker.run(TestMethodWorker.java:134)
at java.base/java.util.ArrayList.forEach(ArrayList.java:1511)
at org.testng.TestRunner.privateRun(TestRunner.java:739)
at org.testng.TestRunner.run(TestRunner.java:614)
at org.testng.SuiteRunner.runTest(SuiteRunner.java:421)
at org.testng.SuiteRunner.runSequentially(SuiteRunner.java:413)
at org.testng.SuiteRunner.privateRun(SuiteRunner.java:373)
at org.testng.SuiteRunner.run(SuiteRunner.java:312)
at org.testng.SuiteRunnerWorker.runSuite(SuiteRunnerWorker.java:52)
at org.testng.SuiteRunnerWorker.run(SuiteRunnerWorker.java:95)
at org.testng.TestNG.runSuitesSequentially(TestNG.java:1274)
at org.testng.TestNG.runSuitesLocally(TestNG.java:1208)
at org.testng.TestNG.runSuites(TestNG.java:1112)
at org.testng.TestNG.run(TestNG.java:1079)
at org.apache.maven.surefire.testng.TestNGExecutor.run(TestNGExecutor.java:155)
at org.apache.maven.surefire.testng.TestNGDirectoryTestSuite.executeMulti(TestNGDirectoryTestSuite.java:169)
at org.apache.maven.surefire.testng.TestNGDirectoryTestSuite.execute(TestNGDirectoryTestSuite.java:88)
at org.apache.maven.surefire.testng.TestNGProvider.invoke(TestNGProvider.java:137)
at org.apache.maven.surefire.booter.ForkedBooter.runSuitesInProcess(ForkedBooter.java:385)
at org.apache.maven.surefire.booter.ForkedBooter.execute(ForkedBooter.java:162)
at org.apache.maven.surefire.booter.ForkedBooter.run(ForkedBooter.java:507)
at org.apache.maven.surefire.booter.ForkedBooter.main(ForkedBooter.java:495)
]]>
            </full-stacktrace>
          </exception> <!-- java.lang.AssertionError -->
          <reporter-output>
          </reporter-output>
        </test-method> <!-- PracticeDetail -->
        <test-method signature="PracticeDetail(java.lang.String,java.lang.String,java.lang.String)[pri:1, instance:com.zoetispets.Tests@ec756bd]" started-at="2026-01-26T14:45:19 UTC" name="PracticeDetail" data-provider="zoetispetsV2Locals" finished-at="2026-01-26T14:45:23 UTC" duration-ms="3965" status="PASS">
          <params>
            <param index="0">
              <value>
                <![CDATA[https://www.zoetispets.com/fr-ca/chien-soins/dermatologie-evaluation/]]>
              </value>
            </param>
            <param index="1">
              <value>
                <![CDATA[Évaluation de la peau du chien | Zoetis Pets]]>
              </value>
            </param>
            <param index="2">
              <value>
                <![CDATA[CA-FR SKIN ASSESSMENT PAGE]]>
              </value>
            </param>
          </params>
          <reporter-output>
          </reporter-output>
        </test-method> <!-- PracticeDetail -->
        <test-method signature="PracticeDetail(java.lang.String,java.lang.String,java.lang.String)[pri:1, instance:com.zoetispets.Tests@ec756bd]" started-at="2026-01-26T14:45:23 UTC" name="PracticeDetail" data-provider="zoetispetsV2Locals" finished-at="2026-01-26T14:45:27 UTC" duration-ms="3756" status="PASS">
          <params>
            <param index="0">
              <value>
                <![CDATA[https://www.zoetisetcompagnie.com/fr-fr/sante-du-chien/dermatologie-evaluation/]]>
              </value>
            </param>
            <param index="1">
              <value>
                <![CDATA[Évaluation des problèmes de peau chez le chien | Zoetis Pets]]>
              </value>
            </param>
            <param index="2">
              <value>
                <![CDATA[FR SKIN ASSESSMENT PAGE]]>
              </value>
            </param>
          </params>
          <reporter-output>
          </reporter-output>
        </test-method> <!-- PracticeDetail -->
        <test-method signature="PracticeDetail(java.lang.String,java.lang.String,java.lang.String)[pri:1, instance:com.zoetispets.Tests@ec756bd]" started-at="2026-01-26T14:45:27 UTC" name="PracticeDetail" data-provider="zoetispetsV2Locals" finished-at="2026-01-26T14:45:30 UTC" duration-ms="3692" status="PASS">
          <params>
            <param index="0">
              <value>
                <![CDATA[https://www.zoetispets.com/de-de/hund-gesundheit/arthrose-quiz/]]>
              </value>
            </param>
            <param index="1">
              <value>
                <![CDATA[Online-Test zu Arthrose beim Hund | Zoetis Pets]]>
              </value>
            </param>
            <param index="2">
              <value>
                <![CDATA[DE ARTHRITIS ASSESSMENT PAGE]]>
              </value>
            </param>
          </params>
          <reporter-output>
          </reporter-output>
        </test-method> <!-- PracticeDetail -->
        <test-method signature="PracticeDetail(java.lang.String,java.lang.String,java.lang.String)[pri:1, instance:com.zoetispets.Tests@ec756bd]" started-at="2026-01-26T14:45:30 UTC" name="PracticeDetail" data-provider="zoetispetsV2Locals" finished-at="2026-01-26T14:45:34 UTC" duration-ms="3241" status="PASS">
          <params>
            <param index="0">
              <value>
                <![CDATA[https://www.zoetispets.com/de-de/hund-gesundheit/juckreiz-test/]]>
              </value>
            </param>
            <param index="1">
              <value>
                <![CDATA[Hautprobleme beim Hund | Zoetis Pets]]>
              </value>
            </param>
            <param index="2">
              <value>
                <![CDATA[DE SKIN ASSESSMENT PAGE]]>
              </value>
            </param>
          </params>
          <reporter-output>
          </reporter-output>
        </test-method> <!-- PracticeDetail -->
        <test-method signature="PracticeDetail(java.lang.String,java.lang.String,java.lang.String)[pri:1, instance:com.zoetispets.Tests@ec756bd]" started-at="2026-01-26T14:45:34 UTC" name="PracticeDetail" data-provider="zoetispetsV2Locals" finished-at="2026-01-26T14:45:37 UTC" duration-ms="3253" status="PASS">
          <params>
            <param index="0">
              <value>
                <![CDATA[https://www.zoetispets.com/es-es/perro-salud/artrosis-quiz/]]>
              </value>
            </param>
            <param index="1">
              <value>
                <![CDATA[Evaluación de la artrosis en perros | Zoetis Pets]]>
              </value>
            </param>
            <param index="2">
              <value>
                <![CDATA[ES ARTHRITIS ASSESSMENT PAGE]]>
              </value>
            </param>
          </params>
          <reporter-output>
          </reporter-output>
        </test-method> <!-- PracticeDetail -->
        <test-method signature="PracticeDetail(java.lang.String,java.lang.String,java.lang.String)[pri:1, instance:com.zoetispets.Tests@ec756bd]" started-at="2026-01-26T14:45:37 UTC" name="PracticeDetail" data-provider="zoetispetsV2Locals" finished-at="2026-01-26T14:45:40 UTC" duration-ms="3282" status="PASS">
          <params>
            <param index="0">
              <value>
                <![CDATA[https://www.zoetispets.com/es-es/perro-salud/problemas-de-piel-evaluacion/]]>
              </value>
            </param>
            <param index="1">
              <value>
                <![CDATA[Evaluación de problemas de la piel en perros | Zoetis Pets]]>
              </value>
            </param>
            <param index="2">
              <value>
                <![CDATA[ES SKIN ASSESSMENT PAGE]]>
              </value>
            </param>
          </params>
          <reporter-output>
          </reporter-output>
        </test-method> <!-- PracticeDetail -->
        <test-method signature="PracticeDetail(java.lang.String,java.lang.String,java.lang.String)[pri:1, instance:com.zoetispets.Tests@ec756bd]" started-at="2026-01-26T14:45:40 UTC" name="PracticeDetail" data-provider="zoetispetsV2Locals" finished-at="2026-01-26T14:45:44 UTC" duration-ms="3329" status="PASS">
          <params>
            <param index="0">
              <value>
                <![CDATA[https://www.zoetispets.com/it-it/salute-cane/dolore-articolare-quiz/]]>
              </value>
            </param>
            <param index="1">
              <value>
                <![CDATA[Test del dolore articolare nel cane | Zoetis Pets]]>
              </value>
            </param>
            <param index="2">
              <value>
                <![CDATA[IT ARTHRITIS ASSESSMENT PAGE]]>
              </value>
            </param>
          </params>
          <reporter-output>
          </reporter-output>
        </test-method> <!-- PracticeDetail -->
        <test-method signature="PracticeDetail(java.lang.String,java.lang.String,java.lang.String)[pri:1, instance:com.zoetispets.Tests@ec756bd]" started-at="2026-01-26T14:45:44 UTC" name="PracticeDetail" data-provider="zoetispetsV2Locals" finished-at="2026-01-26T14:45:47 UTC" duration-ms="3304" status="PASS">
          <params>
            <param index="0">
              <value>
                <![CDATA[https://www.zoetispets.com/it-it/salute-cane/segni-di-problemi-cutanei-risultato/]]>
              </value>
            </param>
            <param index="1">
              <value>
                <![CDATA[Test del prurito del cane | Zoetis Pets]]>
              </value>
            </param>
            <param index="2">
              <value>
                <![CDATA[IT SKIN ASSESSMENT PAGE]]>
              </value>
            </param>
          </params>
          <reporter-output>
          </reporter-output>
        </test-method> <!-- PracticeDetail -->
        <test-method signature="PracticeDetail(java.lang.String,java.lang.String,java.lang.String)[pri:1, instance:com.zoetispets.Tests@ec756bd]" started-at="2026-01-26T14:45:47 UTC" name="PracticeDetail" data-provider="zoetispetsV2Locals" finished-at="2026-01-26T14:45:50 UTC" duration-ms="3337" status="PASS">
          <params>
            <param index="0">
              <value>
                <![CDATA[https://www.zoetispets.com/pl-pl/ochrona-zdrowia-psa/artretyzm-quiz/]]>
              </value>
            </param>
            <param index="1">
              <value>
                <![CDATA[Ankieta pod kątem osteoarthritis u psa | Zoetis Pets]]>
              </value>
            </param>
            <param index="2">
              <value>
                <![CDATA[PL ARTHRITIS ASSESSMENT PAGE]]>
              </value>
            </param>
          </params>
          <reporter-output>
          </reporter-output>
        </test-method> <!-- PracticeDetail -->
        <test-method signature="PracticeDetail(java.lang.String,java.lang.String,java.lang.String)[pri:1, instance:com.zoetispets.Tests@ec756bd]" started-at="2026-01-26T14:45:50 UTC" name="PracticeDetail" data-provider="zoetispetsV2Locals" finished-at="2026-01-26T14:45:54 UTC" duration-ms="3608" status="PASS">
          <params>
            <param index="0">
              <value>
                <![CDATA[https://www.zoetispets.com/pl-pl/ochrona-zdrowia-psa/choroby-skory-u-psa-ocena/]]>
              </value>
            </param>
            <param index="1">
              <value>
                <![CDATA[Ankieta dotycząca stanu skóry psa | Zoetis Pets]]>
              </value>
            </param>
            <param index="2">
              <value>
                <![CDATA[PL SKIN ASSESSMENT PAGE]]>
              </value>
            </param>
          </params>
          <reporter-output>
          </reporter-output>
        </test-method> <!-- PracticeDetail -->
        <test-method is-config="true" signature="tearDown()[pri:0, instance:com.zoetispets.Tests@ec756bd]" started-at="2026-01-26T14:45:54 UTC" name="tearDown" finished-at="2026-01-26T14:45:54 UTC" duration-ms="445" status="PASS">
          <reporter-output>
          </reporter-output>
        </test-method> <!-- tearDown -->
      </class> <!-- com.zoetispets.Tests -->
    </test> <!-- Surefire test -->
  </suite> <!-- Surefire suite -->
</testng-results>
