<?xml version="1.0" encoding="UTF-8"?>
<testng-results ignored="0" total="10" passed="10" failed="0" skipped="0">
  <reporter-output>
  </reporter-output>
  <suite started-at="2025-08-14T12:31:24 UTC" name="Surefire suite" finished-at="2025-08-14T12:31:37 UTC" duration-ms="13706">
    <groups>
    </groups>
    <test started-at="2025-08-14T12:31:24 UTC" name="Surefire test" finished-at="2025-08-14T12:31:37 UTC" duration-ms="13706">
      <class name="com.zoetispets.Tests">
        <test-method is-config="true" signature="setUp()[pri:0, instance:com.zoetispets.Tests@78e94dcf]" started-at="2025-08-14T12:31:24 UTC" name="setUp" finished-at="2025-08-14T12:31:33 UTC" duration-ms="9713" status="PASS">
          <reporter-output>
          </reporter-output>
        </test-method> <!-- setUp -->
        <test-method signature="PracticeDetail(java.lang.String,java.lang.String)[pri:1, instance:com.zoetispets.Tests@78e94dcf]" started-at="2025-08-14T12:31:33 UTC" name="PracticeDetail" data-provider="zoetispetsV2Locals" finished-at="2025-08-14T12:31:34 UTC" duration-ms="1087" status="PASS">
          <params>
            <param index="0">
              <value>
                <![CDATA[https://www.zoetispets.com/en-gb/]]>
              </value>
            </param>
            <param index="1">
              <value>
                <![CDATA[Zoetis Pets UK]]>
              </value>
            </param>
          </params>
          <reporter-output>
          </reporter-output>
        </test-method> <!-- PracticeDetail -->
        <test-method signature="PracticeDetail(java.lang.String,java.lang.String)[pri:1, instance:com.zoetispets.Tests@78e94dcf]" started-at="2025-08-14T12:31:34 UTC" name="PracticeDetail" data-provider="zoetispetsV2Locals" finished-at="2025-08-14T12:31:35 UTC" duration-ms="263" status="PASS">
          <params>
            <param index="0">
              <value>
                <![CDATA[https://www.zoetispets.com/en-au/]]>
              </value>
            </param>
            <param index="1">
              <value>
                <![CDATA[Zoetis Pets AU]]>
              </value>
            </param>
          </params>
          <reporter-output>
          </reporter-output>
        </test-method> <!-- PracticeDetail -->
        <test-method signature="PracticeDetail(java.lang.String,java.lang.String)[pri:1, instance:com.zoetispets.Tests@78e94dcf]" started-at="2025-08-14T12:31:35 UTC" name="PracticeDetail" data-provider="zoetispetsV2Locals" finished-at="2025-08-14T12:31:35 UTC" duration-ms="318" status="PASS">
          <params>
            <param index="0">
              <value>
                <![CDATA[https://www.zoetispets.com/de-de/]]>
              </value>
            </param>
            <param index="1">
              <value>
                <![CDATA[Zoetis Pets DE]]>
              </value>
            </param>
          </params>
          <reporter-output>
          </reporter-output>
        </test-method> <!-- PracticeDetail -->
        <test-method signature="PracticeDetail(java.lang.String,java.lang.String)[pri:1, instance:com.zoetispets.Tests@78e94dcf]" started-at="2025-08-14T12:31:35 UTC" name="PracticeDetail" data-provider="zoetispetsV2Locals" finished-at="2025-08-14T12:31:35 UTC" duration-ms="304" status="PASS">
          <params>
            <param index="0">
              <value>
                <![CDATA[https://www.zoetispets.com/it-it/]]>
              </value>
            </param>
            <param index="1">
              <value>
                <![CDATA[Zoetis Pets IT]]>
              </value>
            </param>
          </params>
          <reporter-output>
          </reporter-output>
        </test-method> <!-- PracticeDetail -->
        <test-method signature="PracticeDetail(java.lang.String,java.lang.String)[pri:1, instance:com.zoetispets.Tests@78e94dcf]" started-at="2025-08-14T12:31:35 UTC" name="PracticeDetail" data-provider="zoetispetsV2Locals" finished-at="2025-08-14T12:31:36 UTC" duration-ms="271" status="PASS">
          <params>
            <param index="0">
              <value>
                <![CDATA[https://www.zoetispets.com/es-es/]]>
              </value>
            </param>
            <param index="1">
              <value>
                <![CDATA[Zoetis Pets ES]]>
              </value>
            </param>
          </params>
          <reporter-output>
          </reporter-output>
        </test-method> <!-- PracticeDetail -->
        <test-method signature="PracticeDetail(java.lang.String,java.lang.String)[pri:1, instance:com.zoetispets.Tests@78e94dcf]" started-at="2025-08-14T12:31:36 UTC" name="PracticeDetail" data-provider="zoetispetsV2Locals" finished-at="2025-08-14T12:31:36 UTC" duration-ms="256" status="PASS">
          <params>
            <param index="0">
              <value>
                <![CDATA[https://www.zoetispets.com/pl-pl/]]>
              </value>
            </param>
            <param index="1">
              <value>
                <![CDATA[Zoetis Pets PL]]>
              </value>
            </param>
          </params>
          <reporter-output>
          </reporter-output>
        </test-method> <!-- PracticeDetail -->
        <test-method signature="PracticeDetail(java.lang.String,java.lang.String)[pri:1, instance:com.zoetispets.Tests@78e94dcf]" started-at="2025-08-14T12:31:36 UTC" name="PracticeDetail" data-provider="zoetispetsV2Locals" finished-at="2025-08-14T12:31:36 UTC" duration-ms="268" status="PASS">
          <params>
            <param index="0">
              <value>
                <![CDATA[https://www.zoetispets.com/en-ca/]]>
              </value>
            </param>
            <param index="1">
              <value>
                <![CDATA[Zoetis Pets CA]]>
              </value>
            </param>
          </params>
          <reporter-output>
          </reporter-output>
        </test-method> <!-- PracticeDetail -->
        <test-method signature="PracticeDetail(java.lang.String,java.lang.String)[pri:1, instance:com.zoetispets.Tests@78e94dcf]" started-at="2025-08-14T12:31:36 UTC" name="PracticeDetail" data-provider="zoetispetsV2Locals" finished-at="2025-08-14T12:31:36 UTC" duration-ms="262" status="PASS">
          <params>
            <param index="0">
              <value>
                <![CDATA[https://www.zoetispets.com/fr-ca/]]>
              </value>
            </param>
            <param index="1">
              <value>
                <![CDATA[Zoetis Pets CA]]>
              </value>
            </param>
          </params>
          <reporter-output>
          </reporter-output>
        </test-method> <!-- PracticeDetail -->
        <test-method signature="PracticeDetail(java.lang.String,java.lang.String)[pri:1, instance:com.zoetispets.Tests@78e94dcf]" started-at="2025-08-14T12:31:36 UTC" name="PracticeDetail" data-provider="zoetispetsV2Locals" finished-at="2025-08-14T12:31:37 UTC" duration-ms="257" status="PASS">
          <params>
            <param index="0">
              <value>
                <![CDATA[https://www.zoetispets.com/fr-fr/]]>
              </value>
            </param>
            <param index="1">
              <value>
                <![CDATA[Zoetis Pets FR]]>
              </value>
            </param>
          </params>
          <reporter-output>
          </reporter-output>
        </test-method> <!-- PracticeDetail -->
        <test-method signature="PracticeDetail(java.lang.String,java.lang.String)[pri:1, instance:com.zoetispets.Tests@78e94dcf]" started-at="2025-08-14T12:31:37 UTC" name="PracticeDetail" data-provider="zoetispetsV2Locals" finished-at="2025-08-14T12:31:37 UTC" duration-ms="253" status="PASS">
          <params>
            <param index="0">
              <value>
                <![CDATA[https://www.zoetispets.com/pt-br/produtos/librela/]]>
              </value>
            </param>
            <param index="1">
              <value>
                <![CDATA[Librela® para cães | Zoetis Pets]]>
              </value>
            </param>
          </params>
          <reporter-output>
          </reporter-output>
        </test-method> <!-- PracticeDetail -->
        <test-method is-config="true" signature="tearDown()[pri:0, instance:com.zoetispets.Tests@78e94dcf]" started-at="2025-08-14T12:31:37 UTC" name="tearDown" finished-at="2025-08-14T12:31:37 UTC" duration-ms="412" status="PASS">
          <reporter-output>
          </reporter-output>
        </test-method> <!-- tearDown -->
      </class> <!-- com.zoetispets.Tests -->
    </test> <!-- Surefire test -->
  </suite> <!-- Surefire suite -->
</testng-results>
