<?xml version="1.0" encoding="UTF-8"?>
<!-- Generated by org.testng.reporters.JUnitXMLReporter -->
<testsuite ignored="0" hostname="runnervmeorf1" failures="0" tests="31" name="Surefire test" time="111.61" errors="0" timestamp="2026-05-13T08:17:41 UTC">
  <testcase classname="com.zoetispets.Tests" name="PracticeDetail" time="4.154"/>
  <testcase classname="com.zoetispets.Tests" name="PracticeDetail" time="3.457"/>
  <testcase classname="com.zoetispets.Tests" name="PracticeDetail" time="3.395"/>
  <testcase classname="com.zoetispets.Tests" name="PracticeDetail" time="3.398"/>
  <testcase classname="com.zoetispets.Tests" name="PracticeDetail" time="3.286"/>
  <testcase classname="com.zoetispets.Tests" name="PracticeDetail" time="3.357"/>
  <testcase classname="com.zoetispets.Tests" name="PracticeDetail" time="3.345"/>
  <testcase classname="com.zoetispets.Tests" name="PracticeDetail" time="3.304"/>
  <testcase classname="com.zoetispets.Tests" name="PracticeDetail" time="3.972"/>
  <testcase classname="com.zoetispets.Tests" name="PracticeDetail" time="3.417"/>
  <testcase classname="com.zoetispets.Tests" name="PracticeDetail" time="3.913"/>
  <testcase classname="com.zoetispets.Tests" name="PracticeDetail" time="3.214"/>
  <testcase classname="com.zoetispets.Tests" name="PracticeDetail" time="3.279"/>
  <testcase classname="com.zoetispets.Tests" name="PracticeDetail" time="3.349"/>
  <testcase classname="com.zoetispets.Tests" name="PracticeDetail" time="3.306"/>
  <testcase classname="com.zoetispets.Tests" name="PracticeDetail" time="3.635"/>
  <testcase classname="com.zoetispets.Tests" name="PracticeDetail" time="3.21"/>
  <testcase classname="com.zoetispets.Tests" name="PracticeDetail" time="3.859"/>
  <testcase classname="com.zoetispets.Tests" name="PracticeDetail" time="3.298"/>
  <testcase classname="com.zoetispets.Tests" name="PracticeDetail" time="4.051"/>
  <testcase classname="com.zoetispets.Tests" name="PracticeDetail" time="3.953"/>
  <testcase classname="com.zoetispets.Tests" name="PracticeDetail" time="3.39"/>
  <testcase classname="com.zoetispets.Tests" name="PracticeDetail" time="3.565"/>
  <testcase classname="com.zoetispets.Tests" name="PracticeDetail" time="3.292"/>
  <testcase classname="com.zoetispets.Tests" name="PracticeDetail" time="3.308"/>
  <testcase classname="com.zoetispets.Tests" name="PracticeDetail" time="3.276"/>
  <testcase classname="com.zoetispets.Tests" name="PracticeDetail" time="3.202"/>
  <testcase classname="com.zoetispets.Tests" name="PracticeDetail" time="3.277"/>
  <testcase classname="com.zoetispets.Tests" name="PracticeDetail" time="3.225"/>
  <testcase classname="com.zoetispets.Tests" name="PracticeDetail" time="3.205"/>
  <testcase classname="com.zoetispets.Tests" name="stageAuthTest" time="0.292"/>
</testsuite> <!-- Surefire test -->
