<?xml version="1.0" encoding="UTF-8"?>
<!-- Generated by org.testng.reporters.JUnitXMLReporter -->
<testsuite ignored="0" hostname="runnervmw9dnm" failures="30" tests="30" name="Surefire test" time="26.975" errors="0" timestamp="2025-11-14T05:43:58 UTC">
  <testcase classname="com.zoetispets.Tests" name="PracticeDetail" time="0.49">
    <failure type="java.lang.AssertionError" message="expected [Zoetis Pets UK] but found [ERROR: The request could not be satisfied]">
      <![CDATA[java.lang.AssertionError: expected [Zoetis Pets UK] but found [ERROR: The request could not be satisfied]
at com.zoetispets.Tests.PracticeDetail(Tests.java:68)
at java.base/java.util.ArrayList.forEach(ArrayList.java:1511)
... Removed 38 stack frames]]>
    </failure>
  </testcase> <!-- PracticeDetail -->
  <testcase classname="com.zoetispets.Tests" name="PracticeDetail" time="0.055">
    <failure type="java.lang.AssertionError" message="expected [Zoetis Pets AU] but found [ERROR: The request could not be satisfied]">
      <![CDATA[java.lang.AssertionError: expected [Zoetis Pets AU] but found [ERROR: The request could not be satisfied]
at com.zoetispets.Tests.PracticeDetail(Tests.java:68)
at java.base/java.util.ArrayList.forEach(ArrayList.java:1511)
... Removed 38 stack frames]]>
    </failure>
  </testcase> <!-- PracticeDetail -->
  <testcase classname="com.zoetispets.Tests" name="PracticeDetail" time="0.041">
    <failure type="java.lang.AssertionError" message="expected [Zoetis Pets DE] but found [ERROR: The request could not be satisfied]">
      <![CDATA[java.lang.AssertionError: expected [Zoetis Pets DE] but found [ERROR: The request could not be satisfied]
at com.zoetispets.Tests.PracticeDetail(Tests.java:68)
at java.base/java.util.ArrayList.forEach(ArrayList.java:1511)
... Removed 38 stack frames]]>
    </failure>
  </testcase> <!-- PracticeDetail -->
  <testcase classname="com.zoetispets.Tests" name="PracticeDetail" time="0.041">
    <failure type="java.lang.AssertionError" message="expected [Zoetis Pets IT] but found [ERROR: The request could not be satisfied]">
      <![CDATA[java.lang.AssertionError: expected [Zoetis Pets IT] but found [ERROR: The request could not be satisfied]
at com.zoetispets.Tests.PracticeDetail(Tests.java:68)
at java.base/java.util.ArrayList.forEach(ArrayList.java:1511)
... Removed 38 stack frames]]>
    </failure>
  </testcase> <!-- PracticeDetail -->
  <testcase classname="com.zoetispets.Tests" name="PracticeDetail" time="0.041">
    <failure type="java.lang.AssertionError" message="expected [Zoetis Pets ES] but found [ERROR: The request could not be satisfied]">
      <![CDATA[java.lang.AssertionError: expected [Zoetis Pets ES] but found [ERROR: The request could not be satisfied]
at com.zoetispets.Tests.PracticeDetail(Tests.java:68)
at java.base/java.util.ArrayList.forEach(ArrayList.java:1511)
... Removed 38 stack frames]]>
    </failure>
  </testcase> <!-- PracticeDetail -->
  <testcase classname="com.zoetispets.Tests" name="PracticeDetail" time="0.055">
    <failure type="java.lang.AssertionError" message="expected [Zoetis Pets PL] but found [ERROR: The request could not be satisfied]">
      <![CDATA[java.lang.AssertionError: expected [Zoetis Pets PL] but found [ERROR: The request could not be satisfied]
at com.zoetispets.Tests.PracticeDetail(Tests.java:68)
at java.base/java.util.ArrayList.forEach(ArrayList.java:1511)
... Removed 38 stack frames]]>
    </failure>
  </testcase> <!-- PracticeDetail -->
  <testcase classname="com.zoetispets.Tests" name="PracticeDetail" time="0.042">
    <failure type="java.lang.AssertionError" message="expected [Zoetis Pets CA] but found [ERROR: The request could not be satisfied]">
      <![CDATA[java.lang.AssertionError: expected [Zoetis Pets CA] but found [ERROR: The request could not be satisfied]
at com.zoetispets.Tests.PracticeDetail(Tests.java:68)
at java.base/java.util.ArrayList.forEach(ArrayList.java:1511)
... Removed 38 stack frames]]>
    </failure>
  </testcase> <!-- PracticeDetail -->
  <testcase classname="com.zoetispets.Tests" name="PracticeDetail" time="0.042">
    <failure type="java.lang.AssertionError" message="expected [Zoetis Pets CA] but found [ERROR: The request could not be satisfied]">
      <![CDATA[java.lang.AssertionError: expected [Zoetis Pets CA] but found [ERROR: The request could not be satisfied]
at com.zoetispets.Tests.PracticeDetail(Tests.java:68)
at java.base/java.util.ArrayList.forEach(ArrayList.java:1511)
... Removed 38 stack frames]]>
    </failure>
  </testcase> <!-- PracticeDetail -->
  <testcase classname="com.zoetispets.Tests" name="PracticeDetail" time="0.056">
    <failure type="java.lang.AssertionError" message="expected [Zoetis Pets FR] but found [ERROR: The request could not be satisfied]">
      <![CDATA[java.lang.AssertionError: expected [Zoetis Pets FR] but found [ERROR: The request could not be satisfied]
at com.zoetispets.Tests.PracticeDetail(Tests.java:68)
at java.base/java.util.ArrayList.forEach(ArrayList.java:1511)
... Removed 38 stack frames]]>
    </failure>
  </testcase> <!-- PracticeDetail -->
  <testcase classname="com.zoetispets.Tests" name="PracticeDetail" time="0.042">
    <failure type="java.lang.AssertionError" message="expected [Librela® para cães | Zoetis Pets] but found [ERROR: The request could not be satisfied]">
      <![CDATA[java.lang.AssertionError: expected [Librela® para cães | Zoetis Pets] but found [ERROR: The request could not be satisfied]
at com.zoetispets.Tests.PracticeDetail(Tests.java:68)
at java.base/java.util.ArrayList.forEach(ArrayList.java:1511)
... Removed 38 stack frames]]>
    </failure>
  </testcase> <!-- PracticeDetail -->
  <testcase classname="com.zoetispets.Tests" name="PracticeDetail" time="0.039">
    <failure type="java.lang.AssertionError" message="expected [Dog Arthritis Assessment | Zoetis Pets] but found [ERROR: The request could not be satisfied]">
      <![CDATA[java.lang.AssertionError: expected [Dog Arthritis Assessment | Zoetis Pets] but found [ERROR: The request could not be satisfied]
at com.zoetispets.Tests.PracticeDetail(Tests.java:68)
at java.base/java.util.ArrayList.forEach(ArrayList.java:1511)
... Removed 38 stack frames]]>
    </failure>
  </testcase> <!-- PracticeDetail -->
  <testcase classname="com.zoetispets.Tests" name="PracticeDetail" time="0.041">
    <failure type="java.lang.AssertionError" message="expected [Dog Arthritis Assessment | Zoetis Pets] but found [ERROR: The request could not be satisfied]">
      <![CDATA[java.lang.AssertionError: expected [Dog Arthritis Assessment | Zoetis Pets] but found [ERROR: The request could not be satisfied]
at com.zoetispets.Tests.PracticeDetail(Tests.java:68)
at java.base/java.util.ArrayList.forEach(ArrayList.java:1511)
... Removed 38 stack frames]]>
    </failure>
  </testcase> <!-- PracticeDetail -->
  <testcase classname="com.zoetispets.Tests" name="PracticeDetail" time="0.042">
    <failure type="java.lang.AssertionError" message="expected [Dog Arthritis Assessment | Zoetis Pets] but found [ERROR: The request could not be satisfied]">
      <![CDATA[java.lang.AssertionError: expected [Dog Arthritis Assessment | Zoetis Pets] but found [ERROR: The request could not be satisfied]
at com.zoetispets.Tests.PracticeDetail(Tests.java:68)
at java.base/java.util.ArrayList.forEach(ArrayList.java:1511)
... Removed 38 stack frames]]>
    </failure>
  </testcase> <!-- PracticeDetail -->
  <testcase classname="com.zoetispets.Tests" name="PracticeDetail" time="0.04">
    <failure type="java.lang.AssertionError" message="expected [Cat Arthritis Assessment | Zoetis Pets] but found [ERROR: The request could not be satisfied]">
      <![CDATA[java.lang.AssertionError: expected [Cat Arthritis Assessment | Zoetis Pets] but found [ERROR: The request could not be satisfied]
at com.zoetispets.Tests.PracticeDetail(Tests.java:68)
at java.base/java.util.ArrayList.forEach(ArrayList.java:1511)
... Removed 38 stack frames]]>
    </failure>
  </testcase> <!-- PracticeDetail -->
  <testcase classname="com.zoetispets.Tests" name="PracticeDetail" time="0.04">
    <failure type="java.lang.AssertionError" message="expected [Cat Arthritis Assessment | Zoetis Pets] but found [ERROR: The request could not be satisfied]">
      <![CDATA[java.lang.AssertionError: expected [Cat Arthritis Assessment | Zoetis Pets] but found [ERROR: The request could not be satisfied]
at com.zoetispets.Tests.PracticeDetail(Tests.java:68)
at java.base/java.util.ArrayList.forEach(ArrayList.java:1511)
... Removed 38 stack frames]]>
    </failure>
  </testcase> <!-- PracticeDetail -->
  <testcase classname="com.zoetispets.Tests" name="PracticeDetail" time="0.04">
    <failure type="java.lang.AssertionError" message="expected [Dog Skin Conditions Assessment | Zoetis Pets] but found [ERROR: The request could not be satisfied]">
      <![CDATA[java.lang.AssertionError: expected [Dog Skin Conditions Assessment | Zoetis Pets] but found [ERROR: The request could not be satisfied]
at com.zoetispets.Tests.PracticeDetail(Tests.java:68)
at java.base/java.util.ArrayList.forEach(ArrayList.java:1511)
... Removed 38 stack frames]]>
    </failure>
  </testcase> <!-- PracticeDetail -->
  <testcase classname="com.zoetispets.Tests" name="PracticeDetail" time="0.039">
    <failure type="java.lang.AssertionError" message="expected [Dog Skin Conditions Assessment | Zoetis Pets] but found [ERROR: The request could not be satisfied]">
      <![CDATA[java.lang.AssertionError: expected [Dog Skin Conditions Assessment | Zoetis Pets] but found [ERROR: The request could not be satisfied]
at com.zoetispets.Tests.PracticeDetail(Tests.java:68)
at java.base/java.util.ArrayList.forEach(ArrayList.java:1511)
... Removed 37 stack frames]]>
    </failure>
  </testcase> <!-- PracticeDetail -->
  <testcase classname="com.zoetispets.Tests" name="PracticeDetail" time="0.044">
    <failure type="java.lang.AssertionError" message="expected [Dog Skin Conditions Assessment | Zoetis Pets] but found [ERROR: The request could not be satisfied]">
      <![CDATA[java.lang.AssertionError: expected [Dog Skin Conditions Assessment | Zoetis Pets] but found [ERROR: The request could not be satisfied]
at com.zoetispets.Tests.PracticeDetail(Tests.java:68)
at java.base/java.util.ArrayList.forEach(ArrayList.java:1511)
... Removed 37 stack frames]]>
    </failure>
  </testcase> <!-- PracticeDetail -->
  <testcase classname="com.zoetispets.Tests" name="PracticeDetail" time="0.042">
    <failure type="java.lang.AssertionError" message="expected [Questionnaire sur l’arthrose du chien | Zoetis Pets] but found [ERROR: The request could not be satisfied]">
      <![CDATA[java.lang.AssertionError: expected [Questionnaire sur l’arthrose du chien | Zoetis Pets] but found [ERROR: The request could not be satisfied]
at com.zoetispets.Tests.PracticeDetail(Tests.java:68)
at java.base/java.util.ArrayList.forEach(ArrayList.java:1511)
... Removed 37 stack frames]]>
    </failure>
  </testcase> <!-- PracticeDetail -->
  <testcase classname="com.zoetispets.Tests" name="PracticeDetail" time="0.041">
    <failure type="java.lang.AssertionError" message="expected [Évaluation de l’arthrose chez le chien | Zoetis Pets] but found [ERROR: The request could not be satisfied]">
      <![CDATA[java.lang.AssertionError: expected [Évaluation de l’arthrose chez le chien | Zoetis Pets] but found [ERROR: The request could not be satisfied]
at com.zoetispets.Tests.PracticeDetail(Tests.java:68)
at java.base/java.util.ArrayList.forEach(ArrayList.java:1511)
... Removed 37 stack frames]]>
    </failure>
  </testcase> <!-- PracticeDetail -->
  <testcase classname="com.zoetispets.Tests" name="PracticeDetail" time="0.038">
    <failure type="java.lang.AssertionError" message="expected [Évaluation de la peau du chien | Zoetis Pets] but found [ERROR: The request could not be satisfied]">
      <![CDATA[java.lang.AssertionError: expected [Évaluation de la peau du chien | Zoetis Pets] but found [ERROR: The request could not be satisfied]
at com.zoetispets.Tests.PracticeDetail(Tests.java:68)
at java.base/java.util.ArrayList.forEach(ArrayList.java:1511)
... Removed 37 stack frames]]>
    </failure>
  </testcase> <!-- PracticeDetail -->
  <testcase classname="com.zoetispets.Tests" name="PracticeDetail" time="0.04">
    <failure type="java.lang.AssertionError" message="expected [Évaluation des problèmes de peau chez le chien | Zoetis Pets] but found [ERROR: The request could not be satisfied]">
      <![CDATA[java.lang.AssertionError: expected [Évaluation des problèmes de peau chez le chien | Zoetis Pets] but found [ERROR: The request could not be satisfied]
at com.zoetispets.Tests.PracticeDetail(Tests.java:68)
at java.base/java.util.ArrayList.forEach(ArrayList.java:1511)
... Removed 37 stack frames]]>
    </failure>
  </testcase> <!-- PracticeDetail -->
  <testcase classname="com.zoetispets.Tests" name="PracticeDetail" time="0.04">
    <failure type="java.lang.AssertionError" message="expected [Online-Test zu Arthrose beim Hund | Zoetis Pets] but found [ERROR: The request could not be satisfied]">
      <![CDATA[java.lang.AssertionError: expected [Online-Test zu Arthrose beim Hund | Zoetis Pets] but found [ERROR: The request could not be satisfied]
at com.zoetispets.Tests.PracticeDetail(Tests.java:68)
at java.base/java.util.ArrayList.forEach(ArrayList.java:1511)
... Removed 37 stack frames]]>
    </failure>
  </testcase> <!-- PracticeDetail -->
  <testcase classname="com.zoetispets.Tests" name="PracticeDetail" time="0.039">
    <failure type="java.lang.AssertionError" message="expected [Hautprobleme beim Hund | Zoetis Pets] but found [ERROR: The request could not be satisfied]">
      <![CDATA[java.lang.AssertionError: expected [Hautprobleme beim Hund | Zoetis Pets] but found [ERROR: The request could not be satisfied]
at com.zoetispets.Tests.PracticeDetail(Tests.java:68)
at java.base/java.util.ArrayList.forEach(ArrayList.java:1511)
... Removed 37 stack frames]]>
    </failure>
  </testcase> <!-- PracticeDetail -->
  <testcase classname="com.zoetispets.Tests" name="PracticeDetail" time="0.041">
    <failure type="java.lang.AssertionError" message="expected [Evaluación de la artrosis en perros | Zoetis Pets] but found [ERROR: The request could not be satisfied]">
      <![CDATA[java.lang.AssertionError: expected [Evaluación de la artrosis en perros | Zoetis Pets] but found [ERROR: The request could not be satisfied]
at com.zoetispets.Tests.PracticeDetail(Tests.java:68)
at java.base/java.util.ArrayList.forEach(ArrayList.java:1511)
... Removed 37 stack frames]]>
    </failure>
  </testcase> <!-- PracticeDetail -->
  <testcase classname="com.zoetispets.Tests" name="PracticeDetail" time="0.038">
    <failure type="java.lang.AssertionError" message="expected [Evaluación de problemas de la piel en perros | Zoetis Pets] but found [ERROR: The request could not be satisfied]">
      <![CDATA[java.lang.AssertionError: expected [Evaluación de problemas de la piel en perros | Zoetis Pets] but found [ERROR: The request could not be satisfied]
at com.zoetispets.Tests.PracticeDetail(Tests.java:68)
at java.base/java.util.ArrayList.forEach(ArrayList.java:1511)
... Removed 37 stack frames]]>
    </failure>
  </testcase> <!-- PracticeDetail -->
  <testcase classname="com.zoetispets.Tests" name="PracticeDetail" time="0.04">
    <failure type="java.lang.AssertionError" message="expected [Test del dolore articolare nel cane | Zoetis Pets] but found [ERROR: The request could not be satisfied]">
      <![CDATA[java.lang.AssertionError: expected [Test del dolore articolare nel cane | Zoetis Pets] but found [ERROR: The request could not be satisfied]
at com.zoetispets.Tests.PracticeDetail(Tests.java:68)
at java.base/java.util.ArrayList.forEach(ArrayList.java:1511)
... Removed 37 stack frames]]>
    </failure>
  </testcase> <!-- PracticeDetail -->
  <testcase classname="com.zoetispets.Tests" name="PracticeDetail" time="0.039">
    <failure type="java.lang.AssertionError" message="expected [Test del prurito del cane | Zoetis Pets] but found [ERROR: The request could not be satisfied]">
      <![CDATA[java.lang.AssertionError: expected [Test del prurito del cane | Zoetis Pets] but found [ERROR: The request could not be satisfied]
at com.zoetispets.Tests.PracticeDetail(Tests.java:68)
at java.base/java.util.ArrayList.forEach(ArrayList.java:1511)
... Removed 37 stack frames]]>
    </failure>
  </testcase> <!-- PracticeDetail -->
  <testcase classname="com.zoetispets.Tests" name="PracticeDetail" time="0.041">
    <failure type="java.lang.AssertionError" message="expected [Ankieta pod kątem osteoarthritis u psa | Zoetis Pets] but found [ERROR: The request could not be satisfied]">
      <![CDATA[java.lang.AssertionError: expected [Ankieta pod kątem osteoarthritis u psa | Zoetis Pets] but found [ERROR: The request could not be satisfied]
at com.zoetispets.Tests.PracticeDetail(Tests.java:68)
at java.base/java.util.ArrayList.forEach(ArrayList.java:1511)
... Removed 37 stack frames]]>
    </failure>
  </testcase> <!-- PracticeDetail -->
  <testcase classname="com.zoetispets.Tests" name="PracticeDetail" time="0.04">
    <failure type="java.lang.AssertionError" message="expected [Ankieta dotycząca stanu skóry psa | Zoetis Pets] but found [ERROR: The request could not be satisfied]">
      <![CDATA[java.lang.AssertionError: expected [Ankieta dotycząca stanu skóry psa | Zoetis Pets] but found [ERROR: The request could not be satisfied]
at com.zoetispets.Tests.PracticeDetail(Tests.java:68)
at java.base/java.util.ArrayList.forEach(ArrayList.java:1511)
... Removed 37 stack frames]]>
    </failure>
  </testcase> <!-- PracticeDetail -->
</testsuite> <!-- Surefire test -->
