<?xml version="1.0" encoding="UTF-8"?>
<!-- Generated by org.testng.reporters.JUnitXMLReporter -->
<testsuite ignored="0" hostname="runnervm6qbrg" failures="0" tests="30" name="Surefire test" time="31.484" errors="0" timestamp="2025-12-12T05:47:34 UTC">
  <testcase classname="com.zoetispets.Tests" name="PracticeDetail" time="1.35"/>
  <testcase classname="com.zoetispets.Tests" name="PracticeDetail" time="0.486"/>
  <testcase classname="com.zoetispets.Tests" name="PracticeDetail" time="1.344"/>
  <testcase classname="com.zoetispets.Tests" name="PracticeDetail" time="0.292"/>
  <testcase classname="com.zoetispets.Tests" name="PracticeDetail" time="0.251"/>
  <testcase classname="com.zoetispets.Tests" name="PracticeDetail" time="0.295"/>
  <testcase classname="com.zoetispets.Tests" name="PracticeDetail" time="0.296"/>
  <testcase classname="com.zoetispets.Tests" name="PracticeDetail" time="0.314"/>
  <testcase classname="com.zoetispets.Tests" name="PracticeDetail" time="0.39"/>
  <testcase classname="com.zoetispets.Tests" name="PracticeDetail" time="0.445"/>
  <testcase classname="com.zoetispets.Tests" name="PracticeDetail" time="1.438"/>
  <testcase classname="com.zoetispets.Tests" name="PracticeDetail" time="1.006"/>
  <testcase classname="com.zoetispets.Tests" name="PracticeDetail" time="0.837"/>
  <testcase classname="com.zoetispets.Tests" name="PracticeDetail" time="0.307"/>
  <testcase classname="com.zoetispets.Tests" name="PracticeDetail" time="0.836"/>
  <testcase classname="com.zoetispets.Tests" name="PracticeDetail" time="0.701"/>
  <testcase classname="com.zoetispets.Tests" name="PracticeDetail" time="0.716"/>
  <testcase classname="com.zoetispets.Tests" name="PracticeDetail" time="0.711"/>
  <testcase classname="com.zoetispets.Tests" name="PracticeDetail" time="0.773"/>
  <testcase classname="com.zoetispets.Tests" name="PracticeDetail" time="0.377"/>
  <testcase classname="com.zoetispets.Tests" name="PracticeDetail" time="0.77"/>
  <testcase classname="com.zoetispets.Tests" name="PracticeDetail" time="0.722"/>
  <testcase classname="com.zoetispets.Tests" name="PracticeDetail" time="0.292"/>
  <testcase classname="com.zoetispets.Tests" name="PracticeDetail" time="0.742"/>
  <testcase classname="com.zoetispets.Tests" name="PracticeDetail" time="0.86"/>
  <testcase classname="com.zoetispets.Tests" name="PracticeDetail" time="0.742"/>
  <testcase classname="com.zoetispets.Tests" name="PracticeDetail" time="0.444"/>
  <testcase classname="com.zoetispets.Tests" name="PracticeDetail" time="0.346"/>
  <testcase classname="com.zoetispets.Tests" name="PracticeDetail" time="0.903"/>
  <testcase classname="com.zoetispets.Tests" name="PracticeDetail" time="0.575"/>
</testsuite> <!-- Surefire test -->
