<?xml version="1.0" encoding="UTF-8"?>
<!-- Generated by org.testng.reporters.JUnitXMLReporter -->
<testsuite ignored="0" hostname="runnervmmtnos" failures="0" tests="30" name="Surefire test" time="33.501" errors="0" timestamp="2026-01-18T05:48:34 UTC">
  <testcase classname="com.zoetispets.Tests" name="PracticeDetail" time="2.443"/>
  <testcase classname="com.zoetispets.Tests" name="PracticeDetail" time="0.299"/>
  <testcase classname="com.zoetispets.Tests" name="PracticeDetail" time="0.242"/>
  <testcase classname="com.zoetispets.Tests" name="PracticeDetail" time="0.261"/>
  <testcase classname="com.zoetispets.Tests" name="PracticeDetail" time="0.267"/>
  <testcase classname="com.zoetispets.Tests" name="PracticeDetail" time="0.261"/>
  <testcase classname="com.zoetispets.Tests" name="PracticeDetail" time="0.248"/>
  <testcase classname="com.zoetispets.Tests" name="PracticeDetail" time="0.266"/>
  <testcase classname="com.zoetispets.Tests" name="PracticeDetail" time="0.241"/>
  <testcase classname="com.zoetispets.Tests" name="PracticeDetail" time="0.255"/>
  <testcase classname="com.zoetispets.Tests" name="PracticeDetail" time="0.998"/>
  <testcase classname="com.zoetispets.Tests" name="PracticeDetail" time="0.384"/>
  <testcase classname="com.zoetispets.Tests" name="PracticeDetail" time="0.38"/>
  <testcase classname="com.zoetispets.Tests" name="PracticeDetail" time="2.455"/>
  <testcase classname="com.zoetispets.Tests" name="PracticeDetail" time="1.309"/>
  <testcase classname="com.zoetispets.Tests" name="PracticeDetail" time="0.715"/>
  <testcase classname="com.zoetispets.Tests" name="PracticeDetail" time="0.697"/>
  <testcase classname="com.zoetispets.Tests" name="PracticeDetail" time="0.514"/>
  <testcase classname="com.zoetispets.Tests" name="PracticeDetail" time="0.452"/>
  <testcase classname="com.zoetispets.Tests" name="PracticeDetail" time="0.566"/>
  <testcase classname="com.zoetispets.Tests" name="PracticeDetail" time="0.447"/>
  <testcase classname="com.zoetispets.Tests" name="PracticeDetail" time="0.885"/>
  <testcase classname="com.zoetispets.Tests" name="PracticeDetail" time="0.963"/>
  <testcase classname="com.zoetispets.Tests" name="PracticeDetail" time="0.648"/>
  <testcase classname="com.zoetispets.Tests" name="PracticeDetail" time="0.532"/>
  <testcase classname="com.zoetispets.Tests" name="PracticeDetail" time="0.331"/>
  <testcase classname="com.zoetispets.Tests" name="PracticeDetail" time="0.809"/>
  <testcase classname="com.zoetispets.Tests" name="PracticeDetail" time="0.589"/>
  <testcase classname="com.zoetispets.Tests" name="PracticeDetail" time="0.436"/>
  <testcase classname="com.zoetispets.Tests" name="PracticeDetail" time="0.512"/>
</testsuite> <!-- Surefire test -->
