<?xml version="1.0" encoding="UTF-8"?>
<!-- Generated by org.testng.reporters.JUnitXMLReporter -->
<testsuite ignored="0" hostname="runnervmymu0l" failures="1" tests="30" name="Surefire test" time="22.2" errors="0" timestamp="2026-01-26T06:07:53 UTC">
  <testcase classname="com.zoetispets.Tests" name="PracticeDetail" time="1.029"/>
  <testcase classname="com.zoetispets.Tests" name="PracticeDetail" time="0.389"/>
  <testcase classname="com.zoetispets.Tests" name="PracticeDetail" time="0.281"/>
  <testcase classname="com.zoetispets.Tests" name="PracticeDetail" time="0.246"/>
  <testcase classname="com.zoetispets.Tests" name="PracticeDetail" time="0.227"/>
  <testcase classname="com.zoetispets.Tests" name="PracticeDetail" time="0.259"/>
  <testcase classname="com.zoetispets.Tests" name="PracticeDetail" time="0.241"/>
  <testcase classname="com.zoetispets.Tests" name="PracticeDetail" time="0.238"/>
  <testcase classname="com.zoetispets.Tests" name="PracticeDetail" time="0.964"/>
  <testcase classname="com.zoetispets.Tests" name="PracticeDetail" time="0.295"/>
  <testcase classname="com.zoetispets.Tests" name="PracticeDetail" time="3.696"/>
  <testcase classname="com.zoetispets.Tests" name="PracticeDetail" time="1.381"/>
  <testcase classname="com.zoetispets.Tests" name="PracticeDetail" time="0.462"/>
  <testcase classname="com.zoetispets.Tests" name="PracticeDetail" time="0.535"/>
  <testcase classname="com.zoetispets.Tests" name="PracticeDetail" time="0.906"/>
  <testcase classname="com.zoetispets.Tests" name="PracticeDetail" time="0.575"/>
  <testcase classname="com.zoetispets.Tests" name="PracticeDetail" time="0.7"/>
  <testcase classname="com.zoetispets.Tests" name="PracticeDetail" time="0.518"/>
  <testcase classname="com.zoetispets.Tests" name="PracticeDetail" time="0.826"/>
  <testcase classname="com.zoetispets.Tests" name="PracticeDetail" time="0.262">
    <failure type="java.lang.AssertionError" message="expected [Évaluation de l’arthrose chez le chien | Zoetis Pets] but found [The resource cannot be found.]">
      <![CDATA[java.lang.AssertionError: expected [Évaluation de l’arthrose chez le chien | Zoetis Pets] but found [The resource cannot be found.]
at com.zoetispets.Tests.PracticeDetail(Tests.java:68)
at java.base/java.util.ArrayList.forEach(ArrayList.java:1511)
... Removed 37 stack frames]]>
    </failure>
  </testcase> <!-- PracticeDetail -->
  <testcase classname="com.zoetispets.Tests" name="PracticeDetail" time="0.647"/>
  <testcase classname="com.zoetispets.Tests" name="PracticeDetail" time="0.756"/>
  <testcase classname="com.zoetispets.Tests" name="PracticeDetail" time="0.615"/>
  <testcase classname="com.zoetispets.Tests" name="PracticeDetail" time="0.335"/>
  <testcase classname="com.zoetispets.Tests" name="PracticeDetail" time="0.546"/>
  <testcase classname="com.zoetispets.Tests" name="PracticeDetail" time="0.453"/>
  <testcase classname="com.zoetispets.Tests" name="PracticeDetail" time="0.494"/>
  <testcase classname="com.zoetispets.Tests" name="PracticeDetail" time="0.414"/>
  <testcase classname="com.zoetispets.Tests" name="PracticeDetail" time="0.521"/>
  <testcase classname="com.zoetispets.Tests" name="PracticeDetail" time="0.327"/>
</testsuite> <!-- Surefire test -->
