<?xml version="1.0" encoding="UTF-8"?>
<!-- Generated by org.testng.reporters.JUnitXMLReporter -->
<testsuite ignored="0" hostname="runnervmzvulz" failures="28" tests="31" name="Surefire test" time="105.147" errors="0" timestamp="2026-08-17T06:03:20 UTC">
  <testcase classname="com.zoetispets.Tests" name="PracticeDetail" time="3.295">
    <failure type="java.lang.AssertionError" message="expected [Zoetis Pets UK] but found [ERROR: The request could not be satisfied]">
      <![CDATA[java.lang.AssertionError: expected [Zoetis Pets UK] but found [ERROR: The request could not be satisfied]
at com.zoetispets.Tests.PracticeDetail(Tests.java:69)
at java.base/java.util.ArrayList.forEach(ArrayList.java:1511)
... Removed 38 stack frames]]>
    </failure>
  </testcase> <!-- PracticeDetail -->
  <testcase classname="com.zoetispets.Tests" name="PracticeDetail" time="3.031">
    <failure type="java.lang.AssertionError" message="expected [Zoetis Pets AU] but found [ERROR: The request could not be satisfied]">
      <![CDATA[java.lang.AssertionError: expected [Zoetis Pets AU] but found [ERROR: The request could not be satisfied]
at com.zoetispets.Tests.PracticeDetail(Tests.java:69)
at java.base/java.util.ArrayList.forEach(ArrayList.java:1511)
... Removed 38 stack frames]]>
    </failure>
  </testcase> <!-- PracticeDetail -->
  <testcase classname="com.zoetispets.Tests" name="PracticeDetail" time="3.032">
    <failure type="java.lang.AssertionError" message="expected [Zoetis Pets DE] but found [ERROR: The request could not be satisfied]">
      <![CDATA[java.lang.AssertionError: expected [Zoetis Pets DE] but found [ERROR: The request could not be satisfied]
at com.zoetispets.Tests.PracticeDetail(Tests.java:69)
at java.base/java.util.ArrayList.forEach(ArrayList.java:1511)
... Removed 38 stack frames]]>
    </failure>
  </testcase> <!-- PracticeDetail -->
  <testcase classname="com.zoetispets.Tests" name="PracticeDetail" time="3.03">
    <failure type="java.lang.AssertionError" message="expected [Zoetis Pets IT] but found [ERROR: The request could not be satisfied]">
      <![CDATA[java.lang.AssertionError: expected [Zoetis Pets IT] but found [ERROR: The request could not be satisfied]
at com.zoetispets.Tests.PracticeDetail(Tests.java:69)
at java.base/java.util.ArrayList.forEach(ArrayList.java:1511)
... Removed 38 stack frames]]>
    </failure>
  </testcase> <!-- PracticeDetail -->
  <testcase classname="com.zoetispets.Tests" name="PracticeDetail" time="3.033">
    <failure type="java.lang.AssertionError" message="expected [Zoetis Pets ES] but found [ERROR: The request could not be satisfied]">
      <![CDATA[java.lang.AssertionError: expected [Zoetis Pets ES] but found [ERROR: The request could not be satisfied]
at com.zoetispets.Tests.PracticeDetail(Tests.java:69)
at java.base/java.util.ArrayList.forEach(ArrayList.java:1511)
... Removed 38 stack frames]]>
    </failure>
  </testcase> <!-- PracticeDetail -->
  <testcase classname="com.zoetispets.Tests" name="PracticeDetail" time="3.033">
    <failure type="java.lang.AssertionError" message="expected [Zoetis Pets PL] but found [ERROR: The request could not be satisfied]">
      <![CDATA[java.lang.AssertionError: expected [Zoetis Pets PL] but found [ERROR: The request could not be satisfied]
at com.zoetispets.Tests.PracticeDetail(Tests.java:69)
at java.base/java.util.ArrayList.forEach(ArrayList.java:1511)
... Removed 38 stack frames]]>
    </failure>
  </testcase> <!-- PracticeDetail -->
  <testcase classname="com.zoetispets.Tests" name="PracticeDetail" time="3.03">
    <failure type="java.lang.AssertionError" message="expected [Zoetis Pets CA] but found [ERROR: The request could not be satisfied]">
      <![CDATA[java.lang.AssertionError: expected [Zoetis Pets CA] but found [ERROR: The request could not be satisfied]
at com.zoetispets.Tests.PracticeDetail(Tests.java:69)
at java.base/java.util.ArrayList.forEach(ArrayList.java:1511)
... Removed 38 stack frames]]>
    </failure>
  </testcase> <!-- PracticeDetail -->
  <testcase classname="com.zoetispets.Tests" name="PracticeDetail" time="3.033">
    <failure type="java.lang.AssertionError" message="expected [Zoetis Pets CA] but found [ERROR: The request could not be satisfied]">
      <![CDATA[java.lang.AssertionError: expected [Zoetis Pets CA] but found [ERROR: The request could not be satisfied]
at com.zoetispets.Tests.PracticeDetail(Tests.java:69)
at java.base/java.util.ArrayList.forEach(ArrayList.java:1511)
... Removed 38 stack frames]]>
    </failure>
  </testcase> <!-- PracticeDetail -->
  <testcase classname="com.zoetispets.Tests" name="PracticeDetail" time="4.181"/>
  <testcase classname="com.zoetispets.Tests" name="PracticeDetail" time="3.061">
    <failure type="java.lang.AssertionError" message="expected [Librela® para cães | Zoetis Pets] but found [ERROR: The request could not be satisfied]">
      <![CDATA[java.lang.AssertionError: expected [Librela® para cães | Zoetis Pets] but found [ERROR: The request could not be satisfied]
at com.zoetispets.Tests.PracticeDetail(Tests.java:69)
at java.base/java.util.ArrayList.forEach(ArrayList.java:1511)
... Removed 38 stack frames]]>
    </failure>
  </testcase> <!-- PracticeDetail -->
  <testcase classname="com.zoetispets.Tests" name="PracticeDetail" time="3.035">
    <failure type="java.lang.AssertionError" message="expected [Dog Arthritis Assessment | Zoetis Pets] but found [ERROR: The request could not be satisfied]">
      <![CDATA[java.lang.AssertionError: expected [Dog Arthritis Assessment | Zoetis Pets] but found [ERROR: The request could not be satisfied]
at com.zoetispets.Tests.PracticeDetail(Tests.java:69)
at java.base/java.util.ArrayList.forEach(ArrayList.java:1511)
... Removed 38 stack frames]]>
    </failure>
  </testcase> <!-- PracticeDetail -->
  <testcase classname="com.zoetispets.Tests" name="PracticeDetail" time="3.034">
    <failure type="java.lang.AssertionError" message="expected [Dog Arthritis Assessment | Zoetis Pets] but found [ERROR: The request could not be satisfied]">
      <![CDATA[java.lang.AssertionError: expected [Dog Arthritis Assessment | Zoetis Pets] but found [ERROR: The request could not be satisfied]
at com.zoetispets.Tests.PracticeDetail(Tests.java:69)
at java.base/java.util.ArrayList.forEach(ArrayList.java:1511)
... Removed 38 stack frames]]>
    </failure>
  </testcase> <!-- PracticeDetail -->
  <testcase classname="com.zoetispets.Tests" name="PracticeDetail" time="3.03">
    <failure type="java.lang.AssertionError" message="expected [Dog Arthritis Assessment | Zoetis Pets] but found [ERROR: The request could not be satisfied]">
      <![CDATA[java.lang.AssertionError: expected [Dog Arthritis Assessment | Zoetis Pets] but found [ERROR: The request could not be satisfied]
at com.zoetispets.Tests.PracticeDetail(Tests.java:69)
at java.base/java.util.ArrayList.forEach(ArrayList.java:1511)
... Removed 38 stack frames]]>
    </failure>
  </testcase> <!-- PracticeDetail -->
  <testcase classname="com.zoetispets.Tests" name="PracticeDetail" time="3.033">
    <failure type="java.lang.AssertionError" message="expected [Cat Arthritis Assessment | Zoetis Pets] but found [ERROR: The request could not be satisfied]">
      <![CDATA[java.lang.AssertionError: expected [Cat Arthritis Assessment | Zoetis Pets] but found [ERROR: The request could not be satisfied]
at com.zoetispets.Tests.PracticeDetail(Tests.java:69)
at java.base/java.util.ArrayList.forEach(ArrayList.java:1511)
... Removed 38 stack frames]]>
    </failure>
  </testcase> <!-- PracticeDetail -->
  <testcase classname="com.zoetispets.Tests" name="PracticeDetail" time="3.037">
    <failure type="java.lang.AssertionError" message="expected [Cat Arthritis Assessment | Zoetis Pets] but found [ERROR: The request could not be satisfied]">
      <![CDATA[java.lang.AssertionError: expected [Cat Arthritis Assessment | Zoetis Pets] but found [ERROR: The request could not be satisfied]
at com.zoetispets.Tests.PracticeDetail(Tests.java:69)
at java.base/java.util.ArrayList.forEach(ArrayList.java:1511)
... Removed 38 stack frames]]>
    </failure>
  </testcase> <!-- PracticeDetail -->
  <testcase classname="com.zoetispets.Tests" name="PracticeDetail" time="3.032">
    <failure type="java.lang.AssertionError" message="expected [Dog Skin Conditions Assessment | Zoetis Pets] but found [ERROR: The request could not be satisfied]">
      <![CDATA[java.lang.AssertionError: expected [Dog Skin Conditions Assessment | Zoetis Pets] but found [ERROR: The request could not be satisfied]
at com.zoetispets.Tests.PracticeDetail(Tests.java:69)
at java.base/java.util.ArrayList.forEach(ArrayList.java:1511)
... Removed 38 stack frames]]>
    </failure>
  </testcase> <!-- PracticeDetail -->
  <testcase classname="com.zoetispets.Tests" name="PracticeDetail" time="3.031">
    <failure type="java.lang.AssertionError" message="expected [Dog Skin Conditions Assessment | Zoetis Pets] but found [ERROR: The request could not be satisfied]">
      <![CDATA[java.lang.AssertionError: expected [Dog Skin Conditions Assessment | Zoetis Pets] but found [ERROR: The request could not be satisfied]
at com.zoetispets.Tests.PracticeDetail(Tests.java:69)
at java.base/java.util.ArrayList.forEach(ArrayList.java:1511)
... Removed 37 stack frames]]>
    </failure>
  </testcase> <!-- PracticeDetail -->
  <testcase classname="com.zoetispets.Tests" name="PracticeDetail" time="3.033">
    <failure type="java.lang.AssertionError" message="expected [Dog Skin Conditions Assessment | Zoetis Pets] but found [ERROR: The request could not be satisfied]">
      <![CDATA[java.lang.AssertionError: expected [Dog Skin Conditions Assessment | Zoetis Pets] but found [ERROR: The request could not be satisfied]
at com.zoetispets.Tests.PracticeDetail(Tests.java:69)
at java.base/java.util.ArrayList.forEach(ArrayList.java:1511)
... Removed 37 stack frames]]>
    </failure>
  </testcase> <!-- PracticeDetail -->
  <testcase classname="com.zoetispets.Tests" name="PracticeDetail" time="3.032">
    <failure type="java.lang.AssertionError" message="expected [Questionnaire sur l’arthrose du chien | Zoetis Pets] but found [ERROR: The request could not be satisfied]">
      <![CDATA[java.lang.AssertionError: expected [Questionnaire sur l’arthrose du chien | Zoetis Pets] but found [ERROR: The request could not be satisfied]
at com.zoetispets.Tests.PracticeDetail(Tests.java:69)
at java.base/java.util.ArrayList.forEach(ArrayList.java:1511)
... Removed 37 stack frames]]>
    </failure>
  </testcase> <!-- PracticeDetail -->
  <testcase classname="com.zoetispets.Tests" name="PracticeDetail" time="4.404"/>
  <testcase classname="com.zoetispets.Tests" name="PracticeDetail" time="3.209">
    <failure type="java.lang.AssertionError" message="expected [Évaluation de la peau du chien | Zoetis Pets] but found [ERROR: The request could not be satisfied]">
      <![CDATA[java.lang.AssertionError: expected [Évaluation de la peau du chien | Zoetis Pets] but found [ERROR: The request could not be satisfied]
at com.zoetispets.Tests.PracticeDetail(Tests.java:69)
at java.base/java.util.ArrayList.forEach(ArrayList.java:1511)
... Removed 37 stack frames]]>
    </failure>
  </testcase> <!-- PracticeDetail -->
  <testcase classname="com.zoetispets.Tests" name="PracticeDetail" time="3.955"/>
  <testcase classname="com.zoetispets.Tests" name="PracticeDetail" time="3.06">
    <failure type="java.lang.AssertionError" message="expected [Online-Test zu Arthrose beim Hund | Zoetis Pets] but found [ERROR: The request could not be satisfied]">
      <![CDATA[java.lang.AssertionError: expected [Online-Test zu Arthrose beim Hund | Zoetis Pets] but found [ERROR: The request could not be satisfied]
at com.zoetispets.Tests.PracticeDetail(Tests.java:69)
at java.base/java.util.ArrayList.forEach(ArrayList.java:1511)
... Removed 37 stack frames]]>
    </failure>
  </testcase> <!-- PracticeDetail -->
  <testcase classname="com.zoetispets.Tests" name="PracticeDetail" time="3.033">
    <failure type="java.lang.AssertionError" message="expected [Hautprobleme beim Hund | Zoetis Pets] but found [ERROR: The request could not be satisfied]">
      <![CDATA[java.lang.AssertionError: expected [Hautprobleme beim Hund | Zoetis Pets] but found [ERROR: The request could not be satisfied]
at com.zoetispets.Tests.PracticeDetail(Tests.java:69)
at java.base/java.util.ArrayList.forEach(ArrayList.java:1511)
... Removed 37 stack frames]]>
    </failure>
  </testcase> <!-- PracticeDetail -->
  <testcase classname="com.zoetispets.Tests" name="PracticeDetail" time="3.033">
    <failure type="java.lang.AssertionError" message="expected [Evaluación de la artrosis en perros | Zoetis Pets] but found [ERROR: The request could not be satisfied]">
      <![CDATA[java.lang.AssertionError: expected [Evaluación de la artrosis en perros | Zoetis Pets] but found [ERROR: The request could not be satisfied]
at com.zoetispets.Tests.PracticeDetail(Tests.java:69)
at java.base/java.util.ArrayList.forEach(ArrayList.java:1511)
... Removed 37 stack frames]]>
    </failure>
  </testcase> <!-- PracticeDetail -->
  <testcase classname="com.zoetispets.Tests" name="PracticeDetail" time="3.031">
    <failure type="java.lang.AssertionError" message="expected [Evaluación de problemas de la piel en perros | Zoetis Pets] but found [ERROR: The request could not be satisfied]">
      <![CDATA[java.lang.AssertionError: expected [Evaluación de problemas de la piel en perros | Zoetis Pets] but found [ERROR: The request could not be satisfied]
at com.zoetispets.Tests.PracticeDetail(Tests.java:69)
at java.base/java.util.ArrayList.forEach(ArrayList.java:1511)
... Removed 37 stack frames]]>
    </failure>
  </testcase> <!-- PracticeDetail -->
  <testcase classname="com.zoetispets.Tests" name="PracticeDetail" time="3.032">
    <failure type="java.lang.AssertionError" message="expected [Test del dolore articolare nel cane | Zoetis Pets] but found [ERROR: The request could not be satisfied]">
      <![CDATA[java.lang.AssertionError: expected [Test del dolore articolare nel cane | Zoetis Pets] but found [ERROR: The request could not be satisfied]
at com.zoetispets.Tests.PracticeDetail(Tests.java:69)
at java.base/java.util.ArrayList.forEach(ArrayList.java:1511)
... Removed 37 stack frames]]>
    </failure>
  </testcase> <!-- PracticeDetail -->
  <testcase classname="com.zoetispets.Tests" name="PracticeDetail" time="3.033">
    <failure type="java.lang.AssertionError" message="expected [Test del prurito del cane | Zoetis Pets] but found [ERROR: The request could not be satisfied]">
      <![CDATA[java.lang.AssertionError: expected [Test del prurito del cane | Zoetis Pets] but found [ERROR: The request could not be satisfied]
at com.zoetispets.Tests.PracticeDetail(Tests.java:69)
at java.base/java.util.ArrayList.forEach(ArrayList.java:1511)
... Removed 37 stack frames]]>
    </failure>
  </testcase> <!-- PracticeDetail -->
  <testcase classname="com.zoetispets.Tests" name="PracticeDetail" time="3.032">
    <failure type="java.lang.AssertionError" message="expected [Ankieta pod kątem osteoarthritis u psa | Zoetis Pets] but found [ERROR: The request could not be satisfied]">
      <![CDATA[java.lang.AssertionError: expected [Ankieta pod kątem osteoarthritis u psa | Zoetis Pets] but found [ERROR: The request could not be satisfied]
at com.zoetispets.Tests.PracticeDetail(Tests.java:69)
at java.base/java.util.ArrayList.forEach(ArrayList.java:1511)
... Removed 37 stack frames]]>
    </failure>
  </testcase> <!-- PracticeDetail -->
  <testcase classname="com.zoetispets.Tests" name="PracticeDetail" time="3.032">
    <failure type="java.lang.AssertionError" message="expected [Ankieta dotycząca stanu skóry psa | Zoetis Pets] but found [ERROR: The request could not be satisfied]">
      <![CDATA[java.lang.AssertionError: expected [Ankieta dotycząca stanu skóry psa | Zoetis Pets] but found [ERROR: The request could not be satisfied]
at com.zoetispets.Tests.PracticeDetail(Tests.java:69)
at java.base/java.util.ArrayList.forEach(ArrayList.java:1511)
... Removed 37 stack frames]]>
    </failure>
  </testcase> <!-- PracticeDetail -->
  <testcase classname="com.zoetispets.Tests" name="stageAuthTest" time="0.112">
    <failure type="java.lang.AssertionError" message="Unexpected response code for stage auth check. expected [401] but found [403]">
      <![CDATA[java.lang.AssertionError: Unexpected response code for stage auth check. expected [401] but found [403]
at com.zoetispets.Tests.stageAuthTest(Tests.java:95)
at java.base/java.util.ArrayList.forEach(ArrayList.java:1511)
... Removed 38 stack frames]]>
    </failure>
  </testcase> <!-- stageAuthTest -->
</testsuite> <!-- Surefire test -->
