<?xml version="1.0" encoding="UTF-8"?>
<!-- Generated by org.testng.reporters.JUnitXMLReporter -->
<testsuite ignored="0" hostname="runnervmoqczp" failures="0" tests="30" name="Surefire test" time="28.803" errors="0" timestamp="2025-12-09T05:46:05 UTC">
  <testcase classname="com.zoetispets.Tests" name="PracticeDetail" time="1.485"/>
  <testcase classname="com.zoetispets.Tests" name="PracticeDetail" time="0.538"/>
  <testcase classname="com.zoetispets.Tests" name="PracticeDetail" time="1.376"/>
  <testcase classname="com.zoetispets.Tests" name="PracticeDetail" time="0.316"/>
  <testcase classname="com.zoetispets.Tests" name="PracticeDetail" time="0.263"/>
  <testcase classname="com.zoetispets.Tests" name="PracticeDetail" time="0.264"/>
  <testcase classname="com.zoetispets.Tests" name="PracticeDetail" time="0.26"/>
  <testcase classname="com.zoetispets.Tests" name="PracticeDetail" time="0.263"/>
  <testcase classname="com.zoetispets.Tests" name="PracticeDetail" time="0.365"/>
  <testcase classname="com.zoetispets.Tests" name="PracticeDetail" time="0.265"/>
  <testcase classname="com.zoetispets.Tests" name="PracticeDetail" time="1.178"/>
  <testcase classname="com.zoetispets.Tests" name="PracticeDetail" time="0.361"/>
  <testcase classname="com.zoetispets.Tests" name="PracticeDetail" time="0.406"/>
  <testcase classname="com.zoetispets.Tests" name="PracticeDetail" time="2.508"/>
  <testcase classname="com.zoetispets.Tests" name="PracticeDetail" time="1.199"/>
  <testcase classname="com.zoetispets.Tests" name="PracticeDetail" time="0.346"/>
  <testcase classname="com.zoetispets.Tests" name="PracticeDetail" time="0.815"/>
  <testcase classname="com.zoetispets.Tests" name="PracticeDetail" time="0.288"/>
  <testcase classname="com.zoetispets.Tests" name="PracticeDetail" time="0.375"/>
  <testcase classname="com.zoetispets.Tests" name="PracticeDetail" time="0.391"/>
  <testcase classname="com.zoetispets.Tests" name="PracticeDetail" time="0.449"/>
  <testcase classname="com.zoetispets.Tests" name="PracticeDetail" time="0.346"/>
  <testcase classname="com.zoetispets.Tests" name="PracticeDetail" time="0.363"/>
  <testcase classname="com.zoetispets.Tests" name="PracticeDetail" time="0.528"/>
  <testcase classname="com.zoetispets.Tests" name="PracticeDetail" time="0.397"/>
  <testcase classname="com.zoetispets.Tests" name="PracticeDetail" time="0.802"/>
  <testcase classname="com.zoetispets.Tests" name="PracticeDetail" time="0.379"/>
  <testcase classname="com.zoetispets.Tests" name="PracticeDetail" time="0.821"/>
  <testcase classname="com.zoetispets.Tests" name="PracticeDetail" time="0.87"/>
  <testcase classname="com.zoetispets.Tests" name="PracticeDetail" time="0.467"/>
</testsuite> <!-- Surefire test -->
