<?xml version="1.0" encoding="UTF-8"?>
<!-- Generated by org.testng.reporters.JUnitXMLReporter -->
<testsuite ignored="0" hostname="runnervmg397c" failures="0" tests="31" name="Surefire test" time="116.43" errors="0" timestamp="2026-05-25T09:38:15 UTC">
  <testcase classname="com.zoetispets.Tests" name="PracticeDetail" time="4.457"/>
  <testcase classname="com.zoetispets.Tests" name="PracticeDetail" time="3.646"/>
  <testcase classname="com.zoetispets.Tests" name="PracticeDetail" time="3.44"/>
  <testcase classname="com.zoetispets.Tests" name="PracticeDetail" time="3.458"/>
  <testcase classname="com.zoetispets.Tests" name="PracticeDetail" time="3.438"/>
  <testcase classname="com.zoetispets.Tests" name="PracticeDetail" time="3.482"/>
  <testcase classname="com.zoetispets.Tests" name="PracticeDetail" time="3.423"/>
  <testcase classname="com.zoetispets.Tests" name="PracticeDetail" time="3.51"/>
  <testcase classname="com.zoetispets.Tests" name="PracticeDetail" time="4.5"/>
  <testcase classname="com.zoetispets.Tests" name="PracticeDetail" time="3.918"/>
  <testcase classname="com.zoetispets.Tests" name="PracticeDetail" time="3.5"/>
  <testcase classname="com.zoetispets.Tests" name="PracticeDetail" time="3.606"/>
  <testcase classname="com.zoetispets.Tests" name="PracticeDetail" time="3.263"/>
  <testcase classname="com.zoetispets.Tests" name="PracticeDetail" time="3.402"/>
  <testcase classname="com.zoetispets.Tests" name="PracticeDetail" time="3.254"/>
  <testcase classname="com.zoetispets.Tests" name="PracticeDetail" time="3.419"/>
  <testcase classname="com.zoetispets.Tests" name="PracticeDetail" time="3.401"/>
  <testcase classname="com.zoetispets.Tests" name="PracticeDetail" time="4.012"/>
  <testcase classname="com.zoetispets.Tests" name="PracticeDetail" time="3.401"/>
  <testcase classname="com.zoetispets.Tests" name="PracticeDetail" time="3.578"/>
  <testcase classname="com.zoetispets.Tests" name="PracticeDetail" time="3.459"/>
  <testcase classname="com.zoetispets.Tests" name="PracticeDetail" time="3.532"/>
  <testcase classname="com.zoetispets.Tests" name="PracticeDetail" time="3.48"/>
  <testcase classname="com.zoetispets.Tests" name="PracticeDetail" time="3.376"/>
  <testcase classname="com.zoetispets.Tests" name="PracticeDetail" time="3.463"/>
  <testcase classname="com.zoetispets.Tests" name="PracticeDetail" time="3.439"/>
  <testcase classname="com.zoetispets.Tests" name="PracticeDetail" time="3.506"/>
  <testcase classname="com.zoetispets.Tests" name="PracticeDetail" time="3.397"/>
  <testcase classname="com.zoetispets.Tests" name="PracticeDetail" time="3.445"/>
  <testcase classname="com.zoetispets.Tests" name="PracticeDetail" time="3.403"/>
  <testcase classname="com.zoetispets.Tests" name="stageAuthTest" time="0.415"/>
</testsuite> <!-- Surefire test -->
