<?xml version="1.0" encoding="UTF-8"?>
<!-- Generated by org.testng.reporters.JUnitXMLReporter -->
<testsuite ignored="0" hostname="runnervmymu0l" failures="1" tests="30" name="Surefire test" time="87.961" errors="0" timestamp="2026-01-26T08:54:14 UTC">
  <testcase classname="com.zoetispets.Tests" name="PracticeDetail" time="3.2"/>
  <testcase classname="com.zoetispets.Tests" name="PracticeDetail" time="3.475"/>
  <testcase classname="com.zoetispets.Tests" name="PracticeDetail" time="2.411"/>
  <testcase classname="com.zoetispets.Tests" name="PracticeDetail" time="2.307"/>
  <testcase classname="com.zoetispets.Tests" name="PracticeDetail" time="2.396"/>
  <testcase classname="com.zoetispets.Tests" name="PracticeDetail" time="2.253"/>
  <testcase classname="com.zoetispets.Tests" name="PracticeDetail" time="2.313"/>
  <testcase classname="com.zoetispets.Tests" name="PracticeDetail" time="2.32"/>
  <testcase classname="com.zoetispets.Tests" name="PracticeDetail" time="2.897"/>
  <testcase classname="com.zoetispets.Tests" name="PracticeDetail" time="2.372"/>
  <testcase classname="com.zoetispets.Tests" name="PracticeDetail" time="2.793"/>
  <testcase classname="com.zoetispets.Tests" name="PracticeDetail" time="2.853"/>
  <testcase classname="com.zoetispets.Tests" name="PracticeDetail" time="2.767"/>
  <testcase classname="com.zoetispets.Tests" name="PracticeDetail" time="4.855"/>
  <testcase classname="com.zoetispets.Tests" name="PracticeDetail" time="2.858"/>
  <testcase classname="com.zoetispets.Tests" name="PracticeDetail" time="2.645"/>
  <testcase classname="com.zoetispets.Tests" name="PracticeDetail" time="2.722"/>
  <testcase classname="com.zoetispets.Tests" name="PracticeDetail" time="2.691"/>
  <testcase classname="com.zoetispets.Tests" name="PracticeDetail" time="2.908"/>
  <testcase classname="com.zoetispets.Tests" name="PracticeDetail" time="2.574"/>
  <testcase classname="com.zoetispets.Tests" name="PracticeDetail" time="2.4"/>
  <testcase classname="com.zoetispets.Tests" name="PracticeDetail" time="2.122">
    <failure type="java.lang.AssertionError" message="expected [Évaluation des problèmes de peau chez le chien | Zoetis Pets] but found [The resource cannot be found.]">
      <![CDATA[java.lang.AssertionError: expected [Évaluation des problèmes de peau chez le chien | Zoetis Pets] but found [The resource cannot be found.]
at com.zoetispets.Tests.PracticeDetail(Tests.java:69)
at java.base/java.util.ArrayList.forEach(ArrayList.java:1511)
... Removed 37 stack frames]]>
    </failure>
  </testcase> <!-- PracticeDetail -->
  <testcase classname="com.zoetispets.Tests" name="PracticeDetail" time="2.59"/>
  <testcase classname="com.zoetispets.Tests" name="PracticeDetail" time="2.481"/>
  <testcase classname="com.zoetispets.Tests" name="PracticeDetail" time="2.539"/>
  <testcase classname="com.zoetispets.Tests" name="PracticeDetail" time="2.503"/>
  <testcase classname="com.zoetispets.Tests" name="PracticeDetail" time="2.506"/>
  <testcase classname="com.zoetispets.Tests" name="PracticeDetail" time="2.494"/>
  <testcase classname="com.zoetispets.Tests" name="PracticeDetail" time="2.526"/>
  <testcase classname="com.zoetispets.Tests" name="PracticeDetail" time="2.334"/>
</testsuite> <!-- Surefire test -->
