<?xml version="1.0" encoding="UTF-8"?>
<!-- Generated by org.testng.reporters.JUnitXMLReporter -->
<testsuite ignored="0" hostname="runnervmnay03" failures="0" tests="30" name="Surefire test" time="118.066" errors="0" timestamp="2026-02-28T05:59:12 UTC">
  <testcase classname="com.zoetispets.Tests" name="PracticeDetail" time="4.913"/>
  <testcase classname="com.zoetispets.Tests" name="PracticeDetail" time="3.545"/>
  <testcase classname="com.zoetispets.Tests" name="PracticeDetail" time="3.52"/>
  <testcase classname="com.zoetispets.Tests" name="PracticeDetail" time="3.57"/>
  <testcase classname="com.zoetispets.Tests" name="PracticeDetail" time="3.643"/>
  <testcase classname="com.zoetispets.Tests" name="PracticeDetail" time="3.553"/>
  <testcase classname="com.zoetispets.Tests" name="PracticeDetail" time="3.557"/>
  <testcase classname="com.zoetispets.Tests" name="PracticeDetail" time="3.407"/>
  <testcase classname="com.zoetispets.Tests" name="PracticeDetail" time="4.164"/>
  <testcase classname="com.zoetispets.Tests" name="PracticeDetail" time="3.753"/>
  <testcase classname="com.zoetispets.Tests" name="PracticeDetail" time="3.415"/>
  <testcase classname="com.zoetispets.Tests" name="PracticeDetail" time="3.401"/>
  <testcase classname="com.zoetispets.Tests" name="PracticeDetail" time="3.359"/>
  <testcase classname="com.zoetispets.Tests" name="PracticeDetail" time="3.524"/>
  <testcase classname="com.zoetispets.Tests" name="PracticeDetail" time="3.379"/>
  <testcase classname="com.zoetispets.Tests" name="PracticeDetail" time="3.493"/>
  <testcase classname="com.zoetispets.Tests" name="PracticeDetail" time="3.756"/>
  <testcase classname="com.zoetispets.Tests" name="PracticeDetail" time="4.042"/>
  <testcase classname="com.zoetispets.Tests" name="PracticeDetail" time="3.818"/>
  <testcase classname="com.zoetispets.Tests" name="PracticeDetail" time="3.643"/>
  <testcase classname="com.zoetispets.Tests" name="PracticeDetail" time="3.401"/>
  <testcase classname="com.zoetispets.Tests" name="PracticeDetail" time="3.491"/>
  <testcase classname="com.zoetispets.Tests" name="PracticeDetail" time="3.412"/>
  <testcase classname="com.zoetispets.Tests" name="PracticeDetail" time="3.568"/>
  <testcase classname="com.zoetispets.Tests" name="PracticeDetail" time="3.7"/>
  <testcase classname="com.zoetispets.Tests" name="PracticeDetail" time="3.261"/>
  <testcase classname="com.zoetispets.Tests" name="PracticeDetail" time="3.65"/>
  <testcase classname="com.zoetispets.Tests" name="PracticeDetail" time="3.258"/>
  <testcase classname="com.zoetispets.Tests" name="PracticeDetail" time="3.536"/>
  <testcase classname="com.zoetispets.Tests" name="PracticeDetail" time="3.359"/>
</testsuite> <!-- Surefire test -->
