<?xml version="1.0" encoding="UTF-8"?>
<!-- Generated by org.testng.reporters.JUnitXMLReporter -->
<testsuite ignored="0" hostname="runnervmoqczp" failures="0" tests="30" name="Surefire test" time="31.18" errors="0" timestamp="2025-12-07T05:42:57 UTC">
  <testcase classname="com.zoetispets.Tests" name="PracticeDetail" time="1.196"/>
  <testcase classname="com.zoetispets.Tests" name="PracticeDetail" time="0.376"/>
  <testcase classname="com.zoetispets.Tests" name="PracticeDetail" time="0.375"/>
  <testcase classname="com.zoetispets.Tests" name="PracticeDetail" time="0.269"/>
  <testcase classname="com.zoetispets.Tests" name="PracticeDetail" time="0.276"/>
  <testcase classname="com.zoetispets.Tests" name="PracticeDetail" time="0.305"/>
  <testcase classname="com.zoetispets.Tests" name="PracticeDetail" time="0.277"/>
  <testcase classname="com.zoetispets.Tests" name="PracticeDetail" time="0.286"/>
  <testcase classname="com.zoetispets.Tests" name="PracticeDetail" time="0.302"/>
  <testcase classname="com.zoetispets.Tests" name="PracticeDetail" time="0.283"/>
  <testcase classname="com.zoetispets.Tests" name="PracticeDetail" time="3.611"/>
  <testcase classname="com.zoetispets.Tests" name="PracticeDetail" time="1.091"/>
  <testcase classname="com.zoetispets.Tests" name="PracticeDetail" time="0.803"/>
  <testcase classname="com.zoetispets.Tests" name="PracticeDetail" time="2.426"/>
  <testcase classname="com.zoetispets.Tests" name="PracticeDetail" time="0.807"/>
  <testcase classname="com.zoetispets.Tests" name="PracticeDetail" time="0.893"/>
  <testcase classname="com.zoetispets.Tests" name="PracticeDetail" time="0.831"/>
  <testcase classname="com.zoetispets.Tests" name="PracticeDetail" time="0.703"/>
  <testcase classname="com.zoetispets.Tests" name="PracticeDetail" time="0.574"/>
  <testcase classname="com.zoetispets.Tests" name="PracticeDetail" time="0.792"/>
  <testcase classname="com.zoetispets.Tests" name="PracticeDetail" time="0.932"/>
  <testcase classname="com.zoetispets.Tests" name="PracticeDetail" time="0.691"/>
  <testcase classname="com.zoetispets.Tests" name="PracticeDetail" time="0.547"/>
  <testcase classname="com.zoetispets.Tests" name="PracticeDetail" time="0.312"/>
  <testcase classname="com.zoetispets.Tests" name="PracticeDetail" time="0.764"/>
  <testcase classname="com.zoetispets.Tests" name="PracticeDetail" time="0.931"/>
  <testcase classname="com.zoetispets.Tests" name="PracticeDetail" time="0.716"/>
  <testcase classname="com.zoetispets.Tests" name="PracticeDetail" time="0.7"/>
  <testcase classname="com.zoetispets.Tests" name="PracticeDetail" time="0.368"/>
  <testcase classname="com.zoetispets.Tests" name="PracticeDetail" time="0.336"/>
</testsuite> <!-- Surefire test -->
