<?xml version="1.0" encoding="UTF-8"?>
<!-- Generated by org.testng.reporters.JUnitXMLReporter -->
<testsuite ignored="0" hostname="runnervmvrwv9" failures="0" tests="31" name="Surefire test" time="118.461" errors="0" timestamp="2026-08-04T08:04:09 UTC">
  <testcase classname="com.zoetispets.Tests" name="PracticeDetail" time="4.414"/>
  <testcase classname="com.zoetispets.Tests" name="PracticeDetail" time="3.264"/>
  <testcase classname="com.zoetispets.Tests" name="PracticeDetail" time="3.379"/>
  <testcase classname="com.zoetispets.Tests" name="PracticeDetail" time="3.33"/>
  <testcase classname="com.zoetispets.Tests" name="PracticeDetail" time="3.351"/>
  <testcase classname="com.zoetispets.Tests" name="PracticeDetail" time="3.333"/>
  <testcase classname="com.zoetispets.Tests" name="PracticeDetail" time="3.362"/>
  <testcase classname="com.zoetispets.Tests" name="PracticeDetail" time="3.388"/>
  <testcase classname="com.zoetispets.Tests" name="PracticeDetail" time="4.357"/>
  <testcase classname="com.zoetispets.Tests" name="PracticeDetail" time="3.507"/>
  <testcase classname="com.zoetispets.Tests" name="PracticeDetail" time="3.991"/>
  <testcase classname="com.zoetispets.Tests" name="PracticeDetail" time="4.15"/>
  <testcase classname="com.zoetispets.Tests" name="PracticeDetail" time="3.738"/>
  <testcase classname="com.zoetispets.Tests" name="PracticeDetail" time="3.721"/>
  <testcase classname="com.zoetispets.Tests" name="PracticeDetail" time="3.329"/>
  <testcase classname="com.zoetispets.Tests" name="PracticeDetail" time="3.457"/>
  <testcase classname="com.zoetispets.Tests" name="PracticeDetail" time="3.886"/>
  <testcase classname="com.zoetispets.Tests" name="PracticeDetail" time="3.989"/>
  <testcase classname="com.zoetispets.Tests" name="PracticeDetail" time="3.783"/>
  <testcase classname="com.zoetispets.Tests" name="PracticeDetail" time="3.752"/>
  <testcase classname="com.zoetispets.Tests" name="PracticeDetail" time="3.366"/>
  <testcase classname="com.zoetispets.Tests" name="PracticeDetail" time="4.129"/>
  <testcase classname="com.zoetispets.Tests" name="PracticeDetail" time="3.369"/>
  <testcase classname="com.zoetispets.Tests" name="PracticeDetail" time="3.326"/>
  <testcase classname="com.zoetispets.Tests" name="PracticeDetail" time="3.517"/>
  <testcase classname="com.zoetispets.Tests" name="PracticeDetail" time="3.311"/>
  <testcase classname="com.zoetispets.Tests" name="PracticeDetail" time="3.332"/>
  <testcase classname="com.zoetispets.Tests" name="PracticeDetail" time="3.331"/>
  <testcase classname="com.zoetispets.Tests" name="PracticeDetail" time="3.516"/>
  <testcase classname="com.zoetispets.Tests" name="PracticeDetail" time="3.295"/>
  <testcase classname="com.zoetispets.Tests" name="stageAuthTest" time="0.282"/>
</testsuite> <!-- Surefire test -->
