<?xml version="1.0" encoding="UTF-8"?>
<!-- Generated by org.testng.reporters.JUnitXMLReporter -->
<testsuite ignored="0" hostname="runnervmymu0l" failures="0" tests="30" name="Surefire test" time="115.241" errors="0" timestamp="2026-01-28T12:34:21 UTC">
  <testcase classname="com.zoetispets.Tests" name="PracticeDetail" time="4.122"/>
  <testcase classname="com.zoetispets.Tests" name="PracticeDetail" time="3.406"/>
  <testcase classname="com.zoetispets.Tests" name="PracticeDetail" time="3.448"/>
  <testcase classname="com.zoetispets.Tests" name="PracticeDetail" time="3.318"/>
  <testcase classname="com.zoetispets.Tests" name="PracticeDetail" time="3.321"/>
  <testcase classname="com.zoetispets.Tests" name="PracticeDetail" time="3.306"/>
  <testcase classname="com.zoetispets.Tests" name="PracticeDetail" time="3.354"/>
  <testcase classname="com.zoetispets.Tests" name="PracticeDetail" time="3.303"/>
  <testcase classname="com.zoetispets.Tests" name="PracticeDetail" time="3.83"/>
  <testcase classname="com.zoetispets.Tests" name="PracticeDetail" time="3.367"/>
  <testcase classname="com.zoetispets.Tests" name="PracticeDetail" time="3.789"/>
  <testcase classname="com.zoetispets.Tests" name="PracticeDetail" time="3.257"/>
  <testcase classname="com.zoetispets.Tests" name="PracticeDetail" time="3.802"/>
  <testcase classname="com.zoetispets.Tests" name="PracticeDetail" time="3.54"/>
  <testcase classname="com.zoetispets.Tests" name="PracticeDetail" time="3.338"/>
  <testcase classname="com.zoetispets.Tests" name="PracticeDetail" time="3.51"/>
  <testcase classname="com.zoetispets.Tests" name="PracticeDetail" time="3.628"/>
  <testcase classname="com.zoetispets.Tests" name="PracticeDetail" time="3.7"/>
  <testcase classname="com.zoetispets.Tests" name="PracticeDetail" time="3.731"/>
  <testcase classname="com.zoetispets.Tests" name="PracticeDetail" time="3.348"/>
  <testcase classname="com.zoetispets.Tests" name="PracticeDetail" time="3.889"/>
  <testcase classname="com.zoetispets.Tests" name="PracticeDetail" time="3.566"/>
  <testcase classname="com.zoetispets.Tests" name="PracticeDetail" time="3.666"/>
  <testcase classname="com.zoetispets.Tests" name="PracticeDetail" time="3.499"/>
  <testcase classname="com.zoetispets.Tests" name="PracticeDetail" time="3.582"/>
  <testcase classname="com.zoetispets.Tests" name="PracticeDetail" time="3.507"/>
  <testcase classname="com.zoetispets.Tests" name="PracticeDetail" time="3.563"/>
  <testcase classname="com.zoetispets.Tests" name="PracticeDetail" time="3.236"/>
  <testcase classname="com.zoetispets.Tests" name="PracticeDetail" time="3.264"/>
  <testcase classname="com.zoetispets.Tests" name="PracticeDetail" time="3.195"/>
</testsuite> <!-- Surefire test -->
