<?xml version="1.0" encoding="UTF-8"?>
<!-- Generated by org.testng.reporters.JUnitXMLReporter -->
<testsuite ignored="0" hostname="pkrvm7jw40e0xgp" failures="0" tests="30" name="Surefire test" time="43.826" errors="0" timestamp="2025-09-06T05:41:22 UTC">
  <testcase classname="com.zoetispets.Tests" name="PracticeDetail" time="3.23"/>
  <testcase classname="com.zoetispets.Tests" name="PracticeDetail" time="0.478"/>
  <testcase classname="com.zoetispets.Tests" name="PracticeDetail" time="0.288"/>
  <testcase classname="com.zoetispets.Tests" name="PracticeDetail" time="0.353"/>
  <testcase classname="com.zoetispets.Tests" name="PracticeDetail" time="0.325"/>
  <testcase classname="com.zoetispets.Tests" name="PracticeDetail" time="0.282"/>
  <testcase classname="com.zoetispets.Tests" name="PracticeDetail" time="0.286"/>
  <testcase classname="com.zoetispets.Tests" name="PracticeDetail" time="0.27"/>
  <testcase classname="com.zoetispets.Tests" name="PracticeDetail" time="0.351"/>
  <testcase classname="com.zoetispets.Tests" name="PracticeDetail" time="0.654"/>
  <testcase classname="com.zoetispets.Tests" name="PracticeDetail" time="0.871"/>
  <testcase classname="com.zoetispets.Tests" name="PracticeDetail" time="0.314"/>
  <testcase classname="com.zoetispets.Tests" name="PracticeDetail" time="0.332"/>
  <testcase classname="com.zoetispets.Tests" name="PracticeDetail" time="0.374"/>
  <testcase classname="com.zoetispets.Tests" name="PracticeDetail" time="0.297"/>
  <testcase classname="com.zoetispets.Tests" name="PracticeDetail" time="0.32"/>
  <testcase classname="com.zoetispets.Tests" name="PracticeDetail" time="0.414"/>
  <testcase classname="com.zoetispets.Tests" name="PracticeDetail" time="0.708"/>
  <testcase classname="com.zoetispets.Tests" name="PracticeDetail" time="0.366"/>
  <testcase classname="com.zoetispets.Tests" name="PracticeDetail" time="0.364"/>
  <testcase classname="com.zoetispets.Tests" name="PracticeDetail" time="0.416"/>
  <testcase classname="com.zoetispets.Tests" name="PracticeDetail" time="0.436"/>
  <testcase classname="com.zoetispets.Tests" name="PracticeDetail" time="0.388"/>
  <testcase classname="com.zoetispets.Tests" name="PracticeDetail" time="0.33"/>
  <testcase classname="com.zoetispets.Tests" name="PracticeDetail" time="0.371"/>
  <testcase classname="com.zoetispets.Tests" name="PracticeDetail" time="0.445"/>
  <testcase classname="com.zoetispets.Tests" name="PracticeDetail" time="0.814"/>
  <testcase classname="com.zoetispets.Tests" name="PracticeDetail" time="0.507"/>
  <testcase classname="com.zoetispets.Tests" name="PracticeDetail" time="0.369"/>
  <testcase classname="com.zoetispets.Tests" name="PracticeDetail" time="0.791"/>
</testsuite> <!-- Surefire test -->
