<?xml version="1.0" encoding="UTF-8"?>
<!-- Generated by org.testng.reporters.JUnitXMLReporter -->
<testsuite ignored="0" hostname="runnervm3ublj" failures="2" tests="30" name="Surefire test" time="35.472" errors="0" timestamp="2025-09-29T05:43:26 UTC">
  <testcase classname="com.zoetispets.Tests" name="PracticeDetail" time="1.269"/>
  <testcase classname="com.zoetispets.Tests" name="PracticeDetail" time="0.366"/>
  <testcase classname="com.zoetispets.Tests" name="PracticeDetail" time="0.418"/>
  <testcase classname="com.zoetispets.Tests" name="PracticeDetail" time="0.347"/>
  <testcase classname="com.zoetispets.Tests" name="PracticeDetail" time="0.487">
    <failure type="java.lang.AssertionError" message="expected [Zoetis Pets ES] but found [Ayuda a tu mascota a vivir lo mejor posible detectando y tratando señales de afecciones como problemas de piel y artrosis | Zoetis]">
      <![CDATA[java.lang.AssertionError: expected [Zoetis Pets ES] but found [Ayuda a tu mascota a vivir lo mejor posible detectando y tratando señales de afecciones como problemas de piel y artrosis | Zoetis]
at com.zoetispets.Tests.PracticeDetail(Tests.java:68)
at java.base/java.util.ArrayList.forEach(ArrayList.java:1511)
... Removed 38 stack frames]]>
    </failure>
  </testcase> <!-- PracticeDetail -->
  <testcase classname="com.zoetispets.Tests" name="PracticeDetail" time="0.582"/>
  <testcase classname="com.zoetispets.Tests" name="PracticeDetail" time="0.211"/>
  <testcase classname="com.zoetispets.Tests" name="PracticeDetail" time="0.244"/>
  <testcase classname="com.zoetispets.Tests" name="PracticeDetail" time="0.248">
    <failure type="java.lang.AssertionError" message="expected [Zoetis Pets FR] but found [Aidez votre animal à vivre une vie meilleure en identifiant les signes d’affections telles que les problèmes de peau et l’arthrite et en les traitant | Zoetis]">
      <![CDATA[java.lang.AssertionError: expected [Zoetis Pets FR] but found [Aidez votre animal à vivre une vie meilleure en identifiant les signes d’affections telles que les problèmes de peau et l’arthrite et en les traitant | Zoetis]
at com.zoetispets.Tests.PracticeDetail(Tests.java:68)
at java.base/java.util.ArrayList.forEach(ArrayList.java:1511)
... Removed 38 stack frames]]>
    </failure>
  </testcase> <!-- PracticeDetail -->
  <testcase classname="com.zoetispets.Tests" name="PracticeDetail" time="0.236"/>
  <testcase classname="com.zoetispets.Tests" name="PracticeDetail" time="0.289"/>
  <testcase classname="com.zoetispets.Tests" name="PracticeDetail" time="5.904"/>
  <testcase classname="com.zoetispets.Tests" name="PracticeDetail" time="0.291"/>
  <testcase classname="com.zoetispets.Tests" name="PracticeDetail" time="0.25"/>
  <testcase classname="com.zoetispets.Tests" name="PracticeDetail" time="0.292"/>
  <testcase classname="com.zoetispets.Tests" name="PracticeDetail" time="5.329"/>
  <testcase classname="com.zoetispets.Tests" name="PracticeDetail" time="0.691"/>
  <testcase classname="com.zoetispets.Tests" name="PracticeDetail" time="0.247"/>
  <testcase classname="com.zoetispets.Tests" name="PracticeDetail" time="0.314"/>
  <testcase classname="com.zoetispets.Tests" name="PracticeDetail" time="0.285"/>
  <testcase classname="com.zoetispets.Tests" name="PracticeDetail" time="0.302"/>
  <testcase classname="com.zoetispets.Tests" name="PracticeDetail" time="0.379"/>
  <testcase classname="com.zoetispets.Tests" name="PracticeDetail" time="0.842"/>
  <testcase classname="com.zoetispets.Tests" name="PracticeDetail" time="0.268"/>
  <testcase classname="com.zoetispets.Tests" name="PracticeDetail" time="0.333"/>
  <testcase classname="com.zoetispets.Tests" name="PracticeDetail" time="0.37"/>
  <testcase classname="com.zoetispets.Tests" name="PracticeDetail" time="0.923"/>
  <testcase classname="com.zoetispets.Tests" name="PracticeDetail" time="0.302"/>
  <testcase classname="com.zoetispets.Tests" name="PracticeDetail" time="0.317"/>
  <testcase classname="com.zoetispets.Tests" name="PracticeDetail" time="0.33"/>
</testsuite> <!-- Surefire test -->
