<?xml version="1.0" encoding="UTF-8"?>
<!-- Generated by org.testng.reporters.JUnitXMLReporter -->
<testsuite ignored="0" hostname="runnervmeorf1" failures="0" tests="30" name="Surefire test" time="111.046" errors="0" timestamp="2026-04-21T07:13:29 UTC">
  <testcase classname="com.zoetispets.Tests" name="PracticeDetail" time="4.431"/>
  <testcase classname="com.zoetispets.Tests" name="PracticeDetail" time="3.516"/>
  <testcase classname="com.zoetispets.Tests" name="PracticeDetail" time="3.428"/>
  <testcase classname="com.zoetispets.Tests" name="PracticeDetail" time="3.374"/>
  <testcase classname="com.zoetispets.Tests" name="PracticeDetail" time="3.312"/>
  <testcase classname="com.zoetispets.Tests" name="PracticeDetail" time="3.476"/>
  <testcase classname="com.zoetispets.Tests" name="PracticeDetail" time="3.371"/>
  <testcase classname="com.zoetispets.Tests" name="PracticeDetail" time="3.422"/>
  <testcase classname="com.zoetispets.Tests" name="PracticeDetail" time="4.16"/>
  <testcase classname="com.zoetispets.Tests" name="PracticeDetail" time="3.538"/>
  <testcase classname="com.zoetispets.Tests" name="PracticeDetail" time="3.855"/>
  <testcase classname="com.zoetispets.Tests" name="PracticeDetail" time="3.229"/>
  <testcase classname="com.zoetispets.Tests" name="PracticeDetail" time="3.304"/>
  <testcase classname="com.zoetispets.Tests" name="PracticeDetail" time="6.151"/>
  <testcase classname="com.zoetispets.Tests" name="PracticeDetail" time="3.312"/>
  <testcase classname="com.zoetispets.Tests" name="PracticeDetail" time="3.639"/>
  <testcase classname="com.zoetispets.Tests" name="PracticeDetail" time="3.304"/>
  <testcase classname="com.zoetispets.Tests" name="PracticeDetail" time="3.418"/>
  <testcase classname="com.zoetispets.Tests" name="PracticeDetail" time="3.781"/>
  <testcase classname="com.zoetispets.Tests" name="PracticeDetail" time="3.497"/>
  <testcase classname="com.zoetispets.Tests" name="PracticeDetail" time="3.904"/>
  <testcase classname="com.zoetispets.Tests" name="PracticeDetail" time="3.91"/>
  <testcase classname="com.zoetispets.Tests" name="PracticeDetail" time="3.409"/>
  <testcase classname="com.zoetispets.Tests" name="PracticeDetail" time="3.296"/>
  <testcase classname="com.zoetispets.Tests" name="PracticeDetail" time="3.294"/>
  <testcase classname="com.zoetispets.Tests" name="PracticeDetail" time="3.294"/>
  <testcase classname="com.zoetispets.Tests" name="PracticeDetail" time="3.506"/>
  <testcase classname="com.zoetispets.Tests" name="PracticeDetail" time="3.297"/>
  <testcase classname="com.zoetispets.Tests" name="PracticeDetail" time="3.593"/>
  <testcase classname="com.zoetispets.Tests" name="PracticeDetail" time="3.294"/>
</testsuite> <!-- Surefire test -->
