<?xml version="1.0" encoding="UTF-8"?>
<!-- Generated by org.testng.reporters.JUnitXMLReporter -->
<testsuite ignored="0" hostname="runnervmf4ws1" failures="0" tests="30" name="Surefire test" time="30.568" errors="0" timestamp="2025-09-17T05:42:08 UTC">
  <testcase classname="com.zoetispets.Tests" name="PracticeDetail" time="1.844"/>
  <testcase classname="com.zoetispets.Tests" name="PracticeDetail" time="1.141"/>
  <testcase classname="com.zoetispets.Tests" name="PracticeDetail" time="0.382"/>
  <testcase classname="com.zoetispets.Tests" name="PracticeDetail" time="0.284"/>
  <testcase classname="com.zoetispets.Tests" name="PracticeDetail" time="0.276"/>
  <testcase classname="com.zoetispets.Tests" name="PracticeDetail" time="0.681"/>
  <testcase classname="com.zoetispets.Tests" name="PracticeDetail" time="0.297"/>
  <testcase classname="com.zoetispets.Tests" name="PracticeDetail" time="0.259"/>
  <testcase classname="com.zoetispets.Tests" name="PracticeDetail" time="0.288"/>
  <testcase classname="com.zoetispets.Tests" name="PracticeDetail" time="0.65"/>
  <testcase classname="com.zoetispets.Tests" name="PracticeDetail" time="0.857"/>
  <testcase classname="com.zoetispets.Tests" name="PracticeDetail" time="0.303"/>
  <testcase classname="com.zoetispets.Tests" name="PracticeDetail" time="0.392"/>
  <testcase classname="com.zoetispets.Tests" name="PracticeDetail" time="0.758"/>
  <testcase classname="com.zoetispets.Tests" name="PracticeDetail" time="0.299"/>
  <testcase classname="com.zoetispets.Tests" name="PracticeDetail" time="0.435"/>
  <testcase classname="com.zoetispets.Tests" name="PracticeDetail" time="0.374"/>
  <testcase classname="com.zoetispets.Tests" name="PracticeDetail" time="0.887"/>
  <testcase classname="com.zoetispets.Tests" name="PracticeDetail" time="0.801"/>
  <testcase classname="com.zoetispets.Tests" name="PracticeDetail" time="0.358"/>
  <testcase classname="com.zoetispets.Tests" name="PracticeDetail" time="0.76"/>
  <testcase classname="com.zoetispets.Tests" name="PracticeDetail" time="0.782"/>
  <testcase classname="com.zoetispets.Tests" name="PracticeDetail" time="0.391"/>
  <testcase classname="com.zoetispets.Tests" name="PracticeDetail" time="0.404"/>
  <testcase classname="com.zoetispets.Tests" name="PracticeDetail" time="0.829"/>
  <testcase classname="com.zoetispets.Tests" name="PracticeDetail" time="0.86"/>
  <testcase classname="com.zoetispets.Tests" name="PracticeDetail" time="0.411"/>
  <testcase classname="com.zoetispets.Tests" name="PracticeDetail" time="0.984"/>
  <testcase classname="com.zoetispets.Tests" name="PracticeDetail" time="0.412"/>
  <testcase classname="com.zoetispets.Tests" name="PracticeDetail" time="0.413"/>
</testsuite> <!-- Surefire test -->
