<?xml version="1.0" encoding="UTF-8"?>
<!-- Generated by org.testng.reporters.JUnitXMLReporter -->
<testsuite ignored="0" hostname="runnervmmtnos" failures="0" tests="30" name="Surefire test" time="19.274" errors="0" timestamp="2026-01-16T05:49:48 UTC">
  <testcase classname="com.zoetispets.Tests" name="PracticeDetail" time="1.663"/>
  <testcase classname="com.zoetispets.Tests" name="PracticeDetail" time="0.346"/>
  <testcase classname="com.zoetispets.Tests" name="PracticeDetail" time="0.284"/>
  <testcase classname="com.zoetispets.Tests" name="PracticeDetail" time="0.245"/>
  <testcase classname="com.zoetispets.Tests" name="PracticeDetail" time="0.307"/>
  <testcase classname="com.zoetispets.Tests" name="PracticeDetail" time="0.279"/>
  <testcase classname="com.zoetispets.Tests" name="PracticeDetail" time="0.236"/>
  <testcase classname="com.zoetispets.Tests" name="PracticeDetail" time="0.237"/>
  <testcase classname="com.zoetispets.Tests" name="PracticeDetail" time="0.241"/>
  <testcase classname="com.zoetispets.Tests" name="PracticeDetail" time="0.242"/>
  <testcase classname="com.zoetispets.Tests" name="PracticeDetail" time="1.44"/>
  <testcase classname="com.zoetispets.Tests" name="PracticeDetail" time="0.996"/>
  <testcase classname="com.zoetispets.Tests" name="PracticeDetail" time="0.288"/>
  <testcase classname="com.zoetispets.Tests" name="PracticeDetail" time="0.731"/>
  <testcase classname="com.zoetispets.Tests" name="PracticeDetail" time="0.771"/>
  <testcase classname="com.zoetispets.Tests" name="PracticeDetail" time="0.748"/>
  <testcase classname="com.zoetispets.Tests" name="PracticeDetail" time="0.329"/>
  <testcase classname="com.zoetispets.Tests" name="PracticeDetail" time="0.325"/>
  <testcase classname="com.zoetispets.Tests" name="PracticeDetail" time="0.377"/>
  <testcase classname="com.zoetispets.Tests" name="PracticeDetail" time="0.387"/>
  <testcase classname="com.zoetispets.Tests" name="PracticeDetail" time="0.394"/>
  <testcase classname="com.zoetispets.Tests" name="PracticeDetail" time="0.334"/>
  <testcase classname="com.zoetispets.Tests" name="PracticeDetail" time="0.456"/>
  <testcase classname="com.zoetispets.Tests" name="PracticeDetail" time="0.51"/>
  <testcase classname="com.zoetispets.Tests" name="PracticeDetail" time="0.352"/>
  <testcase classname="com.zoetispets.Tests" name="PracticeDetail" time="0.372"/>
  <testcase classname="com.zoetispets.Tests" name="PracticeDetail" time="0.332"/>
  <testcase classname="com.zoetispets.Tests" name="PracticeDetail" time="0.554"/>
  <testcase classname="com.zoetispets.Tests" name="PracticeDetail" time="0.437"/>
  <testcase classname="com.zoetispets.Tests" name="PracticeDetail" time="0.35"/>
</testsuite> <!-- Surefire test -->
