<?xml version="1.0" encoding="UTF-8"?>
<!-- Generated by org.testng.reporters.JUnitXMLReporter -->
<testsuite ignored="0" hostname="runnervmymu0l" failures="0" tests="30" name="Surefire test" time="30.435" errors="0" timestamp="2026-01-24T05:47:01 UTC">
  <testcase classname="com.zoetispets.Tests" name="PracticeDetail" time="1.25"/>
  <testcase classname="com.zoetispets.Tests" name="PracticeDetail" time="0.409"/>
  <testcase classname="com.zoetispets.Tests" name="PracticeDetail" time="0.276"/>
  <testcase classname="com.zoetispets.Tests" name="PracticeDetail" time="0.277"/>
  <testcase classname="com.zoetispets.Tests" name="PracticeDetail" time="0.264"/>
  <testcase classname="com.zoetispets.Tests" name="PracticeDetail" time="0.287"/>
  <testcase classname="com.zoetispets.Tests" name="PracticeDetail" time="0.262"/>
  <testcase classname="com.zoetispets.Tests" name="PracticeDetail" time="0.31"/>
  <testcase classname="com.zoetispets.Tests" name="PracticeDetail" time="1.334"/>
  <testcase classname="com.zoetispets.Tests" name="PracticeDetail" time="0.393"/>
  <testcase classname="com.zoetispets.Tests" name="PracticeDetail" time="3.582"/>
  <testcase classname="com.zoetispets.Tests" name="PracticeDetail" time="1.468"/>
  <testcase classname="com.zoetispets.Tests" name="PracticeDetail" time="0.404"/>
  <testcase classname="com.zoetispets.Tests" name="PracticeDetail" time="0.504"/>
  <testcase classname="com.zoetispets.Tests" name="PracticeDetail" time="0.48"/>
  <testcase classname="com.zoetispets.Tests" name="PracticeDetail" time="0.33"/>
  <testcase classname="com.zoetispets.Tests" name="PracticeDetail" time="0.927"/>
  <testcase classname="com.zoetispets.Tests" name="PracticeDetail" time="0.523"/>
  <testcase classname="com.zoetispets.Tests" name="PracticeDetail" time="0.55"/>
  <testcase classname="com.zoetispets.Tests" name="PracticeDetail" time="1.045"/>
  <testcase classname="com.zoetispets.Tests" name="PracticeDetail" time="0.421"/>
  <testcase classname="com.zoetispets.Tests" name="PracticeDetail" time="0.641"/>
  <testcase classname="com.zoetispets.Tests" name="PracticeDetail" time="0.577"/>
  <testcase classname="com.zoetispets.Tests" name="PracticeDetail" time="0.392"/>
  <testcase classname="com.zoetispets.Tests" name="PracticeDetail" time="0.586"/>
  <testcase classname="com.zoetispets.Tests" name="PracticeDetail" time="0.432"/>
  <testcase classname="com.zoetispets.Tests" name="PracticeDetail" time="0.413"/>
  <testcase classname="com.zoetispets.Tests" name="PracticeDetail" time="0.422"/>
  <testcase classname="com.zoetispets.Tests" name="PracticeDetail" time="0.383"/>
  <testcase classname="com.zoetispets.Tests" name="PracticeDetail" time="0.389"/>
</testsuite> <!-- Surefire test -->
