<?xml version="1.0" encoding="UTF-8"?>
<!-- Generated by org.testng.reporters.JUnitXMLReporter -->
<testsuite ignored="0" hostname="runnervmeorf1" failures="0" tests="31" name="Surefire test" time="117.603" errors="0" timestamp="2026-05-14T08:11:25 UTC">
  <testcase classname="com.zoetispets.Tests" name="PracticeDetail" time="4.602"/>
  <testcase classname="com.zoetispets.Tests" name="PracticeDetail" time="3.43"/>
  <testcase classname="com.zoetispets.Tests" name="PracticeDetail" time="3.466"/>
  <testcase classname="com.zoetispets.Tests" name="PracticeDetail" time="3.479"/>
  <testcase classname="com.zoetispets.Tests" name="PracticeDetail" time="3.389"/>
  <testcase classname="com.zoetispets.Tests" name="PracticeDetail" time="3.352"/>
  <testcase classname="com.zoetispets.Tests" name="PracticeDetail" time="3.384"/>
  <testcase classname="com.zoetispets.Tests" name="PracticeDetail" time="3.398"/>
  <testcase classname="com.zoetispets.Tests" name="PracticeDetail" time="4.184"/>
  <testcase classname="com.zoetispets.Tests" name="PracticeDetail" time="3.665"/>
  <testcase classname="com.zoetispets.Tests" name="PracticeDetail" time="3.94"/>
  <testcase classname="com.zoetispets.Tests" name="PracticeDetail" time="3.237"/>
  <testcase classname="com.zoetispets.Tests" name="PracticeDetail" time="3.235"/>
  <testcase classname="com.zoetispets.Tests" name="PracticeDetail" time="4.602"/>
  <testcase classname="com.zoetispets.Tests" name="PracticeDetail" time="3.238"/>
  <testcase classname="com.zoetispets.Tests" name="PracticeDetail" time="3.895"/>
  <testcase classname="com.zoetispets.Tests" name="PracticeDetail" time="3.324"/>
  <testcase classname="com.zoetispets.Tests" name="PracticeDetail" time="3.835"/>
  <testcase classname="com.zoetispets.Tests" name="PracticeDetail" time="3.916"/>
  <testcase classname="com.zoetispets.Tests" name="PracticeDetail" time="3.621"/>
  <testcase classname="com.zoetispets.Tests" name="PracticeDetail" time="3.464"/>
  <testcase classname="com.zoetispets.Tests" name="PracticeDetail" time="3.542"/>
  <testcase classname="com.zoetispets.Tests" name="PracticeDetail" time="3.763"/>
  <testcase classname="com.zoetispets.Tests" name="PracticeDetail" time="3.243"/>
  <testcase classname="com.zoetispets.Tests" name="PracticeDetail" time="3.323"/>
  <testcase classname="com.zoetispets.Tests" name="PracticeDetail" time="3.582"/>
  <testcase classname="com.zoetispets.Tests" name="PracticeDetail" time="3.321"/>
  <testcase classname="com.zoetispets.Tests" name="PracticeDetail" time="3.57"/>
  <testcase classname="com.zoetispets.Tests" name="PracticeDetail" time="3.625"/>
  <testcase classname="com.zoetispets.Tests" name="PracticeDetail" time="3.223"/>
  <testcase classname="com.zoetispets.Tests" name="stageAuthTest" time="0.402"/>
</testsuite> <!-- Surefire test -->
