<?xml version="1.0" encoding="UTF-8"?>
<!-- Generated by org.testng.reporters.JUnitXMLReporter -->
<testsuite ignored="0" hostname="pkrvmccyg1gnepe" failures="0" tests="30" name="Surefire test" time="34.715" errors="0" timestamp="2025-08-29T05:43:02 UTC">
  <testcase classname="com.zoetispets.Tests" name="PracticeDetail" time="1.553"/>
  <testcase classname="com.zoetispets.Tests" name="PracticeDetail" time="0.302"/>
  <testcase classname="com.zoetispets.Tests" name="PracticeDetail" time="0.384"/>
  <testcase classname="com.zoetispets.Tests" name="PracticeDetail" time="0.321"/>
  <testcase classname="com.zoetispets.Tests" name="PracticeDetail" time="0.342"/>
  <testcase classname="com.zoetispets.Tests" name="PracticeDetail" time="0.335"/>
  <testcase classname="com.zoetispets.Tests" name="PracticeDetail" time="0.316"/>
  <testcase classname="com.zoetispets.Tests" name="PracticeDetail" time="0.31"/>
  <testcase classname="com.zoetispets.Tests" name="PracticeDetail" time="0.295"/>
  <testcase classname="com.zoetispets.Tests" name="PracticeDetail" time="0.317"/>
  <testcase classname="com.zoetispets.Tests" name="PracticeDetail" time="2.48"/>
  <testcase classname="com.zoetispets.Tests" name="PracticeDetail" time="0.381"/>
  <testcase classname="com.zoetispets.Tests" name="PracticeDetail" time="1.114"/>
  <testcase classname="com.zoetispets.Tests" name="PracticeDetail" time="0.315"/>
  <testcase classname="com.zoetispets.Tests" name="PracticeDetail" time="1.274"/>
  <testcase classname="com.zoetispets.Tests" name="PracticeDetail" time="1.193"/>
  <testcase classname="com.zoetispets.Tests" name="PracticeDetail" time="0.396"/>
  <testcase classname="com.zoetispets.Tests" name="PracticeDetail" time="0.385"/>
  <testcase classname="com.zoetispets.Tests" name="PracticeDetail" time="0.612"/>
  <testcase classname="com.zoetispets.Tests" name="PracticeDetail" time="0.34"/>
  <testcase classname="com.zoetispets.Tests" name="PracticeDetail" time="0.499"/>
  <testcase classname="com.zoetispets.Tests" name="PracticeDetail" time="0.773"/>
  <testcase classname="com.zoetispets.Tests" name="PracticeDetail" time="0.921"/>
  <testcase classname="com.zoetispets.Tests" name="PracticeDetail" time="0.521"/>
  <testcase classname="com.zoetispets.Tests" name="PracticeDetail" time="0.453"/>
  <testcase classname="com.zoetispets.Tests" name="PracticeDetail" time="0.767"/>
  <testcase classname="com.zoetispets.Tests" name="PracticeDetail" time="0.936"/>
  <testcase classname="com.zoetispets.Tests" name="PracticeDetail" time="0.47"/>
  <testcase classname="com.zoetispets.Tests" name="PracticeDetail" time="0.793"/>
  <testcase classname="com.zoetispets.Tests" name="PracticeDetail" time="0.553"/>
</testsuite> <!-- Surefire test -->
