<?xml version="1.0" encoding="UTF-8"?>
<!-- Generated by org.testng.reporters.JUnitXMLReporter -->
<testsuite ignored="0" hostname="pkrvmqc4gcfdwos" failures="0" tests="30" name="Surefire test" time="26.916" errors="0" timestamp="2025-08-24T05:43:38 UTC">
  <testcase classname="com.zoetispets.Tests" name="PracticeDetail" time="1.54"/>
  <testcase classname="com.zoetispets.Tests" name="PracticeDetail" time="0.446"/>
  <testcase classname="com.zoetispets.Tests" name="PracticeDetail" time="0.365"/>
  <testcase classname="com.zoetispets.Tests" name="PracticeDetail" time="0.301"/>
  <testcase classname="com.zoetispets.Tests" name="PracticeDetail" time="0.33"/>
  <testcase classname="com.zoetispets.Tests" name="PracticeDetail" time="0.308"/>
  <testcase classname="com.zoetispets.Tests" name="PracticeDetail" time="0.31"/>
  <testcase classname="com.zoetispets.Tests" name="PracticeDetail" time="0.292"/>
  <testcase classname="com.zoetispets.Tests" name="PracticeDetail" time="0.313"/>
  <testcase classname="com.zoetispets.Tests" name="PracticeDetail" time="1.119"/>
  <testcase classname="com.zoetispets.Tests" name="PracticeDetail" time="1.098"/>
  <testcase classname="com.zoetispets.Tests" name="PracticeDetail" time="0.776"/>
  <testcase classname="com.zoetispets.Tests" name="PracticeDetail" time="0.828"/>
  <testcase classname="com.zoetispets.Tests" name="PracticeDetail" time="0.715"/>
  <testcase classname="com.zoetispets.Tests" name="PracticeDetail" time="0.797"/>
  <testcase classname="com.zoetispets.Tests" name="PracticeDetail" time="0.762"/>
  <testcase classname="com.zoetispets.Tests" name="PracticeDetail" time="0.791"/>
  <testcase classname="com.zoetispets.Tests" name="PracticeDetail" time="0.482"/>
  <testcase classname="com.zoetispets.Tests" name="PracticeDetail" time="0.845"/>
  <testcase classname="com.zoetispets.Tests" name="PracticeDetail" time="0.565"/>
  <testcase classname="com.zoetispets.Tests" name="PracticeDetail" time="0.769"/>
  <testcase classname="com.zoetispets.Tests" name="PracticeDetail" time="0.477"/>
  <testcase classname="com.zoetispets.Tests" name="PracticeDetail" time="0.421"/>
  <testcase classname="com.zoetispets.Tests" name="PracticeDetail" time="0.657"/>
  <testcase classname="com.zoetispets.Tests" name="PracticeDetail" time="0.514"/>
  <testcase classname="com.zoetispets.Tests" name="PracticeDetail" time="0.713"/>
  <testcase classname="com.zoetispets.Tests" name="PracticeDetail" time="0.521"/>
  <testcase classname="com.zoetispets.Tests" name="PracticeDetail" time="0.719"/>
  <testcase classname="com.zoetispets.Tests" name="PracticeDetail" time="0.589"/>
  <testcase classname="com.zoetispets.Tests" name="PracticeDetail" time="0.706"/>
</testsuite> <!-- Surefire test -->
