<?xml version="1.0" encoding="UTF-8"?>
<!-- Generated by org.testng.reporters.JUnitXMLReporter -->
<testsuite ignored="0" hostname="runnervmzvulz" failures="0" tests="31" name="Surefire test" time="116.388" errors="0" timestamp="2026-08-13T07:00:19 UTC">
  <testcase classname="com.zoetispets.Tests" name="PracticeDetail" time="4.419"/>
  <testcase classname="com.zoetispets.Tests" name="PracticeDetail" time="3.448"/>
  <testcase classname="com.zoetispets.Tests" name="PracticeDetail" time="3.29"/>
  <testcase classname="com.zoetispets.Tests" name="PracticeDetail" time="3.365"/>
  <testcase classname="com.zoetispets.Tests" name="PracticeDetail" time="3.362"/>
  <testcase classname="com.zoetispets.Tests" name="PracticeDetail" time="3.439"/>
  <testcase classname="com.zoetispets.Tests" name="PracticeDetail" time="3.279"/>
  <testcase classname="com.zoetispets.Tests" name="PracticeDetail" time="3.31"/>
  <testcase classname="com.zoetispets.Tests" name="PracticeDetail" time="4.129"/>
  <testcase classname="com.zoetispets.Tests" name="PracticeDetail" time="3.417"/>
  <testcase classname="com.zoetispets.Tests" name="PracticeDetail" time="3.972"/>
  <testcase classname="com.zoetispets.Tests" name="PracticeDetail" time="3.201"/>
  <testcase classname="com.zoetispets.Tests" name="PracticeDetail" time="3.3"/>
  <testcase classname="com.zoetispets.Tests" name="PracticeDetail" time="3.67"/>
  <testcase classname="com.zoetispets.Tests" name="PracticeDetail" time="3.663"/>
  <testcase classname="com.zoetispets.Tests" name="PracticeDetail" time="3.655"/>
  <testcase classname="com.zoetispets.Tests" name="PracticeDetail" time="3.262"/>
  <testcase classname="com.zoetispets.Tests" name="PracticeDetail" time="3.842"/>
  <testcase classname="com.zoetispets.Tests" name="PracticeDetail" time="3.298"/>
  <testcase classname="com.zoetispets.Tests" name="PracticeDetail" time="4.077"/>
  <testcase classname="com.zoetispets.Tests" name="PracticeDetail" time="3.44"/>
  <testcase classname="com.zoetispets.Tests" name="PracticeDetail" time="3.403"/>
  <testcase classname="com.zoetispets.Tests" name="PracticeDetail" time="3.746"/>
  <testcase classname="com.zoetispets.Tests" name="PracticeDetail" time="3.258"/>
  <testcase classname="com.zoetispets.Tests" name="PracticeDetail" time="3.566"/>
  <testcase classname="com.zoetispets.Tests" name="PracticeDetail" time="3.183"/>
  <testcase classname="com.zoetispets.Tests" name="PracticeDetail" time="3.266"/>
  <testcase classname="com.zoetispets.Tests" name="PracticeDetail" time="3.186"/>
  <testcase classname="com.zoetispets.Tests" name="PracticeDetail" time="3.269"/>
  <testcase classname="com.zoetispets.Tests" name="PracticeDetail" time="3.252"/>
  <testcase classname="com.zoetispets.Tests" name="stageAuthTest" time="0.332"/>
</testsuite> <!-- Surefire test -->
