<?xml version="1.0" encoding="UTF-8"?>
<!-- Generated by org.testng.reporters.JUnitXMLReporter -->
<testsuite ignored="0" hostname="runnervmwffz4" failures="0" tests="30" name="Surefire test" time="122.674" errors="0" timestamp="2026-02-07T06:06:08 UTC">
  <testcase classname="com.zoetispets.Tests" name="PracticeDetail" time="4.254"/>
  <testcase classname="com.zoetispets.Tests" name="PracticeDetail" time="3.387"/>
  <testcase classname="com.zoetispets.Tests" name="PracticeDetail" time="3.277"/>
  <testcase classname="com.zoetispets.Tests" name="PracticeDetail" time="3.305"/>
  <testcase classname="com.zoetispets.Tests" name="PracticeDetail" time="3.258"/>
  <testcase classname="com.zoetispets.Tests" name="PracticeDetail" time="3.391"/>
  <testcase classname="com.zoetispets.Tests" name="PracticeDetail" time="3.262"/>
  <testcase classname="com.zoetispets.Tests" name="PracticeDetail" time="3.314"/>
  <testcase classname="com.zoetispets.Tests" name="PracticeDetail" time="4.908"/>
  <testcase classname="com.zoetispets.Tests" name="PracticeDetail" time="3.736"/>
  <testcase classname="com.zoetispets.Tests" name="PracticeDetail" time="5.051"/>
  <testcase classname="com.zoetispets.Tests" name="PracticeDetail" time="3.293"/>
  <testcase classname="com.zoetispets.Tests" name="PracticeDetail" time="3.817"/>
  <testcase classname="com.zoetispets.Tests" name="PracticeDetail" time="4.761"/>
  <testcase classname="com.zoetispets.Tests" name="PracticeDetail" time="3.244"/>
  <testcase classname="com.zoetispets.Tests" name="PracticeDetail" time="3.582"/>
  <testcase classname="com.zoetispets.Tests" name="PracticeDetail" time="3.25"/>
  <testcase classname="com.zoetispets.Tests" name="PracticeDetail" time="3.66"/>
  <testcase classname="com.zoetispets.Tests" name="PracticeDetail" time="3.273"/>
  <testcase classname="com.zoetispets.Tests" name="PracticeDetail" time="7.52"/>
  <testcase classname="com.zoetispets.Tests" name="PracticeDetail" time="3.951"/>
  <testcase classname="com.zoetispets.Tests" name="PracticeDetail" time="3.817"/>
  <testcase classname="com.zoetispets.Tests" name="PracticeDetail" time="3.744"/>
  <testcase classname="com.zoetispets.Tests" name="PracticeDetail" time="3.413"/>
  <testcase classname="com.zoetispets.Tests" name="PracticeDetail" time="3.308"/>
  <testcase classname="com.zoetispets.Tests" name="PracticeDetail" time="3.274"/>
  <testcase classname="com.zoetispets.Tests" name="PracticeDetail" time="3.353"/>
  <testcase classname="com.zoetispets.Tests" name="PracticeDetail" time="3.336"/>
  <testcase classname="com.zoetispets.Tests" name="PracticeDetail" time="3.389"/>
  <testcase classname="com.zoetispets.Tests" name="PracticeDetail" time="3.377"/>
</testsuite> <!-- Surefire test -->
