<?xml version="1.0" encoding="UTF-8"?>
<!-- Generated by org.testng.reporters.JUnitXMLReporter -->
<testsuite ignored="0" hostname="runnervmwffz4" failures="0" tests="30" name="Surefire test" time="145.525" errors="0" timestamp="2026-02-20T06:32:33 UTC">
  <testcase classname="com.zoetispets.Tests" name="PracticeDetail" time="4.993"/>
  <testcase classname="com.zoetispets.Tests" name="PracticeDetail" time="3.359"/>
  <testcase classname="com.zoetispets.Tests" name="PracticeDetail" time="3.429"/>
  <testcase classname="com.zoetispets.Tests" name="PracticeDetail" time="3.28"/>
  <testcase classname="com.zoetispets.Tests" name="PracticeDetail" time="3.348"/>
  <testcase classname="com.zoetispets.Tests" name="PracticeDetail" time="3.316"/>
  <testcase classname="com.zoetispets.Tests" name="PracticeDetail" time="3.289"/>
  <testcase classname="com.zoetispets.Tests" name="PracticeDetail" time="3.28"/>
  <testcase classname="com.zoetispets.Tests" name="PracticeDetail" time="3.831"/>
  <testcase classname="com.zoetispets.Tests" name="PracticeDetail" time="3.41"/>
  <testcase classname="com.zoetispets.Tests" name="PracticeDetail" time="4.19"/>
  <testcase classname="com.zoetispets.Tests" name="PracticeDetail" time="3.775"/>
  <testcase classname="com.zoetispets.Tests" name="PracticeDetail" time="3.806"/>
  <testcase classname="com.zoetispets.Tests" name="PracticeDetail" time="3.524"/>
  <testcase classname="com.zoetispets.Tests" name="PracticeDetail" time="3.727"/>
  <testcase classname="com.zoetispets.Tests" name="PracticeDetail" time="3.539"/>
  <testcase classname="com.zoetispets.Tests" name="PracticeDetail" time="3.735"/>
  <testcase classname="com.zoetispets.Tests" name="PracticeDetail" time="3.636"/>
  <testcase classname="com.zoetispets.Tests" name="PracticeDetail" time="3.742"/>
  <testcase classname="com.zoetispets.Tests" name="PracticeDetail" time="3.828"/>
  <testcase classname="com.zoetispets.Tests" name="PracticeDetail" time="3.855"/>
  <testcase classname="com.zoetispets.Tests" name="PracticeDetail" time="3.762"/>
  <testcase classname="com.zoetispets.Tests" name="PracticeDetail" time="3.695"/>
  <testcase classname="com.zoetispets.Tests" name="PracticeDetail" time="3.485"/>
  <testcase classname="com.zoetispets.Tests" name="PracticeDetail" time="3.605"/>
  <testcase classname="com.zoetispets.Tests" name="PracticeDetail" time="3.453"/>
  <testcase classname="com.zoetispets.Tests" name="PracticeDetail" time="3.541"/>
  <testcase classname="com.zoetispets.Tests" name="PracticeDetail" time="3.471"/>
  <testcase classname="com.zoetispets.Tests" name="PracticeDetail" time="3.511"/>
  <testcase classname="com.zoetispets.Tests" name="PracticeDetail" time="3.563"/>
</testsuite> <!-- Surefire test -->
