<?xml version="1.0" encoding="UTF-8"?>
<!-- Generated by org.testng.reporters.JUnitXMLReporter -->
<testsuite ignored="0" hostname="runnervmf4ws1" failures="0" tests="30" name="Surefire test" time="39.75" errors="0" timestamp="2025-09-19T05:42:14 UTC">
  <testcase classname="com.zoetispets.Tests" name="PracticeDetail" time="2.936"/>
  <testcase classname="com.zoetispets.Tests" name="PracticeDetail" time="0.823"/>
  <testcase classname="com.zoetispets.Tests" name="PracticeDetail" time="0.95"/>
  <testcase classname="com.zoetispets.Tests" name="PracticeDetail" time="0.672"/>
  <testcase classname="com.zoetispets.Tests" name="PracticeDetail" time="0.423"/>
  <testcase classname="com.zoetispets.Tests" name="PracticeDetail" time="0.978"/>
  <testcase classname="com.zoetispets.Tests" name="PracticeDetail" time="0.507"/>
  <testcase classname="com.zoetispets.Tests" name="PracticeDetail" time="1.073"/>
  <testcase classname="com.zoetispets.Tests" name="PracticeDetail" time="0.866"/>
  <testcase classname="com.zoetispets.Tests" name="PracticeDetail" time="1.077"/>
  <testcase classname="com.zoetispets.Tests" name="PracticeDetail" time="0.485"/>
  <testcase classname="com.zoetispets.Tests" name="PracticeDetail" time="0.511"/>
  <testcase classname="com.zoetispets.Tests" name="PracticeDetail" time="0.383"/>
  <testcase classname="com.zoetispets.Tests" name="PracticeDetail" time="3.006"/>
  <testcase classname="com.zoetispets.Tests" name="PracticeDetail" time="1.179"/>
  <testcase classname="com.zoetispets.Tests" name="PracticeDetail" time="1.135"/>
  <testcase classname="com.zoetispets.Tests" name="PracticeDetail" time="0.355"/>
  <testcase classname="com.zoetispets.Tests" name="PracticeDetail" time="0.385"/>
  <testcase classname="com.zoetispets.Tests" name="PracticeDetail" time="0.484"/>
  <testcase classname="com.zoetispets.Tests" name="PracticeDetail" time="0.449"/>
  <testcase classname="com.zoetispets.Tests" name="PracticeDetail" time="1.099"/>
  <testcase classname="com.zoetispets.Tests" name="PracticeDetail" time="0.949"/>
  <testcase classname="com.zoetispets.Tests" name="PracticeDetail" time="1.047"/>
  <testcase classname="com.zoetispets.Tests" name="PracticeDetail" time="0.911"/>
  <testcase classname="com.zoetispets.Tests" name="PracticeDetail" time="1.004"/>
  <testcase classname="com.zoetispets.Tests" name="PracticeDetail" time="1.18"/>
  <testcase classname="com.zoetispets.Tests" name="PracticeDetail" time="0.281"/>
  <testcase classname="com.zoetispets.Tests" name="PracticeDetail" time="0.277"/>
  <testcase classname="com.zoetispets.Tests" name="PracticeDetail" time="0.501"/>
  <testcase classname="com.zoetispets.Tests" name="PracticeDetail" time="1.055"/>
</testsuite> <!-- Surefire test -->
