<?xml version="1.0" encoding="UTF-8"?>
<!-- Generated by org.testng.reporters.JUnitXMLReporter -->
<testsuite ignored="0" hostname="runnervmvrwv9" failures="0" tests="31" name="Surefire test" time="124.115" errors="0" timestamp="2026-07-26T07:57:14 UTC">
  <testcase classname="com.zoetispets.Tests" name="PracticeDetail" time="4.587"/>
  <testcase classname="com.zoetispets.Tests" name="PracticeDetail" time="4.605"/>
  <testcase classname="com.zoetispets.Tests" name="PracticeDetail" time="3.301"/>
  <testcase classname="com.zoetispets.Tests" name="PracticeDetail" time="3.335"/>
  <testcase classname="com.zoetispets.Tests" name="PracticeDetail" time="3.368"/>
  <testcase classname="com.zoetispets.Tests" name="PracticeDetail" time="3.256"/>
  <testcase classname="com.zoetispets.Tests" name="PracticeDetail" time="3.408"/>
  <testcase classname="com.zoetispets.Tests" name="PracticeDetail" time="3.455"/>
  <testcase classname="com.zoetispets.Tests" name="PracticeDetail" time="4.081"/>
  <testcase classname="com.zoetispets.Tests" name="PracticeDetail" time="3.639"/>
  <testcase classname="com.zoetispets.Tests" name="PracticeDetail" time="3.318"/>
  <testcase classname="com.zoetispets.Tests" name="PracticeDetail" time="3.255"/>
  <testcase classname="com.zoetispets.Tests" name="PracticeDetail" time="3.381"/>
  <testcase classname="com.zoetispets.Tests" name="PracticeDetail" time="3.44"/>
  <testcase classname="com.zoetispets.Tests" name="PracticeDetail" time="3.297"/>
  <testcase classname="com.zoetispets.Tests" name="PracticeDetail" time="3.29"/>
  <testcase classname="com.zoetispets.Tests" name="PracticeDetail" time="3.831"/>
  <testcase classname="com.zoetispets.Tests" name="PracticeDetail" time="3.754"/>
  <testcase classname="com.zoetispets.Tests" name="PracticeDetail" time="3.301"/>
  <testcase classname="com.zoetispets.Tests" name="PracticeDetail" time="3.65"/>
  <testcase classname="com.zoetispets.Tests" name="PracticeDetail" time="3.451"/>
  <testcase classname="com.zoetispets.Tests" name="PracticeDetail" time="3.544"/>
  <testcase classname="com.zoetispets.Tests" name="PracticeDetail" time="3.451"/>
  <testcase classname="com.zoetispets.Tests" name="PracticeDetail" time="3.244"/>
  <testcase classname="com.zoetispets.Tests" name="PracticeDetail" time="3.313"/>
  <testcase classname="com.zoetispets.Tests" name="PracticeDetail" time="3.284"/>
  <testcase classname="com.zoetispets.Tests" name="PracticeDetail" time="3.247"/>
  <testcase classname="com.zoetispets.Tests" name="PracticeDetail" time="3.505"/>
  <testcase classname="com.zoetispets.Tests" name="PracticeDetail" time="3.238"/>
  <testcase classname="com.zoetispets.Tests" name="PracticeDetail" time="3.239"/>
  <testcase classname="com.zoetispets.Tests" name="stageAuthTest" time="0.356"/>
</testsuite> <!-- Surefire test -->
