<?xml version="1.0" encoding="UTF-8"?>
<!-- Generated by org.testng.reporters.JUnitXMLReporter -->
<testsuite ignored="0" hostname="runnervmeorf1" failures="0" tests="30" name="Surefire test" time="112.29" errors="0" timestamp="2026-04-26T07:12:09 UTC">
  <testcase classname="com.zoetispets.Tests" name="PracticeDetail" time="4.463"/>
  <testcase classname="com.zoetispets.Tests" name="PracticeDetail" time="3.394"/>
  <testcase classname="com.zoetispets.Tests" name="PracticeDetail" time="3.438"/>
  <testcase classname="com.zoetispets.Tests" name="PracticeDetail" time="3.375"/>
  <testcase classname="com.zoetispets.Tests" name="PracticeDetail" time="3.273"/>
  <testcase classname="com.zoetispets.Tests" name="PracticeDetail" time="3.29"/>
  <testcase classname="com.zoetispets.Tests" name="PracticeDetail" time="3.294"/>
  <testcase classname="com.zoetispets.Tests" name="PracticeDetail" time="3.309"/>
  <testcase classname="com.zoetispets.Tests" name="PracticeDetail" time="4.292"/>
  <testcase classname="com.zoetispets.Tests" name="PracticeDetail" time="3.932"/>
  <testcase classname="com.zoetispets.Tests" name="PracticeDetail" time="3.375"/>
  <testcase classname="com.zoetispets.Tests" name="PracticeDetail" time="3.4"/>
  <testcase classname="com.zoetispets.Tests" name="PracticeDetail" time="3.428"/>
  <testcase classname="com.zoetispets.Tests" name="PracticeDetail" time="3.306"/>
  <testcase classname="com.zoetispets.Tests" name="PracticeDetail" time="3.326"/>
  <testcase classname="com.zoetispets.Tests" name="PracticeDetail" time="3.439"/>
  <testcase classname="com.zoetispets.Tests" name="PracticeDetail" time="3.779"/>
  <testcase classname="com.zoetispets.Tests" name="PracticeDetail" time="3.972"/>
  <testcase classname="com.zoetispets.Tests" name="PracticeDetail" time="3.46"/>
  <testcase classname="com.zoetispets.Tests" name="PracticeDetail" time="3.601"/>
  <testcase classname="com.zoetispets.Tests" name="PracticeDetail" time="3.456"/>
  <testcase classname="com.zoetispets.Tests" name="PracticeDetail" time="3.473"/>
  <testcase classname="com.zoetispets.Tests" name="PracticeDetail" time="3.545"/>
  <testcase classname="com.zoetispets.Tests" name="PracticeDetail" time="3.278"/>
  <testcase classname="com.zoetispets.Tests" name="PracticeDetail" time="3.281"/>
  <testcase classname="com.zoetispets.Tests" name="PracticeDetail" time="3.415"/>
  <testcase classname="com.zoetispets.Tests" name="PracticeDetail" time="3.279"/>
  <testcase classname="com.zoetispets.Tests" name="PracticeDetail" time="3.403"/>
  <testcase classname="com.zoetispets.Tests" name="PracticeDetail" time="3.639"/>
  <testcase classname="com.zoetispets.Tests" name="PracticeDetail" time="3.269"/>
</testsuite> <!-- Surefire test -->
