<?xml version="1.0" encoding="UTF-8"?>
<!-- Generated by org.testng.reporters.JUnitXMLReporter -->
<testsuite ignored="0" hostname="runnervmh13bl" failures="0" tests="30" name="Surefire test" time="28.337" errors="0" timestamp="2025-12-21T05:46:02 UTC">
  <testcase classname="com.zoetispets.Tests" name="PracticeDetail" time="2.004"/>
  <testcase classname="com.zoetispets.Tests" name="PracticeDetail" time="0.697"/>
  <testcase classname="com.zoetispets.Tests" name="PracticeDetail" time="0.623"/>
  <testcase classname="com.zoetispets.Tests" name="PracticeDetail" time="0.308"/>
  <testcase classname="com.zoetispets.Tests" name="PracticeDetail" time="0.278"/>
  <testcase classname="com.zoetispets.Tests" name="PracticeDetail" time="0.275"/>
  <testcase classname="com.zoetispets.Tests" name="PracticeDetail" time="0.298"/>
  <testcase classname="com.zoetispets.Tests" name="PracticeDetail" time="0.362"/>
  <testcase classname="com.zoetispets.Tests" name="PracticeDetail" time="0.278"/>
  <testcase classname="com.zoetispets.Tests" name="PracticeDetail" time="0.326"/>
  <testcase classname="com.zoetispets.Tests" name="PracticeDetail" time="2.545"/>
  <testcase classname="com.zoetispets.Tests" name="PracticeDetail" time="1.095"/>
  <testcase classname="com.zoetispets.Tests" name="PracticeDetail" time="0.343"/>
  <testcase classname="com.zoetispets.Tests" name="PracticeDetail" time="0.358"/>
  <testcase classname="com.zoetispets.Tests" name="PracticeDetail" time="1.028"/>
  <testcase classname="com.zoetispets.Tests" name="PracticeDetail" time="0.327"/>
  <testcase classname="com.zoetispets.Tests" name="PracticeDetail" time="0.944"/>
  <testcase classname="com.zoetispets.Tests" name="PracticeDetail" time="0.772"/>
  <testcase classname="com.zoetispets.Tests" name="PracticeDetail" time="0.827"/>
  <testcase classname="com.zoetispets.Tests" name="PracticeDetail" time="0.319"/>
  <testcase classname="com.zoetispets.Tests" name="PracticeDetail" time="0.875"/>
  <testcase classname="com.zoetispets.Tests" name="PracticeDetail" time="0.25"/>
  <testcase classname="com.zoetispets.Tests" name="PracticeDetail" time="0.383"/>
  <testcase classname="com.zoetispets.Tests" name="PracticeDetail" time="0.414"/>
  <testcase classname="com.zoetispets.Tests" name="PracticeDetail" time="0.916"/>
  <testcase classname="com.zoetispets.Tests" name="PracticeDetail" time="0.332"/>
  <testcase classname="com.zoetispets.Tests" name="PracticeDetail" time="0.886"/>
  <testcase classname="com.zoetispets.Tests" name="PracticeDetail" time="0.302"/>
  <testcase classname="com.zoetispets.Tests" name="PracticeDetail" time="0.617"/>
  <testcase classname="com.zoetispets.Tests" name="PracticeDetail" time="0.358"/>
</testsuite> <!-- Surefire test -->
