<?xml version="1.0" encoding="UTF-8"?>
<!-- Generated by org.testng.reporters.JUnitXMLReporter -->
<testsuite ignored="0" hostname="runnervmkkn4f" failures="0" tests="31" name="Surefire test" time="117.715" errors="0" timestamp="2026-07-09T08:54:01 UTC">
  <testcase classname="com.zoetispets.Tests" name="PracticeDetail" time="4.426"/>
  <testcase classname="com.zoetispets.Tests" name="PracticeDetail" time="4.373"/>
  <testcase classname="com.zoetispets.Tests" name="PracticeDetail" time="3.483"/>
  <testcase classname="com.zoetispets.Tests" name="PracticeDetail" time="3.632"/>
  <testcase classname="com.zoetispets.Tests" name="PracticeDetail" time="3.245"/>
  <testcase classname="com.zoetispets.Tests" name="PracticeDetail" time="3.324"/>
  <testcase classname="com.zoetispets.Tests" name="PracticeDetail" time="3.428"/>
  <testcase classname="com.zoetispets.Tests" name="PracticeDetail" time="3.239"/>
  <testcase classname="com.zoetispets.Tests" name="PracticeDetail" time="4.523"/>
  <testcase classname="com.zoetispets.Tests" name="PracticeDetail" time="3.583"/>
  <testcase classname="com.zoetispets.Tests" name="PracticeDetail" time="3.996"/>
  <testcase classname="com.zoetispets.Tests" name="PracticeDetail" time="3.235"/>
  <testcase classname="com.zoetispets.Tests" name="PracticeDetail" time="3.362"/>
  <testcase classname="com.zoetispets.Tests" name="PracticeDetail" time="3.403"/>
  <testcase classname="com.zoetispets.Tests" name="PracticeDetail" time="3.228"/>
  <testcase classname="com.zoetispets.Tests" name="PracticeDetail" time="3.259"/>
  <testcase classname="com.zoetispets.Tests" name="PracticeDetail" time="3.353"/>
  <testcase classname="com.zoetispets.Tests" name="PracticeDetail" time="3.803"/>
  <testcase classname="com.zoetispets.Tests" name="PracticeDetail" time="3.422"/>
  <testcase classname="com.zoetispets.Tests" name="PracticeDetail" time="3.539"/>
  <testcase classname="com.zoetispets.Tests" name="PracticeDetail" time="3.434"/>
  <testcase classname="com.zoetispets.Tests" name="PracticeDetail" time="3.515"/>
  <testcase classname="com.zoetispets.Tests" name="PracticeDetail" time="3.414"/>
  <testcase classname="com.zoetispets.Tests" name="PracticeDetail" time="3.364"/>
  <testcase classname="com.zoetispets.Tests" name="PracticeDetail" time="3.368"/>
  <testcase classname="com.zoetispets.Tests" name="PracticeDetail" time="3.347"/>
  <testcase classname="com.zoetispets.Tests" name="PracticeDetail" time="3.236"/>
  <testcase classname="com.zoetispets.Tests" name="PracticeDetail" time="3.221"/>
  <testcase classname="com.zoetispets.Tests" name="PracticeDetail" time="3.529"/>
  <testcase classname="com.zoetispets.Tests" name="PracticeDetail" time="3.352"/>
  <testcase classname="com.zoetispets.Tests" name="stageAuthTest" time="0.643"/>
</testsuite> <!-- Surefire test -->
