<?xml version="1.0" encoding="UTF-8"?>
<!-- Generated by org.testng.reporters.JUnitXMLReporter -->
<testsuite ignored="0" hostname="runnervm5mmn9" failures="0" tests="31" name="Surefire test" time="123.104" errors="0" timestamp="2026-07-13T08:35:46 UTC">
  <testcase classname="com.zoetispets.Tests" name="PracticeDetail" time="4.776"/>
  <testcase classname="com.zoetispets.Tests" name="PracticeDetail" time="3.776"/>
  <testcase classname="com.zoetispets.Tests" name="PracticeDetail" time="3.679"/>
  <testcase classname="com.zoetispets.Tests" name="PracticeDetail" time="3.65"/>
  <testcase classname="com.zoetispets.Tests" name="PracticeDetail" time="3.252"/>
  <testcase classname="com.zoetispets.Tests" name="PracticeDetail" time="3.26"/>
  <testcase classname="com.zoetispets.Tests" name="PracticeDetail" time="3.451"/>
  <testcase classname="com.zoetispets.Tests" name="PracticeDetail" time="3.266"/>
  <testcase classname="com.zoetispets.Tests" name="PracticeDetail" time="4.404"/>
  <testcase classname="com.zoetispets.Tests" name="PracticeDetail" time="3.673"/>
  <testcase classname="com.zoetispets.Tests" name="PracticeDetail" time="4.487"/>
  <testcase classname="com.zoetispets.Tests" name="PracticeDetail" time="3.261"/>
  <testcase classname="com.zoetispets.Tests" name="PracticeDetail" time="3.461"/>
  <testcase classname="com.zoetispets.Tests" name="PracticeDetail" time="3.453"/>
  <testcase classname="com.zoetispets.Tests" name="PracticeDetail" time="3.451"/>
  <testcase classname="com.zoetispets.Tests" name="PracticeDetail" time="3.953"/>
  <testcase classname="com.zoetispets.Tests" name="PracticeDetail" time="3.671"/>
  <testcase classname="com.zoetispets.Tests" name="PracticeDetail" time="4.322"/>
  <testcase classname="com.zoetispets.Tests" name="PracticeDetail" time="3.452"/>
  <testcase classname="com.zoetispets.Tests" name="PracticeDetail" time="3.606"/>
  <testcase classname="com.zoetispets.Tests" name="PracticeDetail" time="3.53"/>
  <testcase classname="com.zoetispets.Tests" name="PracticeDetail" time="3.455"/>
  <testcase classname="com.zoetispets.Tests" name="PracticeDetail" time="3.53"/>
  <testcase classname="com.zoetispets.Tests" name="PracticeDetail" time="3.447"/>
  <testcase classname="com.zoetispets.Tests" name="PracticeDetail" time="3.745"/>
  <testcase classname="com.zoetispets.Tests" name="PracticeDetail" time="3.452"/>
  <testcase classname="com.zoetispets.Tests" name="PracticeDetail" time="3.747"/>
  <testcase classname="com.zoetispets.Tests" name="PracticeDetail" time="3.247"/>
  <testcase classname="com.zoetispets.Tests" name="PracticeDetail" time="3.44"/>
  <testcase classname="com.zoetispets.Tests" name="PracticeDetail" time="3.243"/>
  <testcase classname="com.zoetispets.Tests" name="stageAuthTest" time="0.687"/>
</testsuite> <!-- Surefire test -->
