<?xml version="1.0" encoding="UTF-8"?>
<!-- Generated by org.testng.reporters.JUnitXMLReporter -->
<testsuite ignored="0" hostname="pkrvm7jw40e0xgp" failures="0" tests="30" name="Surefire test" time="27.844" errors="0" timestamp="2025-09-09T05:43:02 UTC">
  <testcase classname="com.zoetispets.Tests" name="PracticeDetail" time="2.216"/>
  <testcase classname="com.zoetispets.Tests" name="PracticeDetail" time="0.349"/>
  <testcase classname="com.zoetispets.Tests" name="PracticeDetail" time="0.308"/>
  <testcase classname="com.zoetispets.Tests" name="PracticeDetail" time="0.236"/>
  <testcase classname="com.zoetispets.Tests" name="PracticeDetail" time="0.24"/>
  <testcase classname="com.zoetispets.Tests" name="PracticeDetail" time="0.239"/>
  <testcase classname="com.zoetispets.Tests" name="PracticeDetail" time="0.268"/>
  <testcase classname="com.zoetispets.Tests" name="PracticeDetail" time="0.251"/>
  <testcase classname="com.zoetispets.Tests" name="PracticeDetail" time="0.229"/>
  <testcase classname="com.zoetispets.Tests" name="PracticeDetail" time="0.247"/>
  <testcase classname="com.zoetispets.Tests" name="PracticeDetail" time="0.896"/>
  <testcase classname="com.zoetispets.Tests" name="PracticeDetail" time="0.285"/>
  <testcase classname="com.zoetispets.Tests" name="PracticeDetail" time="0.34"/>
  <testcase classname="com.zoetispets.Tests" name="PracticeDetail" time="0.312"/>
  <testcase classname="com.zoetispets.Tests" name="PracticeDetail" time="0.42"/>
  <testcase classname="com.zoetispets.Tests" name="PracticeDetail" time="0.478"/>
  <testcase classname="com.zoetispets.Tests" name="PracticeDetail" time="1.076"/>
  <testcase classname="com.zoetispets.Tests" name="PracticeDetail" time="0.761"/>
  <testcase classname="com.zoetispets.Tests" name="PracticeDetail" time="0.42"/>
  <testcase classname="com.zoetispets.Tests" name="PracticeDetail" time="0.397"/>
  <testcase classname="com.zoetispets.Tests" name="PracticeDetail" time="0.392"/>
  <testcase classname="com.zoetispets.Tests" name="PracticeDetail" time="0.34"/>
  <testcase classname="com.zoetispets.Tests" name="PracticeDetail" time="0.352"/>
  <testcase classname="com.zoetispets.Tests" name="PracticeDetail" time="0.452"/>
  <testcase classname="com.zoetispets.Tests" name="PracticeDetail" time="0.37"/>
  <testcase classname="com.zoetispets.Tests" name="PracticeDetail" time="0.354"/>
  <testcase classname="com.zoetispets.Tests" name="PracticeDetail" time="0.419"/>
  <testcase classname="com.zoetispets.Tests" name="PracticeDetail" time="0.405"/>
  <testcase classname="com.zoetispets.Tests" name="PracticeDetail" time="0.348"/>
  <testcase classname="com.zoetispets.Tests" name="PracticeDetail" time="0.481"/>
</testsuite> <!-- Surefire test -->
