<?xml version="1.0" encoding="UTF-8"?>
<!-- Generated by org.testng.reporters.JUnitXMLReporter -->
<testsuite ignored="0" hostname="runnervmh13bl" failures="0" tests="30" name="Surefire test" time="27.115" errors="0" timestamp="2025-12-31T05:49:34 UTC">
  <testcase classname="com.zoetispets.Tests" name="PracticeDetail" time="1.491"/>
  <testcase classname="com.zoetispets.Tests" name="PracticeDetail" time="0.528"/>
  <testcase classname="com.zoetispets.Tests" name="PracticeDetail" time="0.641"/>
  <testcase classname="com.zoetispets.Tests" name="PracticeDetail" time="0.278"/>
  <testcase classname="com.zoetispets.Tests" name="PracticeDetail" time="0.27"/>
  <testcase classname="com.zoetispets.Tests" name="PracticeDetail" time="0.272"/>
  <testcase classname="com.zoetispets.Tests" name="PracticeDetail" time="0.309"/>
  <testcase classname="com.zoetispets.Tests" name="PracticeDetail" time="0.277"/>
  <testcase classname="com.zoetispets.Tests" name="PracticeDetail" time="0.295"/>
  <testcase classname="com.zoetispets.Tests" name="PracticeDetail" time="0.267"/>
  <testcase classname="com.zoetispets.Tests" name="PracticeDetail" time="1.778"/>
  <testcase classname="com.zoetispets.Tests" name="PracticeDetail" time="0.384"/>
  <testcase classname="com.zoetispets.Tests" name="PracticeDetail" time="0.296"/>
  <testcase classname="com.zoetispets.Tests" name="PracticeDetail" time="0.661"/>
  <testcase classname="com.zoetispets.Tests" name="PracticeDetail" time="0.347"/>
  <testcase classname="com.zoetispets.Tests" name="PracticeDetail" time="0.42"/>
  <testcase classname="com.zoetispets.Tests" name="PracticeDetail" time="0.297"/>
  <testcase classname="com.zoetispets.Tests" name="PracticeDetail" time="0.302"/>
  <testcase classname="com.zoetispets.Tests" name="PracticeDetail" time="0.397"/>
  <testcase classname="com.zoetispets.Tests" name="PracticeDetail" time="0.389"/>
  <testcase classname="com.zoetispets.Tests" name="PracticeDetail" time="0.294"/>
  <testcase classname="com.zoetispets.Tests" name="PracticeDetail" time="0.329"/>
  <testcase classname="com.zoetispets.Tests" name="PracticeDetail" time="0.296"/>
  <testcase classname="com.zoetispets.Tests" name="PracticeDetail" time="0.341"/>
  <testcase classname="com.zoetispets.Tests" name="PracticeDetail" time="0.467"/>
  <testcase classname="com.zoetispets.Tests" name="PracticeDetail" time="0.41"/>
  <testcase classname="com.zoetispets.Tests" name="PracticeDetail" time="0.43"/>
  <testcase classname="com.zoetispets.Tests" name="PracticeDetail" time="0.362"/>
  <testcase classname="com.zoetispets.Tests" name="PracticeDetail" time="0.419"/>
  <testcase classname="com.zoetispets.Tests" name="PracticeDetail" time="0.373"/>
</testsuite> <!-- Surefire test -->
