<?xml version="1.0" encoding="UTF-8"?>
<!-- Generated by org.testng.reporters.JUnitXMLReporter -->
<testsuite ignored="0" hostname="runnervm727z3" failures="0" tests="30" name="Surefire test" time="117.476" errors="0" timestamp="2026-04-08T06:57:22 UTC">
  <testcase classname="com.zoetispets.Tests" name="PracticeDetail" time="4.149"/>
  <testcase classname="com.zoetispets.Tests" name="PracticeDetail" time="4.255"/>
  <testcase classname="com.zoetispets.Tests" name="PracticeDetail" time="3.34"/>
  <testcase classname="com.zoetispets.Tests" name="PracticeDetail" time="3.327"/>
  <testcase classname="com.zoetispets.Tests" name="PracticeDetail" time="3.298"/>
  <testcase classname="com.zoetispets.Tests" name="PracticeDetail" time="3.281"/>
  <testcase classname="com.zoetispets.Tests" name="PracticeDetail" time="3.285"/>
  <testcase classname="com.zoetispets.Tests" name="PracticeDetail" time="3.286"/>
  <testcase classname="com.zoetispets.Tests" name="PracticeDetail" time="3.794"/>
  <testcase classname="com.zoetispets.Tests" name="PracticeDetail" time="3.423"/>
  <testcase classname="com.zoetispets.Tests" name="PracticeDetail" time="3.915"/>
  <testcase classname="com.zoetispets.Tests" name="PracticeDetail" time="3.772"/>
  <testcase classname="com.zoetispets.Tests" name="PracticeDetail" time="3.766"/>
  <testcase classname="com.zoetispets.Tests" name="PracticeDetail" time="3.58"/>
  <testcase classname="com.zoetispets.Tests" name="PracticeDetail" time="3.806"/>
  <testcase classname="com.zoetispets.Tests" name="PracticeDetail" time="3.572"/>
  <testcase classname="com.zoetispets.Tests" name="PracticeDetail" time="3.622"/>
  <testcase classname="com.zoetispets.Tests" name="PracticeDetail" time="3.719"/>
  <testcase classname="com.zoetispets.Tests" name="PracticeDetail" time="3.885"/>
  <testcase classname="com.zoetispets.Tests" name="PracticeDetail" time="5.119"/>
  <testcase classname="com.zoetispets.Tests" name="PracticeDetail" time="3.851"/>
  <testcase classname="com.zoetispets.Tests" name="PracticeDetail" time="3.827"/>
  <testcase classname="com.zoetispets.Tests" name="PracticeDetail" time="3.695"/>
  <testcase classname="com.zoetispets.Tests" name="PracticeDetail" time="3.514"/>
  <testcase classname="com.zoetispets.Tests" name="PracticeDetail" time="3.552"/>
  <testcase classname="com.zoetispets.Tests" name="PracticeDetail" time="3.322"/>
  <testcase classname="com.zoetispets.Tests" name="PracticeDetail" time="3.493"/>
  <testcase classname="com.zoetispets.Tests" name="PracticeDetail" time="3.496"/>
  <testcase classname="com.zoetispets.Tests" name="PracticeDetail" time="3.559"/>
  <testcase classname="com.zoetispets.Tests" name="PracticeDetail" time="3.512"/>
</testsuite> <!-- Surefire test -->
