<?xml version="1.0" encoding="UTF-8"?>
<!-- Generated by org.testng.reporters.JUnitXMLReporter -->
<testsuite ignored="0" hostname="pkrvmsl9tci6h6u" failures="1" tests="10" name="Surefire test" time="26.906" errors="0" timestamp="2025-08-14T14:06:29 UTC">
  <testcase classname="com.zoetispets.Tests" name="PracticeDetail" time="1.941"/>
  <testcase classname="com.zoetispets.Tests" name="PracticeDetail" time="0.518"/>
  <testcase classname="com.zoetispets.Tests" name="PracticeDetail" time="0.336"/>
  <testcase classname="com.zoetispets.Tests" name="PracticeDetail" time="0.307"/>
  <testcase classname="com.zoetispets.Tests" name="PracticeDetail" time="0.283"/>
  <testcase classname="com.zoetispets.Tests" name="PracticeDetail" time="0.321"/>
  <testcase classname="com.zoetispets.Tests" name="PracticeDetail" time="0.299"/>
  <testcase classname="com.zoetispets.Tests" name="PracticeDetail" time="0.271"/>
  <testcase classname="com.zoetispets.Tests" name="PracticeDetail" time="0.295">
    <failure type="java.lang.AssertionError" message="expected [Zoetis Pets FRa] but found [Zoetis Pets FR]">
      <![CDATA[java.lang.AssertionError: expected [Zoetis Pets FRa] but found [Zoetis Pets FR]
at com.zoetispets.Tests.PracticeDetail(Tests.java:65)
at java.base/java.util.ArrayList.forEach(ArrayList.java:1511)
... Removed 38 stack frames]]>
    </failure>
  </testcase> <!-- PracticeDetail -->
  <testcase classname="com.zoetispets.Tests" name="PracticeDetail" time="0.431"/>
</testsuite> <!-- Surefire test -->
