<?xml version="1.0" encoding="UTF-8"?>
<!-- Generated by org.testng.reporters.JUnitXMLReporter -->
<testsuite ignored="0" hostname="runnervmymu0l" failures="2" tests="30" name="Surefire test" time="114.29" errors="0" timestamp="2026-01-26T12:30:04 UTC">
  <testcase classname="com.zoetispets.Tests" name="PracticeDetail" time="4.24"/>
  <testcase classname="com.zoetispets.Tests" name="PracticeDetail" time="4.435"/>
  <testcase classname="com.zoetispets.Tests" name="PracticeDetail" time="3.393"/>
  <testcase classname="com.zoetispets.Tests" name="PracticeDetail" time="3.353"/>
  <testcase classname="com.zoetispets.Tests" name="PracticeDetail" time="3.374"/>
  <testcase classname="com.zoetispets.Tests" name="PracticeDetail" time="3.357"/>
  <testcase classname="com.zoetispets.Tests" name="PracticeDetail" time="3.374"/>
  <testcase classname="com.zoetispets.Tests" name="PracticeDetail" time="3.4"/>
  <testcase classname="com.zoetispets.Tests" name="PracticeDetail" time="3.38">
    <failure type="java.lang.AssertionError" message="expected [Zoetis Pets FR] but found [The resource cannot be found.]">
      <![CDATA[java.lang.AssertionError: expected [Zoetis Pets FR] but found [The resource cannot be found.]
at com.zoetispets.Tests.PracticeDetail(Tests.java:69)
at java.base/java.util.ArrayList.forEach(ArrayList.java:1511)
... Removed 38 stack frames]]>
    </failure>
  </testcase> <!-- PracticeDetail -->
  <testcase classname="com.zoetispets.Tests" name="PracticeDetail" time="3.686"/>
  <testcase classname="com.zoetispets.Tests" name="PracticeDetail" time="3.363"/>
  <testcase classname="com.zoetispets.Tests" name="PracticeDetail" time="3.253"/>
  <testcase classname="com.zoetispets.Tests" name="PracticeDetail" time="3.317"/>
  <testcase classname="com.zoetispets.Tests" name="PracticeDetail" time="4.934"/>
  <testcase classname="com.zoetispets.Tests" name="PracticeDetail" time="3.833"/>
  <testcase classname="com.zoetispets.Tests" name="PracticeDetail" time="3.691"/>
  <testcase classname="com.zoetispets.Tests" name="PracticeDetail" time="3.207"/>
  <testcase classname="com.zoetispets.Tests" name="PracticeDetail" time="3.879"/>
  <testcase classname="com.zoetispets.Tests" name="PracticeDetail" time="3.248"/>
  <testcase classname="com.zoetispets.Tests" name="PracticeDetail" time="3.599"/>
  <testcase classname="com.zoetispets.Tests" name="PracticeDetail" time="3.42"/>
  <testcase classname="com.zoetispets.Tests" name="PracticeDetail" time="3.221">
    <failure type="java.lang.AssertionError" message="expected [Évaluation des problèmes de peau chez le chien | Zoetis Pets] but found [The resource cannot be found.]">
      <![CDATA[java.lang.AssertionError: expected [Évaluation des problèmes de peau chez le chien | Zoetis Pets] but found [The resource cannot be found.]
at com.zoetispets.Tests.PracticeDetail(Tests.java:69)
at java.base/java.util.ArrayList.forEach(ArrayList.java:1511)
... Removed 37 stack frames]]>
    </failure>
  </testcase> <!-- PracticeDetail -->
  <testcase classname="com.zoetispets.Tests" name="PracticeDetail" time="3.368"/>
  <testcase classname="com.zoetispets.Tests" name="PracticeDetail" time="3.312"/>
  <testcase classname="com.zoetispets.Tests" name="PracticeDetail" time="3.231"/>
  <testcase classname="com.zoetispets.Tests" name="PracticeDetail" time="3.357"/>
  <testcase classname="com.zoetispets.Tests" name="PracticeDetail" time="3.512"/>
  <testcase classname="com.zoetispets.Tests" name="PracticeDetail" time="3.374"/>
  <testcase classname="com.zoetispets.Tests" name="PracticeDetail" time="3.259"/>
  <testcase classname="com.zoetispets.Tests" name="PracticeDetail" time="3.382"/>
</testsuite> <!-- Surefire test -->
