<?xml version="1.0" encoding="UTF-8"?>
<!-- Generated by org.testng.reporters.JUnitXMLReporter -->
<testsuite ignored="0" hostname="runnervmnay03" failures="0" tests="30" name="Surefire test" time="118.838" errors="0" timestamp="2026-03-01T06:09:55 UTC">
  <testcase classname="com.zoetispets.Tests" name="PracticeDetail" time="4.157"/>
  <testcase classname="com.zoetispets.Tests" name="PracticeDetail" time="4.625"/>
  <testcase classname="com.zoetispets.Tests" name="PracticeDetail" time="3.357"/>
  <testcase classname="com.zoetispets.Tests" name="PracticeDetail" time="3.337"/>
  <testcase classname="com.zoetispets.Tests" name="PracticeDetail" time="3.315"/>
  <testcase classname="com.zoetispets.Tests" name="PracticeDetail" time="3.33"/>
  <testcase classname="com.zoetispets.Tests" name="PracticeDetail" time="3.299"/>
  <testcase classname="com.zoetispets.Tests" name="PracticeDetail" time="3.289"/>
  <testcase classname="com.zoetispets.Tests" name="PracticeDetail" time="3.894"/>
  <testcase classname="com.zoetispets.Tests" name="PracticeDetail" time="3.411"/>
  <testcase classname="com.zoetispets.Tests" name="PracticeDetail" time="3.843"/>
  <testcase classname="com.zoetispets.Tests" name="PracticeDetail" time="3.859"/>
  <testcase classname="com.zoetispets.Tests" name="PracticeDetail" time="3.749"/>
  <testcase classname="com.zoetispets.Tests" name="PracticeDetail" time="3.518"/>
  <testcase classname="com.zoetispets.Tests" name="PracticeDetail" time="3.725"/>
  <testcase classname="com.zoetispets.Tests" name="PracticeDetail" time="3.593"/>
  <testcase classname="com.zoetispets.Tests" name="PracticeDetail" time="3.653"/>
  <testcase classname="com.zoetispets.Tests" name="PracticeDetail" time="3.426"/>
  <testcase classname="com.zoetispets.Tests" name="PracticeDetail" time="3.8"/>
  <testcase classname="com.zoetispets.Tests" name="PracticeDetail" time="3.936"/>
  <testcase classname="com.zoetispets.Tests" name="PracticeDetail" time="3.516"/>
  <testcase classname="com.zoetispets.Tests" name="PracticeDetail" time="3.819"/>
  <testcase classname="com.zoetispets.Tests" name="PracticeDetail" time="3.633"/>
  <testcase classname="com.zoetispets.Tests" name="PracticeDetail" time="3.534"/>
  <testcase classname="com.zoetispets.Tests" name="PracticeDetail" time="3.61"/>
  <testcase classname="com.zoetispets.Tests" name="PracticeDetail" time="3.488"/>
  <testcase classname="com.zoetispets.Tests" name="PracticeDetail" time="3.599"/>
  <testcase classname="com.zoetispets.Tests" name="PracticeDetail" time="3.466"/>
  <testcase classname="com.zoetispets.Tests" name="PracticeDetail" time="3.51"/>
  <testcase classname="com.zoetispets.Tests" name="PracticeDetail" time="3.496"/>
</testsuite> <!-- Surefire test -->
