<?xml version="1.0" encoding="UTF-8"?>
<!-- Generated by org.testng.reporters.JUnitXMLReporter -->
<testsuite ignored="0" hostname="runnervm3ublj" failures="0" tests="30" name="Surefire test" time="28.893" errors="0" timestamp="2025-09-25T05:43:00 UTC">
  <testcase classname="com.zoetispets.Tests" name="PracticeDetail" time="1.601"/>
  <testcase classname="com.zoetispets.Tests" name="PracticeDetail" time="0.409"/>
  <testcase classname="com.zoetispets.Tests" name="PracticeDetail" time="0.321"/>
  <testcase classname="com.zoetispets.Tests" name="PracticeDetail" time="0.288"/>
  <testcase classname="com.zoetispets.Tests" name="PracticeDetail" time="0.419"/>
  <testcase classname="com.zoetispets.Tests" name="PracticeDetail" time="0.324"/>
  <testcase classname="com.zoetispets.Tests" name="PracticeDetail" time="0.303"/>
  <testcase classname="com.zoetispets.Tests" name="PracticeDetail" time="0.29"/>
  <testcase classname="com.zoetispets.Tests" name="PracticeDetail" time="0.263"/>
  <testcase classname="com.zoetispets.Tests" name="PracticeDetail" time="0.332"/>
  <testcase classname="com.zoetispets.Tests" name="PracticeDetail" time="0.39"/>
  <testcase classname="com.zoetispets.Tests" name="PracticeDetail" time="2.192"/>
  <testcase classname="com.zoetispets.Tests" name="PracticeDetail" time="0.345"/>
  <testcase classname="com.zoetispets.Tests" name="PracticeDetail" time="0.349"/>
  <testcase classname="com.zoetispets.Tests" name="PracticeDetail" time="0.939"/>
  <testcase classname="com.zoetispets.Tests" name="PracticeDetail" time="0.88"/>
  <testcase classname="com.zoetispets.Tests" name="PracticeDetail" time="0.507"/>
  <testcase classname="com.zoetispets.Tests" name="PracticeDetail" time="0.535"/>
  <testcase classname="com.zoetispets.Tests" name="PracticeDetail" time="0.425"/>
  <testcase classname="com.zoetispets.Tests" name="PracticeDetail" time="0.384"/>
  <testcase classname="com.zoetispets.Tests" name="PracticeDetail" time="0.502"/>
  <testcase classname="com.zoetispets.Tests" name="PracticeDetail" time="0.383"/>
  <testcase classname="com.zoetispets.Tests" name="PracticeDetail" time="0.376"/>
  <testcase classname="com.zoetispets.Tests" name="PracticeDetail" time="0.387"/>
  <testcase classname="com.zoetispets.Tests" name="PracticeDetail" time="0.491"/>
  <testcase classname="com.zoetispets.Tests" name="PracticeDetail" time="0.439"/>
  <testcase classname="com.zoetispets.Tests" name="PracticeDetail" time="0.48"/>
  <testcase classname="com.zoetispets.Tests" name="PracticeDetail" time="0.41"/>
  <testcase classname="com.zoetispets.Tests" name="PracticeDetail" time="0.894"/>
  <testcase classname="com.zoetispets.Tests" name="PracticeDetail" time="0.385"/>
</testsuite> <!-- Surefire test -->
