<?xml version="1.0" encoding="UTF-8"?>
<!-- Generated by org.testng.reporters.JUnitXMLReporter -->
<testsuite ignored="0" hostname="runnervmmtnos" failures="0" tests="30" name="Surefire test" time="25.551" errors="0" timestamp="2026-01-22T05:53:56 UTC">
  <testcase classname="com.zoetispets.Tests" name="PracticeDetail" time="1.227"/>
  <testcase classname="com.zoetispets.Tests" name="PracticeDetail" time="0.294"/>
  <testcase classname="com.zoetispets.Tests" name="PracticeDetail" time="0.242"/>
  <testcase classname="com.zoetispets.Tests" name="PracticeDetail" time="0.294"/>
  <testcase classname="com.zoetispets.Tests" name="PracticeDetail" time="0.235"/>
  <testcase classname="com.zoetispets.Tests" name="PracticeDetail" time="0.291"/>
  <testcase classname="com.zoetispets.Tests" name="PracticeDetail" time="0.231"/>
  <testcase classname="com.zoetispets.Tests" name="PracticeDetail" time="0.27"/>
  <testcase classname="com.zoetispets.Tests" name="PracticeDetail" time="0.971"/>
  <testcase classname="com.zoetispets.Tests" name="PracticeDetail" time="0.281"/>
  <testcase classname="com.zoetispets.Tests" name="PracticeDetail" time="1.604"/>
  <testcase classname="com.zoetispets.Tests" name="PracticeDetail" time="0.225"/>
  <testcase classname="com.zoetispets.Tests" name="PracticeDetail" time="0.323"/>
  <testcase classname="com.zoetispets.Tests" name="PracticeDetail" time="0.827"/>
  <testcase classname="com.zoetispets.Tests" name="PracticeDetail" time="0.366"/>
  <testcase classname="com.zoetispets.Tests" name="PracticeDetail" time="0.814"/>
  <testcase classname="com.zoetispets.Tests" name="PracticeDetail" time="0.344"/>
  <testcase classname="com.zoetispets.Tests" name="PracticeDetail" time="0.335"/>
  <testcase classname="com.zoetispets.Tests" name="PracticeDetail" time="0.319"/>
  <testcase classname="com.zoetispets.Tests" name="PracticeDetail" time="0.933"/>
  <testcase classname="com.zoetispets.Tests" name="PracticeDetail" time="0.369"/>
  <testcase classname="com.zoetispets.Tests" name="PracticeDetail" time="0.424"/>
  <testcase classname="com.zoetispets.Tests" name="PracticeDetail" time="0.43"/>
  <testcase classname="com.zoetispets.Tests" name="PracticeDetail" time="0.293"/>
  <testcase classname="com.zoetispets.Tests" name="PracticeDetail" time="0.297"/>
  <testcase classname="com.zoetispets.Tests" name="PracticeDetail" time="0.782"/>
  <testcase classname="com.zoetispets.Tests" name="PracticeDetail" time="0.388"/>
  <testcase classname="com.zoetispets.Tests" name="PracticeDetail" time="0.312"/>
  <testcase classname="com.zoetispets.Tests" name="PracticeDetail" time="0.371"/>
  <testcase classname="com.zoetispets.Tests" name="PracticeDetail" time="0.322"/>
</testsuite> <!-- Surefire test -->
