<?xml version="1.0" encoding="UTF-8"?>
<!-- Generated by org.testng.reporters.JUnitXMLReporter -->
<testsuite ignored="0" hostname="pkrvmubgrv54qmi" failures="0" tests="30" name="Surefire test" time="27.541" errors="0" timestamp="2025-08-19T05:44:18 UTC">
  <testcase classname="com.zoetispets.Tests" name="PracticeDetail" time="1.519"/>
  <testcase classname="com.zoetispets.Tests" name="PracticeDetail" time="0.344"/>
  <testcase classname="com.zoetispets.Tests" name="PracticeDetail" time="0.409"/>
  <testcase classname="com.zoetispets.Tests" name="PracticeDetail" time="0.311"/>
  <testcase classname="com.zoetispets.Tests" name="PracticeDetail" time="0.304"/>
  <testcase classname="com.zoetispets.Tests" name="PracticeDetail" time="0.273"/>
  <testcase classname="com.zoetispets.Tests" name="PracticeDetail" time="0.29"/>
  <testcase classname="com.zoetispets.Tests" name="PracticeDetail" time="0.276"/>
  <testcase classname="com.zoetispets.Tests" name="PracticeDetail" time="0.258"/>
  <testcase classname="com.zoetispets.Tests" name="PracticeDetail" time="0.251"/>
  <testcase classname="com.zoetispets.Tests" name="PracticeDetail" time="1.093"/>
  <testcase classname="com.zoetispets.Tests" name="PracticeDetail" time="0.73"/>
  <testcase classname="com.zoetispets.Tests" name="PracticeDetail" time="0.408"/>
  <testcase classname="com.zoetispets.Tests" name="PracticeDetail" time="0.79"/>
  <testcase classname="com.zoetispets.Tests" name="PracticeDetail" time="0.452"/>
  <testcase classname="com.zoetispets.Tests" name="PracticeDetail" time="0.747"/>
  <testcase classname="com.zoetispets.Tests" name="PracticeDetail" time="0.722"/>
  <testcase classname="com.zoetispets.Tests" name="PracticeDetail" time="0.708"/>
  <testcase classname="com.zoetispets.Tests" name="PracticeDetail" time="0.876"/>
  <testcase classname="com.zoetispets.Tests" name="PracticeDetail" time="0.441"/>
  <testcase classname="com.zoetispets.Tests" name="PracticeDetail" time="0.53"/>
  <testcase classname="com.zoetispets.Tests" name="PracticeDetail" time="0.746"/>
  <testcase classname="com.zoetispets.Tests" name="PracticeDetail" time="0.868"/>
  <testcase classname="com.zoetispets.Tests" name="PracticeDetail" time="0.708"/>
  <testcase classname="com.zoetispets.Tests" name="PracticeDetail" time="0.61"/>
  <testcase classname="com.zoetispets.Tests" name="PracticeDetail" time="0.474"/>
  <testcase classname="com.zoetispets.Tests" name="PracticeDetail" time="0.866"/>
  <testcase classname="com.zoetispets.Tests" name="PracticeDetail" time="0.571"/>
  <testcase classname="com.zoetispets.Tests" name="PracticeDetail" time="0.494"/>
  <testcase classname="com.zoetispets.Tests" name="PracticeDetail" time="0.463"/>
</testsuite> <!-- Surefire test -->
