<?xml version="1.0" encoding="UTF-8"?>
<!-- Generated by org.testng.reporters.JUnitXMLReporter -->
<testsuite ignored="0" hostname="runnervmi13qx" failures="0" tests="30" name="Surefire test" time="27.207" errors="0" timestamp="2026-01-12T05:54:12 UTC">
  <testcase classname="com.zoetispets.Tests" name="PracticeDetail" time="1.429"/>
  <testcase classname="com.zoetispets.Tests" name="PracticeDetail" time="0.487"/>
  <testcase classname="com.zoetispets.Tests" name="PracticeDetail" time="0.266"/>
  <testcase classname="com.zoetispets.Tests" name="PracticeDetail" time="0.27"/>
  <testcase classname="com.zoetispets.Tests" name="PracticeDetail" time="0.296"/>
  <testcase classname="com.zoetispets.Tests" name="PracticeDetail" time="0.316"/>
  <testcase classname="com.zoetispets.Tests" name="PracticeDetail" time="0.295"/>
  <testcase classname="com.zoetispets.Tests" name="PracticeDetail" time="0.27"/>
  <testcase classname="com.zoetispets.Tests" name="PracticeDetail" time="0.299"/>
  <testcase classname="com.zoetispets.Tests" name="PracticeDetail" time="0.393"/>
  <testcase classname="com.zoetispets.Tests" name="PracticeDetail" time="3.803"/>
  <testcase classname="com.zoetispets.Tests" name="PracticeDetail" time="0.344"/>
  <testcase classname="com.zoetispets.Tests" name="PracticeDetail" time="0.837"/>
  <testcase classname="com.zoetispets.Tests" name="PracticeDetail" time="0.782"/>
  <testcase classname="com.zoetispets.Tests" name="PracticeDetail" time="0.893"/>
  <testcase classname="com.zoetispets.Tests" name="PracticeDetail" time="0.786"/>
  <testcase classname="com.zoetispets.Tests" name="PracticeDetail" time="0.315"/>
  <testcase classname="com.zoetispets.Tests" name="PracticeDetail" time="0.351"/>
  <testcase classname="com.zoetispets.Tests" name="PracticeDetail" time="0.394"/>
  <testcase classname="com.zoetispets.Tests" name="PracticeDetail" time="0.456"/>
  <testcase classname="com.zoetispets.Tests" name="PracticeDetail" time="0.686"/>
  <testcase classname="com.zoetispets.Tests" name="PracticeDetail" time="0.33"/>
  <testcase classname="com.zoetispets.Tests" name="PracticeDetail" time="0.316"/>
  <testcase classname="com.zoetispets.Tests" name="PracticeDetail" time="0.35"/>
  <testcase classname="com.zoetispets.Tests" name="PracticeDetail" time="0.331"/>
  <testcase classname="com.zoetispets.Tests" name="PracticeDetail" time="0.347"/>
  <testcase classname="com.zoetispets.Tests" name="PracticeDetail" time="0.344"/>
  <testcase classname="com.zoetispets.Tests" name="PracticeDetail" time="0.327"/>
  <testcase classname="com.zoetispets.Tests" name="PracticeDetail" time="0.56"/>
  <testcase classname="com.zoetispets.Tests" name="PracticeDetail" time="0.396"/>
</testsuite> <!-- Surefire test -->
