<?xml version="1.0" encoding="UTF-8"?>
<!-- Generated by org.testng.reporters.JUnitXMLReporter -->
<testsuite ignored="0" hostname="runnervmg1sw1" failures="0" tests="30" name="Surefire test" time="31.736" errors="0" timestamp="2025-11-25T05:45:34 UTC">
  <testcase classname="com.zoetispets.Tests" name="PracticeDetail" time="2.459"/>
  <testcase classname="com.zoetispets.Tests" name="PracticeDetail" time="1.341"/>
  <testcase classname="com.zoetispets.Tests" name="PracticeDetail" time="0.281"/>
  <testcase classname="com.zoetispets.Tests" name="PracticeDetail" time="0.299"/>
  <testcase classname="com.zoetispets.Tests" name="PracticeDetail" time="0.314"/>
  <testcase classname="com.zoetispets.Tests" name="PracticeDetail" time="0.268"/>
  <testcase classname="com.zoetispets.Tests" name="PracticeDetail" time="0.291"/>
  <testcase classname="com.zoetispets.Tests" name="PracticeDetail" time="0.292"/>
  <testcase classname="com.zoetispets.Tests" name="PracticeDetail" time="0.268"/>
  <testcase classname="com.zoetispets.Tests" name="PracticeDetail" time="0.311"/>
  <testcase classname="com.zoetispets.Tests" name="PracticeDetail" time="3.085"/>
  <testcase classname="com.zoetispets.Tests" name="PracticeDetail" time="0.806"/>
  <testcase classname="com.zoetispets.Tests" name="PracticeDetail" time="0.794"/>
  <testcase classname="com.zoetispets.Tests" name="PracticeDetail" time="0.3"/>
  <testcase classname="com.zoetispets.Tests" name="PracticeDetail" time="0.402"/>
  <testcase classname="com.zoetispets.Tests" name="PracticeDetail" time="0.353"/>
  <testcase classname="com.zoetispets.Tests" name="PracticeDetail" time="0.783"/>
  <testcase classname="com.zoetispets.Tests" name="PracticeDetail" time="0.525"/>
  <testcase classname="com.zoetispets.Tests" name="PracticeDetail" time="0.833"/>
  <testcase classname="com.zoetispets.Tests" name="PracticeDetail" time="0.62"/>
  <testcase classname="com.zoetispets.Tests" name="PracticeDetail" time="0.817"/>
  <testcase classname="com.zoetispets.Tests" name="PracticeDetail" time="0.532"/>
  <testcase classname="com.zoetispets.Tests" name="PracticeDetail" time="0.463"/>
  <testcase classname="com.zoetispets.Tests" name="PracticeDetail" time="0.519"/>
  <testcase classname="com.zoetispets.Tests" name="PracticeDetail" time="0.617"/>
  <testcase classname="com.zoetispets.Tests" name="PracticeDetail" time="0.758"/>
  <testcase classname="com.zoetispets.Tests" name="PracticeDetail" time="1.041"/>
  <testcase classname="com.zoetispets.Tests" name="PracticeDetail" time="0.759"/>
  <testcase classname="com.zoetispets.Tests" name="PracticeDetail" time="0.916"/>
  <testcase classname="com.zoetispets.Tests" name="PracticeDetail" time="0.758"/>
</testsuite> <!-- Surefire test -->
