<?xml version="1.0" encoding="UTF-8"?>
<!-- Generated by org.testng.reporters.JUnitXMLReporter -->
<testsuite ignored="0" hostname="runnervmoqczp" failures="0" tests="30" name="Surefire test" time="29.18" errors="0" timestamp="2025-12-04T05:45:22 UTC">
  <testcase classname="com.zoetispets.Tests" name="PracticeDetail" time="1.145"/>
  <testcase classname="com.zoetispets.Tests" name="PracticeDetail" time="0.561"/>
  <testcase classname="com.zoetispets.Tests" name="PracticeDetail" time="0.562"/>
  <testcase classname="com.zoetispets.Tests" name="PracticeDetail" time="0.265"/>
  <testcase classname="com.zoetispets.Tests" name="PracticeDetail" time="0.251"/>
  <testcase classname="com.zoetispets.Tests" name="PracticeDetail" time="0.268"/>
  <testcase classname="com.zoetispets.Tests" name="PracticeDetail" time="0.277"/>
  <testcase classname="com.zoetispets.Tests" name="PracticeDetail" time="0.289"/>
  <testcase classname="com.zoetispets.Tests" name="PracticeDetail" time="0.262"/>
  <testcase classname="com.zoetispets.Tests" name="PracticeDetail" time="0.237"/>
  <testcase classname="com.zoetispets.Tests" name="PracticeDetail" time="1.957"/>
  <testcase classname="com.zoetispets.Tests" name="PracticeDetail" time="1.237"/>
  <testcase classname="com.zoetispets.Tests" name="PracticeDetail" time="0.78"/>
  <testcase classname="com.zoetispets.Tests" name="PracticeDetail" time="0.743"/>
  <testcase classname="com.zoetispets.Tests" name="PracticeDetail" time="0.813"/>
  <testcase classname="com.zoetispets.Tests" name="PracticeDetail" time="0.727"/>
  <testcase classname="com.zoetispets.Tests" name="PracticeDetail" time="0.425"/>
  <testcase classname="com.zoetispets.Tests" name="PracticeDetail" time="0.743"/>
  <testcase classname="com.zoetispets.Tests" name="PracticeDetail" time="0.463"/>
  <testcase classname="com.zoetispets.Tests" name="PracticeDetail" time="0.591"/>
  <testcase classname="com.zoetispets.Tests" name="PracticeDetail" time="0.413"/>
  <testcase classname="com.zoetispets.Tests" name="PracticeDetail" time="0.77"/>
  <testcase classname="com.zoetispets.Tests" name="PracticeDetail" time="0.791"/>
  <testcase classname="com.zoetispets.Tests" name="PracticeDetail" time="0.453"/>
  <testcase classname="com.zoetispets.Tests" name="PracticeDetail" time="0.422"/>
  <testcase classname="com.zoetispets.Tests" name="PracticeDetail" time="0.575"/>
  <testcase classname="com.zoetispets.Tests" name="PracticeDetail" time="0.448"/>
  <testcase classname="com.zoetispets.Tests" name="PracticeDetail" time="0.449"/>
  <testcase classname="com.zoetispets.Tests" name="PracticeDetail" time="0.408"/>
  <testcase classname="com.zoetispets.Tests" name="PracticeDetail" time="0.425"/>
</testsuite> <!-- Surefire test -->
