<?xml version="1.0" encoding="UTF-8"?>
<!-- Generated by org.testng.reporters.JUnitXMLReporter -->
<testsuite ignored="0" hostname="runnervmw9dnm" failures="0" tests="30" name="Surefire test" time="30.938" errors="0" timestamp="2025-11-10T05:44:34 UTC">
  <testcase classname="com.zoetispets.Tests" name="PracticeDetail" time="1.303"/>
  <testcase classname="com.zoetispets.Tests" name="PracticeDetail" time="0.311"/>
  <testcase classname="com.zoetispets.Tests" name="PracticeDetail" time="0.288"/>
  <testcase classname="com.zoetispets.Tests" name="PracticeDetail" time="0.271"/>
  <testcase classname="com.zoetispets.Tests" name="PracticeDetail" time="0.438"/>
  <testcase classname="com.zoetispets.Tests" name="PracticeDetail" time="0.282"/>
  <testcase classname="com.zoetispets.Tests" name="PracticeDetail" time="0.265"/>
  <testcase classname="com.zoetispets.Tests" name="PracticeDetail" time="0.312"/>
  <testcase classname="com.zoetispets.Tests" name="PracticeDetail" time="0.249"/>
  <testcase classname="com.zoetispets.Tests" name="PracticeDetail" time="1.811"/>
  <testcase classname="com.zoetispets.Tests" name="PracticeDetail" time="4.599"/>
  <testcase classname="com.zoetispets.Tests" name="PracticeDetail" time="0.424"/>
  <testcase classname="com.zoetispets.Tests" name="PracticeDetail" time="0.516"/>
  <testcase classname="com.zoetispets.Tests" name="PracticeDetail" time="0.493"/>
  <testcase classname="com.zoetispets.Tests" name="PracticeDetail" time="0.467"/>
  <testcase classname="com.zoetispets.Tests" name="PracticeDetail" time="0.857"/>
  <testcase classname="com.zoetispets.Tests" name="PracticeDetail" time="0.76"/>
  <testcase classname="com.zoetispets.Tests" name="PracticeDetail" time="0.482"/>
  <testcase classname="com.zoetispets.Tests" name="PracticeDetail" time="0.466"/>
  <testcase classname="com.zoetispets.Tests" name="PracticeDetail" time="0.861"/>
  <testcase classname="com.zoetispets.Tests" name="PracticeDetail" time="0.573"/>
  <testcase classname="com.zoetispets.Tests" name="PracticeDetail" time="0.861"/>
  <testcase classname="com.zoetispets.Tests" name="PracticeDetail" time="0.624"/>
  <testcase classname="com.zoetispets.Tests" name="PracticeDetail" time="0.365"/>
  <testcase classname="com.zoetispets.Tests" name="PracticeDetail" time="0.447"/>
  <testcase classname="com.zoetispets.Tests" name="PracticeDetail" time="0.778"/>
  <testcase classname="com.zoetispets.Tests" name="PracticeDetail" time="0.915"/>
  <testcase classname="com.zoetispets.Tests" name="PracticeDetail" time="0.715"/>
  <testcase classname="com.zoetispets.Tests" name="PracticeDetail" time="0.359"/>
  <testcase classname="com.zoetispets.Tests" name="PracticeDetail" time="0.695"/>
</testsuite> <!-- Surefire test -->
