<?xml version="1.0" encoding="UTF-8"?>
<!-- Generated by org.testng.reporters.JUnitXMLReporter -->
<testsuite ignored="0" hostname="runnervm35a4x" failures="0" tests="30" name="Surefire test" time="142.118" errors="0" timestamp="2026-04-15T07:11:02 UTC">
  <testcase classname="com.zoetispets.Tests" name="PracticeDetail" time="4.394"/>
  <testcase classname="com.zoetispets.Tests" name="PracticeDetail" time="3.334"/>
  <testcase classname="com.zoetispets.Tests" name="PracticeDetail" time="3.373"/>
  <testcase classname="com.zoetispets.Tests" name="PracticeDetail" time="3.372"/>
  <testcase classname="com.zoetispets.Tests" name="PracticeDetail" time="3.332"/>
  <testcase classname="com.zoetispets.Tests" name="PracticeDetail" time="3.293"/>
  <testcase classname="com.zoetispets.Tests" name="PracticeDetail" time="3.37"/>
  <testcase classname="com.zoetispets.Tests" name="PracticeDetail" time="3.364"/>
  <testcase classname="com.zoetispets.Tests" name="PracticeDetail" time="3.99"/>
  <testcase classname="com.zoetispets.Tests" name="PracticeDetail" time="3.4"/>
  <testcase classname="com.zoetispets.Tests" name="PracticeDetail" time="3.878"/>
  <testcase classname="com.zoetispets.Tests" name="PracticeDetail" time="8.926"/>
  <testcase classname="com.zoetispets.Tests" name="PracticeDetail" time="7.454"/>
  <testcase classname="com.zoetispets.Tests" name="PracticeDetail" time="5.842"/>
  <testcase classname="com.zoetispets.Tests" name="PracticeDetail" time="7.279"/>
  <testcase classname="com.zoetispets.Tests" name="PracticeDetail" time="3.553"/>
  <testcase classname="com.zoetispets.Tests" name="PracticeDetail" time="9.234"/>
  <testcase classname="com.zoetispets.Tests" name="PracticeDetail" time="7.41"/>
  <testcase classname="com.zoetispets.Tests" name="PracticeDetail" time="4.013"/>
  <testcase classname="com.zoetispets.Tests" name="PracticeDetail" time="6.489"/>
  <testcase classname="com.zoetispets.Tests" name="PracticeDetail" time="3.875"/>
  <testcase classname="com.zoetispets.Tests" name="PracticeDetail" time="3.802"/>
  <testcase classname="com.zoetispets.Tests" name="PracticeDetail" time="3.722"/>
  <testcase classname="com.zoetispets.Tests" name="PracticeDetail" time="3.484"/>
  <testcase classname="com.zoetispets.Tests" name="PracticeDetail" time="3.578"/>
  <testcase classname="com.zoetispets.Tests" name="PracticeDetail" time="3.254"/>
  <testcase classname="com.zoetispets.Tests" name="PracticeDetail" time="3.538"/>
  <testcase classname="com.zoetispets.Tests" name="PracticeDetail" time="3.227"/>
  <testcase classname="com.zoetispets.Tests" name="PracticeDetail" time="3.31"/>
  <testcase classname="com.zoetispets.Tests" name="PracticeDetail" time="3.514"/>
</testsuite> <!-- Surefire test -->
