<?xml version="1.0" encoding="UTF-8"?>
<!-- Generated by org.testng.reporters.JUnitXMLReporter -->
<testsuite ignored="0" hostname="runnervm35a4x" failures="0" tests="30" name="Surefire test" time="116.595" errors="0" timestamp="2026-04-10T07:08:44 UTC">
  <testcase classname="com.zoetispets.Tests" name="PracticeDetail" time="4.486"/>
  <testcase classname="com.zoetispets.Tests" name="PracticeDetail" time="3.604"/>
  <testcase classname="com.zoetispets.Tests" name="PracticeDetail" time="3.448"/>
  <testcase classname="com.zoetispets.Tests" name="PracticeDetail" time="3.455"/>
  <testcase classname="com.zoetispets.Tests" name="PracticeDetail" time="3.471"/>
  <testcase classname="com.zoetispets.Tests" name="PracticeDetail" time="3.459"/>
  <testcase classname="com.zoetispets.Tests" name="PracticeDetail" time="3.491"/>
  <testcase classname="com.zoetispets.Tests" name="PracticeDetail" time="3.503"/>
  <testcase classname="com.zoetispets.Tests" name="PracticeDetail" time="4.584"/>
  <testcase classname="com.zoetispets.Tests" name="PracticeDetail" time="3.887"/>
  <testcase classname="com.zoetispets.Tests" name="PracticeDetail" time="3.318"/>
  <testcase classname="com.zoetispets.Tests" name="PracticeDetail" time="3.248"/>
  <testcase classname="com.zoetispets.Tests" name="PracticeDetail" time="3.871"/>
  <testcase classname="com.zoetispets.Tests" name="PracticeDetail" time="3.267"/>
  <testcase classname="com.zoetispets.Tests" name="PracticeDetail" time="3.912"/>
  <testcase classname="com.zoetispets.Tests" name="PracticeDetail" time="3.476"/>
  <testcase classname="com.zoetispets.Tests" name="PracticeDetail" time="3.929"/>
  <testcase classname="com.zoetispets.Tests" name="PracticeDetail" time="4.249"/>
  <testcase classname="com.zoetispets.Tests" name="PracticeDetail" time="3.327"/>
  <testcase classname="com.zoetispets.Tests" name="PracticeDetail" time="3.585"/>
  <testcase classname="com.zoetispets.Tests" name="PracticeDetail" time="3.523"/>
  <testcase classname="com.zoetispets.Tests" name="PracticeDetail" time="3.564"/>
  <testcase classname="com.zoetispets.Tests" name="PracticeDetail" time="3.505"/>
  <testcase classname="com.zoetispets.Tests" name="PracticeDetail" time="3.531"/>
  <testcase classname="com.zoetispets.Tests" name="PracticeDetail" time="3.825"/>
  <testcase classname="com.zoetispets.Tests" name="PracticeDetail" time="3.241"/>
  <testcase classname="com.zoetispets.Tests" name="PracticeDetail" time="3.264"/>
  <testcase classname="com.zoetispets.Tests" name="PracticeDetail" time="3.535"/>
  <testcase classname="com.zoetispets.Tests" name="PracticeDetail" time="3.244"/>
  <testcase classname="com.zoetispets.Tests" name="PracticeDetail" time="3.681"/>
</testsuite> <!-- Surefire test -->
