<?xml version="1.0" encoding="UTF-8"?>
<!-- Generated by org.testng.reporters.JUnitXMLReporter -->
<testsuite ignored="0" hostname="runnervmf4ws1" failures="1" tests="30" name="Surefire test" time="36.731" errors="0" timestamp="2025-09-17T11:57:16 UTC">
  <testcase classname="com.zoetispets.Tests" name="PracticeDetail" time="2.383">
    <failure type="java.lang.AssertionError" message="expected [Zoetis Pets UKK] but found [Zoetis Pets UK]">
      <![CDATA[java.lang.AssertionError: expected [Zoetis Pets UKK] but found [Zoetis Pets UK]
at com.zoetispets.Tests.PracticeDetail(Tests.java:68)
at java.base/java.util.ArrayList.forEach(ArrayList.java:1511)
... Removed 38 stack frames]]>
    </failure>
  </testcase> <!-- PracticeDetail -->
  <testcase classname="com.zoetispets.Tests" name="PracticeDetail" time="0.431"/>
  <testcase classname="com.zoetispets.Tests" name="PracticeDetail" time="0.516"/>
  <testcase classname="com.zoetispets.Tests" name="PracticeDetail" time="0.788"/>
  <testcase classname="com.zoetispets.Tests" name="PracticeDetail" time="0.499"/>
  <testcase classname="com.zoetispets.Tests" name="PracticeDetail" time="0.539"/>
  <testcase classname="com.zoetispets.Tests" name="PracticeDetail" time="0.857"/>
  <testcase classname="com.zoetispets.Tests" name="PracticeDetail" time="0.942"/>
  <testcase classname="com.zoetispets.Tests" name="PracticeDetail" time="0.856"/>
  <testcase classname="com.zoetispets.Tests" name="PracticeDetail" time="0.815"/>
  <testcase classname="com.zoetispets.Tests" name="PracticeDetail" time="1.853"/>
  <testcase classname="com.zoetispets.Tests" name="PracticeDetail" time="0.471"/>
  <testcase classname="com.zoetispets.Tests" name="PracticeDetail" time="0.858"/>
  <testcase classname="com.zoetispets.Tests" name="PracticeDetail" time="0.371"/>
  <testcase classname="com.zoetispets.Tests" name="PracticeDetail" time="1.154"/>
  <testcase classname="com.zoetispets.Tests" name="PracticeDetail" time="0.417"/>
  <testcase classname="com.zoetispets.Tests" name="PracticeDetail" time="0.826"/>
  <testcase classname="com.zoetispets.Tests" name="PracticeDetail" time="0.449"/>
  <testcase classname="com.zoetispets.Tests" name="PracticeDetail" time="0.933"/>
  <testcase classname="com.zoetispets.Tests" name="PracticeDetail" time="0.487"/>
  <testcase classname="com.zoetispets.Tests" name="PracticeDetail" time="0.923"/>
  <testcase classname="com.zoetispets.Tests" name="PracticeDetail" time="0.913"/>
  <testcase classname="com.zoetispets.Tests" name="PracticeDetail" time="0.839"/>
  <testcase classname="com.zoetispets.Tests" name="PracticeDetail" time="0.982"/>
  <testcase classname="com.zoetispets.Tests" name="PracticeDetail" time="0.829"/>
  <testcase classname="com.zoetispets.Tests" name="PracticeDetail" time="0.929"/>
  <testcase classname="com.zoetispets.Tests" name="PracticeDetail" time="1.111"/>
  <testcase classname="com.zoetispets.Tests" name="PracticeDetail" time="0.888"/>
  <testcase classname="com.zoetispets.Tests" name="PracticeDetail" time="0.584"/>
  <testcase classname="com.zoetispets.Tests" name="PracticeDetail" time="1.092"/>
</testsuite> <!-- Surefire test -->
