<?xml version="1.0" encoding="UTF-8"?>
<!-- Generated by org.testng.reporters.JUnitXMLReporter -->
<testsuite ignored="0" hostname="runnervmzdgdc" failures="0" tests="30" name="Surefire test" time="45.069" errors="0" timestamp="2025-10-18T05:42:17 UTC">
  <testcase classname="com.zoetispets.Tests" name="PracticeDetail" time="1.736"/>
  <testcase classname="com.zoetispets.Tests" name="PracticeDetail" time="0.717"/>
  <testcase classname="com.zoetispets.Tests" name="PracticeDetail" time="0.284"/>
  <testcase classname="com.zoetispets.Tests" name="PracticeDetail" time="0.282"/>
  <testcase classname="com.zoetispets.Tests" name="PracticeDetail" time="0.288"/>
  <testcase classname="com.zoetispets.Tests" name="PracticeDetail" time="0.262"/>
  <testcase classname="com.zoetispets.Tests" name="PracticeDetail" time="0.263"/>
  <testcase classname="com.zoetispets.Tests" name="PracticeDetail" time="0.281"/>
  <testcase classname="com.zoetispets.Tests" name="PracticeDetail" time="0.26"/>
  <testcase classname="com.zoetispets.Tests" name="PracticeDetail" time="1.792"/>
  <testcase classname="com.zoetispets.Tests" name="PracticeDetail" time="1.763"/>
  <testcase classname="com.zoetispets.Tests" name="PracticeDetail" time="1.758"/>
  <testcase classname="com.zoetispets.Tests" name="PracticeDetail" time="0.813"/>
  <testcase classname="com.zoetispets.Tests" name="PracticeDetail" time="2.108"/>
  <testcase classname="com.zoetispets.Tests" name="PracticeDetail" time="0.85"/>
  <testcase classname="com.zoetispets.Tests" name="PracticeDetail" time="0.307"/>
  <testcase classname="com.zoetispets.Tests" name="PracticeDetail" time="1.124"/>
  <testcase classname="com.zoetispets.Tests" name="PracticeDetail" time="0.69"/>
  <testcase classname="com.zoetispets.Tests" name="PracticeDetail" time="0.443"/>
  <testcase classname="com.zoetispets.Tests" name="PracticeDetail" time="0.448"/>
  <testcase classname="com.zoetispets.Tests" name="PracticeDetail" time="0.756"/>
  <testcase classname="com.zoetispets.Tests" name="PracticeDetail" time="0.574"/>
  <testcase classname="com.zoetispets.Tests" name="PracticeDetail" time="0.778"/>
  <testcase classname="com.zoetispets.Tests" name="PracticeDetail" time="0.827"/>
  <testcase classname="com.zoetispets.Tests" name="PracticeDetail" time="0.453"/>
  <testcase classname="com.zoetispets.Tests" name="PracticeDetail" time="0.692"/>
  <testcase classname="com.zoetispets.Tests" name="PracticeDetail" time="0.635"/>
  <testcase classname="com.zoetispets.Tests" name="PracticeDetail" time="0.457"/>
  <testcase classname="com.zoetispets.Tests" name="PracticeDetail" time="0.744"/>
  <testcase classname="com.zoetispets.Tests" name="PracticeDetail" time="0.373"/>
</testsuite> <!-- Surefire test -->
