<?xml version="1.0" encoding="UTF-8"?>
<!-- Generated by org.testng.reporters.JUnitXMLReporter -->
<testsuite ignored="0" hostname="runnervm46oaq" failures="0" tests="30" name="Surefire test" time="121.855" errors="0" timestamp="2026-03-26T06:48:47 UTC">
  <testcase classname="com.zoetispets.Tests" name="PracticeDetail" time="4.11"/>
  <testcase classname="com.zoetispets.Tests" name="PracticeDetail" time="4.835"/>
  <testcase classname="com.zoetispets.Tests" name="PracticeDetail" time="3.457"/>
  <testcase classname="com.zoetispets.Tests" name="PracticeDetail" time="3.316"/>
  <testcase classname="com.zoetispets.Tests" name="PracticeDetail" time="3.253"/>
  <testcase classname="com.zoetispets.Tests" name="PracticeDetail" time="3.25"/>
  <testcase classname="com.zoetispets.Tests" name="PracticeDetail" time="3.25"/>
  <testcase classname="com.zoetispets.Tests" name="PracticeDetail" time="3.288"/>
  <testcase classname="com.zoetispets.Tests" name="PracticeDetail" time="4.076"/>
  <testcase classname="com.zoetispets.Tests" name="PracticeDetail" time="3.319"/>
  <testcase classname="com.zoetispets.Tests" name="PracticeDetail" time="5.049"/>
  <testcase classname="com.zoetispets.Tests" name="PracticeDetail" time="3.956"/>
  <testcase classname="com.zoetispets.Tests" name="PracticeDetail" time="3.742"/>
  <testcase classname="com.zoetispets.Tests" name="PracticeDetail" time="3.295"/>
  <testcase classname="com.zoetispets.Tests" name="PracticeDetail" time="3.733"/>
  <testcase classname="com.zoetispets.Tests" name="PracticeDetail" time="3.275"/>
  <testcase classname="com.zoetispets.Tests" name="PracticeDetail" time="3.679"/>
  <testcase classname="com.zoetispets.Tests" name="PracticeDetail" time="3.881"/>
  <testcase classname="com.zoetispets.Tests" name="PracticeDetail" time="3.683"/>
  <testcase classname="com.zoetispets.Tests" name="PracticeDetail" time="3.984"/>
  <testcase classname="com.zoetispets.Tests" name="PracticeDetail" time="3.49"/>
  <testcase classname="com.zoetispets.Tests" name="PracticeDetail" time="3.803"/>
  <testcase classname="com.zoetispets.Tests" name="PracticeDetail" time="3.679"/>
  <testcase classname="com.zoetispets.Tests" name="PracticeDetail" time="3.514"/>
  <testcase classname="com.zoetispets.Tests" name="PracticeDetail" time="3.624"/>
  <testcase classname="com.zoetispets.Tests" name="PracticeDetail" time="3.473"/>
  <testcase classname="com.zoetispets.Tests" name="PracticeDetail" time="3.541"/>
  <testcase classname="com.zoetispets.Tests" name="PracticeDetail" time="3.507"/>
  <testcase classname="com.zoetispets.Tests" name="PracticeDetail" time="3.178"/>
  <testcase classname="com.zoetispets.Tests" name="PracticeDetail" time="3.348"/>
</testsuite> <!-- Surefire test -->
