<?xml version="1.0" encoding="UTF-8"?>
<!-- Generated by org.testng.reporters.JUnitXMLReporter -->
<testsuite ignored="0" hostname="runnervmymu0l" failures="2" tests="30" name="Surefire test" time="122.186" errors="0" timestamp="2026-01-27T05:53:54 UTC">
  <testcase classname="com.zoetispets.Tests" name="PracticeDetail" time="4.449"/>
  <testcase classname="com.zoetispets.Tests" name="PracticeDetail" time="3.474"/>
  <testcase classname="com.zoetispets.Tests" name="PracticeDetail" time="3.418"/>
  <testcase classname="com.zoetispets.Tests" name="PracticeDetail" time="3.446"/>
  <testcase classname="com.zoetispets.Tests" name="PracticeDetail" time="3.387"/>
  <testcase classname="com.zoetispets.Tests" name="PracticeDetail" time="3.408"/>
  <testcase classname="com.zoetispets.Tests" name="PracticeDetail" time="3.385"/>
  <testcase classname="com.zoetispets.Tests" name="PracticeDetail" time="3.42"/>
  <testcase classname="com.zoetispets.Tests" name="PracticeDetail" time="4.078"/>
  <testcase classname="com.zoetispets.Tests" name="PracticeDetail" time="3.711"/>
  <testcase classname="com.zoetispets.Tests" name="PracticeDetail" time="7.337"/>
  <testcase classname="com.zoetispets.Tests" name="PracticeDetail" time="3.999"/>
  <testcase classname="com.zoetispets.Tests" name="PracticeDetail" time="3.842"/>
  <testcase classname="com.zoetispets.Tests" name="PracticeDetail" time="3.417"/>
  <testcase classname="com.zoetispets.Tests" name="PracticeDetail" time="3.374"/>
  <testcase classname="com.zoetispets.Tests" name="PracticeDetail" time="3.487"/>
  <testcase classname="com.zoetispets.Tests" name="PracticeDetail" time="4.116"/>
  <testcase classname="com.zoetispets.Tests" name="PracticeDetail" time="3.843"/>
  <testcase classname="com.zoetispets.Tests" name="PracticeDetail" time="3.267"/>
  <testcase classname="com.zoetispets.Tests" name="PracticeDetail" time="3.227">
    <failure type="java.lang.AssertionError" message="expected [Évaluation de l’arthrose chez le chien | Zoetis Pets] but found [The resource cannot be found.]">
      <![CDATA[java.lang.AssertionError: expected [Évaluation de l’arthrose chez le chien | Zoetis Pets] but found [The resource cannot be found.]
at com.zoetispets.Tests.PracticeDetail(Tests.java:69)
at java.base/java.util.ArrayList.forEach(ArrayList.java:1511)
... Removed 37 stack frames]]>
    </failure>
  </testcase> <!-- PracticeDetail -->
  <testcase classname="com.zoetispets.Tests" name="PracticeDetail" time="3.432"/>
  <testcase classname="com.zoetispets.Tests" name="PracticeDetail" time="3.206">
    <failure type="java.lang.AssertionError" message="expected [Évaluation des problèmes de peau chez le chien | Zoetis Pets] but found [The resource cannot be found.]">
      <![CDATA[java.lang.AssertionError: expected [Évaluation des problèmes de peau chez le chien | Zoetis Pets] but found [The resource cannot be found.]
at com.zoetispets.Tests.PracticeDetail(Tests.java:69)
at java.base/java.util.ArrayList.forEach(ArrayList.java:1511)
... Removed 37 stack frames]]>
    </failure>
  </testcase> <!-- PracticeDetail -->
  <testcase classname="com.zoetispets.Tests" name="PracticeDetail" time="3.634"/>
  <testcase classname="com.zoetispets.Tests" name="PracticeDetail" time="3.386"/>
  <testcase classname="com.zoetispets.Tests" name="PracticeDetail" time="3.358"/>
  <testcase classname="com.zoetispets.Tests" name="PracticeDetail" time="3.327"/>
  <testcase classname="com.zoetispets.Tests" name="PracticeDetail" time="3.357"/>
  <testcase classname="com.zoetispets.Tests" name="PracticeDetail" time="3.442"/>
  <testcase classname="com.zoetispets.Tests" name="PracticeDetail" time="3.661"/>
  <testcase classname="com.zoetispets.Tests" name="PracticeDetail" time="3.272"/>
</testsuite> <!-- Surefire test -->
