<?xml version="1.0" encoding="UTF-8"?>
<!-- Generated by org.testng.reporters.JUnitXMLReporter -->
<testsuite ignored="0" hostname="pkrvmqc4gcfdwos" failures="0" tests="30" name="Surefire test" time="30.411" errors="0" timestamp="2025-08-23T05:42:36 UTC">
  <testcase classname="com.zoetispets.Tests" name="PracticeDetail" time="1.612"/>
  <testcase classname="com.zoetispets.Tests" name="PracticeDetail" time="0.367"/>
  <testcase classname="com.zoetispets.Tests" name="PracticeDetail" time="0.368"/>
  <testcase classname="com.zoetispets.Tests" name="PracticeDetail" time="0.288"/>
  <testcase classname="com.zoetispets.Tests" name="PracticeDetail" time="0.278"/>
  <testcase classname="com.zoetispets.Tests" name="PracticeDetail" time="0.264"/>
  <testcase classname="com.zoetispets.Tests" name="PracticeDetail" time="0.279"/>
  <testcase classname="com.zoetispets.Tests" name="PracticeDetail" time="0.257"/>
  <testcase classname="com.zoetispets.Tests" name="PracticeDetail" time="0.258"/>
  <testcase classname="com.zoetispets.Tests" name="PracticeDetail" time="0.342"/>
  <testcase classname="com.zoetispets.Tests" name="PracticeDetail" time="1.624"/>
  <testcase classname="com.zoetispets.Tests" name="PracticeDetail" time="1.243"/>
  <testcase classname="com.zoetispets.Tests" name="PracticeDetail" time="0.674"/>
  <testcase classname="com.zoetispets.Tests" name="PracticeDetail" time="0.662"/>
  <testcase classname="com.zoetispets.Tests" name="PracticeDetail" time="0.629"/>
  <testcase classname="com.zoetispets.Tests" name="PracticeDetail" time="0.769"/>
  <testcase classname="com.zoetispets.Tests" name="PracticeDetail" time="0.465"/>
  <testcase classname="com.zoetispets.Tests" name="PracticeDetail" time="0.685"/>
  <testcase classname="com.zoetispets.Tests" name="PracticeDetail" time="0.852"/>
  <testcase classname="com.zoetispets.Tests" name="PracticeDetail" time="0.438"/>
  <testcase classname="com.zoetispets.Tests" name="PracticeDetail" time="0.737"/>
  <testcase classname="com.zoetispets.Tests" name="PracticeDetail" time="0.543"/>
  <testcase classname="com.zoetispets.Tests" name="PracticeDetail" time="0.455"/>
  <testcase classname="com.zoetispets.Tests" name="PracticeDetail" time="0.663"/>
  <testcase classname="com.zoetispets.Tests" name="PracticeDetail" time="0.572"/>
  <testcase classname="com.zoetispets.Tests" name="PracticeDetail" time="0.527"/>
  <testcase classname="com.zoetispets.Tests" name="PracticeDetail" time="0.635"/>
  <testcase classname="com.zoetispets.Tests" name="PracticeDetail" time="0.665"/>
  <testcase classname="com.zoetispets.Tests" name="PracticeDetail" time="0.722"/>
  <testcase classname="com.zoetispets.Tests" name="PracticeDetail" time="0.566"/>
</testsuite> <!-- Surefire test -->
