<?xml version="1.0" encoding="UTF-8"?>
<!-- Generated by org.testng.reporters.JUnitXMLReporter -->
<testsuite ignored="0" hostname="runnervmmklqx" failures="0" tests="31" name="Surefire test" time="118.178" errors="0" timestamp="2026-06-26T08:41:02 UTC">
  <testcase classname="com.zoetispets.Tests" name="PracticeDetail" time="4.326"/>
  <testcase classname="com.zoetispets.Tests" name="PracticeDetail" time="3.377"/>
  <testcase classname="com.zoetispets.Tests" name="PracticeDetail" time="3.637"/>
  <testcase classname="com.zoetispets.Tests" name="PracticeDetail" time="3.412"/>
  <testcase classname="com.zoetispets.Tests" name="PracticeDetail" time="3.368"/>
  <testcase classname="com.zoetispets.Tests" name="PracticeDetail" time="3.356"/>
  <testcase classname="com.zoetispets.Tests" name="PracticeDetail" time="3.36"/>
  <testcase classname="com.zoetispets.Tests" name="PracticeDetail" time="3.209"/>
  <testcase classname="com.zoetispets.Tests" name="PracticeDetail" time="4.018"/>
  <testcase classname="com.zoetispets.Tests" name="PracticeDetail" time="3.477"/>
  <testcase classname="com.zoetispets.Tests" name="PracticeDetail" time="3.993"/>
  <testcase classname="com.zoetispets.Tests" name="PracticeDetail" time="3.911"/>
  <testcase classname="com.zoetispets.Tests" name="PracticeDetail" time="3.258"/>
  <testcase classname="com.zoetispets.Tests" name="PracticeDetail" time="3.35"/>
  <testcase classname="com.zoetispets.Tests" name="PracticeDetail" time="4.017"/>
  <testcase classname="com.zoetispets.Tests" name="PracticeDetail" time="3.254"/>
  <testcase classname="com.zoetispets.Tests" name="PracticeDetail" time="3.576"/>
  <testcase classname="com.zoetispets.Tests" name="PracticeDetail" time="4.034"/>
  <testcase classname="com.zoetispets.Tests" name="PracticeDetail" time="3.849"/>
  <testcase classname="com.zoetispets.Tests" name="PracticeDetail" time="3.942"/>
  <testcase classname="com.zoetispets.Tests" name="PracticeDetail" time="3.882"/>
  <testcase classname="com.zoetispets.Tests" name="PracticeDetail" time="3.431"/>
  <testcase classname="com.zoetispets.Tests" name="PracticeDetail" time="3.69"/>
  <testcase classname="com.zoetispets.Tests" name="PracticeDetail" time="3.498"/>
  <testcase classname="com.zoetispets.Tests" name="PracticeDetail" time="3.541"/>
  <testcase classname="com.zoetispets.Tests" name="PracticeDetail" time="3.389"/>
  <testcase classname="com.zoetispets.Tests" name="PracticeDetail" time="3.533"/>
  <testcase classname="com.zoetispets.Tests" name="PracticeDetail" time="3.391"/>
  <testcase classname="com.zoetispets.Tests" name="PracticeDetail" time="3.311"/>
  <testcase classname="com.zoetispets.Tests" name="PracticeDetail" time="3.491"/>
  <testcase classname="com.zoetispets.Tests" name="stageAuthTest" time="0.548"/>
</testsuite> <!-- Surefire test -->
