<?xml version="1.0" encoding="UTF-8"?>
<!-- Generated by org.testng.reporters.JUnitXMLReporter -->
<testsuite ignored="0" hostname="runnervm0kj6c" failures="0" tests="30" name="Surefire test" time="117.915" errors="0" timestamp="2026-03-09T06:39:12 UTC">
  <testcase classname="com.zoetispets.Tests" name="PracticeDetail" time="4.205"/>
  <testcase classname="com.zoetispets.Tests" name="PracticeDetail" time="3.37"/>
  <testcase classname="com.zoetispets.Tests" name="PracticeDetail" time="3.343"/>
  <testcase classname="com.zoetispets.Tests" name="PracticeDetail" time="3.308"/>
  <testcase classname="com.zoetispets.Tests" name="PracticeDetail" time="3.299"/>
  <testcase classname="com.zoetispets.Tests" name="PracticeDetail" time="3.268"/>
  <testcase classname="com.zoetispets.Tests" name="PracticeDetail" time="3.304"/>
  <testcase classname="com.zoetispets.Tests" name="PracticeDetail" time="3.278"/>
  <testcase classname="com.zoetispets.Tests" name="PracticeDetail" time="3.882"/>
  <testcase classname="com.zoetispets.Tests" name="PracticeDetail" time="3.43"/>
  <testcase classname="com.zoetispets.Tests" name="PracticeDetail" time="3.852"/>
  <testcase classname="com.zoetispets.Tests" name="PracticeDetail" time="3.274"/>
  <testcase classname="com.zoetispets.Tests" name="PracticeDetail" time="3.782"/>
  <testcase classname="com.zoetispets.Tests" name="PracticeDetail" time="3.624"/>
  <testcase classname="com.zoetispets.Tests" name="PracticeDetail" time="3.783"/>
  <testcase classname="com.zoetispets.Tests" name="PracticeDetail" time="3.544"/>
  <testcase classname="com.zoetispets.Tests" name="PracticeDetail" time="3.689"/>
  <testcase classname="com.zoetispets.Tests" name="PracticeDetail" time="3.336"/>
  <testcase classname="com.zoetispets.Tests" name="PracticeDetail" time="5.423"/>
  <testcase classname="com.zoetispets.Tests" name="PracticeDetail" time="3.392"/>
  <testcase classname="com.zoetispets.Tests" name="PracticeDetail" time="3.567"/>
  <testcase classname="com.zoetispets.Tests" name="PracticeDetail" time="3.851"/>
  <testcase classname="com.zoetispets.Tests" name="PracticeDetail" time="3.737"/>
  <testcase classname="com.zoetispets.Tests" name="PracticeDetail" time="3.287"/>
  <testcase classname="com.zoetispets.Tests" name="PracticeDetail" time="3.22"/>
  <testcase classname="com.zoetispets.Tests" name="PracticeDetail" time="3.389"/>
  <testcase classname="com.zoetispets.Tests" name="PracticeDetail" time="3.567"/>
  <testcase classname="com.zoetispets.Tests" name="PracticeDetail" time="3.597"/>
  <testcase classname="com.zoetispets.Tests" name="PracticeDetail" time="3.576"/>
  <testcase classname="com.zoetispets.Tests" name="PracticeDetail" time="3.346"/>
</testsuite> <!-- Surefire test -->
