<?xml version="1.0" encoding="UTF-8"?>
<!-- Generated by org.testng.reporters.JUnitXMLReporter -->
<testsuite ignored="0" hostname="runnervm6qbrg" failures="0" tests="30" name="Surefire test" time="29.088" errors="0" timestamp="2025-12-15T05:50:11 UTC">
  <testcase classname="com.zoetispets.Tests" name="PracticeDetail" time="1.087"/>
  <testcase classname="com.zoetispets.Tests" name="PracticeDetail" time="0.369"/>
  <testcase classname="com.zoetispets.Tests" name="PracticeDetail" time="0.389"/>
  <testcase classname="com.zoetispets.Tests" name="PracticeDetail" time="0.283"/>
  <testcase classname="com.zoetispets.Tests" name="PracticeDetail" time="0.265"/>
  <testcase classname="com.zoetispets.Tests" name="PracticeDetail" time="0.256"/>
  <testcase classname="com.zoetispets.Tests" name="PracticeDetail" time="0.258"/>
  <testcase classname="com.zoetispets.Tests" name="PracticeDetail" time="0.263"/>
  <testcase classname="com.zoetispets.Tests" name="PracticeDetail" time="0.258"/>
  <testcase classname="com.zoetispets.Tests" name="PracticeDetail" time="0.253"/>
  <testcase classname="com.zoetispets.Tests" name="PracticeDetail" time="0.548"/>
  <testcase classname="com.zoetispets.Tests" name="PracticeDetail" time="1.63"/>
  <testcase classname="com.zoetispets.Tests" name="PracticeDetail" time="0.366"/>
  <testcase classname="com.zoetispets.Tests" name="PracticeDetail" time="2.925"/>
  <testcase classname="com.zoetispets.Tests" name="PracticeDetail" time="0.755"/>
  <testcase classname="com.zoetispets.Tests" name="PracticeDetail" time="0.741"/>
  <testcase classname="com.zoetispets.Tests" name="PracticeDetail" time="0.265"/>
  <testcase classname="com.zoetispets.Tests" name="PracticeDetail" time="0.859"/>
  <testcase classname="com.zoetispets.Tests" name="PracticeDetail" time="0.425"/>
  <testcase classname="com.zoetispets.Tests" name="PracticeDetail" time="0.438"/>
  <testcase classname="com.zoetispets.Tests" name="PracticeDetail" time="0.72"/>
  <testcase classname="com.zoetispets.Tests" name="PracticeDetail" time="0.857"/>
  <testcase classname="com.zoetispets.Tests" name="PracticeDetail" time="0.402"/>
  <testcase classname="com.zoetispets.Tests" name="PracticeDetail" time="0.356"/>
  <testcase classname="com.zoetispets.Tests" name="PracticeDetail" time="0.486"/>
  <testcase classname="com.zoetispets.Tests" name="PracticeDetail" time="0.371"/>
  <testcase classname="com.zoetispets.Tests" name="PracticeDetail" time="0.821"/>
  <testcase classname="com.zoetispets.Tests" name="PracticeDetail" time="0.852"/>
  <testcase classname="com.zoetispets.Tests" name="PracticeDetail" time="0.366"/>
  <testcase classname="com.zoetispets.Tests" name="PracticeDetail" time="0.348"/>
</testsuite> <!-- Surefire test -->
