<?xml version="1.0" encoding="UTF-8"?>
<!-- Generated by org.testng.reporters.JUnitXMLReporter -->
<testsuite ignored="0" hostname="runnervm3ublj" failures="0" tests="30" name="Surefire test" time="32.729" errors="0" timestamp="2025-10-02T05:41:53 UTC">
  <testcase classname="com.zoetispets.Tests" name="PracticeDetail" time="1.446"/>
  <testcase classname="com.zoetispets.Tests" name="PracticeDetail" time="0.45"/>
  <testcase classname="com.zoetispets.Tests" name="PracticeDetail" time="0.295"/>
  <testcase classname="com.zoetispets.Tests" name="PracticeDetail" time="0.377"/>
  <testcase classname="com.zoetispets.Tests" name="PracticeDetail" time="0.262"/>
  <testcase classname="com.zoetispets.Tests" name="PracticeDetail" time="0.282"/>
  <testcase classname="com.zoetispets.Tests" name="PracticeDetail" time="0.27"/>
  <testcase classname="com.zoetispets.Tests" name="PracticeDetail" time="0.296"/>
  <testcase classname="com.zoetispets.Tests" name="PracticeDetail" time="0.251"/>
  <testcase classname="com.zoetispets.Tests" name="PracticeDetail" time="1.521"/>
  <testcase classname="com.zoetispets.Tests" name="PracticeDetail" time="0.355"/>
  <testcase classname="com.zoetispets.Tests" name="PracticeDetail" time="0.475"/>
  <testcase classname="com.zoetispets.Tests" name="PracticeDetail" time="0.35"/>
  <testcase classname="com.zoetispets.Tests" name="PracticeDetail" time="1.836"/>
  <testcase classname="com.zoetispets.Tests" name="PracticeDetail" time="1.035"/>
  <testcase classname="com.zoetispets.Tests" name="PracticeDetail" time="0.758"/>
  <testcase classname="com.zoetispets.Tests" name="PracticeDetail" time="0.752"/>
  <testcase classname="com.zoetispets.Tests" name="PracticeDetail" time="0.621"/>
  <testcase classname="com.zoetispets.Tests" name="PracticeDetail" time="0.752"/>
  <testcase classname="com.zoetispets.Tests" name="PracticeDetail" time="0.683"/>
  <testcase classname="com.zoetispets.Tests" name="PracticeDetail" time="0.681"/>
  <testcase classname="com.zoetispets.Tests" name="PracticeDetail" time="0.436"/>
  <testcase classname="com.zoetispets.Tests" name="PracticeDetail" time="0.753"/>
  <testcase classname="com.zoetispets.Tests" name="PracticeDetail" time="0.489"/>
  <testcase classname="com.zoetispets.Tests" name="PracticeDetail" time="0.827"/>
  <testcase classname="com.zoetispets.Tests" name="PracticeDetail" time="0.514"/>
  <testcase classname="com.zoetispets.Tests" name="PracticeDetail" time="0.71"/>
  <testcase classname="com.zoetispets.Tests" name="PracticeDetail" time="0.753"/>
  <testcase classname="com.zoetispets.Tests" name="PracticeDetail" time="0.699"/>
  <testcase classname="com.zoetispets.Tests" name="PracticeDetail" time="0.668"/>
</testsuite> <!-- Surefire test -->
