<?xml version="1.0" encoding="UTF-8"?>
<!-- Generated by org.testng.reporters.JUnitXMLReporter -->
<testsuite ignored="0" hostname="runnervmzdgdc" failures="0" tests="30" name="Surefire test" time="35.597" errors="0" timestamp="2025-10-20T05:43:36 UTC">
  <testcase classname="com.zoetispets.Tests" name="PracticeDetail" time="1.497"/>
  <testcase classname="com.zoetispets.Tests" name="PracticeDetail" time="0.374"/>
  <testcase classname="com.zoetispets.Tests" name="PracticeDetail" time="0.398"/>
  <testcase classname="com.zoetispets.Tests" name="PracticeDetail" time="0.25"/>
  <testcase classname="com.zoetispets.Tests" name="PracticeDetail" time="0.309"/>
  <testcase classname="com.zoetispets.Tests" name="PracticeDetail" time="0.254"/>
  <testcase classname="com.zoetispets.Tests" name="PracticeDetail" time="0.249"/>
  <testcase classname="com.zoetispets.Tests" name="PracticeDetail" time="0.262"/>
  <testcase classname="com.zoetispets.Tests" name="PracticeDetail" time="0.255"/>
  <testcase classname="com.zoetispets.Tests" name="PracticeDetail" time="1.255"/>
  <testcase classname="com.zoetispets.Tests" name="PracticeDetail" time="1.33"/>
  <testcase classname="com.zoetispets.Tests" name="PracticeDetail" time="1.203"/>
  <testcase classname="com.zoetispets.Tests" name="PracticeDetail" time="0.857"/>
  <testcase classname="com.zoetispets.Tests" name="PracticeDetail" time="2.044"/>
  <testcase classname="com.zoetispets.Tests" name="PracticeDetail" time="0.867"/>
  <testcase classname="com.zoetispets.Tests" name="PracticeDetail" time="0.912"/>
  <testcase classname="com.zoetispets.Tests" name="PracticeDetail" time="0.461"/>
  <testcase classname="com.zoetispets.Tests" name="PracticeDetail" time="0.334"/>
  <testcase classname="com.zoetispets.Tests" name="PracticeDetail" time="0.469"/>
  <testcase classname="com.zoetispets.Tests" name="PracticeDetail" time="0.562"/>
  <testcase classname="com.zoetispets.Tests" name="PracticeDetail" time="1.149"/>
  <testcase classname="com.zoetispets.Tests" name="PracticeDetail" time="0.996"/>
  <testcase classname="com.zoetispets.Tests" name="PracticeDetail" time="0.428"/>
  <testcase classname="com.zoetispets.Tests" name="PracticeDetail" time="0.907"/>
  <testcase classname="com.zoetispets.Tests" name="PracticeDetail" time="0.558"/>
  <testcase classname="com.zoetispets.Tests" name="PracticeDetail" time="0.86"/>
  <testcase classname="com.zoetispets.Tests" name="PracticeDetail" time="0.695"/>
  <testcase classname="com.zoetispets.Tests" name="PracticeDetail" time="0.392"/>
  <testcase classname="com.zoetispets.Tests" name="PracticeDetail" time="0.354"/>
  <testcase classname="com.zoetispets.Tests" name="PracticeDetail" time="0.49"/>
</testsuite> <!-- Surefire test -->
