<?xml version="1.0" encoding="UTF-8"?>
<!-- Generated by org.testng.reporters.JUnitXMLReporter -->
<testsuite ignored="0" hostname="runnervm6qbrg" failures="0" tests="30" name="Surefire test" time="31.338" errors="0" timestamp="2025-12-17T05:48:37 UTC">
  <testcase classname="com.zoetispets.Tests" name="PracticeDetail" time="2.411"/>
  <testcase classname="com.zoetispets.Tests" name="PracticeDetail" time="0.71"/>
  <testcase classname="com.zoetispets.Tests" name="PracticeDetail" time="0.689"/>
  <testcase classname="com.zoetispets.Tests" name="PracticeDetail" time="0.338"/>
  <testcase classname="com.zoetispets.Tests" name="PracticeDetail" time="0.298"/>
  <testcase classname="com.zoetispets.Tests" name="PracticeDetail" time="0.312"/>
  <testcase classname="com.zoetispets.Tests" name="PracticeDetail" time="0.3"/>
  <testcase classname="com.zoetispets.Tests" name="PracticeDetail" time="0.284"/>
  <testcase classname="com.zoetispets.Tests" name="PracticeDetail" time="0.283"/>
  <testcase classname="com.zoetispets.Tests" name="PracticeDetail" time="0.315"/>
  <testcase classname="com.zoetispets.Tests" name="PracticeDetail" time="1.002"/>
  <testcase classname="com.zoetispets.Tests" name="PracticeDetail" time="1.249"/>
  <testcase classname="com.zoetispets.Tests" name="PracticeDetail" time="0.869"/>
  <testcase classname="com.zoetispets.Tests" name="PracticeDetail" time="0.817"/>
  <testcase classname="com.zoetispets.Tests" name="PracticeDetail" time="0.364"/>
  <testcase classname="com.zoetispets.Tests" name="PracticeDetail" time="0.844"/>
  <testcase classname="com.zoetispets.Tests" name="PracticeDetail" time="0.754"/>
  <testcase classname="com.zoetispets.Tests" name="PracticeDetail" time="0.768"/>
  <testcase classname="com.zoetispets.Tests" name="PracticeDetail" time="0.415"/>
  <testcase classname="com.zoetispets.Tests" name="PracticeDetail" time="0.903"/>
  <testcase classname="com.zoetispets.Tests" name="PracticeDetail" time="0.79"/>
  <testcase classname="com.zoetispets.Tests" name="PracticeDetail" time="0.791"/>
  <testcase classname="com.zoetispets.Tests" name="PracticeDetail" time="0.822"/>
  <testcase classname="com.zoetispets.Tests" name="PracticeDetail" time="0.786"/>
  <testcase classname="com.zoetispets.Tests" name="PracticeDetail" time="0.931"/>
  <testcase classname="com.zoetispets.Tests" name="PracticeDetail" time="0.38"/>
  <testcase classname="com.zoetispets.Tests" name="PracticeDetail" time="0.776"/>
  <testcase classname="com.zoetispets.Tests" name="PracticeDetail" time="0.775"/>
  <testcase classname="com.zoetispets.Tests" name="PracticeDetail" time="0.796"/>
  <testcase classname="com.zoetispets.Tests" name="PracticeDetail" time="0.939"/>
</testsuite> <!-- Surefire test -->
