<?xml version="1.0" encoding="UTF-8"?>
<!-- Generated by org.testng.reporters.JUnitXMLReporter -->
<testsuite ignored="0" hostname="runnervmkkn4f" failures="0" tests="31" name="Surefire test" time="114.396" errors="0" timestamp="2026-07-07T08:52:13 UTC">
  <testcase classname="com.zoetispets.Tests" name="PracticeDetail" time="4.099"/>
  <testcase classname="com.zoetispets.Tests" name="PracticeDetail" time="3.968"/>
  <testcase classname="com.zoetispets.Tests" name="PracticeDetail" time="3.276"/>
  <testcase classname="com.zoetispets.Tests" name="PracticeDetail" time="3.234"/>
  <testcase classname="com.zoetispets.Tests" name="PracticeDetail" time="3.245"/>
  <testcase classname="com.zoetispets.Tests" name="PracticeDetail" time="3.209"/>
  <testcase classname="com.zoetispets.Tests" name="PracticeDetail" time="3.192"/>
  <testcase classname="com.zoetispets.Tests" name="PracticeDetail" time="3.256"/>
  <testcase classname="com.zoetispets.Tests" name="PracticeDetail" time="3.802"/>
  <testcase classname="com.zoetispets.Tests" name="PracticeDetail" time="3.309"/>
  <testcase classname="com.zoetispets.Tests" name="PracticeDetail" time="4.807"/>
  <testcase classname="com.zoetispets.Tests" name="PracticeDetail" time="3.727"/>
  <testcase classname="com.zoetispets.Tests" name="PracticeDetail" time="3.585"/>
  <testcase classname="com.zoetispets.Tests" name="PracticeDetail" time="5.897"/>
  <testcase classname="com.zoetispets.Tests" name="PracticeDetail" time="3.67"/>
  <testcase classname="com.zoetispets.Tests" name="PracticeDetail" time="3.41"/>
  <testcase classname="com.zoetispets.Tests" name="PracticeDetail" time="3.546"/>
  <testcase classname="com.zoetispets.Tests" name="PracticeDetail" time="3.655"/>
  <testcase classname="com.zoetispets.Tests" name="PracticeDetail" time="3.655"/>
  <testcase classname="com.zoetispets.Tests" name="PracticeDetail" time="3.861"/>
  <testcase classname="com.zoetispets.Tests" name="PracticeDetail" time="3.765"/>
  <testcase classname="com.zoetispets.Tests" name="PracticeDetail" time="3.661"/>
  <testcase classname="com.zoetispets.Tests" name="PracticeDetail" time="3.546"/>
  <testcase classname="com.zoetispets.Tests" name="PracticeDetail" time="3.379"/>
  <testcase classname="com.zoetispets.Tests" name="PracticeDetail" time="3.15"/>
  <testcase classname="com.zoetispets.Tests" name="PracticeDetail" time="3.362"/>
  <testcase classname="com.zoetispets.Tests" name="PracticeDetail" time="3.254"/>
  <testcase classname="com.zoetispets.Tests" name="PracticeDetail" time="3.239"/>
  <testcase classname="com.zoetispets.Tests" name="PracticeDetail" time="3.172"/>
  <testcase classname="com.zoetispets.Tests" name="PracticeDetail" time="3.278"/>
  <testcase classname="com.zoetispets.Tests" name="stageAuthTest" time="0.179"/>
</testsuite> <!-- Surefire test -->
