<?xml version="1.0" encoding="UTF-8"?>
<!-- Generated by org.testng.reporters.JUnitXMLReporter -->
<testsuite ignored="0" hostname="runnervmvrwv9" failures="0" tests="31" name="Surefire test" time="120.711" errors="0" timestamp="2026-08-07T06:51:19 UTC">
  <testcase classname="com.zoetispets.Tests" name="PracticeDetail" time="4.471"/>
  <testcase classname="com.zoetispets.Tests" name="PracticeDetail" time="3.386"/>
  <testcase classname="com.zoetispets.Tests" name="PracticeDetail" time="3.364"/>
  <testcase classname="com.zoetispets.Tests" name="PracticeDetail" time="3.341"/>
  <testcase classname="com.zoetispets.Tests" name="PracticeDetail" time="3.344"/>
  <testcase classname="com.zoetispets.Tests" name="PracticeDetail" time="3.336"/>
  <testcase classname="com.zoetispets.Tests" name="PracticeDetail" time="3.365"/>
  <testcase classname="com.zoetispets.Tests" name="PracticeDetail" time="3.243"/>
  <testcase classname="com.zoetispets.Tests" name="PracticeDetail" time="4.166"/>
  <testcase classname="com.zoetispets.Tests" name="PracticeDetail" time="3.444"/>
  <testcase classname="com.zoetispets.Tests" name="PracticeDetail" time="3.981"/>
  <testcase classname="com.zoetispets.Tests" name="PracticeDetail" time="3.868"/>
  <testcase classname="com.zoetispets.Tests" name="PracticeDetail" time="3.847"/>
  <testcase classname="com.zoetispets.Tests" name="PracticeDetail" time="3.828"/>
  <testcase classname="com.zoetispets.Tests" name="PracticeDetail" time="3.842"/>
  <testcase classname="com.zoetispets.Tests" name="PracticeDetail" time="3.55"/>
  <testcase classname="com.zoetispets.Tests" name="PracticeDetail" time="3.961"/>
  <testcase classname="com.zoetispets.Tests" name="PracticeDetail" time="4.049"/>
  <testcase classname="com.zoetispets.Tests" name="PracticeDetail" time="3.985"/>
  <testcase classname="com.zoetispets.Tests" name="PracticeDetail" time="4.062"/>
  <testcase classname="com.zoetispets.Tests" name="PracticeDetail" time="3.426"/>
  <testcase classname="com.zoetispets.Tests" name="PracticeDetail" time="3.943"/>
  <testcase classname="com.zoetispets.Tests" name="PracticeDetail" time="3.454"/>
  <testcase classname="com.zoetispets.Tests" name="PracticeDetail" time="3.372"/>
  <testcase classname="com.zoetispets.Tests" name="PracticeDetail" time="3.537"/>
  <testcase classname="com.zoetispets.Tests" name="PracticeDetail" time="3.383"/>
  <testcase classname="com.zoetispets.Tests" name="PracticeDetail" time="3.398"/>
  <testcase classname="com.zoetispets.Tests" name="PracticeDetail" time="3.561"/>
  <testcase classname="com.zoetispets.Tests" name="PracticeDetail" time="3.387"/>
  <testcase classname="com.zoetispets.Tests" name="PracticeDetail" time="3.369"/>
  <testcase classname="com.zoetispets.Tests" name="stageAuthTest" time="0.274"/>
</testsuite> <!-- Surefire test -->
