<?xml version="1.0" encoding="UTF-8"?>
<!-- Generated by org.testng.reporters.JUnitXMLReporter -->
<testsuite ignored="0" hostname="runnervmkj6or" failures="0" tests="30" name="Surefire test" time="123.103" errors="0" timestamp="2026-01-30T06:09:52 UTC">
  <testcase classname="com.zoetispets.Tests" name="PracticeDetail" time="4.623"/>
  <testcase classname="com.zoetispets.Tests" name="PracticeDetail" time="3.616"/>
  <testcase classname="com.zoetispets.Tests" name="PracticeDetail" time="3.487"/>
  <testcase classname="com.zoetispets.Tests" name="PracticeDetail" time="3.372"/>
  <testcase classname="com.zoetispets.Tests" name="PracticeDetail" time="3.429"/>
  <testcase classname="com.zoetispets.Tests" name="PracticeDetail" time="3.442"/>
  <testcase classname="com.zoetispets.Tests" name="PracticeDetail" time="3.379"/>
  <testcase classname="com.zoetispets.Tests" name="PracticeDetail" time="3.383"/>
  <testcase classname="com.zoetispets.Tests" name="PracticeDetail" time="4.306"/>
  <testcase classname="com.zoetispets.Tests" name="PracticeDetail" time="3.769"/>
  <testcase classname="com.zoetispets.Tests" name="PracticeDetail" time="4.168"/>
  <testcase classname="com.zoetispets.Tests" name="PracticeDetail" time="3.24"/>
  <testcase classname="com.zoetispets.Tests" name="PracticeDetail" time="3.422"/>
  <testcase classname="com.zoetispets.Tests" name="PracticeDetail" time="4.888"/>
  <testcase classname="com.zoetispets.Tests" name="PracticeDetail" time="3.852"/>
  <testcase classname="com.zoetispets.Tests" name="PracticeDetail" time="3.805"/>
  <testcase classname="com.zoetispets.Tests" name="PracticeDetail" time="3.24"/>
  <testcase classname="com.zoetispets.Tests" name="PracticeDetail" time="3.914"/>
  <testcase classname="com.zoetispets.Tests" name="PracticeDetail" time="3.256"/>
  <testcase classname="com.zoetispets.Tests" name="PracticeDetail" time="6.003"/>
  <testcase classname="com.zoetispets.Tests" name="PracticeDetail" time="3.459"/>
  <testcase classname="com.zoetispets.Tests" name="PracticeDetail" time="3.514"/>
  <testcase classname="com.zoetispets.Tests" name="PracticeDetail" time="3.453"/>
  <testcase classname="com.zoetispets.Tests" name="PracticeDetail" time="3.25"/>
  <testcase classname="com.zoetispets.Tests" name="PracticeDetail" time="3.364"/>
  <testcase classname="com.zoetispets.Tests" name="PracticeDetail" time="3.256"/>
  <testcase classname="com.zoetispets.Tests" name="PracticeDetail" time="3.399"/>
  <testcase classname="com.zoetispets.Tests" name="PracticeDetail" time="3.373"/>
  <testcase classname="com.zoetispets.Tests" name="PracticeDetail" time="3.438"/>
  <testcase classname="com.zoetispets.Tests" name="PracticeDetail" time="3.36"/>
</testsuite> <!-- Surefire test -->
