<?xml version="1.0" encoding="UTF-8"?>
<!-- Generated by org.testng.reporters.JUnitXMLReporter -->
<testsuite ignored="0" hostname="runnervmzvulz" failures="0" tests="31" name="Surefire test" time="123.51" errors="0" timestamp="2026-08-19T05:59:32 UTC">
  <testcase classname="com.zoetispets.Tests" name="PracticeDetail" time="4.17"/>
  <testcase classname="com.zoetispets.Tests" name="PracticeDetail" time="3.347"/>
  <testcase classname="com.zoetispets.Tests" name="PracticeDetail" time="3.549"/>
  <testcase classname="com.zoetispets.Tests" name="PracticeDetail" time="3.345"/>
  <testcase classname="com.zoetispets.Tests" name="PracticeDetail" time="3.357"/>
  <testcase classname="com.zoetispets.Tests" name="PracticeDetail" time="3.337"/>
  <testcase classname="com.zoetispets.Tests" name="PracticeDetail" time="3.839"/>
  <testcase classname="com.zoetispets.Tests" name="PracticeDetail" time="3.37"/>
  <testcase classname="com.zoetispets.Tests" name="PracticeDetail" time="3.956"/>
  <testcase classname="com.zoetispets.Tests" name="PracticeDetail" time="3.439"/>
  <testcase classname="com.zoetispets.Tests" name="PracticeDetail" time="3.983"/>
  <testcase classname="com.zoetispets.Tests" name="PracticeDetail" time="3.838"/>
  <testcase classname="com.zoetispets.Tests" name="PracticeDetail" time="3.845"/>
  <testcase classname="com.zoetispets.Tests" name="PracticeDetail" time="3.75"/>
  <testcase classname="com.zoetispets.Tests" name="PracticeDetail" time="3.789"/>
  <testcase classname="com.zoetispets.Tests" name="PracticeDetail" time="3.556"/>
  <testcase classname="com.zoetispets.Tests" name="PracticeDetail" time="3.857"/>
  <testcase classname="com.zoetispets.Tests" name="PracticeDetail" time="4.135"/>
  <testcase classname="com.zoetispets.Tests" name="PracticeDetail" time="3.887"/>
  <testcase classname="com.zoetispets.Tests" name="PracticeDetail" time="4.091"/>
  <testcase classname="com.zoetispets.Tests" name="PracticeDetail" time="4.093"/>
  <testcase classname="com.zoetispets.Tests" name="PracticeDetail" time="3.964"/>
  <testcase classname="com.zoetispets.Tests" name="PracticeDetail" time="3.719"/>
  <testcase classname="com.zoetispets.Tests" name="PracticeDetail" time="3.537"/>
  <testcase classname="com.zoetispets.Tests" name="PracticeDetail" time="3.565"/>
  <testcase classname="com.zoetispets.Tests" name="PracticeDetail" time="3.435"/>
  <testcase classname="com.zoetispets.Tests" name="PracticeDetail" time="3.61"/>
  <testcase classname="com.zoetispets.Tests" name="PracticeDetail" time="3.533"/>
  <testcase classname="com.zoetispets.Tests" name="PracticeDetail" time="3.626"/>
  <testcase classname="com.zoetispets.Tests" name="PracticeDetail" time="3.5"/>
  <testcase classname="com.zoetispets.Tests" name="stageAuthTest" time="0.24"/>
</testsuite> <!-- Surefire test -->
