<?xml version="1.0" encoding="UTF-8"?>
<!-- Generated by org.testng.reporters.JUnitXMLReporter -->
<testsuite ignored="0" hostname="runnervm7b5n9" failures="0" tests="31" name="Surefire test" time="117.292" errors="0" timestamp="2026-06-25T08:37:39 UTC">
  <testcase classname="com.zoetispets.Tests" name="PracticeDetail" time="4.541"/>
  <testcase classname="com.zoetispets.Tests" name="PracticeDetail" time="3.39"/>
  <testcase classname="com.zoetispets.Tests" name="PracticeDetail" time="3.709"/>
  <testcase classname="com.zoetispets.Tests" name="PracticeDetail" time="3.377"/>
  <testcase classname="com.zoetispets.Tests" name="PracticeDetail" time="3.421"/>
  <testcase classname="com.zoetispets.Tests" name="PracticeDetail" time="3.386"/>
  <testcase classname="com.zoetispets.Tests" name="PracticeDetail" time="3.371"/>
  <testcase classname="com.zoetispets.Tests" name="PracticeDetail" time="3.385"/>
  <testcase classname="com.zoetispets.Tests" name="PracticeDetail" time="4.072"/>
  <testcase classname="com.zoetispets.Tests" name="PracticeDetail" time="3.483"/>
  <testcase classname="com.zoetispets.Tests" name="PracticeDetail" time="4.062"/>
  <testcase classname="com.zoetispets.Tests" name="PracticeDetail" time="3.285"/>
  <testcase classname="com.zoetispets.Tests" name="PracticeDetail" time="3.27"/>
  <testcase classname="com.zoetispets.Tests" name="PracticeDetail" time="3.281"/>
  <testcase classname="com.zoetispets.Tests" name="PracticeDetail" time="3.248"/>
  <testcase classname="com.zoetispets.Tests" name="PracticeDetail" time="3.423"/>
  <testcase classname="com.zoetispets.Tests" name="PracticeDetail" time="3.719"/>
  <testcase classname="com.zoetispets.Tests" name="PracticeDetail" time="4.098"/>
  <testcase classname="com.zoetispets.Tests" name="PracticeDetail" time="3.366"/>
  <testcase classname="com.zoetispets.Tests" name="PracticeDetail" time="3.57"/>
  <testcase classname="com.zoetispets.Tests" name="PracticeDetail" time="3.449"/>
  <testcase classname="com.zoetispets.Tests" name="PracticeDetail" time="3.41"/>
  <testcase classname="com.zoetispets.Tests" name="PracticeDetail" time="3.449"/>
  <testcase classname="com.zoetispets.Tests" name="PracticeDetail" time="3.248"/>
  <testcase classname="com.zoetispets.Tests" name="PracticeDetail" time="3.268"/>
  <testcase classname="com.zoetispets.Tests" name="PracticeDetail" time="3.246"/>
  <testcase classname="com.zoetispets.Tests" name="PracticeDetail" time="3.262"/>
  <testcase classname="com.zoetispets.Tests" name="PracticeDetail" time="3.238"/>
  <testcase classname="com.zoetispets.Tests" name="PracticeDetail" time="3.364"/>
  <testcase classname="com.zoetispets.Tests" name="PracticeDetail" time="3.238"/>
  <testcase classname="com.zoetispets.Tests" name="stageAuthTest" time="0.429"/>
</testsuite> <!-- Surefire test -->
