<?xml version="1.0" encoding="UTF-8"?>
<!-- Generated by org.testng.reporters.JUnitXMLReporter -->
<testsuite ignored="0" hostname="runnervmrw5os" failures="0" tests="31" name="Surefire test" time="125.659" errors="0" timestamp="2026-05-21T08:48:05 UTC">
  <testcase classname="com.zoetispets.Tests" name="PracticeDetail" time="4.691"/>
  <testcase classname="com.zoetispets.Tests" name="PracticeDetail" time="5.037"/>
  <testcase classname="com.zoetispets.Tests" name="PracticeDetail" time="3.526"/>
  <testcase classname="com.zoetispets.Tests" name="PracticeDetail" time="3.426"/>
  <testcase classname="com.zoetispets.Tests" name="PracticeDetail" time="3.503"/>
  <testcase classname="com.zoetispets.Tests" name="PracticeDetail" time="3.419"/>
  <testcase classname="com.zoetispets.Tests" name="PracticeDetail" time="3.417"/>
  <testcase classname="com.zoetispets.Tests" name="PracticeDetail" time="3.44"/>
  <testcase classname="com.zoetispets.Tests" name="PracticeDetail" time="7.132"/>
  <testcase classname="com.zoetispets.Tests" name="PracticeDetail" time="3.974"/>
  <testcase classname="com.zoetispets.Tests" name="PracticeDetail" time="3.472"/>
  <testcase classname="com.zoetispets.Tests" name="PracticeDetail" time="3.278"/>
  <testcase classname="com.zoetispets.Tests" name="PracticeDetail" time="3.269"/>
  <testcase classname="com.zoetispets.Tests" name="PracticeDetail" time="3.414"/>
  <testcase classname="com.zoetispets.Tests" name="PracticeDetail" time="3.547"/>
  <testcase classname="com.zoetispets.Tests" name="PracticeDetail" time="3.454"/>
  <testcase classname="com.zoetispets.Tests" name="PracticeDetail" time="4.478"/>
  <testcase classname="com.zoetispets.Tests" name="PracticeDetail" time="3.682"/>
  <testcase classname="com.zoetispets.Tests" name="PracticeDetail" time="3.397"/>
  <testcase classname="com.zoetispets.Tests" name="PracticeDetail" time="8.302"/>
  <testcase classname="com.zoetispets.Tests" name="PracticeDetail" time="3.447"/>
  <testcase classname="com.zoetispets.Tests" name="PracticeDetail" time="3.669"/>
  <testcase classname="com.zoetispets.Tests" name="PracticeDetail" time="3.487"/>
  <testcase classname="com.zoetispets.Tests" name="PracticeDetail" time="3.427"/>
  <testcase classname="com.zoetispets.Tests" name="PracticeDetail" time="3.418"/>
  <testcase classname="com.zoetispets.Tests" name="PracticeDetail" time="3.389"/>
  <testcase classname="com.zoetispets.Tests" name="PracticeDetail" time="3.373"/>
  <testcase classname="com.zoetispets.Tests" name="PracticeDetail" time="3.425"/>
  <testcase classname="com.zoetispets.Tests" name="PracticeDetail" time="3.381"/>
  <testcase classname="com.zoetispets.Tests" name="PracticeDetail" time="3.397"/>
  <testcase classname="com.zoetispets.Tests" name="stageAuthTest" time="0.542"/>
</testsuite> <!-- Surefire test -->
