<?xml version="1.0" encoding="UTF-8"?>
<!-- Generated by org.testng.reporters.JUnitXMLReporter -->
<testsuite ignored="0" hostname="runnervmymu0l" failures="1" tests="30" name="Surefire test" time="47.45" errors="0" timestamp="2026-01-26T08:35:51 UTC">
  <testcase classname="com.zoetispets.Tests" name="PracticeDetail" time="1.819"/>
  <testcase classname="com.zoetispets.Tests" name="PracticeDetail" time="0.619"/>
  <testcase classname="com.zoetispets.Tests" name="PracticeDetail" time="0.294"/>
  <testcase classname="com.zoetispets.Tests" name="PracticeDetail" time="0.252"/>
  <testcase classname="com.zoetispets.Tests" name="PracticeDetail" time="0.27"/>
  <testcase classname="com.zoetispets.Tests" name="PracticeDetail" time="0.307"/>
  <testcase classname="com.zoetispets.Tests" name="PracticeDetail" time="0.269"/>
  <testcase classname="com.zoetispets.Tests" name="PracticeDetail" time="0.267"/>
  <testcase classname="com.zoetispets.Tests" name="PracticeDetail" time="0.527">
    <failure type="java.lang.AssertionError" message="expected [Zoetis Pets FR] but found [The resource cannot be found.]">
      <![CDATA[java.lang.AssertionError: expected [Zoetis Pets FR] but found [The resource cannot be found.]
at com.zoetispets.Tests.PracticeDetail(Tests.java:68)
at java.base/java.util.ArrayList.forEach(ArrayList.java:1511)
... Removed 38 stack frames]]>
    </failure>
  </testcase> <!-- PracticeDetail -->
  <testcase classname="com.zoetispets.Tests" name="PracticeDetail" time="0.417"/>
  <testcase classname="com.zoetispets.Tests" name="PracticeDetail" time="1.02"/>
  <testcase classname="com.zoetispets.Tests" name="PracticeDetail" time="0.411"/>
  <testcase classname="com.zoetispets.Tests" name="PracticeDetail" time="1.703"/>
  <testcase classname="com.zoetispets.Tests" name="PracticeDetail" time="0.64"/>
  <testcase classname="com.zoetispets.Tests" name="PracticeDetail" time="1.231"/>
  <testcase classname="com.zoetispets.Tests" name="PracticeDetail" time="0.555"/>
  <testcase classname="com.zoetispets.Tests" name="PracticeDetail" time="0.468"/>
  <testcase classname="com.zoetispets.Tests" name="PracticeDetail" time="0.462"/>
  <testcase classname="com.zoetispets.Tests" name="PracticeDetail" time="0.944"/>
  <testcase classname="com.zoetispets.Tests" name="PracticeDetail" time="0.742"/>
  <testcase classname="com.zoetispets.Tests" name="PracticeDetail" time="0.437"/>
  <testcase classname="com.zoetispets.Tests" name="PracticeDetail" time="0.497"/>
  <testcase classname="com.zoetispets.Tests" name="PracticeDetail" time="0.541"/>
  <testcase classname="com.zoetispets.Tests" name="PracticeDetail" time="0.327"/>
  <testcase classname="com.zoetispets.Tests" name="PracticeDetail" time="0.402"/>
  <testcase classname="com.zoetispets.Tests" name="PracticeDetail" time="0.564"/>
  <testcase classname="com.zoetispets.Tests" name="PracticeDetail" time="0.43"/>
  <testcase classname="com.zoetispets.Tests" name="PracticeDetail" time="0.395"/>
  <testcase classname="com.zoetispets.Tests" name="PracticeDetail" time="0.462"/>
  <testcase classname="com.zoetispets.Tests" name="PracticeDetail" time="0.54"/>
</testsuite> <!-- Surefire test -->
