<?xml version="1.0" encoding="UTF-8"?>
<!-- Generated by org.testng.reporters.JUnitXMLReporter -->
<testsuite ignored="0" hostname="pkrvmsl9tci6h6u" failures="1" tests="10" name="Surefire test" time="17.493" errors="0" timestamp="2025-08-14T14:16:53 UTC">
  <testcase classname="com.zoetispets.Tests" name="PracticeDetail" time="1.493"/>
  <testcase classname="com.zoetispets.Tests" name="PracticeDetail" time="0.357"/>
  <testcase classname="com.zoetispets.Tests" name="PracticeDetail" time="0.276"/>
  <testcase classname="com.zoetispets.Tests" name="PracticeDetail" time="0.337"/>
  <testcase classname="com.zoetispets.Tests" name="PracticeDetail" time="0.375"/>
  <testcase classname="com.zoetispets.Tests" name="PracticeDetail" time="0.268"/>
  <testcase classname="com.zoetispets.Tests" name="PracticeDetail" time="0.415"/>
  <testcase classname="com.zoetispets.Tests" name="PracticeDetail" time="0.35"/>
  <testcase classname="com.zoetispets.Tests" name="PracticeDetail" time="0.271">
    <failure type="java.lang.AssertionError" message="expected [Zoetis Pets FRa] but found [Zoetis Pets FR]">
      <![CDATA[java.lang.AssertionError: expected [Zoetis Pets FRa] but found [Zoetis Pets FR]
at com.zoetispets.Tests.PracticeDetail(Tests.java:65)
at java.base/java.util.ArrayList.forEach(ArrayList.java:1511)
... Removed 38 stack frames]]>
    </failure>
  </testcase> <!-- PracticeDetail -->
  <testcase classname="com.zoetispets.Tests" name="PracticeDetail" time="0.345"/>
</testsuite> <!-- Surefire test -->
