<?xml version="1.0" encoding="UTF-8"?>
<!-- Generated by org.testng.reporters.JUnitXMLReporter -->
<testsuite ignored="0" hostname="runnervmeorf1" failures="0" tests="30" name="Surefire test" time="115.785" errors="0" timestamp="2026-04-19T06:59:50 UTC">
  <testcase classname="com.zoetispets.Tests" name="PracticeDetail" time="4.696"/>
  <testcase classname="com.zoetispets.Tests" name="PracticeDetail" time="3.307"/>
  <testcase classname="com.zoetispets.Tests" name="PracticeDetail" time="3.471"/>
  <testcase classname="com.zoetispets.Tests" name="PracticeDetail" time="3.298"/>
  <testcase classname="com.zoetispets.Tests" name="PracticeDetail" time="3.309"/>
  <testcase classname="com.zoetispets.Tests" name="PracticeDetail" time="3.322"/>
  <testcase classname="com.zoetispets.Tests" name="PracticeDetail" time="3.328"/>
  <testcase classname="com.zoetispets.Tests" name="PracticeDetail" time="3.352"/>
  <testcase classname="com.zoetispets.Tests" name="PracticeDetail" time="4.537"/>
  <testcase classname="com.zoetispets.Tests" name="PracticeDetail" time="3.475"/>
  <testcase classname="com.zoetispets.Tests" name="PracticeDetail" time="3.31"/>
  <testcase classname="com.zoetispets.Tests" name="PracticeDetail" time="3.247"/>
  <testcase classname="com.zoetispets.Tests" name="PracticeDetail" time="3.362"/>
  <testcase classname="com.zoetispets.Tests" name="PracticeDetail" time="3.639"/>
  <testcase classname="com.zoetispets.Tests" name="PracticeDetail" time="3.236"/>
  <testcase classname="com.zoetispets.Tests" name="PracticeDetail" time="3.698"/>
  <testcase classname="com.zoetispets.Tests" name="PracticeDetail" time="3.5"/>
  <testcase classname="com.zoetispets.Tests" name="PracticeDetail" time="3.824"/>
  <testcase classname="com.zoetispets.Tests" name="PracticeDetail" time="3.283"/>
  <testcase classname="com.zoetispets.Tests" name="PracticeDetail" time="5.309"/>
  <testcase classname="com.zoetispets.Tests" name="PracticeDetail" time="3.318"/>
  <testcase classname="com.zoetispets.Tests" name="PracticeDetail" time="3.388"/>
  <testcase classname="com.zoetispets.Tests" name="PracticeDetail" time="3.313"/>
  <testcase classname="com.zoetispets.Tests" name="PracticeDetail" time="3.437"/>
  <testcase classname="com.zoetispets.Tests" name="PracticeDetail" time="3.251"/>
  <testcase classname="com.zoetispets.Tests" name="PracticeDetail" time="3.231"/>
  <testcase classname="com.zoetispets.Tests" name="PracticeDetail" time="3.243"/>
  <testcase classname="com.zoetispets.Tests" name="PracticeDetail" time="3.235"/>
  <testcase classname="com.zoetispets.Tests" name="PracticeDetail" time="3.291"/>
  <testcase classname="com.zoetispets.Tests" name="PracticeDetail" time="3.326"/>
</testsuite> <!-- Surefire test -->
