<?xml version="1.0" encoding="UTF-8"?>
<!-- Generated by org.testng.reporters.JUnitXMLReporter -->
<testsuite ignored="0" hostname="runnervmmklqx" failures="0" tests="31" name="Surefire test" time="110.434" errors="0" timestamp="2026-06-28T08:35:00 UTC">
  <testcase classname="com.zoetispets.Tests" name="PracticeDetail" time="3.685"/>
  <testcase classname="com.zoetispets.Tests" name="PracticeDetail" time="3.955"/>
  <testcase classname="com.zoetispets.Tests" name="PracticeDetail" time="3.359"/>
  <testcase classname="com.zoetispets.Tests" name="PracticeDetail" time="3.217"/>
  <testcase classname="com.zoetispets.Tests" name="PracticeDetail" time="3.208"/>
  <testcase classname="com.zoetispets.Tests" name="PracticeDetail" time="3.144"/>
  <testcase classname="com.zoetispets.Tests" name="PracticeDetail" time="3.143"/>
  <testcase classname="com.zoetispets.Tests" name="PracticeDetail" time="3.191"/>
  <testcase classname="com.zoetispets.Tests" name="PracticeDetail" time="3.805"/>
  <testcase classname="com.zoetispets.Tests" name="PracticeDetail" time="3.265"/>
  <testcase classname="com.zoetispets.Tests" name="PracticeDetail" time="4.638"/>
  <testcase classname="com.zoetispets.Tests" name="PracticeDetail" time="3.681"/>
  <testcase classname="com.zoetispets.Tests" name="PracticeDetail" time="3.136"/>
  <testcase classname="com.zoetispets.Tests" name="PracticeDetail" time="3.346"/>
  <testcase classname="com.zoetispets.Tests" name="PracticeDetail" time="3.492"/>
  <testcase classname="com.zoetispets.Tests" name="PracticeDetail" time="3.367"/>
  <testcase classname="com.zoetispets.Tests" name="PracticeDetail" time="3.528"/>
  <testcase classname="com.zoetispets.Tests" name="PracticeDetail" time="3.546"/>
  <testcase classname="com.zoetispets.Tests" name="PracticeDetail" time="3.565"/>
  <testcase classname="com.zoetispets.Tests" name="PracticeDetail" time="3.698"/>
  <testcase classname="com.zoetispets.Tests" name="PracticeDetail" time="3.683"/>
  <testcase classname="com.zoetispets.Tests" name="PracticeDetail" time="3.487"/>
  <testcase classname="com.zoetispets.Tests" name="PracticeDetail" time="3.498"/>
  <testcase classname="com.zoetispets.Tests" name="PracticeDetail" time="3.153"/>
  <testcase classname="com.zoetispets.Tests" name="PracticeDetail" time="3.332"/>
  <testcase classname="com.zoetispets.Tests" name="PracticeDetail" time="3.13"/>
  <testcase classname="com.zoetispets.Tests" name="PracticeDetail" time="3.33"/>
  <testcase classname="com.zoetispets.Tests" name="PracticeDetail" time="3.151"/>
  <testcase classname="com.zoetispets.Tests" name="PracticeDetail" time="3.161"/>
  <testcase classname="com.zoetispets.Tests" name="PracticeDetail" time="3.274"/>
  <testcase classname="com.zoetispets.Tests" name="stageAuthTest" time="0.166"/>
</testsuite> <!-- Surefire test -->
