<?xml version="1.0" encoding="UTF-8"?>
<!-- Generated by org.testng.reporters.JUnitXMLReporter -->
<testsuite ignored="0" hostname="runnervm5mmn9" failures="0" tests="31" name="Surefire test" time="128.54" errors="0" timestamp="2026-07-11T07:27:06 UTC">
  <testcase classname="com.zoetispets.Tests" name="PracticeDetail" time="4.829"/>
  <testcase classname="com.zoetispets.Tests" name="PracticeDetail" time="3.807"/>
  <testcase classname="com.zoetispets.Tests" name="PracticeDetail" time="3.376"/>
  <testcase classname="com.zoetispets.Tests" name="PracticeDetail" time="3.476"/>
  <testcase classname="com.zoetispets.Tests" name="PracticeDetail" time="3.226"/>
  <testcase classname="com.zoetispets.Tests" name="PracticeDetail" time="3.462"/>
  <testcase classname="com.zoetispets.Tests" name="PracticeDetail" time="3.3"/>
  <testcase classname="com.zoetispets.Tests" name="PracticeDetail" time="3.306"/>
  <testcase classname="com.zoetispets.Tests" name="PracticeDetail" time="4.429"/>
  <testcase classname="com.zoetispets.Tests" name="PracticeDetail" time="3.31"/>
  <testcase classname="com.zoetispets.Tests" name="PracticeDetail" time="4.334"/>
  <testcase classname="com.zoetispets.Tests" name="PracticeDetail" time="3.281"/>
  <testcase classname="com.zoetispets.Tests" name="PracticeDetail" time="3.435"/>
  <testcase classname="com.zoetispets.Tests" name="PracticeDetail" time="3.361"/>
  <testcase classname="com.zoetispets.Tests" name="PracticeDetail" time="3.228"/>
  <testcase classname="com.zoetispets.Tests" name="PracticeDetail" time="3.437"/>
  <testcase classname="com.zoetispets.Tests" name="PracticeDetail" time="3.228"/>
  <testcase classname="com.zoetispets.Tests" name="PracticeDetail" time="4.039"/>
  <testcase classname="com.zoetispets.Tests" name="PracticeDetail" time="3.671"/>
  <testcase classname="com.zoetispets.Tests" name="PracticeDetail" time="3.618"/>
  <testcase classname="com.zoetispets.Tests" name="PracticeDetail" time="3.408"/>
  <testcase classname="com.zoetispets.Tests" name="PracticeDetail" time="3.413"/>
  <testcase classname="com.zoetispets.Tests" name="PracticeDetail" time="3.455"/>
  <testcase classname="com.zoetispets.Tests" name="PracticeDetail" time="3.26"/>
  <testcase classname="com.zoetispets.Tests" name="PracticeDetail" time="3.235"/>
  <testcase classname="com.zoetispets.Tests" name="PracticeDetail" time="3.235"/>
  <testcase classname="com.zoetispets.Tests" name="PracticeDetail" time="3.381"/>
  <testcase classname="com.zoetispets.Tests" name="PracticeDetail" time="3.234"/>
  <testcase classname="com.zoetispets.Tests" name="PracticeDetail" time="3.389"/>
  <testcase classname="com.zoetispets.Tests" name="PracticeDetail" time="3.396"/>
  <testcase classname="com.zoetispets.Tests" name="stageAuthTest" time="0.474"/>
</testsuite> <!-- Surefire test -->
