<?xml version="1.0" encoding="UTF-8"?>
<!-- Generated by org.testng.reporters.JUnitXMLReporter -->
<testsuite ignored="0" hostname="pkrvmsl9tci6h6u" failures="0" tests="10" name="Surefire test" time="8.962" errors="0" timestamp="2025-08-14T12:54:49 UTC">
  <testcase classname="com.zoetispets.Tests" name="PracticeDetail" time="1.39"/>
  <testcase classname="com.zoetispets.Tests" name="PracticeDetail" time="0.372"/>
  <testcase classname="com.zoetispets.Tests" name="PracticeDetail" time="0.331"/>
  <testcase classname="com.zoetispets.Tests" name="PracticeDetail" time="0.281"/>
  <testcase classname="com.zoetispets.Tests" name="PracticeDetail" time="0.511"/>
  <testcase classname="com.zoetispets.Tests" name="PracticeDetail" time="0.386"/>
  <testcase classname="com.zoetispets.Tests" name="PracticeDetail" time="0.28"/>
  <testcase classname="com.zoetispets.Tests" name="PracticeDetail" time="0.272"/>
  <testcase classname="com.zoetispets.Tests" name="PracticeDetail" time="0.285"/>
  <testcase classname="com.zoetispets.Tests" name="PracticeDetail" time="0.262"/>
</testsuite> <!-- Surefire test -->
