<?xml version="1.0" encoding="UTF-8"?>
<!-- Generated by org.testng.reporters.JUnitXMLReporter -->
<testsuite ignored="0" hostname="runnervm1li68" failures="0" tests="31" name="Surefire test" time="123.625" errors="0" timestamp="2026-06-11T09:52:40 UTC">
  <testcase classname="com.zoetispets.Tests" name="PracticeDetail" time="4.374"/>
  <testcase classname="com.zoetispets.Tests" name="PracticeDetail" time="3.403"/>
  <testcase classname="com.zoetispets.Tests" name="PracticeDetail" time="3.436"/>
  <testcase classname="com.zoetispets.Tests" name="PracticeDetail" time="3.321"/>
  <testcase classname="com.zoetispets.Tests" name="PracticeDetail" time="3.313"/>
  <testcase classname="com.zoetispets.Tests" name="PracticeDetail" time="3.281"/>
  <testcase classname="com.zoetispets.Tests" name="PracticeDetail" time="3.281"/>
  <testcase classname="com.zoetispets.Tests" name="PracticeDetail" time="3.318"/>
  <testcase classname="com.zoetispets.Tests" name="PracticeDetail" time="3.888"/>
  <testcase classname="com.zoetispets.Tests" name="PracticeDetail" time="3.361"/>
  <testcase classname="com.zoetispets.Tests" name="PracticeDetail" time="4.061"/>
  <testcase classname="com.zoetispets.Tests" name="PracticeDetail" time="3.782"/>
  <testcase classname="com.zoetispets.Tests" name="PracticeDetail" time="3.818"/>
  <testcase classname="com.zoetispets.Tests" name="PracticeDetail" time="3.524"/>
  <testcase classname="com.zoetispets.Tests" name="PracticeDetail" time="3.819"/>
  <testcase classname="com.zoetispets.Tests" name="PracticeDetail" time="3.438"/>
  <testcase classname="com.zoetispets.Tests" name="PracticeDetail" time="3.724"/>
  <testcase classname="com.zoetispets.Tests" name="PracticeDetail" time="4.199"/>
  <testcase classname="com.zoetispets.Tests" name="PracticeDetail" time="3.639"/>
  <testcase classname="com.zoetispets.Tests" name="PracticeDetail" time="3.85"/>
  <testcase classname="com.zoetispets.Tests" name="PracticeDetail" time="3.912"/>
  <testcase classname="com.zoetispets.Tests" name="PracticeDetail" time="3.686"/>
  <testcase classname="com.zoetispets.Tests" name="PracticeDetail" time="3.59"/>
  <testcase classname="com.zoetispets.Tests" name="PracticeDetail" time="3.443"/>
  <testcase classname="com.zoetispets.Tests" name="PracticeDetail" time="3.239"/>
  <testcase classname="com.zoetispets.Tests" name="PracticeDetail" time="3.438"/>
  <testcase classname="com.zoetispets.Tests" name="PracticeDetail" time="3.419"/>
  <testcase classname="com.zoetispets.Tests" name="PracticeDetail" time="3.447"/>
  <testcase classname="com.zoetispets.Tests" name="PracticeDetail" time="3.519"/>
  <testcase classname="com.zoetispets.Tests" name="PracticeDetail" time="3.366"/>
  <testcase classname="com.zoetispets.Tests" name="stageAuthTest" time="0.367"/>
</testsuite> <!-- Surefire test -->
