<?xml version="1.0" encoding="UTF-8"?>
<!-- Generated by org.testng.reporters.JUnitXMLReporter -->
<testsuite ignored="0" hostname="runnervm727z3" failures="0" tests="30" name="Surefire test" time="123.12" errors="0" timestamp="2026-04-07T06:55:28 UTC">
  <testcase classname="com.zoetispets.Tests" name="PracticeDetail" time="4.456"/>
  <testcase classname="com.zoetispets.Tests" name="PracticeDetail" time="4.685"/>
  <testcase classname="com.zoetispets.Tests" name="PracticeDetail" time="3.395"/>
  <testcase classname="com.zoetispets.Tests" name="PracticeDetail" time="3.359"/>
  <testcase classname="com.zoetispets.Tests" name="PracticeDetail" time="3.36"/>
  <testcase classname="com.zoetispets.Tests" name="PracticeDetail" time="3.404"/>
  <testcase classname="com.zoetispets.Tests" name="PracticeDetail" time="3.348"/>
  <testcase classname="com.zoetispets.Tests" name="PracticeDetail" time="3.409"/>
  <testcase classname="com.zoetispets.Tests" name="PracticeDetail" time="4.368"/>
  <testcase classname="com.zoetispets.Tests" name="PracticeDetail" time="4.119"/>
  <testcase classname="com.zoetispets.Tests" name="PracticeDetail" time="6.024"/>
  <testcase classname="com.zoetispets.Tests" name="PracticeDetail" time="3.363"/>
  <testcase classname="com.zoetispets.Tests" name="PracticeDetail" time="3.406"/>
  <testcase classname="com.zoetispets.Tests" name="PracticeDetail" time="4.318"/>
  <testcase classname="com.zoetispets.Tests" name="PracticeDetail" time="3.395"/>
  <testcase classname="com.zoetispets.Tests" name="PracticeDetail" time="3.429"/>
  <testcase classname="com.zoetispets.Tests" name="PracticeDetail" time="3.863"/>
  <testcase classname="com.zoetispets.Tests" name="PracticeDetail" time="3.887"/>
  <testcase classname="com.zoetispets.Tests" name="PracticeDetail" time="3.232"/>
  <testcase classname="com.zoetispets.Tests" name="PracticeDetail" time="5.182"/>
  <testcase classname="com.zoetispets.Tests" name="PracticeDetail" time="3.434"/>
  <testcase classname="com.zoetispets.Tests" name="PracticeDetail" time="3.433"/>
  <testcase classname="com.zoetispets.Tests" name="PracticeDetail" time="3.424"/>
  <testcase classname="com.zoetispets.Tests" name="PracticeDetail" time="3.354"/>
  <testcase classname="com.zoetispets.Tests" name="PracticeDetail" time="3.236"/>
  <testcase classname="com.zoetispets.Tests" name="PracticeDetail" time="3.23"/>
  <testcase classname="com.zoetispets.Tests" name="PracticeDetail" time="3.43"/>
  <testcase classname="com.zoetispets.Tests" name="PracticeDetail" time="3.23"/>
  <testcase classname="com.zoetispets.Tests" name="PracticeDetail" time="3.69"/>
  <testcase classname="com.zoetispets.Tests" name="PracticeDetail" time="3.226"/>
</testsuite> <!-- Surefire test -->
