<?xml version="1.0" encoding="UTF-8"?>
<!-- Generated by org.testng.reporters.JUnitXMLReporter -->
<testsuite ignored="0" hostname="runnervmf2e7y" failures="1" tests="30" name="Surefire test" time="41.934" errors="0" timestamp="2025-11-01T05:42:28 UTC">
  <testcase classname="com.zoetispets.Tests" name="PracticeDetail" time="1.658"/>
  <testcase classname="com.zoetispets.Tests" name="PracticeDetail" time="0.492"/>
  <testcase classname="com.zoetispets.Tests" name="PracticeDetail" time="0.283"/>
  <testcase classname="com.zoetispets.Tests" name="PracticeDetail" time="0.266"/>
  <testcase classname="com.zoetispets.Tests" name="PracticeDetail" time="0.275"/>
  <testcase classname="com.zoetispets.Tests" name="PracticeDetail" time="0.288"/>
  <testcase classname="com.zoetispets.Tests" name="PracticeDetail" time="0.278"/>
  <testcase classname="com.zoetispets.Tests" name="PracticeDetail" time="0.263"/>
  <testcase classname="com.zoetispets.Tests" name="PracticeDetail" time="0.289"/>
  <testcase classname="com.zoetispets.Tests" name="PracticeDetail" time="1.613"/>
  <testcase classname="com.zoetispets.Tests" name="PracticeDetail" time="2.133"/>
  <testcase classname="com.zoetispets.Tests" name="PracticeDetail" time="1.128"/>
  <testcase classname="com.zoetispets.Tests" name="PracticeDetail" time="0.336"/>
  <testcase classname="com.zoetispets.Tests" name="PracticeDetail" time="0.291"/>
  <testcase classname="com.zoetispets.Tests" name="PracticeDetail" time="0.919"/>
  <testcase classname="com.zoetispets.Tests" name="PracticeDetail" time="0.704"/>
  <testcase classname="com.zoetispets.Tests" name="PracticeDetail" time="0.35"/>
  <testcase classname="com.zoetispets.Tests" name="PracticeDetail" time="0.456"/>
  <testcase classname="com.zoetispets.Tests" name="PracticeDetail" time="0.777"/>
  <testcase classname="com.zoetispets.Tests" name="PracticeDetail" time="0.57">
    <failure type="java.lang.AssertionError" message="expected [Évaluation de l’arthrose chez le chien | Zoetis Pets] but found [Erreur 404 | Zoetis Pets]">
      <![CDATA[java.lang.AssertionError: expected [Évaluation de l’arthrose chez le chien | Zoetis Pets] but found [Erreur 404 | Zoetis Pets]
at com.zoetispets.Tests.PracticeDetail(Tests.java:68)
at java.base/java.util.ArrayList.forEach(ArrayList.java:1511)
... Removed 37 stack frames]]>
    </failure>
  </testcase> <!-- PracticeDetail -->
  <testcase classname="com.zoetispets.Tests" name="PracticeDetail" time="0.688"/>
  <testcase classname="com.zoetispets.Tests" name="PracticeDetail" time="0.554"/>
  <testcase classname="com.zoetispets.Tests" name="PracticeDetail" time="0.852"/>
  <testcase classname="com.zoetispets.Tests" name="PracticeDetail" time="0.825"/>
  <testcase classname="com.zoetispets.Tests" name="PracticeDetail" time="0.815"/>
  <testcase classname="com.zoetispets.Tests" name="PracticeDetail" time="0.329"/>
  <testcase classname="com.zoetispets.Tests" name="PracticeDetail" time="0.374"/>
  <testcase classname="com.zoetispets.Tests" name="PracticeDetail" time="0.679"/>
  <testcase classname="com.zoetispets.Tests" name="PracticeDetail" time="0.741"/>
  <testcase classname="com.zoetispets.Tests" name="PracticeDetail" time="0.461"/>
</testsuite> <!-- Surefire test -->
