<?xml version="1.0" encoding="UTF-8"?>
<!-- Generated by org.testng.reporters.JUnitXMLReporter -->
<testsuite ignored="0" hostname="runnervmh13bl" failures="0" tests="30" name="Surefire test" time="31.018" errors="0" timestamp="2025-12-20T05:47:41 UTC">
  <testcase classname="com.zoetispets.Tests" name="PracticeDetail" time="2.085"/>
  <testcase classname="com.zoetispets.Tests" name="PracticeDetail" time="0.335"/>
  <testcase classname="com.zoetispets.Tests" name="PracticeDetail" time="0.694"/>
  <testcase classname="com.zoetispets.Tests" name="PracticeDetail" time="0.219"/>
  <testcase classname="com.zoetispets.Tests" name="PracticeDetail" time="0.251"/>
  <testcase classname="com.zoetispets.Tests" name="PracticeDetail" time="0.283"/>
  <testcase classname="com.zoetispets.Tests" name="PracticeDetail" time="0.278"/>
  <testcase classname="com.zoetispets.Tests" name="PracticeDetail" time="0.26"/>
  <testcase classname="com.zoetispets.Tests" name="PracticeDetail" time="0.293"/>
  <testcase classname="com.zoetispets.Tests" name="PracticeDetail" time="0.267"/>
  <testcase classname="com.zoetispets.Tests" name="PracticeDetail" time="2.029"/>
  <testcase classname="com.zoetispets.Tests" name="PracticeDetail" time="0.257"/>
  <testcase classname="com.zoetispets.Tests" name="PracticeDetail" time="0.757"/>
  <testcase classname="com.zoetispets.Tests" name="PracticeDetail" time="3.091"/>
  <testcase classname="com.zoetispets.Tests" name="PracticeDetail" time="0.982"/>
  <testcase classname="com.zoetispets.Tests" name="PracticeDetail" time="0.732"/>
  <testcase classname="com.zoetispets.Tests" name="PracticeDetail" time="0.368"/>
  <testcase classname="com.zoetispets.Tests" name="PracticeDetail" time="0.846"/>
  <testcase classname="com.zoetispets.Tests" name="PracticeDetail" time="0.891"/>
  <testcase classname="com.zoetispets.Tests" name="PracticeDetail" time="0.311"/>
  <testcase classname="com.zoetispets.Tests" name="PracticeDetail" time="0.805"/>
  <testcase classname="com.zoetispets.Tests" name="PracticeDetail" time="0.711"/>
  <testcase classname="com.zoetispets.Tests" name="PracticeDetail" time="0.741"/>
  <testcase classname="com.zoetispets.Tests" name="PracticeDetail" time="0.456"/>
  <testcase classname="com.zoetispets.Tests" name="PracticeDetail" time="0.474"/>
  <testcase classname="com.zoetispets.Tests" name="PracticeDetail" time="0.499"/>
  <testcase classname="com.zoetispets.Tests" name="PracticeDetail" time="0.803"/>
  <testcase classname="com.zoetispets.Tests" name="PracticeDetail" time="0.25"/>
  <testcase classname="com.zoetispets.Tests" name="PracticeDetail" time="0.681"/>
  <testcase classname="com.zoetispets.Tests" name="PracticeDetail" time="0.674"/>
</testsuite> <!-- Surefire test -->
