<?xml version="1.0" encoding="UTF-8"?>
<!-- Generated by org.testng.reporters.JUnitXMLReporter -->
<testsuite ignored="0" hostname="runnervmymu0l" failures="3" tests="30" name="Surefire test" time="27.933" errors="0" timestamp="2026-01-26T08:44:55 UTC">
  <testcase classname="com.zoetispets.Tests" name="PracticeDetail" time="2.884"/>
  <testcase classname="com.zoetispets.Tests" name="PracticeDetail" time="0.439"/>
  <testcase classname="com.zoetispets.Tests" name="PracticeDetail" time="0.291"/>
  <testcase classname="com.zoetispets.Tests" name="PracticeDetail" time="0.299"/>
  <testcase classname="com.zoetispets.Tests" name="PracticeDetail" time="0.264"/>
  <testcase classname="com.zoetispets.Tests" name="PracticeDetail" time="0.259"/>
  <testcase classname="com.zoetispets.Tests" name="PracticeDetail" time="0.252"/>
  <testcase classname="com.zoetispets.Tests" name="PracticeDetail" time="0.278"/>
  <testcase classname="com.zoetispets.Tests" name="PracticeDetail" time="0.514">
    <failure type="java.lang.AssertionError" message="expected [Zoetis Pets FR] but found [The resource cannot be found.]">
      <![CDATA[java.lang.AssertionError: expected [Zoetis Pets FR] but found [The resource cannot be found.]
at com.zoetispets.Tests.PracticeDetail(Tests.java:68)
at java.base/java.util.ArrayList.forEach(ArrayList.java:1511)
... Removed 38 stack frames]]>
    </failure>
  </testcase> <!-- PracticeDetail -->
  <testcase classname="com.zoetispets.Tests" name="PracticeDetail" time="0.348"/>
  <testcase classname="com.zoetispets.Tests" name="PracticeDetail" time="0.777"/>
  <testcase classname="com.zoetispets.Tests" name="PracticeDetail" time="1.555"/>
  <testcase classname="com.zoetispets.Tests" name="PracticeDetail" time="0.681"/>
  <testcase classname="com.zoetispets.Tests" name="PracticeDetail" time="2.013"/>
  <testcase classname="com.zoetispets.Tests" name="PracticeDetail" time="0.699"/>
  <testcase classname="com.zoetispets.Tests" name="PracticeDetail" time="0.549"/>
  <testcase classname="com.zoetispets.Tests" name="PracticeDetail" time="0.759"/>
  <testcase classname="com.zoetispets.Tests" name="PracticeDetail" time="0.448"/>
  <testcase classname="com.zoetispets.Tests" name="PracticeDetail" time="0.818"/>
  <testcase classname="com.zoetispets.Tests" name="PracticeDetail" time="0.195">
    <failure type="java.lang.AssertionError" message="expected [Évaluation de l’arthrose chez le chien | Zoetis Pets] but found [The resource cannot be found.]">
      <![CDATA[java.lang.AssertionError: expected [Évaluation de l’arthrose chez le chien | Zoetis Pets] but found [The resource cannot be found.]
at com.zoetispets.Tests.PracticeDetail(Tests.java:68)
at java.base/java.util.ArrayList.forEach(ArrayList.java:1511)
... Removed 37 stack frames]]>
    </failure>
  </testcase> <!-- PracticeDetail -->
  <testcase classname="com.zoetispets.Tests" name="PracticeDetail" time="0.496"/>
  <testcase classname="com.zoetispets.Tests" name="PracticeDetail" time="0.29">
    <failure type="java.lang.AssertionError" message="expected [Évaluation des problèmes de peau chez le chien | Zoetis Pets] but found [The resource cannot be found.]">
      <![CDATA[java.lang.AssertionError: expected [Évaluation des problèmes de peau chez le chien | Zoetis Pets] but found [The resource cannot be found.]
at com.zoetispets.Tests.PracticeDetail(Tests.java:68)
at java.base/java.util.ArrayList.forEach(ArrayList.java:1511)
... Removed 37 stack frames]]>
    </failure>
  </testcase> <!-- PracticeDetail -->
  <testcase classname="com.zoetispets.Tests" name="PracticeDetail" time="0.671"/>
  <testcase classname="com.zoetispets.Tests" name="PracticeDetail" time="0.381"/>
  <testcase classname="com.zoetispets.Tests" name="PracticeDetail" time="0.637"/>
  <testcase classname="com.zoetispets.Tests" name="PracticeDetail" time="0.523"/>
  <testcase classname="com.zoetispets.Tests" name="PracticeDetail" time="0.561"/>
  <testcase classname="com.zoetispets.Tests" name="PracticeDetail" time="0.344"/>
  <testcase classname="com.zoetispets.Tests" name="PracticeDetail" time="0.582"/>
  <testcase classname="com.zoetispets.Tests" name="PracticeDetail" time="0.487"/>
</testsuite> <!-- Surefire test -->
