<?xml version="1.0" encoding="UTF-8"?>
<!-- Generated by org.testng.reporters.JUnitXMLReporter -->
<testsuite ignored="0" hostname="runnervmymu0l" failures="2" tests="30" name="Surefire test" time="122.547" errors="0" timestamp="2026-01-26T14:45:54 UTC">
  <testcase classname="com.zoetispets.Tests" name="PracticeDetail" time="5.014"/>
  <testcase classname="com.zoetispets.Tests" name="PracticeDetail" time="3.452"/>
  <testcase classname="com.zoetispets.Tests" name="PracticeDetail" time="3.359"/>
  <testcase classname="com.zoetispets.Tests" name="PracticeDetail" time="3.349"/>
  <testcase classname="com.zoetispets.Tests" name="PracticeDetail" time="3.313"/>
  <testcase classname="com.zoetispets.Tests" name="PracticeDetail" time="3.384"/>
  <testcase classname="com.zoetispets.Tests" name="PracticeDetail" time="3.308"/>
  <testcase classname="com.zoetispets.Tests" name="PracticeDetail" time="3.329"/>
  <testcase classname="com.zoetispets.Tests" name="PracticeDetail" time="3.352">
    <failure type="java.lang.AssertionError" message="expected [Zoetis Pets FR] but found [The resource cannot be found.]">
      <![CDATA[java.lang.AssertionError: expected [Zoetis Pets FR] but found [The resource cannot be found.]
at com.zoetispets.Tests.PracticeDetail(Tests.java:69)
at java.base/java.util.ArrayList.forEach(ArrayList.java:1511)
... Removed 38 stack frames]]>
    </failure>
  </testcase> <!-- PracticeDetail -->
  <testcase classname="com.zoetispets.Tests" name="PracticeDetail" time="3.46"/>
  <testcase classname="com.zoetispets.Tests" name="PracticeDetail" time="6.301"/>
  <testcase classname="com.zoetispets.Tests" name="PracticeDetail" time="3.324"/>
  <testcase classname="com.zoetispets.Tests" name="PracticeDetail" time="3.32"/>
  <testcase classname="com.zoetispets.Tests" name="PracticeDetail" time="4.722"/>
  <testcase classname="com.zoetispets.Tests" name="PracticeDetail" time="4.03"/>
  <testcase classname="com.zoetispets.Tests" name="PracticeDetail" time="3.58"/>
  <testcase classname="com.zoetispets.Tests" name="PracticeDetail" time="4.093"/>
  <testcase classname="com.zoetispets.Tests" name="PracticeDetail" time="3.941"/>
  <testcase classname="com.zoetispets.Tests" name="PracticeDetail" time="3.252"/>
  <testcase classname="com.zoetispets.Tests" name="PracticeDetail" time="3.173">
    <failure type="java.lang.AssertionError" message="expected [Évaluation de l’arthrose chez le chien | Zoetis Pets] but found [The resource cannot be found.]">
      <![CDATA[java.lang.AssertionError: expected [Évaluation de l’arthrose chez le chien | Zoetis Pets] but found [The resource cannot be found.]
at com.zoetispets.Tests.PracticeDetail(Tests.java:69)
at java.base/java.util.ArrayList.forEach(ArrayList.java:1511)
... Removed 37 stack frames]]>
    </failure>
  </testcase> <!-- PracticeDetail -->
  <testcase classname="com.zoetispets.Tests" name="PracticeDetail" time="3.965"/>
  <testcase classname="com.zoetispets.Tests" name="PracticeDetail" time="3.756"/>
  <testcase classname="com.zoetispets.Tests" name="PracticeDetail" time="3.692"/>
  <testcase classname="com.zoetispets.Tests" name="PracticeDetail" time="3.241"/>
  <testcase classname="com.zoetispets.Tests" name="PracticeDetail" time="3.253"/>
  <testcase classname="com.zoetispets.Tests" name="PracticeDetail" time="3.282"/>
  <testcase classname="com.zoetispets.Tests" name="PracticeDetail" time="3.329"/>
  <testcase classname="com.zoetispets.Tests" name="PracticeDetail" time="3.304"/>
  <testcase classname="com.zoetispets.Tests" name="PracticeDetail" time="3.337"/>
  <testcase classname="com.zoetispets.Tests" name="PracticeDetail" time="3.608"/>
</testsuite> <!-- Surefire test -->
