<?xml version="1.0" encoding="UTF-8"?>
<!-- Generated by org.testng.reporters.JUnitXMLReporter -->
<testsuite ignored="0" hostname="runnervm1li68" failures="0" tests="31" name="Surefire test" time="115.8" errors="0" timestamp="2026-06-14T08:55:35 UTC">
  <testcase classname="com.zoetispets.Tests" name="PracticeDetail" time="4.306"/>
  <testcase classname="com.zoetispets.Tests" name="PracticeDetail" time="7.727"/>
  <testcase classname="com.zoetispets.Tests" name="PracticeDetail" time="3.437"/>
  <testcase classname="com.zoetispets.Tests" name="PracticeDetail" time="3.364"/>
  <testcase classname="com.zoetispets.Tests" name="PracticeDetail" time="3.366"/>
  <testcase classname="com.zoetispets.Tests" name="PracticeDetail" time="3.241"/>
  <testcase classname="com.zoetispets.Tests" name="PracticeDetail" time="3.238"/>
  <testcase classname="com.zoetispets.Tests" name="PracticeDetail" time="3.362"/>
  <testcase classname="com.zoetispets.Tests" name="PracticeDetail" time="3.937"/>
  <testcase classname="com.zoetispets.Tests" name="PracticeDetail" time="3.681"/>
  <testcase classname="com.zoetispets.Tests" name="PracticeDetail" time="4.863"/>
  <testcase classname="com.zoetispets.Tests" name="PracticeDetail" time="3.1"/>
  <testcase classname="com.zoetispets.Tests" name="PracticeDetail" time="3.795"/>
  <testcase classname="com.zoetispets.Tests" name="PracticeDetail" time="3.22"/>
  <testcase classname="com.zoetispets.Tests" name="PracticeDetail" time="3.758"/>
  <testcase classname="com.zoetispets.Tests" name="PracticeDetail" time="3.274"/>
  <testcase classname="com.zoetispets.Tests" name="PracticeDetail" time="3.505"/>
  <testcase classname="com.zoetispets.Tests" name="PracticeDetail" time="3.742"/>
  <testcase classname="com.zoetispets.Tests" name="PracticeDetail" time="3.677"/>
  <testcase classname="com.zoetispets.Tests" name="PracticeDetail" time="3.501"/>
  <testcase classname="com.zoetispets.Tests" name="PracticeDetail" time="3.333"/>
  <testcase classname="com.zoetispets.Tests" name="PracticeDetail" time="3.385"/>
  <testcase classname="com.zoetispets.Tests" name="PracticeDetail" time="3.429"/>
  <testcase classname="com.zoetispets.Tests" name="PracticeDetail" time="3.253"/>
  <testcase classname="com.zoetispets.Tests" name="PracticeDetail" time="3.244"/>
  <testcase classname="com.zoetispets.Tests" name="PracticeDetail" time="3.252"/>
  <testcase classname="com.zoetispets.Tests" name="PracticeDetail" time="3.321"/>
  <testcase classname="com.zoetispets.Tests" name="PracticeDetail" time="3.241"/>
  <testcase classname="com.zoetispets.Tests" name="PracticeDetail" time="3.169"/>
  <testcase classname="com.zoetispets.Tests" name="PracticeDetail" time="3.319"/>
  <testcase classname="com.zoetispets.Tests" name="stageAuthTest" time="0.362"/>
</testsuite> <!-- Surefire test -->
