<?xml version="1.0" encoding="UTF-8"?>
<!-- Generated by org.testng.reporters.JUnitXMLReporter -->
<testsuite ignored="0" hostname="runnervmkkn4f" failures="0" tests="31" name="Surefire test" time="118.97" errors="0" timestamp="2026-07-06T09:37:55 UTC">
  <testcase classname="com.zoetispets.Tests" name="PracticeDetail" time="4.444"/>
  <testcase classname="com.zoetispets.Tests" name="PracticeDetail" time="3.384"/>
  <testcase classname="com.zoetispets.Tests" name="PracticeDetail" time="3.289"/>
  <testcase classname="com.zoetispets.Tests" name="PracticeDetail" time="3.305"/>
  <testcase classname="com.zoetispets.Tests" name="PracticeDetail" time="3.254"/>
  <testcase classname="com.zoetispets.Tests" name="PracticeDetail" time="3.266"/>
  <testcase classname="com.zoetispets.Tests" name="PracticeDetail" time="3.328"/>
  <testcase classname="com.zoetispets.Tests" name="PracticeDetail" time="3.248"/>
  <testcase classname="com.zoetispets.Tests" name="PracticeDetail" time="4.235"/>
  <testcase classname="com.zoetispets.Tests" name="PracticeDetail" time="3.441"/>
  <testcase classname="com.zoetispets.Tests" name="PracticeDetail" time="3.451"/>
  <testcase classname="com.zoetispets.Tests" name="PracticeDetail" time="3.848"/>
  <testcase classname="com.zoetispets.Tests" name="PracticeDetail" time="3.801"/>
  <testcase classname="com.zoetispets.Tests" name="PracticeDetail" time="3.274"/>
  <testcase classname="com.zoetispets.Tests" name="PracticeDetail" time="3.232"/>
  <testcase classname="com.zoetispets.Tests" name="PracticeDetail" time="3.631"/>
  <testcase classname="com.zoetispets.Tests" name="PracticeDetail" time="3.621"/>
  <testcase classname="com.zoetispets.Tests" name="PracticeDetail" time="3.359"/>
  <testcase classname="com.zoetispets.Tests" name="PracticeDetail" time="3.414"/>
  <testcase classname="com.zoetispets.Tests" name="PracticeDetail" time="4.105"/>
  <testcase classname="com.zoetispets.Tests" name="PracticeDetail" time="3.409"/>
  <testcase classname="com.zoetispets.Tests" name="PracticeDetail" time="3.461"/>
  <testcase classname="com.zoetispets.Tests" name="PracticeDetail" time="3.682"/>
  <testcase classname="com.zoetispets.Tests" name="PracticeDetail" time="3.519"/>
  <testcase classname="com.zoetispets.Tests" name="PracticeDetail" time="3.257"/>
  <testcase classname="com.zoetispets.Tests" name="PracticeDetail" time="3.317"/>
  <testcase classname="com.zoetispets.Tests" name="PracticeDetail" time="3.584"/>
  <testcase classname="com.zoetispets.Tests" name="PracticeDetail" time="3.538"/>
  <testcase classname="com.zoetispets.Tests" name="PracticeDetail" time="3.33"/>
  <testcase classname="com.zoetispets.Tests" name="PracticeDetail" time="3.274"/>
  <testcase classname="com.zoetispets.Tests" name="stageAuthTest" time="0.462"/>
</testsuite> <!-- Surefire test -->
