<?xml version="1.0" encoding="UTF-8"?>
<!-- Generated by org.testng.reporters.JUnitXMLReporter -->
<testsuite ignored="0" hostname="pkrvmccyg1gnepe" failures="0" tests="30" name="Surefire test" time="49.558" errors="0" timestamp="2025-09-01T05:44:49 UTC">
  <testcase classname="com.zoetispets.Tests" name="PracticeDetail" time="2.276"/>
  <testcase classname="com.zoetispets.Tests" name="PracticeDetail" time="0.533"/>
  <testcase classname="com.zoetispets.Tests" name="PracticeDetail" time="0.336"/>
  <testcase classname="com.zoetispets.Tests" name="PracticeDetail" time="0.346"/>
  <testcase classname="com.zoetispets.Tests" name="PracticeDetail" time="0.389"/>
  <testcase classname="com.zoetispets.Tests" name="PracticeDetail" time="0.312"/>
  <testcase classname="com.zoetispets.Tests" name="PracticeDetail" time="0.329"/>
  <testcase classname="com.zoetispets.Tests" name="PracticeDetail" time="0.315"/>
  <testcase classname="com.zoetispets.Tests" name="PracticeDetail" time="0.302"/>
  <testcase classname="com.zoetispets.Tests" name="PracticeDetail" time="0.289"/>
  <testcase classname="com.zoetispets.Tests" name="PracticeDetail" time="1.607"/>
  <testcase classname="com.zoetispets.Tests" name="PracticeDetail" time="1.092"/>
  <testcase classname="com.zoetispets.Tests" name="PracticeDetail" time="0.461"/>
  <testcase classname="com.zoetispets.Tests" name="PracticeDetail" time="0.315"/>
  <testcase classname="com.zoetispets.Tests" name="PracticeDetail" time="0.426"/>
  <testcase classname="com.zoetispets.Tests" name="PracticeDetail" time="0.754"/>
  <testcase classname="com.zoetispets.Tests" name="PracticeDetail" time="0.736"/>
  <testcase classname="com.zoetispets.Tests" name="PracticeDetail" time="0.356"/>
  <testcase classname="com.zoetispets.Tests" name="PracticeDetail" time="0.783"/>
  <testcase classname="com.zoetispets.Tests" name="PracticeDetail" time="0.893"/>
  <testcase classname="com.zoetispets.Tests" name="PracticeDetail" time="0.734"/>
  <testcase classname="com.zoetispets.Tests" name="PracticeDetail" time="0.793"/>
  <testcase classname="com.zoetispets.Tests" name="PracticeDetail" time="0.403"/>
  <testcase classname="com.zoetispets.Tests" name="PracticeDetail" time="0.514"/>
  <testcase classname="com.zoetispets.Tests" name="PracticeDetail" time="0.875"/>
  <testcase classname="com.zoetispets.Tests" name="PracticeDetail" time="0.609"/>
  <testcase classname="com.zoetispets.Tests" name="PracticeDetail" time="0.738"/>
  <testcase classname="com.zoetispets.Tests" name="PracticeDetail" time="0.397"/>
  <testcase classname="com.zoetispets.Tests" name="PracticeDetail" time="0.349"/>
  <testcase classname="com.zoetispets.Tests" name="PracticeDetail" time="0.684"/>
</testsuite> <!-- Surefire test -->
