<?xml version="1.0" encoding="UTF-8"?>
<!-- Generated by org.testng.reporters.JUnitXMLReporter -->
<testsuite ignored="0" hostname="runnervmwhb2z" failures="0" tests="30" name="Surefire test" time="30.449" errors="0" timestamp="2025-10-07T05:42:14 UTC">
  <testcase classname="com.zoetispets.Tests" name="PracticeDetail" time="2.643"/>
  <testcase classname="com.zoetispets.Tests" name="PracticeDetail" time="0.357"/>
  <testcase classname="com.zoetispets.Tests" name="PracticeDetail" time="0.276"/>
  <testcase classname="com.zoetispets.Tests" name="PracticeDetail" time="0.296"/>
  <testcase classname="com.zoetispets.Tests" name="PracticeDetail" time="0.354"/>
  <testcase classname="com.zoetispets.Tests" name="PracticeDetail" time="0.256"/>
  <testcase classname="com.zoetispets.Tests" name="PracticeDetail" time="0.258"/>
  <testcase classname="com.zoetispets.Tests" name="PracticeDetail" time="0.275"/>
  <testcase classname="com.zoetispets.Tests" name="PracticeDetail" time="0.277"/>
  <testcase classname="com.zoetispets.Tests" name="PracticeDetail" time="0.683"/>
  <testcase classname="com.zoetispets.Tests" name="PracticeDetail" time="0.743"/>
  <testcase classname="com.zoetispets.Tests" name="PracticeDetail" time="0.33"/>
  <testcase classname="com.zoetispets.Tests" name="PracticeDetail" time="0.256"/>
  <testcase classname="com.zoetispets.Tests" name="PracticeDetail" time="0.289"/>
  <testcase classname="com.zoetispets.Tests" name="PracticeDetail" time="0.307"/>
  <testcase classname="com.zoetispets.Tests" name="PracticeDetail" time="0.326"/>
  <testcase classname="com.zoetispets.Tests" name="PracticeDetail" time="0.795"/>
  <testcase classname="com.zoetispets.Tests" name="PracticeDetail" time="0.44"/>
  <testcase classname="com.zoetispets.Tests" name="PracticeDetail" time="0.359"/>
  <testcase classname="com.zoetispets.Tests" name="PracticeDetail" time="0.616"/>
  <testcase classname="com.zoetispets.Tests" name="PracticeDetail" time="0.348"/>
  <testcase classname="com.zoetispets.Tests" name="PracticeDetail" time="0.373"/>
  <testcase classname="com.zoetispets.Tests" name="PracticeDetail" time="0.785"/>
  <testcase classname="com.zoetispets.Tests" name="PracticeDetail" time="0.381"/>
  <testcase classname="com.zoetispets.Tests" name="PracticeDetail" time="0.655"/>
  <testcase classname="com.zoetispets.Tests" name="PracticeDetail" time="0.589"/>
  <testcase classname="com.zoetispets.Tests" name="PracticeDetail" time="0.385"/>
  <testcase classname="com.zoetispets.Tests" name="PracticeDetail" time="0.369"/>
  <testcase classname="com.zoetispets.Tests" name="PracticeDetail" time="0.361"/>
  <testcase classname="com.zoetispets.Tests" name="PracticeDetail" time="0.604"/>
</testsuite> <!-- Surefire test -->
