<?xml version="1.0" encoding="UTF-8"?>
<!-- Generated by org.testng.reporters.JUnitXMLReporter -->
<testsuite ignored="0" hostname="runnervmf2e7y" failures="0" tests="30" name="Surefire test" time="33.838" errors="0" timestamp="2025-11-02T05:43:17 UTC">
  <testcase classname="com.zoetispets.Tests" name="PracticeDetail" time="1.548"/>
  <testcase classname="com.zoetispets.Tests" name="PracticeDetail" time="0.568"/>
  <testcase classname="com.zoetispets.Tests" name="PracticeDetail" time="0.282"/>
  <testcase classname="com.zoetispets.Tests" name="PracticeDetail" time="0.257"/>
  <testcase classname="com.zoetispets.Tests" name="PracticeDetail" time="0.262"/>
  <testcase classname="com.zoetispets.Tests" name="PracticeDetail" time="0.258"/>
  <testcase classname="com.zoetispets.Tests" name="PracticeDetail" time="0.302"/>
  <testcase classname="com.zoetispets.Tests" name="PracticeDetail" time="0.245"/>
  <testcase classname="com.zoetispets.Tests" name="PracticeDetail" time="0.254"/>
  <testcase classname="com.zoetispets.Tests" name="PracticeDetail" time="1.51"/>
  <testcase classname="com.zoetispets.Tests" name="PracticeDetail" time="1.849"/>
  <testcase classname="com.zoetispets.Tests" name="PracticeDetail" time="0.408"/>
  <testcase classname="com.zoetispets.Tests" name="PracticeDetail" time="0.417"/>
  <testcase classname="com.zoetispets.Tests" name="PracticeDetail" time="0.941"/>
  <testcase classname="com.zoetispets.Tests" name="PracticeDetail" time="0.969"/>
  <testcase classname="com.zoetispets.Tests" name="PracticeDetail" time="0.755"/>
  <testcase classname="com.zoetispets.Tests" name="PracticeDetail" time="1.062"/>
  <testcase classname="com.zoetispets.Tests" name="PracticeDetail" time="1.12"/>
  <testcase classname="com.zoetispets.Tests" name="PracticeDetail" time="0.787"/>
  <testcase classname="com.zoetispets.Tests" name="PracticeDetail" time="0.556"/>
  <testcase classname="com.zoetispets.Tests" name="PracticeDetail" time="0.712"/>
  <testcase classname="com.zoetispets.Tests" name="PracticeDetail" time="0.531"/>
  <testcase classname="com.zoetispets.Tests" name="PracticeDetail" time="0.779"/>
  <testcase classname="com.zoetispets.Tests" name="PracticeDetail" time="0.622"/>
  <testcase classname="com.zoetispets.Tests" name="PracticeDetail" time="0.513"/>
  <testcase classname="com.zoetispets.Tests" name="PracticeDetail" time="0.711"/>
  <testcase classname="com.zoetispets.Tests" name="PracticeDetail" time="0.589"/>
  <testcase classname="com.zoetispets.Tests" name="PracticeDetail" time="0.715"/>
  <testcase classname="com.zoetispets.Tests" name="PracticeDetail" time="0.579"/>
  <testcase classname="com.zoetispets.Tests" name="PracticeDetail" time="0.47"/>
</testsuite> <!-- Surefire test -->
