<?xml version="1.0" encoding="UTF-8"?>
<!-- Generated by org.testng.reporters.JUnitXMLReporter -->
<testsuite ignored="0" hostname="runnervmeorf1" failures="27" tests="30" name="Surefire test" time="106.52" errors="0" timestamp="2026-04-28T07:55:32 UTC">
  <testcase classname="com.zoetispets.Tests" name="PracticeDetail" time="3.322">
    <failure type="java.lang.AssertionError" message="expected [Zoetis Pets UK] but found [ERROR: The request could not be satisfied]">
      <![CDATA[java.lang.AssertionError: expected [Zoetis Pets UK] but found [ERROR: The request could not be satisfied]
at com.zoetispets.Tests.PracticeDetail(Tests.java:69)
at java.base/java.util.ArrayList.forEach(ArrayList.java:1511)
... Removed 38 stack frames]]>
    </failure>
  </testcase> <!-- PracticeDetail -->
  <testcase classname="com.zoetispets.Tests" name="PracticeDetail" time="3.043">
    <failure type="java.lang.AssertionError" message="expected [Zoetis Pets AU] but found [ERROR: The request could not be satisfied]">
      <![CDATA[java.lang.AssertionError: expected [Zoetis Pets AU] but found [ERROR: The request could not be satisfied]
at com.zoetispets.Tests.PracticeDetail(Tests.java:69)
at java.base/java.util.ArrayList.forEach(ArrayList.java:1511)
... Removed 38 stack frames]]>
    </failure>
  </testcase> <!-- PracticeDetail -->
  <testcase classname="com.zoetispets.Tests" name="PracticeDetail" time="3.045">
    <failure type="java.lang.AssertionError" message="expected [Zoetis Pets DE] but found [ERROR: The request could not be satisfied]">
      <![CDATA[java.lang.AssertionError: expected [Zoetis Pets DE] but found [ERROR: The request could not be satisfied]
at com.zoetispets.Tests.PracticeDetail(Tests.java:69)
at java.base/java.util.ArrayList.forEach(ArrayList.java:1511)
... Removed 38 stack frames]]>
    </failure>
  </testcase> <!-- PracticeDetail -->
  <testcase classname="com.zoetispets.Tests" name="PracticeDetail" time="3.043">
    <failure type="java.lang.AssertionError" message="expected [Zoetis Pets IT] but found [ERROR: The request could not be satisfied]">
      <![CDATA[java.lang.AssertionError: expected [Zoetis Pets IT] but found [ERROR: The request could not be satisfied]
at com.zoetispets.Tests.PracticeDetail(Tests.java:69)
at java.base/java.util.ArrayList.forEach(ArrayList.java:1511)
... Removed 38 stack frames]]>
    </failure>
  </testcase> <!-- PracticeDetail -->
  <testcase classname="com.zoetispets.Tests" name="PracticeDetail" time="3.046">
    <failure type="java.lang.AssertionError" message="expected [Zoetis Pets ES] but found [ERROR: The request could not be satisfied]">
      <![CDATA[java.lang.AssertionError: expected [Zoetis Pets ES] but found [ERROR: The request could not be satisfied]
at com.zoetispets.Tests.PracticeDetail(Tests.java:69)
at java.base/java.util.ArrayList.forEach(ArrayList.java:1511)
... Removed 38 stack frames]]>
    </failure>
  </testcase> <!-- PracticeDetail -->
  <testcase classname="com.zoetispets.Tests" name="PracticeDetail" time="3.043">
    <failure type="java.lang.AssertionError" message="expected [Zoetis Pets PL] but found [ERROR: The request could not be satisfied]">
      <![CDATA[java.lang.AssertionError: expected [Zoetis Pets PL] but found [ERROR: The request could not be satisfied]
at com.zoetispets.Tests.PracticeDetail(Tests.java:69)
at java.base/java.util.ArrayList.forEach(ArrayList.java:1511)
... Removed 38 stack frames]]>
    </failure>
  </testcase> <!-- PracticeDetail -->
  <testcase classname="com.zoetispets.Tests" name="PracticeDetail" time="3.045">
    <failure type="java.lang.AssertionError" message="expected [Zoetis Pets CA] but found [ERROR: The request could not be satisfied]">
      <![CDATA[java.lang.AssertionError: expected [Zoetis Pets CA] but found [ERROR: The request could not be satisfied]
at com.zoetispets.Tests.PracticeDetail(Tests.java:69)
at java.base/java.util.ArrayList.forEach(ArrayList.java:1511)
... Removed 38 stack frames]]>
    </failure>
  </testcase> <!-- PracticeDetail -->
  <testcase classname="com.zoetispets.Tests" name="PracticeDetail" time="3.045">
    <failure type="java.lang.AssertionError" message="expected [Zoetis Pets CA] but found [ERROR: The request could not be satisfied]">
      <![CDATA[java.lang.AssertionError: expected [Zoetis Pets CA] but found [ERROR: The request could not be satisfied]
at com.zoetispets.Tests.PracticeDetail(Tests.java:69)
at java.base/java.util.ArrayList.forEach(ArrayList.java:1511)
... Removed 38 stack frames]]>
    </failure>
  </testcase> <!-- PracticeDetail -->
  <testcase classname="com.zoetispets.Tests" name="PracticeDetail" time="4.329"/>
  <testcase classname="com.zoetispets.Tests" name="PracticeDetail" time="3.057">
    <failure type="java.lang.AssertionError" message="expected [Librela® para cães | Zoetis Pets] but found [ERROR: The request could not be satisfied]">
      <![CDATA[java.lang.AssertionError: expected [Librela® para cães | Zoetis Pets] but found [ERROR: The request could not be satisfied]
at com.zoetispets.Tests.PracticeDetail(Tests.java:69)
at java.base/java.util.ArrayList.forEach(ArrayList.java:1511)
... Removed 38 stack frames]]>
    </failure>
  </testcase> <!-- PracticeDetail -->
  <testcase classname="com.zoetispets.Tests" name="PracticeDetail" time="3.043">
    <failure type="java.lang.AssertionError" message="expected [Dog Arthritis Assessment | Zoetis Pets] but found [ERROR: The request could not be satisfied]">
      <![CDATA[java.lang.AssertionError: expected [Dog Arthritis Assessment | Zoetis Pets] but found [ERROR: The request could not be satisfied]
at com.zoetispets.Tests.PracticeDetail(Tests.java:69)
at java.base/java.util.ArrayList.forEach(ArrayList.java:1511)
... Removed 38 stack frames]]>
    </failure>
  </testcase> <!-- PracticeDetail -->
  <testcase classname="com.zoetispets.Tests" name="PracticeDetail" time="3.042">
    <failure type="java.lang.AssertionError" message="expected [Dog Arthritis Assessment | Zoetis Pets] but found [ERROR: The request could not be satisfied]">
      <![CDATA[java.lang.AssertionError: expected [Dog Arthritis Assessment | Zoetis Pets] but found [ERROR: The request could not be satisfied]
at com.zoetispets.Tests.PracticeDetail(Tests.java:69)
at java.base/java.util.ArrayList.forEach(ArrayList.java:1511)
... Removed 38 stack frames]]>
    </failure>
  </testcase> <!-- PracticeDetail -->
  <testcase classname="com.zoetispets.Tests" name="PracticeDetail" time="3.043">
    <failure type="java.lang.AssertionError" message="expected [Dog Arthritis Assessment | Zoetis Pets] but found [ERROR: The request could not be satisfied]">
      <![CDATA[java.lang.AssertionError: expected [Dog Arthritis Assessment | Zoetis Pets] but found [ERROR: The request could not be satisfied]
at com.zoetispets.Tests.PracticeDetail(Tests.java:69)
at java.base/java.util.ArrayList.forEach(ArrayList.java:1511)
... Removed 38 stack frames]]>
    </failure>
  </testcase> <!-- PracticeDetail -->
  <testcase classname="com.zoetispets.Tests" name="PracticeDetail" time="3.043">
    <failure type="java.lang.AssertionError" message="expected [Cat Arthritis Assessment | Zoetis Pets] but found [ERROR: The request could not be satisfied]">
      <![CDATA[java.lang.AssertionError: expected [Cat Arthritis Assessment | Zoetis Pets] but found [ERROR: The request could not be satisfied]
at com.zoetispets.Tests.PracticeDetail(Tests.java:69)
at java.base/java.util.ArrayList.forEach(ArrayList.java:1511)
... Removed 38 stack frames]]>
    </failure>
  </testcase> <!-- PracticeDetail -->
  <testcase classname="com.zoetispets.Tests" name="PracticeDetail" time="3.044">
    <failure type="java.lang.AssertionError" message="expected [Cat Arthritis Assessment | Zoetis Pets] but found [ERROR: The request could not be satisfied]">
      <![CDATA[java.lang.AssertionError: expected [Cat Arthritis Assessment | Zoetis Pets] but found [ERROR: The request could not be satisfied]
at com.zoetispets.Tests.PracticeDetail(Tests.java:69)
at java.base/java.util.ArrayList.forEach(ArrayList.java:1511)
... Removed 38 stack frames]]>
    </failure>
  </testcase> <!-- PracticeDetail -->
  <testcase classname="com.zoetispets.Tests" name="PracticeDetail" time="3.042">
    <failure type="java.lang.AssertionError" message="expected [Dog Skin Conditions Assessment | Zoetis Pets] but found [ERROR: The request could not be satisfied]">
      <![CDATA[java.lang.AssertionError: expected [Dog Skin Conditions Assessment | Zoetis Pets] but found [ERROR: The request could not be satisfied]
at com.zoetispets.Tests.PracticeDetail(Tests.java:69)
at java.base/java.util.ArrayList.forEach(ArrayList.java:1511)
... Removed 38 stack frames]]>
    </failure>
  </testcase> <!-- PracticeDetail -->
  <testcase classname="com.zoetispets.Tests" name="PracticeDetail" time="3.044">
    <failure type="java.lang.AssertionError" message="expected [Dog Skin Conditions Assessment | Zoetis Pets] but found [ERROR: The request could not be satisfied]">
      <![CDATA[java.lang.AssertionError: expected [Dog Skin Conditions Assessment | Zoetis Pets] but found [ERROR: The request could not be satisfied]
at com.zoetispets.Tests.PracticeDetail(Tests.java:69)
at java.base/java.util.ArrayList.forEach(ArrayList.java:1511)
... Removed 37 stack frames]]>
    </failure>
  </testcase> <!-- PracticeDetail -->
  <testcase classname="com.zoetispets.Tests" name="PracticeDetail" time="3.043">
    <failure type="java.lang.AssertionError" message="expected [Dog Skin Conditions Assessment | Zoetis Pets] but found [ERROR: The request could not be satisfied]">
      <![CDATA[java.lang.AssertionError: expected [Dog Skin Conditions Assessment | Zoetis Pets] but found [ERROR: The request could not be satisfied]
at com.zoetispets.Tests.PracticeDetail(Tests.java:69)
at java.base/java.util.ArrayList.forEach(ArrayList.java:1511)
... Removed 37 stack frames]]>
    </failure>
  </testcase> <!-- PracticeDetail -->
  <testcase classname="com.zoetispets.Tests" name="PracticeDetail" time="3.046">
    <failure type="java.lang.AssertionError" message="expected [Questionnaire sur l’arthrose du chien | Zoetis Pets] but found [ERROR: The request could not be satisfied]">
      <![CDATA[java.lang.AssertionError: expected [Questionnaire sur l’arthrose du chien | Zoetis Pets] but found [ERROR: The request could not be satisfied]
at com.zoetispets.Tests.PracticeDetail(Tests.java:69)
at java.base/java.util.ArrayList.forEach(ArrayList.java:1511)
... Removed 37 stack frames]]>
    </failure>
  </testcase> <!-- PracticeDetail -->
  <testcase classname="com.zoetispets.Tests" name="PracticeDetail" time="7.25"/>
  <testcase classname="com.zoetispets.Tests" name="PracticeDetail" time="3.117">
    <failure type="java.lang.AssertionError" message="expected [Évaluation de la peau du chien | Zoetis Pets] but found [ERROR: The request could not be satisfied]">
      <![CDATA[java.lang.AssertionError: expected [Évaluation de la peau du chien | Zoetis Pets] but found [ERROR: The request could not be satisfied]
at com.zoetispets.Tests.PracticeDetail(Tests.java:69)
at java.base/java.util.ArrayList.forEach(ArrayList.java:1511)
... Removed 37 stack frames]]>
    </failure>
  </testcase> <!-- PracticeDetail -->
  <testcase classname="com.zoetispets.Tests" name="PracticeDetail" time="4.011"/>
  <testcase classname="com.zoetispets.Tests" name="PracticeDetail" time="3.049">
    <failure type="java.lang.AssertionError" message="expected [Online-Test zu Arthrose beim Hund | Zoetis Pets] but found [ERROR: The request could not be satisfied]">
      <![CDATA[java.lang.AssertionError: expected [Online-Test zu Arthrose beim Hund | Zoetis Pets] but found [ERROR: The request could not be satisfied]
at com.zoetispets.Tests.PracticeDetail(Tests.java:69)
at java.base/java.util.ArrayList.forEach(ArrayList.java:1511)
... Removed 37 stack frames]]>
    </failure>
  </testcase> <!-- PracticeDetail -->
  <testcase classname="com.zoetispets.Tests" name="PracticeDetail" time="3.044">
    <failure type="java.lang.AssertionError" message="expected [Hautprobleme beim Hund | Zoetis Pets] but found [ERROR: The request could not be satisfied]">
      <![CDATA[java.lang.AssertionError: expected [Hautprobleme beim Hund | Zoetis Pets] but found [ERROR: The request could not be satisfied]
at com.zoetispets.Tests.PracticeDetail(Tests.java:69)
at java.base/java.util.ArrayList.forEach(ArrayList.java:1511)
... Removed 37 stack frames]]>
    </failure>
  </testcase> <!-- PracticeDetail -->
  <testcase classname="com.zoetispets.Tests" name="PracticeDetail" time="3.044">
    <failure type="java.lang.AssertionError" message="expected [Evaluación de la artrosis en perros | Zoetis Pets] but found [ERROR: The request could not be satisfied]">
      <![CDATA[java.lang.AssertionError: expected [Evaluación de la artrosis en perros | Zoetis Pets] but found [ERROR: The request could not be satisfied]
at com.zoetispets.Tests.PracticeDetail(Tests.java:69)
at java.base/java.util.ArrayList.forEach(ArrayList.java:1511)
... Removed 37 stack frames]]>
    </failure>
  </testcase> <!-- PracticeDetail -->
  <testcase classname="com.zoetispets.Tests" name="PracticeDetail" time="3.043">
    <failure type="java.lang.AssertionError" message="expected [Evaluación de problemas de la piel en perros | Zoetis Pets] but found [ERROR: The request could not be satisfied]">
      <![CDATA[java.lang.AssertionError: expected [Evaluación de problemas de la piel en perros | Zoetis Pets] but found [ERROR: The request could not be satisfied]
at com.zoetispets.Tests.PracticeDetail(Tests.java:69)
at java.base/java.util.ArrayList.forEach(ArrayList.java:1511)
... Removed 37 stack frames]]>
    </failure>
  </testcase> <!-- PracticeDetail -->
  <testcase classname="com.zoetispets.Tests" name="PracticeDetail" time="3.045">
    <failure type="java.lang.AssertionError" message="expected [Test del dolore articolare nel cane | Zoetis Pets] but found [ERROR: The request could not be satisfied]">
      <![CDATA[java.lang.AssertionError: expected [Test del dolore articolare nel cane | Zoetis Pets] but found [ERROR: The request could not be satisfied]
at com.zoetispets.Tests.PracticeDetail(Tests.java:69)
at java.base/java.util.ArrayList.forEach(ArrayList.java:1511)
... Removed 37 stack frames]]>
    </failure>
  </testcase> <!-- PracticeDetail -->
  <testcase classname="com.zoetispets.Tests" name="PracticeDetail" time="3.045">
    <failure type="java.lang.AssertionError" message="expected [Test del prurito del cane | Zoetis Pets] but found [ERROR: The request could not be satisfied]">
      <![CDATA[java.lang.AssertionError: expected [Test del prurito del cane | Zoetis Pets] but found [ERROR: The request could not be satisfied]
at com.zoetispets.Tests.PracticeDetail(Tests.java:69)
at java.base/java.util.ArrayList.forEach(ArrayList.java:1511)
... Removed 37 stack frames]]>
    </failure>
  </testcase> <!-- PracticeDetail -->
  <testcase classname="com.zoetispets.Tests" name="PracticeDetail" time="3.045">
    <failure type="java.lang.AssertionError" message="expected [Ankieta pod kątem osteoarthritis u psa | Zoetis Pets] but found [ERROR: The request could not be satisfied]">
      <![CDATA[java.lang.AssertionError: expected [Ankieta pod kątem osteoarthritis u psa | Zoetis Pets] but found [ERROR: The request could not be satisfied]
at com.zoetispets.Tests.PracticeDetail(Tests.java:69)
at java.base/java.util.ArrayList.forEach(ArrayList.java:1511)
... Removed 37 stack frames]]>
    </failure>
  </testcase> <!-- PracticeDetail -->
  <testcase classname="com.zoetispets.Tests" name="PracticeDetail" time="3.042">
    <failure type="java.lang.AssertionError" message="expected [Ankieta dotycząca stanu skóry psa | Zoetis Pets] but found [ERROR: The request could not be satisfied]">
      <![CDATA[java.lang.AssertionError: expected [Ankieta dotycząca stanu skóry psa | Zoetis Pets] but found [ERROR: The request could not be satisfied]
at com.zoetispets.Tests.PracticeDetail(Tests.java:69)
at java.base/java.util.ArrayList.forEach(ArrayList.java:1511)
... Removed 37 stack frames]]>
    </failure>
  </testcase> <!-- PracticeDetail -->
</testsuite> <!-- Surefire test -->
