<?xml version="1.0" encoding="UTF-8"?>
<!-- Generated by org.testng.reporters.JUnitXMLReporter -->
<testsuite ignored="0" hostname="runnervmjduv7" failures="0" tests="30" name="Surefire test" time="121.31" errors="0" timestamp="2026-02-18T06:40:55 UTC">
  <testcase classname="com.zoetispets.Tests" name="PracticeDetail" time="4.329"/>
  <testcase classname="com.zoetispets.Tests" name="PracticeDetail" time="3.479"/>
  <testcase classname="com.zoetispets.Tests" name="PracticeDetail" time="3.415"/>
  <testcase classname="com.zoetispets.Tests" name="PracticeDetail" time="3.358"/>
  <testcase classname="com.zoetispets.Tests" name="PracticeDetail" time="3.372"/>
  <testcase classname="com.zoetispets.Tests" name="PracticeDetail" time="3.393"/>
  <testcase classname="com.zoetispets.Tests" name="PracticeDetail" time="3.321"/>
  <testcase classname="com.zoetispets.Tests" name="PracticeDetail" time="3.375"/>
  <testcase classname="com.zoetispets.Tests" name="PracticeDetail" time="3.976"/>
  <testcase classname="com.zoetispets.Tests" name="PracticeDetail" time="3.707"/>
  <testcase classname="com.zoetispets.Tests" name="PracticeDetail" time="3.957"/>
  <testcase classname="com.zoetispets.Tests" name="PracticeDetail" time="3.936"/>
  <testcase classname="com.zoetispets.Tests" name="PracticeDetail" time="3.278"/>
  <testcase classname="com.zoetispets.Tests" name="PracticeDetail" time="4.732"/>
  <testcase classname="com.zoetispets.Tests" name="PracticeDetail" time="3.875"/>
  <testcase classname="com.zoetispets.Tests" name="PracticeDetail" time="3.643"/>
  <testcase classname="com.zoetispets.Tests" name="PracticeDetail" time="3.815"/>
  <testcase classname="com.zoetispets.Tests" name="PracticeDetail" time="4.064"/>
  <testcase classname="com.zoetispets.Tests" name="PracticeDetail" time="3.785"/>
  <testcase classname="com.zoetispets.Tests" name="PracticeDetail" time="6.147"/>
  <testcase classname="com.zoetispets.Tests" name="PracticeDetail" time="4.041"/>
  <testcase classname="com.zoetispets.Tests" name="PracticeDetail" time="3.911"/>
  <testcase classname="com.zoetispets.Tests" name="PracticeDetail" time="3.394"/>
  <testcase classname="com.zoetispets.Tests" name="PracticeDetail" time="3.348"/>
  <testcase classname="com.zoetispets.Tests" name="PracticeDetail" time="3.663"/>
  <testcase classname="com.zoetispets.Tests" name="PracticeDetail" time="3.672"/>
  <testcase classname="com.zoetispets.Tests" name="PracticeDetail" time="3.269"/>
  <testcase classname="com.zoetispets.Tests" name="PracticeDetail" time="3.446"/>
  <testcase classname="com.zoetispets.Tests" name="PracticeDetail" time="3.324"/>
  <testcase classname="com.zoetispets.Tests" name="PracticeDetail" time="3.254"/>
</testsuite> <!-- Surefire test -->
