<?xml version="1.0" encoding="UTF-8"?>
<!-- Generated by org.testng.reporters.JUnitXMLReporter -->
<testsuite ignored="0" hostname="runnervm3jyl0" failures="0" tests="31" name="Surefire test" time="128.273" errors="0" timestamp="2026-06-04T09:35:26 UTC">
  <testcase classname="com.zoetispets.Tests" name="PracticeDetail" time="4.346"/>
  <testcase classname="com.zoetispets.Tests" name="PracticeDetail" time="3.386"/>
  <testcase classname="com.zoetispets.Tests" name="PracticeDetail" time="3.36"/>
  <testcase classname="com.zoetispets.Tests" name="PracticeDetail" time="3.328"/>
  <testcase classname="com.zoetispets.Tests" name="PracticeDetail" time="3.31"/>
  <testcase classname="com.zoetispets.Tests" name="PracticeDetail" time="3.345"/>
  <testcase classname="com.zoetispets.Tests" name="PracticeDetail" time="3.28"/>
  <testcase classname="com.zoetispets.Tests" name="PracticeDetail" time="3.311"/>
  <testcase classname="com.zoetispets.Tests" name="PracticeDetail" time="3.974"/>
  <testcase classname="com.zoetispets.Tests" name="PracticeDetail" time="3.37"/>
  <testcase classname="com.zoetispets.Tests" name="PracticeDetail" time="5.007"/>
  <testcase classname="com.zoetispets.Tests" name="PracticeDetail" time="3.918"/>
  <testcase classname="com.zoetispets.Tests" name="PracticeDetail" time="4.215"/>
  <testcase classname="com.zoetispets.Tests" name="PracticeDetail" time="4.683"/>
  <testcase classname="com.zoetispets.Tests" name="PracticeDetail" time="3.753"/>
  <testcase classname="com.zoetispets.Tests" name="PracticeDetail" time="3.505"/>
  <testcase classname="com.zoetispets.Tests" name="PracticeDetail" time="3.751"/>
  <testcase classname="com.zoetispets.Tests" name="PracticeDetail" time="3.912"/>
  <testcase classname="com.zoetispets.Tests" name="PracticeDetail" time="4.489"/>
  <testcase classname="com.zoetispets.Tests" name="PracticeDetail" time="7.009"/>
  <testcase classname="com.zoetispets.Tests" name="PracticeDetail" time="4.001"/>
  <testcase classname="com.zoetispets.Tests" name="PracticeDetail" time="4.524"/>
  <testcase classname="com.zoetispets.Tests" name="PracticeDetail" time="3.531"/>
  <testcase classname="com.zoetispets.Tests" name="PracticeDetail" time="3.44"/>
  <testcase classname="com.zoetispets.Tests" name="PracticeDetail" time="3.539"/>
  <testcase classname="com.zoetispets.Tests" name="PracticeDetail" time="3.415"/>
  <testcase classname="com.zoetispets.Tests" name="PracticeDetail" time="3.5"/>
  <testcase classname="com.zoetispets.Tests" name="PracticeDetail" time="3.448"/>
  <testcase classname="com.zoetispets.Tests" name="PracticeDetail" time="3.489"/>
  <testcase classname="com.zoetispets.Tests" name="PracticeDetail" time="3.415"/>
  <testcase classname="com.zoetispets.Tests" name="stageAuthTest" time="0.253"/>
</testsuite> <!-- Surefire test -->
