<?xml version="1.0" encoding="UTF-8"?>
<!-- Generated by org.testng.reporters.JUnitXMLReporter -->
<testsuite ignored="0" hostname="runnervmrg6be" failures="0" tests="30" name="Surefire test" time="111.41" errors="0" timestamp="2026-03-30T07:09:11 UTC">
  <testcase classname="com.zoetispets.Tests" name="PracticeDetail" time="4.007"/>
  <testcase classname="com.zoetispets.Tests" name="PracticeDetail" time="4.348"/>
  <testcase classname="com.zoetispets.Tests" name="PracticeDetail" time="3.552"/>
  <testcase classname="com.zoetispets.Tests" name="PracticeDetail" time="3.335"/>
  <testcase classname="com.zoetispets.Tests" name="PracticeDetail" time="3.284"/>
  <testcase classname="com.zoetispets.Tests" name="PracticeDetail" time="3.28"/>
  <testcase classname="com.zoetispets.Tests" name="PracticeDetail" time="3.303"/>
  <testcase classname="com.zoetispets.Tests" name="PracticeDetail" time="3.275"/>
  <testcase classname="com.zoetispets.Tests" name="PracticeDetail" time="3.797"/>
  <testcase classname="com.zoetispets.Tests" name="PracticeDetail" time="3.443"/>
  <testcase classname="com.zoetispets.Tests" name="PracticeDetail" time="3.764"/>
  <testcase classname="com.zoetispets.Tests" name="PracticeDetail" time="3.402"/>
  <testcase classname="com.zoetispets.Tests" name="PracticeDetail" time="3.811"/>
  <testcase classname="com.zoetispets.Tests" name="PracticeDetail" time="3.57"/>
  <testcase classname="com.zoetispets.Tests" name="PracticeDetail" time="3.721"/>
  <testcase classname="com.zoetispets.Tests" name="PracticeDetail" time="3.579"/>
  <testcase classname="com.zoetispets.Tests" name="PracticeDetail" time="3.691"/>
  <testcase classname="com.zoetispets.Tests" name="PracticeDetail" time="3.699"/>
  <testcase classname="com.zoetispets.Tests" name="PracticeDetail" time="3.741"/>
  <testcase classname="com.zoetispets.Tests" name="PracticeDetail" time="3.983"/>
  <testcase classname="com.zoetispets.Tests" name="PracticeDetail" time="3.837"/>
  <testcase classname="com.zoetispets.Tests" name="PracticeDetail" time="3.88"/>
  <testcase classname="com.zoetispets.Tests" name="PracticeDetail" time="3.693"/>
  <testcase classname="com.zoetispets.Tests" name="PracticeDetail" time="3.512"/>
  <testcase classname="com.zoetispets.Tests" name="PracticeDetail" time="3.606"/>
  <testcase classname="com.zoetispets.Tests" name="PracticeDetail" time="3.342"/>
  <testcase classname="com.zoetispets.Tests" name="PracticeDetail" time="3.49"/>
  <testcase classname="com.zoetispets.Tests" name="PracticeDetail" time="3.504"/>
  <testcase classname="com.zoetispets.Tests" name="PracticeDetail" time="3.595"/>
  <testcase classname="com.zoetispets.Tests" name="PracticeDetail" time="3.522"/>
</testsuite> <!-- Surefire test -->
