<?xml version="1.0" encoding="UTF-8"?>
<!-- Generated by org.testng.reporters.JUnitXMLReporter -->
<testsuite ignored="0" hostname="runnervmg1sw1" failures="0" tests="30" name="Surefire test" time="27.278" errors="0" timestamp="2025-11-20T05:44:23 UTC">
  <testcase classname="com.zoetispets.Tests" name="PracticeDetail" time="1.228"/>
  <testcase classname="com.zoetispets.Tests" name="PracticeDetail" time="0.403"/>
  <testcase classname="com.zoetispets.Tests" name="PracticeDetail" time="0.23"/>
  <testcase classname="com.zoetispets.Tests" name="PracticeDetail" time="0.32"/>
  <testcase classname="com.zoetispets.Tests" name="PracticeDetail" time="0.334"/>
  <testcase classname="com.zoetispets.Tests" name="PracticeDetail" time="0.284"/>
  <testcase classname="com.zoetispets.Tests" name="PracticeDetail" time="0.265"/>
  <testcase classname="com.zoetispets.Tests" name="PracticeDetail" time="0.208"/>
  <testcase classname="com.zoetispets.Tests" name="PracticeDetail" time="0.307"/>
  <testcase classname="com.zoetispets.Tests" name="PracticeDetail" time="0.269"/>
  <testcase classname="com.zoetispets.Tests" name="PracticeDetail" time="0.322"/>
  <testcase classname="com.zoetispets.Tests" name="PracticeDetail" time="4.776"/>
  <testcase classname="com.zoetispets.Tests" name="PracticeDetail" time="0.448"/>
  <testcase classname="com.zoetispets.Tests" name="PracticeDetail" time="0.789"/>
  <testcase classname="com.zoetispets.Tests" name="PracticeDetail" time="0.77"/>
  <testcase classname="com.zoetispets.Tests" name="PracticeDetail" time="0.699"/>
  <testcase classname="com.zoetispets.Tests" name="PracticeDetail" time="0.684"/>
  <testcase classname="com.zoetispets.Tests" name="PracticeDetail" time="0.541"/>
  <testcase classname="com.zoetispets.Tests" name="PracticeDetail" time="0.467"/>
  <testcase classname="com.zoetispets.Tests" name="PracticeDetail" time="0.523"/>
  <testcase classname="com.zoetispets.Tests" name="PracticeDetail" time="0.398"/>
  <testcase classname="com.zoetispets.Tests" name="PracticeDetail" time="0.942"/>
  <testcase classname="com.zoetispets.Tests" name="PracticeDetail" time="0.318"/>
  <testcase classname="com.zoetispets.Tests" name="PracticeDetail" time="0.413"/>
  <testcase classname="com.zoetispets.Tests" name="PracticeDetail" time="0.439"/>
  <testcase classname="com.zoetispets.Tests" name="PracticeDetail" time="0.317"/>
  <testcase classname="com.zoetispets.Tests" name="PracticeDetail" time="0.352"/>
  <testcase classname="com.zoetispets.Tests" name="PracticeDetail" time="0.731"/>
  <testcase classname="com.zoetispets.Tests" name="PracticeDetail" time="0.376"/>
  <testcase classname="com.zoetispets.Tests" name="PracticeDetail" time="0.341"/>
</testsuite> <!-- Surefire test -->
