<?xml version="1.0" encoding="UTF-8"?>
<!-- Generated by org.testng.reporters.JUnitXMLReporter -->
<testsuite ignored="0" hostname="runnervmymu0l" failures="0" tests="30" name="Surefire test" time="120.22" errors="0" timestamp="2026-01-28T05:55:14 UTC">
  <testcase classname="com.zoetispets.Tests" name="PracticeDetail" time="4.391"/>
  <testcase classname="com.zoetispets.Tests" name="PracticeDetail" time="3.547"/>
  <testcase classname="com.zoetispets.Tests" name="PracticeDetail" time="3.4"/>
  <testcase classname="com.zoetispets.Tests" name="PracticeDetail" time="3.424"/>
  <testcase classname="com.zoetispets.Tests" name="PracticeDetail" time="3.391"/>
  <testcase classname="com.zoetispets.Tests" name="PracticeDetail" time="3.403"/>
  <testcase classname="com.zoetispets.Tests" name="PracticeDetail" time="3.41"/>
  <testcase classname="com.zoetispets.Tests" name="PracticeDetail" time="3.424"/>
  <testcase classname="com.zoetispets.Tests" name="PracticeDetail" time="4.33"/>
  <testcase classname="com.zoetispets.Tests" name="PracticeDetail" time="3.787"/>
  <testcase classname="com.zoetispets.Tests" name="PracticeDetail" time="6.143"/>
  <testcase classname="com.zoetispets.Tests" name="PracticeDetail" time="3.424"/>
  <testcase classname="com.zoetispets.Tests" name="PracticeDetail" time="3.354"/>
  <testcase classname="com.zoetispets.Tests" name="PracticeDetail" time="4.298"/>
  <testcase classname="com.zoetispets.Tests" name="PracticeDetail" time="3.414"/>
  <testcase classname="com.zoetispets.Tests" name="PracticeDetail" time="3.427"/>
  <testcase classname="com.zoetispets.Tests" name="PracticeDetail" time="3.847"/>
  <testcase classname="com.zoetispets.Tests" name="PracticeDetail" time="3.835"/>
  <testcase classname="com.zoetispets.Tests" name="PracticeDetail" time="3.362"/>
  <testcase classname="com.zoetispets.Tests" name="PracticeDetail" time="3.552"/>
  <testcase classname="com.zoetispets.Tests" name="PracticeDetail" time="3.451"/>
  <testcase classname="com.zoetispets.Tests" name="PracticeDetail" time="3.637"/>
  <testcase classname="com.zoetispets.Tests" name="PracticeDetail" time="3.425"/>
  <testcase classname="com.zoetispets.Tests" name="PracticeDetail" time="3.618"/>
  <testcase classname="com.zoetispets.Tests" name="PracticeDetail" time="3.403"/>
  <testcase classname="com.zoetispets.Tests" name="PracticeDetail" time="3.359"/>
  <testcase classname="com.zoetispets.Tests" name="PracticeDetail" time="3.255"/>
  <testcase classname="com.zoetispets.Tests" name="PracticeDetail" time="3.461"/>
  <testcase classname="com.zoetispets.Tests" name="PracticeDetail" time="3.512"/>
  <testcase classname="com.zoetispets.Tests" name="PracticeDetail" time="3.487"/>
</testsuite> <!-- Surefire test -->
