<?xml version="1.0" encoding="UTF-8"?>
<!-- Generated by org.testng.reporters.JUnitXMLReporter -->
<testsuite ignored="0" hostname="runnervmnay03" failures="0" tests="30" name="Surefire test" time="130.21" errors="0" timestamp="2026-03-03T06:33:10 UTC">
  <testcase classname="com.zoetispets.Tests" name="PracticeDetail" time="4.378"/>
  <testcase classname="com.zoetispets.Tests" name="PracticeDetail" time="3.362"/>
  <testcase classname="com.zoetispets.Tests" name="PracticeDetail" time="3.376"/>
  <testcase classname="com.zoetispets.Tests" name="PracticeDetail" time="3.392"/>
  <testcase classname="com.zoetispets.Tests" name="PracticeDetail" time="3.415"/>
  <testcase classname="com.zoetispets.Tests" name="PracticeDetail" time="3.359"/>
  <testcase classname="com.zoetispets.Tests" name="PracticeDetail" time="3.36"/>
  <testcase classname="com.zoetispets.Tests" name="PracticeDetail" time="3.376"/>
  <testcase classname="com.zoetispets.Tests" name="PracticeDetail" time="4.123"/>
  <testcase classname="com.zoetispets.Tests" name="PracticeDetail" time="3.575"/>
  <testcase classname="com.zoetispets.Tests" name="PracticeDetail" time="6.277"/>
  <testcase classname="com.zoetispets.Tests" name="PracticeDetail" time="3.9"/>
  <testcase classname="com.zoetispets.Tests" name="PracticeDetail" time="3.825"/>
  <testcase classname="com.zoetispets.Tests" name="PracticeDetail" time="5.868"/>
  <testcase classname="com.zoetispets.Tests" name="PracticeDetail" time="3.334"/>
  <testcase classname="com.zoetispets.Tests" name="PracticeDetail" time="3.634"/>
  <testcase classname="com.zoetispets.Tests" name="PracticeDetail" time="4.091"/>
  <testcase classname="com.zoetispets.Tests" name="PracticeDetail" time="3.285"/>
  <testcase classname="com.zoetispets.Tests" name="PracticeDetail" time="3.764"/>
  <testcase classname="com.zoetispets.Tests" name="PracticeDetail" time="3.435"/>
  <testcase classname="com.zoetispets.Tests" name="PracticeDetail" time="3.944"/>
  <testcase classname="com.zoetispets.Tests" name="PracticeDetail" time="11.232"/>
  <testcase classname="com.zoetispets.Tests" name="PracticeDetail" time="3.744"/>
  <testcase classname="com.zoetispets.Tests" name="PracticeDetail" time="3.316"/>
  <testcase classname="com.zoetispets.Tests" name="PracticeDetail" time="3.699"/>
  <testcase classname="com.zoetispets.Tests" name="PracticeDetail" time="3.53"/>
  <testcase classname="com.zoetispets.Tests" name="PracticeDetail" time="3.352"/>
  <testcase classname="com.zoetispets.Tests" name="PracticeDetail" time="3.29"/>
  <testcase classname="com.zoetispets.Tests" name="PracticeDetail" time="3.392"/>
  <testcase classname="com.zoetispets.Tests" name="PracticeDetail" time="3.424"/>
</testsuite> <!-- Surefire test -->
