<?xml version="1.0" encoding="UTF-8"?>
<!-- Generated by org.testng.reporters.JUnitXMLReporter -->
<testsuite ignored="0" hostname="runnervm3jyl0" failures="0" tests="31" name="Surefire test" time="120.907" errors="0" timestamp="2026-06-02T09:51:15 UTC">
  <testcase classname="com.zoetispets.Tests" name="PracticeDetail" time="4.5"/>
  <testcase classname="com.zoetispets.Tests" name="PracticeDetail" time="3.649"/>
  <testcase classname="com.zoetispets.Tests" name="PracticeDetail" time="3.535"/>
  <testcase classname="com.zoetispets.Tests" name="PracticeDetail" time="3.5"/>
  <testcase classname="com.zoetispets.Tests" name="PracticeDetail" time="3.465"/>
  <testcase classname="com.zoetispets.Tests" name="PracticeDetail" time="3.297"/>
  <testcase classname="com.zoetispets.Tests" name="PracticeDetail" time="3.26"/>
  <testcase classname="com.zoetispets.Tests" name="PracticeDetail" time="3.405"/>
  <testcase classname="com.zoetispets.Tests" name="PracticeDetail" time="4.296"/>
  <testcase classname="com.zoetispets.Tests" name="PracticeDetail" time="3.616"/>
  <testcase classname="com.zoetispets.Tests" name="PracticeDetail" time="7.621"/>
  <testcase classname="com.zoetispets.Tests" name="PracticeDetail" time="3.397"/>
  <testcase classname="com.zoetispets.Tests" name="PracticeDetail" time="3.422"/>
  <testcase classname="com.zoetispets.Tests" name="PracticeDetail" time="3.515"/>
  <testcase classname="com.zoetispets.Tests" name="PracticeDetail" time="3.37"/>
  <testcase classname="com.zoetispets.Tests" name="PracticeDetail" time="3.513"/>
  <testcase classname="com.zoetispets.Tests" name="PracticeDetail" time="3.39"/>
  <testcase classname="com.zoetispets.Tests" name="PracticeDetail" time="3.556"/>
  <testcase classname="com.zoetispets.Tests" name="PracticeDetail" time="3.411"/>
  <testcase classname="com.zoetispets.Tests" name="PracticeDetail" time="3.685"/>
  <testcase classname="com.zoetispets.Tests" name="PracticeDetail" time="3.457"/>
  <testcase classname="com.zoetispets.Tests" name="PracticeDetail" time="3.508"/>
  <testcase classname="com.zoetispets.Tests" name="PracticeDetail" time="3.47"/>
  <testcase classname="com.zoetispets.Tests" name="PracticeDetail" time="3.369"/>
  <testcase classname="com.zoetispets.Tests" name="PracticeDetail" time="3.406"/>
  <testcase classname="com.zoetispets.Tests" name="PracticeDetail" time="3.298"/>
  <testcase classname="com.zoetispets.Tests" name="PracticeDetail" time="3.399"/>
  <testcase classname="com.zoetispets.Tests" name="PracticeDetail" time="3.365"/>
  <testcase classname="com.zoetispets.Tests" name="PracticeDetail" time="3.39"/>
  <testcase classname="com.zoetispets.Tests" name="PracticeDetail" time="3.566"/>
  <testcase classname="com.zoetispets.Tests" name="stageAuthTest" time="0.384"/>
</testsuite> <!-- Surefire test -->
