<?xml version="1.0" encoding="UTF-8"?>
<!-- Generated by org.testng.reporters.JUnitXMLReporter -->
<testsuite ignored="0" hostname="runnervm35a4x" failures="0" tests="30" name="Surefire test" time="120.0" errors="0" timestamp="2026-04-13T07:29:39 UTC">
  <testcase classname="com.zoetispets.Tests" name="PracticeDetail" time="4.871"/>
  <testcase classname="com.zoetispets.Tests" name="PracticeDetail" time="3.396"/>
  <testcase classname="com.zoetispets.Tests" name="PracticeDetail" time="3.376"/>
  <testcase classname="com.zoetispets.Tests" name="PracticeDetail" time="3.437"/>
  <testcase classname="com.zoetispets.Tests" name="PracticeDetail" time="3.425"/>
  <testcase classname="com.zoetispets.Tests" name="PracticeDetail" time="3.394"/>
  <testcase classname="com.zoetispets.Tests" name="PracticeDetail" time="3.306"/>
  <testcase classname="com.zoetispets.Tests" name="PracticeDetail" time="3.426"/>
  <testcase classname="com.zoetispets.Tests" name="PracticeDetail" time="4.045"/>
  <testcase classname="com.zoetispets.Tests" name="PracticeDetail" time="3.577"/>
  <testcase classname="com.zoetispets.Tests" name="PracticeDetail" time="3.925"/>
  <testcase classname="com.zoetispets.Tests" name="PracticeDetail" time="3.467"/>
  <testcase classname="com.zoetispets.Tests" name="PracticeDetail" time="3.353"/>
  <testcase classname="com.zoetispets.Tests" name="PracticeDetail" time="5.021"/>
  <testcase classname="com.zoetispets.Tests" name="PracticeDetail" time="3.232"/>
  <testcase classname="com.zoetispets.Tests" name="PracticeDetail" time="3.788"/>
  <testcase classname="com.zoetispets.Tests" name="PracticeDetail" time="3.781"/>
  <testcase classname="com.zoetispets.Tests" name="PracticeDetail" time="4.256"/>
  <testcase classname="com.zoetispets.Tests" name="PracticeDetail" time="3.426"/>
  <testcase classname="com.zoetispets.Tests" name="PracticeDetail" time="5.236"/>
  <testcase classname="com.zoetispets.Tests" name="PracticeDetail" time="3.546"/>
  <testcase classname="com.zoetispets.Tests" name="PracticeDetail" time="3.847"/>
  <testcase classname="com.zoetispets.Tests" name="PracticeDetail" time="3.512"/>
  <testcase classname="com.zoetispets.Tests" name="PracticeDetail" time="3.546"/>
  <testcase classname="com.zoetispets.Tests" name="PracticeDetail" time="3.787"/>
  <testcase classname="com.zoetispets.Tests" name="PracticeDetail" time="3.535"/>
  <testcase classname="com.zoetispets.Tests" name="PracticeDetail" time="3.58"/>
  <testcase classname="com.zoetispets.Tests" name="PracticeDetail" time="3.473"/>
  <testcase classname="com.zoetispets.Tests" name="PracticeDetail" time="3.381"/>
  <testcase classname="com.zoetispets.Tests" name="PracticeDetail" time="3.368"/>
</testsuite> <!-- Surefire test -->
