<?xml version="1.0" encoding="UTF-8"?>
<!-- Generated by org.testng.reporters.JUnitXMLReporter -->
<testsuite ignored="0" hostname="runnervmrg6be" failures="0" tests="30" name="Surefire test" time="134.51" errors="0" timestamp="2026-03-27T06:48:38 UTC">
  <testcase classname="com.zoetispets.Tests" name="PracticeDetail" time="3.96"/>
  <testcase classname="com.zoetispets.Tests" name="PracticeDetail" time="20.918"/>
  <testcase classname="com.zoetispets.Tests" name="PracticeDetail" time="3.252"/>
  <testcase classname="com.zoetispets.Tests" name="PracticeDetail" time="3.234"/>
  <testcase classname="com.zoetispets.Tests" name="PracticeDetail" time="3.286"/>
  <testcase classname="com.zoetispets.Tests" name="PracticeDetail" time="3.304"/>
  <testcase classname="com.zoetispets.Tests" name="PracticeDetail" time="3.285"/>
  <testcase classname="com.zoetispets.Tests" name="PracticeDetail" time="3.28"/>
  <testcase classname="com.zoetispets.Tests" name="PracticeDetail" time="3.938"/>
  <testcase classname="com.zoetispets.Tests" name="PracticeDetail" time="3.359"/>
  <testcase classname="com.zoetispets.Tests" name="PracticeDetail" time="3.876"/>
  <testcase classname="com.zoetispets.Tests" name="PracticeDetail" time="3.876"/>
  <testcase classname="com.zoetispets.Tests" name="PracticeDetail" time="3.807"/>
  <testcase classname="com.zoetispets.Tests" name="PracticeDetail" time="4.882"/>
  <testcase classname="com.zoetispets.Tests" name="PracticeDetail" time="3.828"/>
  <testcase classname="com.zoetispets.Tests" name="PracticeDetail" time="3.573"/>
  <testcase classname="com.zoetispets.Tests" name="PracticeDetail" time="3.363"/>
  <testcase classname="com.zoetispets.Tests" name="PracticeDetail" time="3.645"/>
  <testcase classname="com.zoetispets.Tests" name="PracticeDetail" time="3.755"/>
  <testcase classname="com.zoetispets.Tests" name="PracticeDetail" time="3.954"/>
  <testcase classname="com.zoetispets.Tests" name="PracticeDetail" time="3.455"/>
  <testcase classname="com.zoetispets.Tests" name="PracticeDetail" time="3.834"/>
  <testcase classname="com.zoetispets.Tests" name="PracticeDetail" time="3.669"/>
  <testcase classname="com.zoetispets.Tests" name="PracticeDetail" time="3.512"/>
  <testcase classname="com.zoetispets.Tests" name="PracticeDetail" time="3.652"/>
  <testcase classname="com.zoetispets.Tests" name="PracticeDetail" time="3.354"/>
  <testcase classname="com.zoetispets.Tests" name="PracticeDetail" time="3.547"/>
  <testcase classname="com.zoetispets.Tests" name="PracticeDetail" time="3.52"/>
  <testcase classname="com.zoetispets.Tests" name="PracticeDetail" time="3.506"/>
  <testcase classname="com.zoetispets.Tests" name="PracticeDetail" time="3.215"/>
</testsuite> <!-- Surefire test -->
