<?xml version="1.0" encoding="UTF-8"?>
<!-- Generated by org.testng.reporters.JUnitXMLReporter -->
<testsuite ignored="0" hostname="pkrvmsl9tci6h6u" failures="1" tests="10" name="Surefire test" time="15.085" errors="0" timestamp="2025-08-15T05:46:22 UTC">
  <testcase classname="com.zoetispets.Tests" name="PracticeDetail" time="2.237"/>
  <testcase classname="com.zoetispets.Tests" name="PracticeDetail" time="0.37"/>
  <testcase classname="com.zoetispets.Tests" name="PracticeDetail" time="0.421"/>
  <testcase classname="com.zoetispets.Tests" name="PracticeDetail" time="0.287"/>
  <testcase classname="com.zoetispets.Tests" name="PracticeDetail" time="0.314"/>
  <testcase classname="com.zoetispets.Tests" name="PracticeDetail" time="0.419"/>
  <testcase classname="com.zoetispets.Tests" name="PracticeDetail" time="0.302"/>
  <testcase classname="com.zoetispets.Tests" name="PracticeDetail" time="0.321"/>
  <testcase classname="com.zoetispets.Tests" name="PracticeDetail" time="0.303">
    <failure type="java.lang.AssertionError" message="expected [Zoetis Pets FRa] but found [Zoetis Pets FR]">
      <![CDATA[java.lang.AssertionError: expected [Zoetis Pets FRa] but found [Zoetis Pets FR]
at com.zoetispets.Tests.PracticeDetail(Tests.java:66)
at java.base/java.util.ArrayList.forEach(ArrayList.java:1511)
... Removed 38 stack frames]]>
    </failure>
  </testcase> <!-- PracticeDetail -->
  <testcase classname="com.zoetispets.Tests" name="PracticeDetail" time="0.307"/>
</testsuite> <!-- Surefire test -->
