<?xml version="1.0" encoding="UTF-8"?>
<!-- Generated by org.testng.reporters.JUnitXMLReporter -->
<testsuite ignored="0" hostname="runnervmwffz4" failures="0" tests="30" name="Surefire test" time="125.262" errors="0" timestamp="2026-02-10T06:46:14 UTC">
  <testcase classname="com.zoetispets.Tests" name="PracticeDetail" time="4.363"/>
  <testcase classname="com.zoetispets.Tests" name="PracticeDetail" time="3.341"/>
  <testcase classname="com.zoetispets.Tests" name="PracticeDetail" time="3.345"/>
  <testcase classname="com.zoetispets.Tests" name="PracticeDetail" time="3.321"/>
  <testcase classname="com.zoetispets.Tests" name="PracticeDetail" time="3.374"/>
  <testcase classname="com.zoetispets.Tests" name="PracticeDetail" time="3.332"/>
  <testcase classname="com.zoetispets.Tests" name="PracticeDetail" time="3.321"/>
  <testcase classname="com.zoetispets.Tests" name="PracticeDetail" time="3.464"/>
  <testcase classname="com.zoetispets.Tests" name="PracticeDetail" time="4.012"/>
  <testcase classname="com.zoetispets.Tests" name="PracticeDetail" time="3.641"/>
  <testcase classname="com.zoetispets.Tests" name="PracticeDetail" time="3.96"/>
  <testcase classname="com.zoetispets.Tests" name="PracticeDetail" time="3.356"/>
  <testcase classname="com.zoetispets.Tests" name="PracticeDetail" time="3.353"/>
  <testcase classname="com.zoetispets.Tests" name="PracticeDetail" time="3.373"/>
  <testcase classname="com.zoetispets.Tests" name="PracticeDetail" time="3.634"/>
  <testcase classname="com.zoetispets.Tests" name="PracticeDetail" time="3.332"/>
  <testcase classname="com.zoetispets.Tests" name="PracticeDetail" time="3.258"/>
  <testcase classname="com.zoetispets.Tests" name="PracticeDetail" time="3.779"/>
  <testcase classname="com.zoetispets.Tests" name="PracticeDetail" time="3.757"/>
  <testcase classname="com.zoetispets.Tests" name="PracticeDetail" time="3.521"/>
  <testcase classname="com.zoetispets.Tests" name="PracticeDetail" time="3.43"/>
  <testcase classname="com.zoetispets.Tests" name="PracticeDetail" time="3.445"/>
  <testcase classname="com.zoetispets.Tests" name="PracticeDetail" time="3.378"/>
  <testcase classname="com.zoetispets.Tests" name="PracticeDetail" time="3.322"/>
  <testcase classname="com.zoetispets.Tests" name="PracticeDetail" time="3.589"/>
  <testcase classname="com.zoetispets.Tests" name="PracticeDetail" time="3.362"/>
  <testcase classname="com.zoetispets.Tests" name="PracticeDetail" time="3.465"/>
  <testcase classname="com.zoetispets.Tests" name="PracticeDetail" time="3.298"/>
  <testcase classname="com.zoetispets.Tests" name="PracticeDetail" time="3.295"/>
  <testcase classname="com.zoetispets.Tests" name="PracticeDetail" time="3.236"/>
</testsuite> <!-- Surefire test -->
