<?xml version="1.0" encoding="UTF-8"?>
<!-- Generated by org.testng.reporters.JUnitXMLReporter -->
<testsuite ignored="0" hostname="runnervmi13qx" failures="0" tests="30" name="Surefire test" time="30.015" errors="0" timestamp="2026-01-08T05:50:21 UTC">
  <testcase classname="com.zoetispets.Tests" name="PracticeDetail" time="1.608"/>
  <testcase classname="com.zoetispets.Tests" name="PracticeDetail" time="0.42"/>
  <testcase classname="com.zoetispets.Tests" name="PracticeDetail" time="1.465"/>
  <testcase classname="com.zoetispets.Tests" name="PracticeDetail" time="0.293"/>
  <testcase classname="com.zoetispets.Tests" name="PracticeDetail" time="0.304"/>
  <testcase classname="com.zoetispets.Tests" name="PracticeDetail" time="0.295"/>
  <testcase classname="com.zoetispets.Tests" name="PracticeDetail" time="0.272"/>
  <testcase classname="com.zoetispets.Tests" name="PracticeDetail" time="0.287"/>
  <testcase classname="com.zoetispets.Tests" name="PracticeDetail" time="0.299"/>
  <testcase classname="com.zoetispets.Tests" name="PracticeDetail" time="0.278"/>
  <testcase classname="com.zoetispets.Tests" name="PracticeDetail" time="1.097"/>
  <testcase classname="com.zoetispets.Tests" name="PracticeDetail" time="0.391"/>
  <testcase classname="com.zoetispets.Tests" name="PracticeDetail" time="0.714"/>
  <testcase classname="com.zoetispets.Tests" name="PracticeDetail" time="0.739"/>
  <testcase classname="com.zoetispets.Tests" name="PracticeDetail" time="0.921"/>
  <testcase classname="com.zoetispets.Tests" name="PracticeDetail" time="0.735"/>
  <testcase classname="com.zoetispets.Tests" name="PracticeDetail" time="0.64"/>
  <testcase classname="com.zoetispets.Tests" name="PracticeDetail" time="0.675"/>
  <testcase classname="com.zoetispets.Tests" name="PracticeDetail" time="0.809"/>
  <testcase classname="com.zoetispets.Tests" name="PracticeDetail" time="0.737"/>
  <testcase classname="com.zoetispets.Tests" name="PracticeDetail" time="0.731"/>
  <testcase classname="com.zoetispets.Tests" name="PracticeDetail" time="0.733"/>
  <testcase classname="com.zoetispets.Tests" name="PracticeDetail" time="0.338"/>
  <testcase classname="com.zoetispets.Tests" name="PracticeDetail" time="0.8"/>
  <testcase classname="com.zoetispets.Tests" name="PracticeDetail" time="2.047"/>
  <testcase classname="com.zoetispets.Tests" name="PracticeDetail" time="0.32"/>
  <testcase classname="com.zoetispets.Tests" name="PracticeDetail" time="0.743"/>
  <testcase classname="com.zoetispets.Tests" name="PracticeDetail" time="0.326"/>
  <testcase classname="com.zoetispets.Tests" name="PracticeDetail" time="0.759"/>
  <testcase classname="com.zoetispets.Tests" name="PracticeDetail" time="0.343"/>
</testsuite> <!-- Surefire test -->
