<?xml version="1.0" encoding="UTF-8"?>
<!-- Generated by org.testng.reporters.JUnitXMLReporter -->
<testsuite ignored="0" hostname="runnervmymu0l" failures="1" tests="30" name="Surefire test" time="30.167" errors="0" timestamp="2026-01-26T05:56:13 UTC">
  <testcase classname="com.zoetispets.Tests" name="PracticeDetail" time="1.403"/>
  <testcase classname="com.zoetispets.Tests" name="PracticeDetail" time="0.388"/>
  <testcase classname="com.zoetispets.Tests" name="PracticeDetail" time="0.302"/>
  <testcase classname="com.zoetispets.Tests" name="PracticeDetail" time="0.283"/>
  <testcase classname="com.zoetispets.Tests" name="PracticeDetail" time="0.273"/>
  <testcase classname="com.zoetispets.Tests" name="PracticeDetail" time="0.301"/>
  <testcase classname="com.zoetispets.Tests" name="PracticeDetail" time="0.29"/>
  <testcase classname="com.zoetispets.Tests" name="PracticeDetail" time="0.284"/>
  <testcase classname="com.zoetispets.Tests" name="PracticeDetail" time="0.674">
    <failure type="java.lang.AssertionError" message="expected [Zoetis Pets FR] but found [The resource cannot be found.]">
      <![CDATA[java.lang.AssertionError: expected [Zoetis Pets FR] but found [The resource cannot be found.]
at com.zoetispets.Tests.PracticeDetail(Tests.java:68)
at java.base/java.util.ArrayList.forEach(ArrayList.java:1511)
... Removed 38 stack frames]]>
    </failure>
  </testcase> <!-- PracticeDetail -->
  <testcase classname="com.zoetispets.Tests" name="PracticeDetail" time="0.345"/>
  <testcase classname="com.zoetispets.Tests" name="PracticeDetail" time="2.346"/>
  <testcase classname="com.zoetispets.Tests" name="PracticeDetail" time="0.429"/>
  <testcase classname="com.zoetispets.Tests" name="PracticeDetail" time="0.434"/>
  <testcase classname="com.zoetispets.Tests" name="PracticeDetail" time="0.721"/>
  <testcase classname="com.zoetispets.Tests" name="PracticeDetail" time="1.396"/>
  <testcase classname="com.zoetispets.Tests" name="PracticeDetail" time="0.404"/>
  <testcase classname="com.zoetispets.Tests" name="PracticeDetail" time="0.765"/>
  <testcase classname="com.zoetispets.Tests" name="PracticeDetail" time="0.704"/>
  <testcase classname="com.zoetispets.Tests" name="PracticeDetail" time="0.733"/>
  <testcase classname="com.zoetispets.Tests" name="PracticeDetail" time="0.957"/>
  <testcase classname="com.zoetispets.Tests" name="PracticeDetail" time="0.677"/>
  <testcase classname="com.zoetispets.Tests" name="PracticeDetail" time="0.605"/>
  <testcase classname="com.zoetispets.Tests" name="PracticeDetail" time="0.549"/>
  <testcase classname="com.zoetispets.Tests" name="PracticeDetail" time="0.384"/>
  <testcase classname="com.zoetispets.Tests" name="PracticeDetail" time="0.615"/>
  <testcase classname="com.zoetispets.Tests" name="PracticeDetail" time="0.59"/>
  <testcase classname="com.zoetispets.Tests" name="PracticeDetail" time="0.461"/>
  <testcase classname="com.zoetispets.Tests" name="PracticeDetail" time="0.573"/>
  <testcase classname="com.zoetispets.Tests" name="PracticeDetail" time="0.45"/>
  <testcase classname="com.zoetispets.Tests" name="PracticeDetail" time="0.605"/>
</testsuite> <!-- Surefire test -->
