<?xml version="1.0" encoding="UTF-8"?>
<!-- Generated by org.testng.reporters.JUnitXMLReporter -->
<testsuite ignored="0" hostname="runnervmrg6be" failures="0" tests="30" name="Surefire test" time="125.087" errors="0" timestamp="2026-03-29T06:44:54 UTC">
  <testcase classname="com.zoetispets.Tests" name="PracticeDetail" time="14.095"/>
  <testcase classname="com.zoetispets.Tests" name="PracticeDetail" time="4.329"/>
  <testcase classname="com.zoetispets.Tests" name="PracticeDetail" time="3.253"/>
  <testcase classname="com.zoetispets.Tests" name="PracticeDetail" time="3.361"/>
  <testcase classname="com.zoetispets.Tests" name="PracticeDetail" time="3.24"/>
  <testcase classname="com.zoetispets.Tests" name="PracticeDetail" time="3.355"/>
  <testcase classname="com.zoetispets.Tests" name="PracticeDetail" time="3.366"/>
  <testcase classname="com.zoetispets.Tests" name="PracticeDetail" time="3.352"/>
  <testcase classname="com.zoetispets.Tests" name="PracticeDetail" time="4.32"/>
  <testcase classname="com.zoetispets.Tests" name="PracticeDetail" time="4.026"/>
  <testcase classname="com.zoetispets.Tests" name="PracticeDetail" time="3.279"/>
  <testcase classname="com.zoetispets.Tests" name="PracticeDetail" time="3.218"/>
  <testcase classname="com.zoetispets.Tests" name="PracticeDetail" time="3.707"/>
  <testcase classname="com.zoetispets.Tests" name="PracticeDetail" time="4.706"/>
  <testcase classname="com.zoetispets.Tests" name="PracticeDetail" time="3.539"/>
  <testcase classname="com.zoetispets.Tests" name="PracticeDetail" time="3.249"/>
  <testcase classname="com.zoetispets.Tests" name="PracticeDetail" time="3.851"/>
  <testcase classname="com.zoetispets.Tests" name="PracticeDetail" time="3.823"/>
  <testcase classname="com.zoetispets.Tests" name="PracticeDetail" time="3.376"/>
  <testcase classname="com.zoetispets.Tests" name="PracticeDetail" time="3.947"/>
  <testcase classname="com.zoetispets.Tests" name="PracticeDetail" time="3.445"/>
  <testcase classname="com.zoetispets.Tests" name="PracticeDetail" time="3.449"/>
  <testcase classname="com.zoetispets.Tests" name="PracticeDetail" time="3.432"/>
  <testcase classname="com.zoetispets.Tests" name="PracticeDetail" time="3.246"/>
  <testcase classname="com.zoetispets.Tests" name="PracticeDetail" time="3.415"/>
  <testcase classname="com.zoetispets.Tests" name="PracticeDetail" time="3.227"/>
  <testcase classname="com.zoetispets.Tests" name="PracticeDetail" time="3.348"/>
  <testcase classname="com.zoetispets.Tests" name="PracticeDetail" time="3.242"/>
  <testcase classname="com.zoetispets.Tests" name="PracticeDetail" time="3.35"/>
  <testcase classname="com.zoetispets.Tests" name="PracticeDetail" time="3.336"/>
</testsuite> <!-- Surefire test -->
