<?xml version="1.0" encoding="UTF-8"?>
<!-- Generated by org.testng.reporters.JUnitXMLReporter -->
<testsuite ignored="0" hostname="runnervm3jd5f" failures="0" tests="31" name="Surefire test" time="117.643" errors="0" timestamp="2026-07-20T08:27:04 UTC">
  <testcase classname="com.zoetispets.Tests" name="PracticeDetail" time="4.078"/>
  <testcase classname="com.zoetispets.Tests" name="PracticeDetail" time="3.352"/>
  <testcase classname="com.zoetispets.Tests" name="PracticeDetail" time="3.299"/>
  <testcase classname="com.zoetispets.Tests" name="PracticeDetail" time="3.361"/>
  <testcase classname="com.zoetispets.Tests" name="PracticeDetail" time="3.276"/>
  <testcase classname="com.zoetispets.Tests" name="PracticeDetail" time="3.253"/>
  <testcase classname="com.zoetispets.Tests" name="PracticeDetail" time="3.256"/>
  <testcase classname="com.zoetispets.Tests" name="PracticeDetail" time="3.329"/>
  <testcase classname="com.zoetispets.Tests" name="PracticeDetail" time="3.841"/>
  <testcase classname="com.zoetispets.Tests" name="PracticeDetail" time="3.337"/>
  <testcase classname="com.zoetispets.Tests" name="PracticeDetail" time="4.098"/>
  <testcase classname="com.zoetispets.Tests" name="PracticeDetail" time="3.921"/>
  <testcase classname="com.zoetispets.Tests" name="PracticeDetail" time="3.721"/>
  <testcase classname="com.zoetispets.Tests" name="PracticeDetail" time="3.596"/>
  <testcase classname="com.zoetispets.Tests" name="PracticeDetail" time="3.759"/>
  <testcase classname="com.zoetispets.Tests" name="PracticeDetail" time="3.617"/>
  <testcase classname="com.zoetispets.Tests" name="PracticeDetail" time="3.682"/>
  <testcase classname="com.zoetispets.Tests" name="PracticeDetail" time="3.957"/>
  <testcase classname="com.zoetispets.Tests" name="PracticeDetail" time="3.734"/>
  <testcase classname="com.zoetispets.Tests" name="PracticeDetail" time="4.142"/>
  <testcase classname="com.zoetispets.Tests" name="PracticeDetail" time="3.506"/>
  <testcase classname="com.zoetispets.Tests" name="PracticeDetail" time="3.484"/>
  <testcase classname="com.zoetispets.Tests" name="PracticeDetail" time="3.388"/>
  <testcase classname="com.zoetispets.Tests" name="PracticeDetail" time="3.505"/>
  <testcase classname="com.zoetispets.Tests" name="PracticeDetail" time="3.412"/>
  <testcase classname="com.zoetispets.Tests" name="PracticeDetail" time="3.512"/>
  <testcase classname="com.zoetispets.Tests" name="PracticeDetail" time="3.563"/>
  <testcase classname="com.zoetispets.Tests" name="PracticeDetail" time="3.326"/>
  <testcase classname="com.zoetispets.Tests" name="PracticeDetail" time="3.277"/>
  <testcase classname="com.zoetispets.Tests" name="PracticeDetail" time="3.202"/>
  <testcase classname="com.zoetispets.Tests" name="stageAuthTest" time="0.277"/>
</testsuite> <!-- Surefire test -->
