<?xml version="1.0" encoding="UTF-8"?>
<!-- Generated by org.testng.reporters.JUnitXMLReporter -->
<testsuite ignored="0" hostname="runnervm3ublj" failures="2" tests="30" name="Surefire test" time="27.076" errors="0" timestamp="2025-09-27T05:40:59 UTC">
  <testcase classname="com.zoetispets.Tests" name="PracticeDetail" time="1.345"/>
  <testcase classname="com.zoetispets.Tests" name="PracticeDetail" time="0.562"/>
  <testcase classname="com.zoetispets.Tests" name="PracticeDetail" time="0.285"/>
  <testcase classname="com.zoetispets.Tests" name="PracticeDetail" time="0.287"/>
  <testcase classname="com.zoetispets.Tests" name="PracticeDetail" time="1.704">
    <failure type="java.lang.AssertionError" message="expected [Zoetis Pets ES] but found [Ayuda a tu mascota a vivir lo mejor posible detectando y tratando señales de afecciones como problemas de piel y artrosis | Zoetis]">
      <![CDATA[java.lang.AssertionError: expected [Zoetis Pets ES] but found [Ayuda a tu mascota a vivir lo mejor posible detectando y tratando señales de afecciones como problemas de piel y artrosis | Zoetis]
at com.zoetispets.Tests.PracticeDetail(Tests.java:68)
at java.base/java.util.ArrayList.forEach(ArrayList.java:1511)
... Removed 38 stack frames]]>
    </failure>
  </testcase> <!-- PracticeDetail -->
  <testcase classname="com.zoetispets.Tests" name="PracticeDetail" time="0.355"/>
  <testcase classname="com.zoetispets.Tests" name="PracticeDetail" time="0.252"/>
  <testcase classname="com.zoetispets.Tests" name="PracticeDetail" time="0.295"/>
  <testcase classname="com.zoetispets.Tests" name="PracticeDetail" time="0.688">
    <failure type="java.lang.AssertionError" message="expected [Zoetis Pets FR] but found [Aidez votre animal à vivre une vie meilleure en identifiant les signes d’affections telles que les problèmes de peau et l’arthrite et en les traitant | Zoetis]">
      <![CDATA[java.lang.AssertionError: expected [Zoetis Pets FR] but found [Aidez votre animal à vivre une vie meilleure en identifiant les signes d’affections telles que les problèmes de peau et l’arthrite et en les traitant | Zoetis]
at com.zoetispets.Tests.PracticeDetail(Tests.java:68)
at java.base/java.util.ArrayList.forEach(ArrayList.java:1511)
... Removed 38 stack frames]]>
    </failure>
  </testcase> <!-- PracticeDetail -->
  <testcase classname="com.zoetispets.Tests" name="PracticeDetail" time="0.924"/>
  <testcase classname="com.zoetispets.Tests" name="PracticeDetail" time="0.337"/>
  <testcase classname="com.zoetispets.Tests" name="PracticeDetail" time="0.46"/>
  <testcase classname="com.zoetispets.Tests" name="PracticeDetail" time="0.783"/>
  <testcase classname="com.zoetispets.Tests" name="PracticeDetail" time="0.316"/>
  <testcase classname="com.zoetispets.Tests" name="PracticeDetail" time="0.342"/>
  <testcase classname="com.zoetispets.Tests" name="PracticeDetail" time="0.731"/>
  <testcase classname="com.zoetispets.Tests" name="PracticeDetail" time="0.324"/>
  <testcase classname="com.zoetispets.Tests" name="PracticeDetail" time="0.437"/>
  <testcase classname="com.zoetispets.Tests" name="PracticeDetail" time="0.4"/>
  <testcase classname="com.zoetispets.Tests" name="PracticeDetail" time="0.68"/>
  <testcase classname="com.zoetispets.Tests" name="PracticeDetail" time="0.431"/>
  <testcase classname="com.zoetispets.Tests" name="PracticeDetail" time="0.444"/>
  <testcase classname="com.zoetispets.Tests" name="PracticeDetail" time="0.346"/>
  <testcase classname="com.zoetispets.Tests" name="PracticeDetail" time="0.382"/>
  <testcase classname="com.zoetispets.Tests" name="PracticeDetail" time="0.402"/>
  <testcase classname="com.zoetispets.Tests" name="PracticeDetail" time="0.52"/>
  <testcase classname="com.zoetispets.Tests" name="PracticeDetail" time="0.39"/>
  <testcase classname="com.zoetispets.Tests" name="PracticeDetail" time="0.358"/>
  <testcase classname="com.zoetispets.Tests" name="PracticeDetail" time="0.902"/>
  <testcase classname="com.zoetispets.Tests" name="PracticeDetail" time="0.45"/>
</testsuite> <!-- Surefire test -->
