<?xml version="1.0" encoding="UTF-8"?>
<!-- Generated by org.testng.reporters.JUnitXMLReporter -->
<testsuite ignored="0" hostname="runnervmi13qx" failures="0" tests="30" name="Surefire test" time="27.97" errors="0" timestamp="2026-01-10T05:46:31 UTC">
  <testcase classname="com.zoetispets.Tests" name="PracticeDetail" time="2.236"/>
  <testcase classname="com.zoetispets.Tests" name="PracticeDetail" time="0.346"/>
  <testcase classname="com.zoetispets.Tests" name="PracticeDetail" time="0.764"/>
  <testcase classname="com.zoetispets.Tests" name="PracticeDetail" time="0.26"/>
  <testcase classname="com.zoetispets.Tests" name="PracticeDetail" time="0.288"/>
  <testcase classname="com.zoetispets.Tests" name="PracticeDetail" time="0.361"/>
  <testcase classname="com.zoetispets.Tests" name="PracticeDetail" time="0.337"/>
  <testcase classname="com.zoetispets.Tests" name="PracticeDetail" time="0.437"/>
  <testcase classname="com.zoetispets.Tests" name="PracticeDetail" time="0.334"/>
  <testcase classname="com.zoetispets.Tests" name="PracticeDetail" time="0.312"/>
  <testcase classname="com.zoetispets.Tests" name="PracticeDetail" time="1.044"/>
  <testcase classname="com.zoetispets.Tests" name="PracticeDetail" time="0.44"/>
  <testcase classname="com.zoetispets.Tests" name="PracticeDetail" time="0.82"/>
  <testcase classname="com.zoetispets.Tests" name="PracticeDetail" time="0.856"/>
  <testcase classname="com.zoetispets.Tests" name="PracticeDetail" time="0.988"/>
  <testcase classname="com.zoetispets.Tests" name="PracticeDetail" time="0.852"/>
  <testcase classname="com.zoetispets.Tests" name="PracticeDetail" time="0.774"/>
  <testcase classname="com.zoetispets.Tests" name="PracticeDetail" time="0.417"/>
  <testcase classname="com.zoetispets.Tests" name="PracticeDetail" time="0.949"/>
  <testcase classname="com.zoetispets.Tests" name="PracticeDetail" time="0.802"/>
  <testcase classname="com.zoetispets.Tests" name="PracticeDetail" time="0.813"/>
  <testcase classname="com.zoetispets.Tests" name="PracticeDetail" time="0.335"/>
  <testcase classname="com.zoetispets.Tests" name="PracticeDetail" time="0.82"/>
  <testcase classname="com.zoetispets.Tests" name="PracticeDetail" time="0.718"/>
  <testcase classname="com.zoetispets.Tests" name="PracticeDetail" time="0.346"/>
  <testcase classname="com.zoetispets.Tests" name="PracticeDetail" time="0.705"/>
  <testcase classname="com.zoetispets.Tests" name="PracticeDetail" time="0.744"/>
  <testcase classname="com.zoetispets.Tests" name="PracticeDetail" time="0.279"/>
  <testcase classname="com.zoetispets.Tests" name="PracticeDetail" time="0.303"/>
  <testcase classname="com.zoetispets.Tests" name="PracticeDetail" time="0.784"/>
</testsuite> <!-- Surefire test -->
