<?xml version="1.0" encoding="UTF-8"?>
<!-- Generated by org.testng.reporters.JUnitXMLReporter -->
<testsuite ignored="0" hostname="runnervm7b5n9" failures="0" tests="31" name="Surefire test" time="117.343" errors="0" timestamp="2026-06-21T09:10:46 UTC">
  <testcase classname="com.zoetispets.Tests" name="PracticeDetail" time="4.183"/>
  <testcase classname="com.zoetispets.Tests" name="PracticeDetail" time="3.3"/>
  <testcase classname="com.zoetispets.Tests" name="PracticeDetail" time="3.409"/>
  <testcase classname="com.zoetispets.Tests" name="PracticeDetail" time="3.311"/>
  <testcase classname="com.zoetispets.Tests" name="PracticeDetail" time="3.272"/>
  <testcase classname="com.zoetispets.Tests" name="PracticeDetail" time="3.274"/>
  <testcase classname="com.zoetispets.Tests" name="PracticeDetail" time="3.229"/>
  <testcase classname="com.zoetispets.Tests" name="PracticeDetail" time="3.305"/>
  <testcase classname="com.zoetispets.Tests" name="PracticeDetail" time="3.905"/>
  <testcase classname="com.zoetispets.Tests" name="PracticeDetail" time="3.34"/>
  <testcase classname="com.zoetispets.Tests" name="PracticeDetail" time="3.695"/>
  <testcase classname="com.zoetispets.Tests" name="PracticeDetail" time="3.741"/>
  <testcase classname="com.zoetispets.Tests" name="PracticeDetail" time="3.795"/>
  <testcase classname="com.zoetispets.Tests" name="PracticeDetail" time="5.832"/>
  <testcase classname="com.zoetispets.Tests" name="PracticeDetail" time="3.742"/>
  <testcase classname="com.zoetispets.Tests" name="PracticeDetail" time="3.458"/>
  <testcase classname="com.zoetispets.Tests" name="PracticeDetail" time="3.68"/>
  <testcase classname="com.zoetispets.Tests" name="PracticeDetail" time="3.687"/>
  <testcase classname="com.zoetispets.Tests" name="PracticeDetail" time="3.753"/>
  <testcase classname="com.zoetispets.Tests" name="PracticeDetail" time="3.856"/>
  <testcase classname="com.zoetispets.Tests" name="PracticeDetail" time="3.484"/>
  <testcase classname="com.zoetispets.Tests" name="PracticeDetail" time="3.712"/>
  <testcase classname="com.zoetispets.Tests" name="PracticeDetail" time="3.61"/>
  <testcase classname="com.zoetispets.Tests" name="PracticeDetail" time="3.382"/>
  <testcase classname="com.zoetispets.Tests" name="PracticeDetail" time="3.183"/>
  <testcase classname="com.zoetispets.Tests" name="PracticeDetail" time="3.407"/>
  <testcase classname="com.zoetispets.Tests" name="PracticeDetail" time="3.434"/>
  <testcase classname="com.zoetispets.Tests" name="PracticeDetail" time="3.411"/>
  <testcase classname="com.zoetispets.Tests" name="PracticeDetail" time="3.39"/>
  <testcase classname="com.zoetispets.Tests" name="PracticeDetail" time="3.405"/>
  <testcase classname="com.zoetispets.Tests" name="stageAuthTest" time="0.156"/>
</testsuite> <!-- Surefire test -->
