<?xml version="1.0" encoding="UTF-8"?>
<!-- Generated by org.testng.reporters.JUnitXMLReporter -->
<testsuite ignored="0" hostname="runnervm0kj6c" failures="0" tests="30" name="Surefire test" time="120.544" errors="0" timestamp="2026-03-12T06:12:47 UTC">
  <testcase classname="com.zoetispets.Tests" name="PracticeDetail" time="4.461"/>
  <testcase classname="com.zoetispets.Tests" name="PracticeDetail" time="3.355"/>
  <testcase classname="com.zoetispets.Tests" name="PracticeDetail" time="3.399"/>
  <testcase classname="com.zoetispets.Tests" name="PracticeDetail" time="3.431"/>
  <testcase classname="com.zoetispets.Tests" name="PracticeDetail" time="3.388"/>
  <testcase classname="com.zoetispets.Tests" name="PracticeDetail" time="3.399"/>
  <testcase classname="com.zoetispets.Tests" name="PracticeDetail" time="3.397"/>
  <testcase classname="com.zoetispets.Tests" name="PracticeDetail" time="3.411"/>
  <testcase classname="com.zoetispets.Tests" name="PracticeDetail" time="4.32"/>
  <testcase classname="com.zoetispets.Tests" name="PracticeDetail" time="3.974"/>
  <testcase classname="com.zoetispets.Tests" name="PracticeDetail" time="3.972"/>
  <testcase classname="com.zoetispets.Tests" name="PracticeDetail" time="3.6"/>
  <testcase classname="com.zoetispets.Tests" name="PracticeDetail" time="3.37"/>
  <testcase classname="com.zoetispets.Tests" name="PracticeDetail" time="5.955"/>
  <testcase classname="com.zoetispets.Tests" name="PracticeDetail" time="3.374"/>
  <testcase classname="com.zoetispets.Tests" name="PracticeDetail" time="3.273"/>
  <testcase classname="com.zoetispets.Tests" name="PracticeDetail" time="3.787"/>
  <testcase classname="com.zoetispets.Tests" name="PracticeDetail" time="3.487"/>
  <testcase classname="com.zoetispets.Tests" name="PracticeDetail" time="3.42"/>
  <testcase classname="com.zoetispets.Tests" name="PracticeDetail" time="3.51"/>
  <testcase classname="com.zoetispets.Tests" name="PracticeDetail" time="3.486"/>
  <testcase classname="com.zoetispets.Tests" name="PracticeDetail" time="3.492"/>
  <testcase classname="com.zoetispets.Tests" name="PracticeDetail" time="3.426"/>
  <testcase classname="com.zoetispets.Tests" name="PracticeDetail" time="3.356"/>
  <testcase classname="com.zoetispets.Tests" name="PracticeDetail" time="3.72"/>
  <testcase classname="com.zoetispets.Tests" name="PracticeDetail" time="3.365"/>
  <testcase classname="com.zoetispets.Tests" name="PracticeDetail" time="3.388"/>
  <testcase classname="com.zoetispets.Tests" name="PracticeDetail" time="3.363"/>
  <testcase classname="com.zoetispets.Tests" name="PracticeDetail" time="3.354"/>
  <testcase classname="com.zoetispets.Tests" name="PracticeDetail" time="3.34"/>
</testsuite> <!-- Surefire test -->
