<?xml version="1.0" encoding="UTF-8"?>
<!-- Generated by org.testng.reporters.JUnitXMLReporter -->
<testsuite ignored="0" hostname="runnervmkj6or" failures="0" tests="30" name="Surefire test" time="121.397" errors="0" timestamp="2026-02-06T06:30:59 UTC">
  <testcase classname="com.zoetispets.Tests" name="PracticeDetail" time="4.165"/>
  <testcase classname="com.zoetispets.Tests" name="PracticeDetail" time="3.394"/>
  <testcase classname="com.zoetispets.Tests" name="PracticeDetail" time="3.357"/>
  <testcase classname="com.zoetispets.Tests" name="PracticeDetail" time="3.322"/>
  <testcase classname="com.zoetispets.Tests" name="PracticeDetail" time="3.312"/>
  <testcase classname="com.zoetispets.Tests" name="PracticeDetail" time="3.31"/>
  <testcase classname="com.zoetispets.Tests" name="PracticeDetail" time="3.331"/>
  <testcase classname="com.zoetispets.Tests" name="PracticeDetail" time="3.289"/>
  <testcase classname="com.zoetispets.Tests" name="PracticeDetail" time="3.91"/>
  <testcase classname="com.zoetispets.Tests" name="PracticeDetail" time="3.385"/>
  <testcase classname="com.zoetispets.Tests" name="PracticeDetail" time="5.132"/>
  <testcase classname="com.zoetispets.Tests" name="PracticeDetail" time="3.855"/>
  <testcase classname="com.zoetispets.Tests" name="PracticeDetail" time="3.72"/>
  <testcase classname="com.zoetispets.Tests" name="PracticeDetail" time="7.066"/>
  <testcase classname="com.zoetispets.Tests" name="PracticeDetail" time="4.054"/>
  <testcase classname="com.zoetispets.Tests" name="PracticeDetail" time="3.596"/>
  <testcase classname="com.zoetispets.Tests" name="PracticeDetail" time="3.636"/>
  <testcase classname="com.zoetispets.Tests" name="PracticeDetail" time="3.856"/>
  <testcase classname="com.zoetispets.Tests" name="PracticeDetail" time="3.81"/>
  <testcase classname="com.zoetispets.Tests" name="PracticeDetail" time="3.892"/>
  <testcase classname="com.zoetispets.Tests" name="PracticeDetail" time="3.88"/>
  <testcase classname="com.zoetispets.Tests" name="PracticeDetail" time="3.783"/>
  <testcase classname="com.zoetispets.Tests" name="PracticeDetail" time="3.66"/>
  <testcase classname="com.zoetispets.Tests" name="PracticeDetail" time="3.515"/>
  <testcase classname="com.zoetispets.Tests" name="PracticeDetail" time="3.601"/>
  <testcase classname="com.zoetispets.Tests" name="PracticeDetail" time="3.491"/>
  <testcase classname="com.zoetispets.Tests" name="PracticeDetail" time="3.503"/>
  <testcase classname="com.zoetispets.Tests" name="PracticeDetail" time="3.497"/>
  <testcase classname="com.zoetispets.Tests" name="PracticeDetail" time="3.226"/>
  <testcase classname="com.zoetispets.Tests" name="PracticeDetail" time="3.338"/>
</testsuite> <!-- Surefire test -->
