<?xml version="1.0" encoding="UTF-8"?>
<!-- Generated by org.testng.reporters.JUnitXMLReporter -->
<testsuite ignored="0" hostname="runnervmeorf1" failures="0" tests="31" name="Surefire test" time="112.961" errors="0" timestamp="2026-05-11T10:34:47 UTC">
  <testcase classname="com.zoetispets.Tests" name="PracticeDetail" time="4.246"/>
  <testcase classname="com.zoetispets.Tests" name="PracticeDetail" time="3.323"/>
  <testcase classname="com.zoetispets.Tests" name="PracticeDetail" time="3.419"/>
  <testcase classname="com.zoetispets.Tests" name="PracticeDetail" time="3.336"/>
  <testcase classname="com.zoetispets.Tests" name="PracticeDetail" time="3.296"/>
  <testcase classname="com.zoetispets.Tests" name="PracticeDetail" time="3.353"/>
  <testcase classname="com.zoetispets.Tests" name="PracticeDetail" time="3.334"/>
  <testcase classname="com.zoetispets.Tests" name="PracticeDetail" time="3.236"/>
  <testcase classname="com.zoetispets.Tests" name="PracticeDetail" time="4.048"/>
  <testcase classname="com.zoetispets.Tests" name="PracticeDetail" time="3.539"/>
  <testcase classname="com.zoetispets.Tests" name="PracticeDetail" time="4.792"/>
  <testcase classname="com.zoetispets.Tests" name="PracticeDetail" time="3.25"/>
  <testcase classname="com.zoetispets.Tests" name="PracticeDetail" time="3.299"/>
  <testcase classname="com.zoetispets.Tests" name="PracticeDetail" time="3.24"/>
  <testcase classname="com.zoetispets.Tests" name="PracticeDetail" time="3.327"/>
  <testcase classname="com.zoetispets.Tests" name="PracticeDetail" time="3.224"/>
  <testcase classname="com.zoetispets.Tests" name="PracticeDetail" time="3.566"/>
  <testcase classname="com.zoetispets.Tests" name="PracticeDetail" time="3.36"/>
  <testcase classname="com.zoetispets.Tests" name="PracticeDetail" time="4.031"/>
  <testcase classname="com.zoetispets.Tests" name="PracticeDetail" time="3.516"/>
  <testcase classname="com.zoetispets.Tests" name="PracticeDetail" time="3.57"/>
  <testcase classname="com.zoetispets.Tests" name="PracticeDetail" time="3.801"/>
  <testcase classname="com.zoetispets.Tests" name="PracticeDetail" time="3.375"/>
  <testcase classname="com.zoetispets.Tests" name="PracticeDetail" time="3.217"/>
  <testcase classname="com.zoetispets.Tests" name="PracticeDetail" time="3.299"/>
  <testcase classname="com.zoetispets.Tests" name="PracticeDetail" time="3.342"/>
  <testcase classname="com.zoetispets.Tests" name="PracticeDetail" time="3.298"/>
  <testcase classname="com.zoetispets.Tests" name="PracticeDetail" time="3.252"/>
  <testcase classname="com.zoetispets.Tests" name="PracticeDetail" time="3.564"/>
  <testcase classname="com.zoetispets.Tests" name="PracticeDetail" time="3.537"/>
  <testcase classname="com.zoetispets.Tests" name="stageAuthTest" time="0.407"/>
</testsuite> <!-- Surefire test -->
