<?xml version="1.0" encoding="UTF-8"?>
<!-- Generated by org.testng.reporters.JUnitXMLReporter -->
<testsuite ignored="0" hostname="runnervmkj6or" failures="0" tests="30" name="Surefire test" time="117.439" errors="0" timestamp="2026-01-30T13:18:16 UTC">
  <testcase classname="com.zoetispets.Tests" name="PracticeDetail" time="4.304"/>
  <testcase classname="com.zoetispets.Tests" name="PracticeDetail" time="3.342"/>
  <testcase classname="com.zoetispets.Tests" name="PracticeDetail" time="3.398"/>
  <testcase classname="com.zoetispets.Tests" name="PracticeDetail" time="3.381"/>
  <testcase classname="com.zoetispets.Tests" name="PracticeDetail" time="3.39"/>
  <testcase classname="com.zoetispets.Tests" name="PracticeDetail" time="3.341"/>
  <testcase classname="com.zoetispets.Tests" name="PracticeDetail" time="3.393"/>
  <testcase classname="com.zoetispets.Tests" name="PracticeDetail" time="3.401"/>
  <testcase classname="com.zoetispets.Tests" name="PracticeDetail" time="4.014"/>
  <testcase classname="com.zoetispets.Tests" name="PracticeDetail" time="3.69"/>
  <testcase classname="com.zoetispets.Tests" name="PracticeDetail" time="5.094"/>
  <testcase classname="com.zoetispets.Tests" name="PracticeDetail" time="3.253"/>
  <testcase classname="com.zoetispets.Tests" name="PracticeDetail" time="3.366"/>
  <testcase classname="com.zoetispets.Tests" name="PracticeDetail" time="3.383"/>
  <testcase classname="com.zoetispets.Tests" name="PracticeDetail" time="4.117"/>
  <testcase classname="com.zoetispets.Tests" name="PracticeDetail" time="3.825"/>
  <testcase classname="com.zoetispets.Tests" name="PracticeDetail" time="3.226"/>
  <testcase classname="com.zoetispets.Tests" name="PracticeDetail" time="4.369"/>
  <testcase classname="com.zoetispets.Tests" name="PracticeDetail" time="3.428"/>
  <testcase classname="com.zoetispets.Tests" name="PracticeDetail" time="3.535"/>
  <testcase classname="com.zoetispets.Tests" name="PracticeDetail" time="3.866"/>
  <testcase classname="com.zoetispets.Tests" name="PracticeDetail" time="3.447"/>
  <testcase classname="com.zoetispets.Tests" name="PracticeDetail" time="3.406"/>
  <testcase classname="com.zoetispets.Tests" name="PracticeDetail" time="3.341"/>
  <testcase classname="com.zoetispets.Tests" name="PracticeDetail" time="3.554"/>
  <testcase classname="com.zoetispets.Tests" name="PracticeDetail" time="3.251"/>
  <testcase classname="com.zoetispets.Tests" name="PracticeDetail" time="3.395"/>
  <testcase classname="com.zoetispets.Tests" name="PracticeDetail" time="3.37"/>
  <testcase classname="com.zoetispets.Tests" name="PracticeDetail" time="3.638"/>
  <testcase classname="com.zoetispets.Tests" name="PracticeDetail" time="3.322"/>
</testsuite> <!-- Surefire test -->
