<?xml version="1.0" encoding="UTF-8"?>
<!-- Generated by org.testng.reporters.JUnitXMLReporter -->
<testsuite ignored="0" hostname="runnervmw9dnm" failures="0" tests="30" name="Surefire test" time="46.027" errors="0" timestamp="2025-11-08T05:42:49 UTC">
  <testcase classname="com.zoetispets.Tests" name="PracticeDetail" time="1.825"/>
  <testcase classname="com.zoetispets.Tests" name="PracticeDetail" time="0.644"/>
  <testcase classname="com.zoetispets.Tests" name="PracticeDetail" time="0.312"/>
  <testcase classname="com.zoetispets.Tests" name="PracticeDetail" time="0.314"/>
  <testcase classname="com.zoetispets.Tests" name="PracticeDetail" time="0.282"/>
  <testcase classname="com.zoetispets.Tests" name="PracticeDetail" time="0.258"/>
  <testcase classname="com.zoetispets.Tests" name="PracticeDetail" time="0.371"/>
  <testcase classname="com.zoetispets.Tests" name="PracticeDetail" time="0.264"/>
  <testcase classname="com.zoetispets.Tests" name="PracticeDetail" time="0.286"/>
  <testcase classname="com.zoetispets.Tests" name="PracticeDetail" time="1.636"/>
  <testcase classname="com.zoetispets.Tests" name="PracticeDetail" time="0.6"/>
  <testcase classname="com.zoetispets.Tests" name="PracticeDetail" time="1.538"/>
  <testcase classname="com.zoetispets.Tests" name="PracticeDetail" time="0.478"/>
  <testcase classname="com.zoetispets.Tests" name="PracticeDetail" time="1.7"/>
  <testcase classname="com.zoetispets.Tests" name="PracticeDetail" time="0.616"/>
  <testcase classname="com.zoetispets.Tests" name="PracticeDetail" time="0.84"/>
  <testcase classname="com.zoetispets.Tests" name="PracticeDetail" time="0.805"/>
  <testcase classname="com.zoetispets.Tests" name="PracticeDetail" time="0.442"/>
  <testcase classname="com.zoetispets.Tests" name="PracticeDetail" time="0.899"/>
  <testcase classname="com.zoetispets.Tests" name="PracticeDetail" time="0.625"/>
  <testcase classname="com.zoetispets.Tests" name="PracticeDetail" time="0.817"/>
  <testcase classname="com.zoetispets.Tests" name="PracticeDetail" time="0.499"/>
  <testcase classname="com.zoetispets.Tests" name="PracticeDetail" time="0.333"/>
  <testcase classname="com.zoetispets.Tests" name="PracticeDetail" time="0.373"/>
  <testcase classname="com.zoetispets.Tests" name="PracticeDetail" time="0.857"/>
  <testcase classname="com.zoetispets.Tests" name="PracticeDetail" time="0.571"/>
  <testcase classname="com.zoetispets.Tests" name="PracticeDetail" time="0.468"/>
  <testcase classname="com.zoetispets.Tests" name="PracticeDetail" time="0.721"/>
  <testcase classname="com.zoetispets.Tests" name="PracticeDetail" time="0.674"/>
  <testcase classname="com.zoetispets.Tests" name="PracticeDetail" time="0.816"/>
</testsuite> <!-- Surefire test -->
