<?xml version="1.0" encoding="UTF-8"?>
<!-- Generated by org.testng.reporters.JUnitXMLReporter -->
<testsuite ignored="0" hostname="runnervmymu0l" failures="3" tests="30" name="Surefire test" time="141.628" errors="0" timestamp="2026-01-26T09:05:52 UTC">
  <testcase classname="com.zoetispets.Tests" name="PracticeDetail" time="5.544"/>
  <testcase classname="com.zoetispets.Tests" name="PracticeDetail" time="3.452"/>
  <testcase classname="com.zoetispets.Tests" name="PracticeDetail" time="3.349"/>
  <testcase classname="com.zoetispets.Tests" name="PracticeDetail" time="3.369"/>
  <testcase classname="com.zoetispets.Tests" name="PracticeDetail" time="3.434"/>
  <testcase classname="com.zoetispets.Tests" name="PracticeDetail" time="3.437"/>
  <testcase classname="com.zoetispets.Tests" name="PracticeDetail" time="3.332"/>
  <testcase classname="com.zoetispets.Tests" name="PracticeDetail" time="3.269"/>
  <testcase classname="com.zoetispets.Tests" name="PracticeDetail" time="3.458">
    <failure type="java.lang.AssertionError" message="expected [Zoetis Pets FR] but found [The resource cannot be found.]">
      <![CDATA[java.lang.AssertionError: expected [Zoetis Pets FR] but found [The resource cannot be found.]
at com.zoetispets.Tests.PracticeDetail(Tests.java:69)
at java.base/java.util.ArrayList.forEach(ArrayList.java:1511)
... Removed 38 stack frames]]>
    </failure>
  </testcase> <!-- PracticeDetail -->
  <testcase classname="com.zoetispets.Tests" name="PracticeDetail" time="3.644"/>
  <testcase classname="com.zoetispets.Tests" name="PracticeDetail" time="4.173"/>
  <testcase classname="com.zoetispets.Tests" name="PracticeDetail" time="3.26"/>
  <testcase classname="com.zoetispets.Tests" name="PracticeDetail" time="3.34"/>
  <testcase classname="com.zoetispets.Tests" name="PracticeDetail" time="3.385"/>
  <testcase classname="com.zoetispets.Tests" name="PracticeDetail" time="3.701"/>
  <testcase classname="com.zoetispets.Tests" name="PracticeDetail" time="3.323"/>
  <testcase classname="com.zoetispets.Tests" name="PracticeDetail" time="3.886"/>
  <testcase classname="com.zoetispets.Tests" name="PracticeDetail" time="3.754"/>
  <testcase classname="com.zoetispets.Tests" name="PracticeDetail" time="3.338"/>
  <testcase classname="com.zoetispets.Tests" name="PracticeDetail" time="3.222">
    <failure type="java.lang.AssertionError" message="expected [Évaluation de l’arthrose chez le chien | Zoetis Pets] but found [The resource cannot be found.]">
      <![CDATA[java.lang.AssertionError: expected [Évaluation de l’arthrose chez le chien | Zoetis Pets] but found [The resource cannot be found.]
at com.zoetispets.Tests.PracticeDetail(Tests.java:69)
at java.base/java.util.ArrayList.forEach(ArrayList.java:1511)
... Removed 37 stack frames]]>
    </failure>
  </testcase> <!-- PracticeDetail -->
  <testcase classname="com.zoetispets.Tests" name="PracticeDetail" time="3.528"/>
  <testcase classname="com.zoetispets.Tests" name="PracticeDetail" time="3.171">
    <failure type="java.lang.AssertionError" message="expected [Évaluation des problèmes de peau chez le chien | Zoetis Pets] but found [The resource cannot be found.]">
      <![CDATA[java.lang.AssertionError: expected [Évaluation des problèmes de peau chez le chien | Zoetis Pets] but found [The resource cannot be found.]
at com.zoetispets.Tests.PracticeDetail(Tests.java:69)
at java.base/java.util.ArrayList.forEach(ArrayList.java:1511)
... Removed 37 stack frames]]>
    </failure>
  </testcase> <!-- PracticeDetail -->
  <testcase classname="com.zoetispets.Tests" name="PracticeDetail" time="3.397"/>
  <testcase classname="com.zoetispets.Tests" name="PracticeDetail" time="3.386"/>
  <testcase classname="com.zoetispets.Tests" name="PracticeDetail" time="3.336"/>
  <testcase classname="com.zoetispets.Tests" name="PracticeDetail" time="3.295"/>
  <testcase classname="com.zoetispets.Tests" name="PracticeDetail" time="3.317"/>
  <testcase classname="com.zoetispets.Tests" name="PracticeDetail" time="3.338"/>
  <testcase classname="com.zoetispets.Tests" name="PracticeDetail" time="3.669"/>
  <testcase classname="com.zoetispets.Tests" name="PracticeDetail" time="3.326"/>
</testsuite> <!-- Surefire test -->
