<?xml version="1.0" encoding="UTF-8"?>
<!-- Generated by org.testng.reporters.JUnitXMLReporter -->
<testsuite ignored="0" hostname="runnervmjduv7" failures="0" tests="30" name="Surefire test" time="118.415" errors="0" timestamp="2026-02-17T06:35:32 UTC">
  <testcase classname="com.zoetispets.Tests" name="PracticeDetail" time="4.18"/>
  <testcase classname="com.zoetispets.Tests" name="PracticeDetail" time="4.574"/>
  <testcase classname="com.zoetispets.Tests" name="PracticeDetail" time="3.558"/>
  <testcase classname="com.zoetispets.Tests" name="PracticeDetail" time="3.368"/>
  <testcase classname="com.zoetispets.Tests" name="PracticeDetail" time="3.326"/>
  <testcase classname="com.zoetispets.Tests" name="PracticeDetail" time="3.285"/>
  <testcase classname="com.zoetispets.Tests" name="PracticeDetail" time="3.286"/>
  <testcase classname="com.zoetispets.Tests" name="PracticeDetail" time="3.27"/>
  <testcase classname="com.zoetispets.Tests" name="PracticeDetail" time="3.917"/>
  <testcase classname="com.zoetispets.Tests" name="PracticeDetail" time="3.405"/>
  <testcase classname="com.zoetispets.Tests" name="PracticeDetail" time="3.756"/>
  <testcase classname="com.zoetispets.Tests" name="PracticeDetail" time="3.826"/>
  <testcase classname="com.zoetispets.Tests" name="PracticeDetail" time="3.822"/>
  <testcase classname="com.zoetispets.Tests" name="PracticeDetail" time="4.773"/>
  <testcase classname="com.zoetispets.Tests" name="PracticeDetail" time="3.708"/>
  <testcase classname="com.zoetispets.Tests" name="PracticeDetail" time="3.563"/>
  <testcase classname="com.zoetispets.Tests" name="PracticeDetail" time="3.244"/>
  <testcase classname="com.zoetispets.Tests" name="PracticeDetail" time="3.949"/>
  <testcase classname="com.zoetispets.Tests" name="PracticeDetail" time="3.812"/>
  <testcase classname="com.zoetispets.Tests" name="PracticeDetail" time="3.966"/>
  <testcase classname="com.zoetispets.Tests" name="PracticeDetail" time="3.44"/>
  <testcase classname="com.zoetispets.Tests" name="PracticeDetail" time="3.808"/>
  <testcase classname="com.zoetispets.Tests" name="PracticeDetail" time="3.652"/>
  <testcase classname="com.zoetispets.Tests" name="PracticeDetail" time="3.479"/>
  <testcase classname="com.zoetispets.Tests" name="PracticeDetail" time="3.573"/>
  <testcase classname="com.zoetispets.Tests" name="PracticeDetail" time="3.537"/>
  <testcase classname="com.zoetispets.Tests" name="PracticeDetail" time="3.577"/>
  <testcase classname="com.zoetispets.Tests" name="PracticeDetail" time="3.562"/>
  <testcase classname="com.zoetispets.Tests" name="PracticeDetail" time="3.545"/>
  <testcase classname="com.zoetispets.Tests" name="PracticeDetail" time="3.624"/>
</testsuite> <!-- Surefire test -->
