<?xml version="1.0" encoding="UTF-8"?>
<!-- Generated by org.testng.reporters.JUnitXMLReporter -->
<testsuite ignored="0" hostname="runnervmg1sw1" failures="0" tests="30" name="Surefire test" time="33.162" errors="0" timestamp="2025-11-15T05:43:06 UTC">
  <testcase classname="com.zoetispets.Tests" name="PracticeDetail" time="2.578"/>
  <testcase classname="com.zoetispets.Tests" name="PracticeDetail" time="1.486"/>
  <testcase classname="com.zoetispets.Tests" name="PracticeDetail" time="0.297"/>
  <testcase classname="com.zoetispets.Tests" name="PracticeDetail" time="0.267"/>
  <testcase classname="com.zoetispets.Tests" name="PracticeDetail" time="0.292"/>
  <testcase classname="com.zoetispets.Tests" name="PracticeDetail" time="0.299"/>
  <testcase classname="com.zoetispets.Tests" name="PracticeDetail" time="0.262"/>
  <testcase classname="com.zoetispets.Tests" name="PracticeDetail" time="0.275"/>
  <testcase classname="com.zoetispets.Tests" name="PracticeDetail" time="0.285"/>
  <testcase classname="com.zoetispets.Tests" name="PracticeDetail" time="0.291"/>
  <testcase classname="com.zoetispets.Tests" name="PracticeDetail" time="1.831"/>
  <testcase classname="com.zoetispets.Tests" name="PracticeDetail" time="0.78"/>
  <testcase classname="com.zoetispets.Tests" name="PracticeDetail" time="0.735"/>
  <testcase classname="com.zoetispets.Tests" name="PracticeDetail" time="2.262"/>
  <testcase classname="com.zoetispets.Tests" name="PracticeDetail" time="0.811"/>
  <testcase classname="com.zoetispets.Tests" name="PracticeDetail" time="0.783"/>
  <testcase classname="com.zoetispets.Tests" name="PracticeDetail" time="0.828"/>
  <testcase classname="com.zoetispets.Tests" name="PracticeDetail" time="0.701"/>
  <testcase classname="com.zoetispets.Tests" name="PracticeDetail" time="0.796"/>
  <testcase classname="com.zoetispets.Tests" name="PracticeDetail" time="0.665"/>
  <testcase classname="com.zoetispets.Tests" name="PracticeDetail" time="0.806"/>
  <testcase classname="com.zoetispets.Tests" name="PracticeDetail" time="0.561"/>
  <testcase classname="com.zoetispets.Tests" name="PracticeDetail" time="0.739"/>
  <testcase classname="com.zoetispets.Tests" name="PracticeDetail" time="0.436"/>
  <testcase classname="com.zoetispets.Tests" name="PracticeDetail" time="0.893"/>
  <testcase classname="com.zoetispets.Tests" name="PracticeDetail" time="0.705"/>
  <testcase classname="com.zoetispets.Tests" name="PracticeDetail" time="0.421"/>
  <testcase classname="com.zoetispets.Tests" name="PracticeDetail" time="0.447"/>
  <testcase classname="com.zoetispets.Tests" name="PracticeDetail" time="0.792"/>
  <testcase classname="com.zoetispets.Tests" name="PracticeDetail" time="0.588"/>
</testsuite> <!-- Surefire test -->
