<?xml version="1.0" encoding="UTF-8"?>
<!-- Generated by org.testng.reporters.JUnitXMLReporter -->
<testsuite ignored="0" hostname="runnervmf4ws1" failures="1" tests="30" name="Surefire test" time="39.775" errors="0" timestamp="2025-09-18T11:16:59 UTC">
  <testcase classname="com.zoetispets.Tests" name="PracticeDetail" time="3.989">
    <failure type="java.lang.AssertionError" message="expected [Zoetis Pets UKk] but found [Zoetis Pets UK]">
      <![CDATA[java.lang.AssertionError: expected [Zoetis Pets UKk] but found [Zoetis Pets UK]
at com.zoetispets.Tests.PracticeDetail(Tests.java:68)
at java.base/java.util.ArrayList.forEach(ArrayList.java:1511)
... Removed 38 stack frames]]>
    </failure>
  </testcase> <!-- PracticeDetail -->
  <testcase classname="com.zoetispets.Tests" name="PracticeDetail" time="1.348"/>
  <testcase classname="com.zoetispets.Tests" name="PracticeDetail" time="0.673"/>
  <testcase classname="com.zoetispets.Tests" name="PracticeDetail" time="0.715"/>
  <testcase classname="com.zoetispets.Tests" name="PracticeDetail" time="0.534"/>
  <testcase classname="com.zoetispets.Tests" name="PracticeDetail" time="0.4"/>
  <testcase classname="com.zoetispets.Tests" name="PracticeDetail" time="0.813"/>
  <testcase classname="com.zoetispets.Tests" name="PracticeDetail" time="0.501"/>
  <testcase classname="com.zoetispets.Tests" name="PracticeDetail" time="0.574"/>
  <testcase classname="com.zoetispets.Tests" name="PracticeDetail" time="0.762"/>
  <testcase classname="com.zoetispets.Tests" name="PracticeDetail" time="0.297"/>
  <testcase classname="com.zoetispets.Tests" name="PracticeDetail" time="0.389"/>
  <testcase classname="com.zoetispets.Tests" name="PracticeDetail" time="0.41"/>
  <testcase classname="com.zoetispets.Tests" name="PracticeDetail" time="6.034"/>
  <testcase classname="com.zoetispets.Tests" name="PracticeDetail" time="0.327"/>
  <testcase classname="com.zoetispets.Tests" name="PracticeDetail" time="0.396"/>
  <testcase classname="com.zoetispets.Tests" name="PracticeDetail" time="0.352"/>
  <testcase classname="com.zoetispets.Tests" name="PracticeDetail" time="0.369"/>
  <testcase classname="com.zoetispets.Tests" name="PracticeDetail" time="0.376"/>
  <testcase classname="com.zoetispets.Tests" name="PracticeDetail" time="0.399"/>
  <testcase classname="com.zoetispets.Tests" name="PracticeDetail" time="0.765"/>
  <testcase classname="com.zoetispets.Tests" name="PracticeDetail" time="0.346"/>
  <testcase classname="com.zoetispets.Tests" name="PracticeDetail" time="0.365"/>
  <testcase classname="com.zoetispets.Tests" name="PracticeDetail" time="0.37"/>
  <testcase classname="com.zoetispets.Tests" name="PracticeDetail" time="0.357"/>
  <testcase classname="com.zoetispets.Tests" name="PracticeDetail" time="0.752"/>
  <testcase classname="com.zoetispets.Tests" name="PracticeDetail" time="0.3"/>
  <testcase classname="com.zoetispets.Tests" name="PracticeDetail" time="0.785"/>
  <testcase classname="com.zoetispets.Tests" name="PracticeDetail" time="0.354"/>
  <testcase classname="com.zoetispets.Tests" name="PracticeDetail" time="0.416"/>
</testsuite> <!-- Surefire test -->
