<?xml version="1.0" encoding="UTF-8"?>
<!-- Generated by org.testng.reporters.JUnitXMLReporter -->
<testsuite ignored="0" hostname="runnervm3ublj" failures="2" tests="30" name="Surefire test" time="34.292" errors="0" timestamp="2025-09-28T05:42:01 UTC">
  <testcase classname="com.zoetispets.Tests" name="PracticeDetail" time="1.622"/>
  <testcase classname="com.zoetispets.Tests" name="PracticeDetail" time="0.375"/>
  <testcase classname="com.zoetispets.Tests" name="PracticeDetail" time="0.32"/>
  <testcase classname="com.zoetispets.Tests" name="PracticeDetail" time="0.304"/>
  <testcase classname="com.zoetispets.Tests" name="PracticeDetail" time="2.319">
    <failure type="java.lang.AssertionError" message="expected [Zoetis Pets ES] but found [Ayuda a tu mascota a vivir lo mejor posible detectando y tratando señales de afecciones como problemas de piel y artrosis | Zoetis]">
      <![CDATA[java.lang.AssertionError: expected [Zoetis Pets ES] but found [Ayuda a tu mascota a vivir lo mejor posible detectando y tratando señales de afecciones como problemas de piel y artrosis | Zoetis]
at com.zoetispets.Tests.PracticeDetail(Tests.java:68)
at java.base/java.util.ArrayList.forEach(ArrayList.java:1511)
... Removed 38 stack frames]]>
    </failure>
  </testcase> <!-- PracticeDetail -->
  <testcase classname="com.zoetispets.Tests" name="PracticeDetail" time="0.325"/>
  <testcase classname="com.zoetispets.Tests" name="PracticeDetail" time="0.33"/>
  <testcase classname="com.zoetispets.Tests" name="PracticeDetail" time="0.346"/>
  <testcase classname="com.zoetispets.Tests" name="PracticeDetail" time="0.707">
    <failure type="java.lang.AssertionError" message="expected [Zoetis Pets FR] but found [Aidez votre animal à vivre une vie meilleure en identifiant les signes d’affections telles que les problèmes de peau et l’arthrite et en les traitant | Zoetis]">
      <![CDATA[java.lang.AssertionError: expected [Zoetis Pets FR] but found [Aidez votre animal à vivre une vie meilleure en identifiant les signes d’affections telles que les problèmes de peau et l’arthrite et en les traitant | Zoetis]
at com.zoetispets.Tests.PracticeDetail(Tests.java:68)
at java.base/java.util.ArrayList.forEach(ArrayList.java:1511)
... Removed 38 stack frames]]>
    </failure>
  </testcase> <!-- PracticeDetail -->
  <testcase classname="com.zoetispets.Tests" name="PracticeDetail" time="0.841"/>
  <testcase classname="com.zoetispets.Tests" name="PracticeDetail" time="0.303"/>
  <testcase classname="com.zoetispets.Tests" name="PracticeDetail" time="1.309"/>
  <testcase classname="com.zoetispets.Tests" name="PracticeDetail" time="0.419"/>
  <testcase classname="com.zoetispets.Tests" name="PracticeDetail" time="0.868"/>
  <testcase classname="com.zoetispets.Tests" name="PracticeDetail" time="0.761"/>
  <testcase classname="com.zoetispets.Tests" name="PracticeDetail" time="0.4"/>
  <testcase classname="com.zoetispets.Tests" name="PracticeDetail" time="0.75"/>
  <testcase classname="com.zoetispets.Tests" name="PracticeDetail" time="0.485"/>
  <testcase classname="com.zoetispets.Tests" name="PracticeDetail" time="0.855"/>
  <testcase classname="com.zoetispets.Tests" name="PracticeDetail" time="0.883"/>
  <testcase classname="com.zoetispets.Tests" name="PracticeDetail" time="0.506"/>
  <testcase classname="com.zoetispets.Tests" name="PracticeDetail" time="0.638"/>
  <testcase classname="com.zoetispets.Tests" name="PracticeDetail" time="0.837"/>
  <testcase classname="com.zoetispets.Tests" name="PracticeDetail" time="0.619"/>
  <testcase classname="com.zoetispets.Tests" name="PracticeDetail" time="0.905"/>
  <testcase classname="com.zoetispets.Tests" name="PracticeDetail" time="0.565"/>
  <testcase classname="com.zoetispets.Tests" name="PracticeDetail" time="0.397"/>
  <testcase classname="com.zoetispets.Tests" name="PracticeDetail" time="0.389"/>
  <testcase classname="com.zoetispets.Tests" name="PracticeDetail" time="0.488"/>
  <testcase classname="com.zoetispets.Tests" name="PracticeDetail" time="0.453"/>
</testsuite> <!-- Surefire test -->
