<?xml version="1.0" encoding="UTF-8"?>
<!-- Generated by org.testng.reporters.JUnitXMLReporter -->
<testsuite ignored="0" hostname="runnervm46oaq" failures="0" tests="30" name="Surefire test" time="116.472" errors="0" timestamp="2026-03-15T06:36:25 UTC">
  <testcase classname="com.zoetispets.Tests" name="PracticeDetail" time="4.452"/>
  <testcase classname="com.zoetispets.Tests" name="PracticeDetail" time="3.358"/>
  <testcase classname="com.zoetispets.Tests" name="PracticeDetail" time="3.414"/>
  <testcase classname="com.zoetispets.Tests" name="PracticeDetail" time="3.44"/>
  <testcase classname="com.zoetispets.Tests" name="PracticeDetail" time="3.405"/>
  <testcase classname="com.zoetispets.Tests" name="PracticeDetail" time="3.448"/>
  <testcase classname="com.zoetispets.Tests" name="PracticeDetail" time="3.416"/>
  <testcase classname="com.zoetispets.Tests" name="PracticeDetail" time="3.447"/>
  <testcase classname="com.zoetispets.Tests" name="PracticeDetail" time="4.307"/>
  <testcase classname="com.zoetispets.Tests" name="PracticeDetail" time="3.65"/>
  <testcase classname="com.zoetispets.Tests" name="PracticeDetail" time="3.35"/>
  <testcase classname="com.zoetispets.Tests" name="PracticeDetail" time="4.029"/>
  <testcase classname="com.zoetispets.Tests" name="PracticeDetail" time="3.394"/>
  <testcase classname="com.zoetispets.Tests" name="PracticeDetail" time="3.384"/>
  <testcase classname="com.zoetispets.Tests" name="PracticeDetail" time="3.391"/>
  <testcase classname="com.zoetispets.Tests" name="PracticeDetail" time="3.396"/>
  <testcase classname="com.zoetispets.Tests" name="PracticeDetail" time="3.752"/>
  <testcase classname="com.zoetispets.Tests" name="PracticeDetail" time="3.965"/>
  <testcase classname="com.zoetispets.Tests" name="PracticeDetail" time="3.919"/>
  <testcase classname="com.zoetispets.Tests" name="PracticeDetail" time="3.578"/>
  <testcase classname="com.zoetispets.Tests" name="PracticeDetail" time="3.449"/>
  <testcase classname="com.zoetispets.Tests" name="PracticeDetail" time="3.513"/>
  <testcase classname="com.zoetispets.Tests" name="PracticeDetail" time="3.45"/>
  <testcase classname="com.zoetispets.Tests" name="PracticeDetail" time="3.669"/>
  <testcase classname="com.zoetispets.Tests" name="PracticeDetail" time="3.353"/>
  <testcase classname="com.zoetispets.Tests" name="PracticeDetail" time="3.388"/>
  <testcase classname="com.zoetispets.Tests" name="PracticeDetail" time="3.451"/>
  <testcase classname="com.zoetispets.Tests" name="PracticeDetail" time="3.514"/>
  <testcase classname="com.zoetispets.Tests" name="PracticeDetail" time="3.247"/>
  <testcase classname="com.zoetispets.Tests" name="PracticeDetail" time="3.446"/>
</testsuite> <!-- Surefire test -->
