<?xml version="1.0" encoding="UTF-8"?>
<!-- Generated by org.testng.reporters.JUnitXMLReporter -->
<testsuite ignored="0" hostname="runnervmwhb2z" failures="0" tests="30" name="Surefire test" time="42.322" errors="0" timestamp="2025-10-13T05:44:12 UTC">
  <testcase classname="com.zoetispets.Tests" name="PracticeDetail" time="1.704"/>
  <testcase classname="com.zoetispets.Tests" name="PracticeDetail" time="0.454"/>
  <testcase classname="com.zoetispets.Tests" name="PracticeDetail" time="0.3"/>
  <testcase classname="com.zoetispets.Tests" name="PracticeDetail" time="0.257"/>
  <testcase classname="com.zoetispets.Tests" name="PracticeDetail" time="0.288"/>
  <testcase classname="com.zoetispets.Tests" name="PracticeDetail" time="0.34"/>
  <testcase classname="com.zoetispets.Tests" name="PracticeDetail" time="0.209"/>
  <testcase classname="com.zoetispets.Tests" name="PracticeDetail" time="0.198"/>
  <testcase classname="com.zoetispets.Tests" name="PracticeDetail" time="0.24"/>
  <testcase classname="com.zoetispets.Tests" name="PracticeDetail" time="0.293"/>
  <testcase classname="com.zoetispets.Tests" name="PracticeDetail" time="1.851"/>
  <testcase classname="com.zoetispets.Tests" name="PracticeDetail" time="0.286"/>
  <testcase classname="com.zoetispets.Tests" name="PracticeDetail" time="0.347"/>
  <testcase classname="com.zoetispets.Tests" name="PracticeDetail" time="0.758"/>
  <testcase classname="com.zoetispets.Tests" name="PracticeDetail" time="0.407"/>
  <testcase classname="com.zoetispets.Tests" name="PracticeDetail" time="0.301"/>
  <testcase classname="com.zoetispets.Tests" name="PracticeDetail" time="0.928"/>
  <testcase classname="com.zoetispets.Tests" name="PracticeDetail" time="0.34"/>
  <testcase classname="com.zoetispets.Tests" name="PracticeDetail" time="0.33"/>
  <testcase classname="com.zoetispets.Tests" name="PracticeDetail" time="0.324"/>
  <testcase classname="com.zoetispets.Tests" name="PracticeDetail" time="0.38"/>
  <testcase classname="com.zoetispets.Tests" name="PracticeDetail" time="0.272"/>
  <testcase classname="com.zoetispets.Tests" name="PracticeDetail" time="0.285"/>
  <testcase classname="com.zoetispets.Tests" name="PracticeDetail" time="0.566"/>
  <testcase classname="com.zoetispets.Tests" name="PracticeDetail" time="0.378"/>
  <testcase classname="com.zoetispets.Tests" name="PracticeDetail" time="0.604"/>
  <testcase classname="com.zoetispets.Tests" name="PracticeDetail" time="0.859"/>
  <testcase classname="com.zoetispets.Tests" name="PracticeDetail" time="0.349"/>
  <testcase classname="com.zoetispets.Tests" name="PracticeDetail" time="0.399"/>
  <testcase classname="com.zoetispets.Tests" name="PracticeDetail" time="0.814"/>
</testsuite> <!-- Surefire test -->
