<?xml version="1.0" encoding="UTF-8"?>
<!-- Generated by org.testng.reporters.JUnitXMLReporter -->
<testsuite ignored="0" hostname="runnervm3jd5f" failures="0" tests="31" name="Surefire test" time="118.428" errors="0" timestamp="2026-07-18T07:16:31 UTC">
  <testcase classname="com.zoetispets.Tests" name="PracticeDetail" time="4.458"/>
  <testcase classname="com.zoetispets.Tests" name="PracticeDetail" time="4.378"/>
  <testcase classname="com.zoetispets.Tests" name="PracticeDetail" time="3.615"/>
  <testcase classname="com.zoetispets.Tests" name="PracticeDetail" time="3.522"/>
  <testcase classname="com.zoetispets.Tests" name="PracticeDetail" time="3.361"/>
  <testcase classname="com.zoetispets.Tests" name="PracticeDetail" time="3.342"/>
  <testcase classname="com.zoetispets.Tests" name="PracticeDetail" time="3.361"/>
  <testcase classname="com.zoetispets.Tests" name="PracticeDetail" time="3.249"/>
  <testcase classname="com.zoetispets.Tests" name="PracticeDetail" time="4.522"/>
  <testcase classname="com.zoetispets.Tests" name="PracticeDetail" time="3.626"/>
  <testcase classname="com.zoetispets.Tests" name="PracticeDetail" time="3.893"/>
  <testcase classname="com.zoetispets.Tests" name="PracticeDetail" time="3.094"/>
  <testcase classname="com.zoetispets.Tests" name="PracticeDetail" time="3.36"/>
  <testcase classname="com.zoetispets.Tests" name="PracticeDetail" time="3.384"/>
  <testcase classname="com.zoetispets.Tests" name="PracticeDetail" time="3.24"/>
  <testcase classname="com.zoetispets.Tests" name="PracticeDetail" time="3.379"/>
  <testcase classname="com.zoetispets.Tests" name="PracticeDetail" time="3.741"/>
  <testcase classname="com.zoetispets.Tests" name="PracticeDetail" time="4.055"/>
  <testcase classname="com.zoetispets.Tests" name="PracticeDetail" time="3.365"/>
  <testcase classname="com.zoetispets.Tests" name="PracticeDetail" time="4.173"/>
  <testcase classname="com.zoetispets.Tests" name="PracticeDetail" time="3.409"/>
  <testcase classname="com.zoetispets.Tests" name="PracticeDetail" time="3.946"/>
  <testcase classname="com.zoetispets.Tests" name="PracticeDetail" time="3.413"/>
  <testcase classname="com.zoetispets.Tests" name="PracticeDetail" time="3.212"/>
  <testcase classname="com.zoetispets.Tests" name="PracticeDetail" time="3.485"/>
  <testcase classname="com.zoetispets.Tests" name="PracticeDetail" time="3.459"/>
  <testcase classname="com.zoetispets.Tests" name="PracticeDetail" time="3.34"/>
  <testcase classname="com.zoetispets.Tests" name="PracticeDetail" time="3.221"/>
  <testcase classname="com.zoetispets.Tests" name="PracticeDetail" time="3.496"/>
  <testcase classname="com.zoetispets.Tests" name="PracticeDetail" time="3.209"/>
  <testcase classname="com.zoetispets.Tests" name="stageAuthTest" time="0.367"/>
</testsuite> <!-- Surefire test -->
