<?xml version="1.0" encoding="UTF-8"?>
<!-- Generated by org.testng.reporters.JUnitXMLReporter -->
<testsuite ignored="0" hostname="runnervmg397c" failures="0" tests="31" name="Surefire test" time="117.115" errors="0" timestamp="2026-05-26T08:51:23 UTC">
  <testcase classname="com.zoetispets.Tests" name="PracticeDetail" time="4.356"/>
  <testcase classname="com.zoetispets.Tests" name="PracticeDetail" time="3.407"/>
  <testcase classname="com.zoetispets.Tests" name="PracticeDetail" time="3.269"/>
  <testcase classname="com.zoetispets.Tests" name="PracticeDetail" time="3.394"/>
  <testcase classname="com.zoetispets.Tests" name="PracticeDetail" time="3.315"/>
  <testcase classname="com.zoetispets.Tests" name="PracticeDetail" time="3.312"/>
  <testcase classname="com.zoetispets.Tests" name="PracticeDetail" time="3.257"/>
  <testcase classname="com.zoetispets.Tests" name="PracticeDetail" time="3.275"/>
  <testcase classname="com.zoetispets.Tests" name="PracticeDetail" time="4.229"/>
  <testcase classname="com.zoetispets.Tests" name="PracticeDetail" time="3.642"/>
  <testcase classname="com.zoetispets.Tests" name="PracticeDetail" time="3.313"/>
  <testcase classname="com.zoetispets.Tests" name="PracticeDetail" time="3.257"/>
  <testcase classname="com.zoetispets.Tests" name="PracticeDetail" time="3.249"/>
  <testcase classname="com.zoetispets.Tests" name="PracticeDetail" time="3.416"/>
  <testcase classname="com.zoetispets.Tests" name="PracticeDetail" time="3.653"/>
  <testcase classname="com.zoetispets.Tests" name="PracticeDetail" time="3.27"/>
  <testcase classname="com.zoetispets.Tests" name="PracticeDetail" time="3.564"/>
  <testcase classname="com.zoetispets.Tests" name="PracticeDetail" time="3.765"/>
  <testcase classname="com.zoetispets.Tests" name="PracticeDetail" time="3.392"/>
  <testcase classname="com.zoetispets.Tests" name="PracticeDetail" time="5.053"/>
  <testcase classname="com.zoetispets.Tests" name="PracticeDetail" time="3.798"/>
  <testcase classname="com.zoetispets.Tests" name="PracticeDetail" time="3.419"/>
  <testcase classname="com.zoetispets.Tests" name="PracticeDetail" time="3.293"/>
  <testcase classname="com.zoetispets.Tests" name="PracticeDetail" time="3.232"/>
  <testcase classname="com.zoetispets.Tests" name="PracticeDetail" time="3.365"/>
  <testcase classname="com.zoetispets.Tests" name="PracticeDetail" time="3.348"/>
  <testcase classname="com.zoetispets.Tests" name="PracticeDetail" time="3.223"/>
  <testcase classname="com.zoetispets.Tests" name="PracticeDetail" time="3.223"/>
  <testcase classname="com.zoetispets.Tests" name="PracticeDetail" time="3.243"/>
  <testcase classname="com.zoetispets.Tests" name="PracticeDetail" time="3.231"/>
  <testcase classname="com.zoetispets.Tests" name="stageAuthTest" time="0.37"/>
</testsuite> <!-- Surefire test -->
