<?xml version="1.0" encoding="UTF-8"?>
<testng-results ignored="0" total="1" passed="1" failed="0" skipped="0">
  <reporter-output>
  </reporter-output>
  <suite started-at="2026-05-11T12:39:04 TRT" name="Surefire suite" finished-at="2026-05-11T12:39:14 TRT" duration-ms="10413">
    <groups>
    </groups>
    <test started-at="2026-05-11T12:39:04 TRT" name="Surefire test" finished-at="2026-05-11T12:39:14 TRT" duration-ms="10413">
      <class name="com.zoetispets.Tests">
        <test-method is-config="true" signature="setUp()[pri:0, instance:com.zoetispets.Tests@2c767a52]" started-at="2026-05-11T12:39:04 TRT" name="setUp" finished-at="2026-05-11T12:39:13 TRT" duration-ms="9371" status="PASS">
          <reporter-output>
          </reporter-output>
        </test-method> <!-- setUp -->
        <test-method signature="stageAuthTest()[pri:2, instance:com.zoetispets.Tests@2c767a52]" started-at="2026-05-11T12:39:13 TRT" name="stageAuthTest" finished-at="2026-05-11T12:39:13 TRT" duration-ms="268" status="PASS">
          <reporter-output>
          </reporter-output>
        </test-method> <!-- stageAuthTest -->
        <test-method is-config="true" signature="tearDown()[pri:0, instance:com.zoetispets.Tests@2c767a52]" started-at="2026-05-11T12:39:13 TRT" name="tearDown" finished-at="2026-05-11T12:39:14 TRT" duration-ms="717" status="PASS">
          <reporter-output>
          </reporter-output>
        </test-method> <!-- tearDown -->
      </class> <!-- com.zoetispets.Tests -->
    </test> <!-- Surefire test -->
  </suite> <!-- Surefire suite -->
</testng-results>
