<?xml version="1.0" encoding="UTF-8"?>
<testng-results ignored="0" total="9" passed="9" failed="0" skipped="0">
  <reporter-output>
  </reporter-output>
  <suite started-at="2025-08-13T12:03:01 UTC" name="ZoetisPetsCheckSuite" finished-at="2025-08-13T12:03:17 UTC" duration-ms="16260">
    <groups>
    </groups>
    <test started-at="2025-08-13T12:03:01 UTC" name="ZoetisPetsCheckTests" finished-at="2025-08-13T12:03:17 UTC" duration-ms="16260">
      <class name="com.zoetispets.Tests">
        <test-method is-config="true" signature="setUp()[pri:0, instance:com.zoetispets.Tests@67a20f67]" started-at="2025-08-13T12:03:01 UTC" name="setUp" finished-at="2025-08-13T12:03:13 UTC" duration-ms="11964" status="PASS">
          <reporter-output>
          </reporter-output>
        </test-method> <!-- setUp -->
        <test-method signature="PracticeDetail(java.lang.String,java.lang.String)[pri:1, instance:com.zoetispets.Tests@67a20f67]" started-at="2025-08-13T12:03:13 UTC" name="PracticeDetail" data-provider="zoetispetsV2Locals" finished-at="2025-08-13T12:03:14 UTC" duration-ms="1404" status="PASS">
          <params>
            <param index="0">
              <value>
                <![CDATA[https://www.zoetispets.com/en-gb/]]>
              </value>
            </param>
            <param index="1">
              <value>
                <![CDATA[Zoetis Pets UK]]>
              </value>
            </param>
          </params>
          <reporter-output>
          </reporter-output>
        </test-method> <!-- PracticeDetail -->
        <test-method signature="PracticeDetail(java.lang.String,java.lang.String)[pri:1, instance:com.zoetispets.Tests@67a20f67]" started-at="2025-08-13T12:03:14 UTC" name="PracticeDetail" data-provider="zoetispetsV2Locals" finished-at="2025-08-13T12:03:15 UTC" duration-ms="374" status="PASS">
          <params>
            <param index="0">
              <value>
                <![CDATA[https://www.zoetispets.com/en-au/]]>
              </value>
            </param>
            <param index="1">
              <value>
                <![CDATA[Zoetis Pets AU]]>
              </value>
            </param>
          </params>
          <reporter-output>
          </reporter-output>
        </test-method> <!-- PracticeDetail -->
        <test-method signature="PracticeDetail(java.lang.String,java.lang.String)[pri:1, instance:com.zoetispets.Tests@67a20f67]" started-at="2025-08-13T12:03:15 UTC" name="PracticeDetail" data-provider="zoetispetsV2Locals" finished-at="2025-08-13T12:03:15 UTC" duration-ms="281" status="PASS">
          <params>
            <param index="0">
              <value>
                <![CDATA[https://www.zoetispets.com/de-de/]]>
              </value>
            </param>
            <param index="1">
              <value>
                <![CDATA[Zoetis Pets DE]]>
              </value>
            </param>
          </params>
          <reporter-output>
          </reporter-output>
        </test-method> <!-- PracticeDetail -->
        <test-method signature="PracticeDetail(java.lang.String,java.lang.String)[pri:1, instance:com.zoetispets.Tests@67a20f67]" started-at="2025-08-13T12:03:15 UTC" name="PracticeDetail" data-provider="zoetispetsV2Locals" finished-at="2025-08-13T12:03:15 UTC" duration-ms="301" status="PASS">
          <params>
            <param index="0">
              <value>
                <![CDATA[https://www.zoetispets.com/it-it/]]>
              </value>
            </param>
            <param index="1">
              <value>
                <![CDATA[Zoetis Pets IT]]>
              </value>
            </param>
          </params>
          <reporter-output>
          </reporter-output>
        </test-method> <!-- PracticeDetail -->
        <test-method signature="PracticeDetail(java.lang.String,java.lang.String)[pri:1, instance:com.zoetispets.Tests@67a20f67]" started-at="2025-08-13T12:03:15 UTC" name="PracticeDetail" data-provider="zoetispetsV2Locals" finished-at="2025-08-13T12:03:16 UTC" duration-ms="311" status="PASS">
          <params>
            <param index="0">
              <value>
                <![CDATA[https://www.zoetispets.com/es-es/]]>
              </value>
            </param>
            <param index="1">
              <value>
                <![CDATA[Zoetis Pets ES]]>
              </value>
            </param>
          </params>
          <reporter-output>
          </reporter-output>
        </test-method> <!-- PracticeDetail -->
        <test-method signature="PracticeDetail(java.lang.String,java.lang.String)[pri:1, instance:com.zoetispets.Tests@67a20f67]" started-at="2025-08-13T12:03:16 UTC" name="PracticeDetail" data-provider="zoetispetsV2Locals" finished-at="2025-08-13T12:03:16 UTC" duration-ms="302" status="PASS">
          <params>
            <param index="0">
              <value>
                <![CDATA[https://www.zoetispets.com/pl-pl/]]>
              </value>
            </param>
            <param index="1">
              <value>
                <![CDATA[Zoetis Pets PL]]>
              </value>
            </param>
          </params>
          <reporter-output>
          </reporter-output>
        </test-method> <!-- PracticeDetail -->
        <test-method signature="PracticeDetail(java.lang.String,java.lang.String)[pri:1, instance:com.zoetispets.Tests@67a20f67]" started-at="2025-08-13T12:03:16 UTC" name="PracticeDetail" data-provider="zoetispetsV2Locals" finished-at="2025-08-13T12:03:16 UTC" duration-ms="283" status="PASS">
          <params>
            <param index="0">
              <value>
                <![CDATA[https://www.zoetispets.com/en-ca/]]>
              </value>
            </param>
            <param index="1">
              <value>
                <![CDATA[Zoetis Pets CA]]>
              </value>
            </param>
          </params>
          <reporter-output>
          </reporter-output>
        </test-method> <!-- PracticeDetail -->
        <test-method signature="PracticeDetail(java.lang.String,java.lang.String)[pri:1, instance:com.zoetispets.Tests@67a20f67]" started-at="2025-08-13T12:03:16 UTC" name="PracticeDetail" data-provider="zoetispetsV2Locals" finished-at="2025-08-13T12:03:17 UTC" duration-ms="290" status="PASS">
          <params>
            <param index="0">
              <value>
                <![CDATA[https://www.zoetispets.com/fr-ca/]]>
              </value>
            </param>
            <param index="1">
              <value>
                <![CDATA[Zoetis Pets CA]]>
              </value>
            </param>
          </params>
          <reporter-output>
          </reporter-output>
        </test-method> <!-- PracticeDetail -->
        <test-method signature="PracticeDetail(java.lang.String,java.lang.String)[pri:1, instance:com.zoetispets.Tests@67a20f67]" started-at="2025-08-13T12:03:17 UTC" name="PracticeDetail" data-provider="zoetispetsV2Locals" finished-at="2025-08-13T12:03:17 UTC" duration-ms="280" status="PASS">
          <params>
            <param index="0">
              <value>
                <![CDATA[https://www.zoetispets.com/fr-fr/]]>
              </value>
            </param>
            <param index="1">
              <value>
                <![CDATA[Zoetis Pets FR]]>
              </value>
            </param>
          </params>
          <reporter-output>
          </reporter-output>
        </test-method> <!-- PracticeDetail -->
        <test-method is-config="true" signature="tearDown()[pri:0, instance:com.zoetispets.Tests@67a20f67]" started-at="2025-08-13T12:03:17 UTC" name="tearDown" finished-at="2025-08-13T12:03:17 UTC" duration-ms="433" status="PASS">
          <reporter-output>
          </reporter-output>
        </test-method> <!-- tearDown -->
      </class> <!-- com.zoetispets.Tests -->
    </test> <!-- ZoetisPetsCheckTests -->
  </suite> <!-- ZoetisPetsCheckSuite -->
</testng-results>
