<?xml version="1.0" encoding="UTF-8"?>
<!-- Generated by org.testng.reporters.JUnitReportReporter -->
<testsuite hostname="runnervmf2e7y" failures="0" tests="30" name="com.zoetispets.Tests" time="20.571" errors="0" timestamp="2025-11-02T05:43:18 UTC" skipped="0">
  <testcase classname="com.zoetispets.Tests" name="PracticeDetail" time="0.779"/>
  <testcase classname="com.zoetispets.Tests" name="PracticeDetail" time="1.510"/>
  <testcase classname="com.zoetispets.Tests" name="PracticeDetail" time="0.712"/>
  <testcase classname="com.zoetispets.Tests" name="PracticeDetail" time="0.711"/>
  <testcase classname="com.zoetispets.Tests" name="PracticeDetail" time="0.257"/>
  <testcase classname="com.zoetispets.Tests" name="PracticeDetail" time="0.258"/>
  <testcase classname="com.zoetispets.Tests" name="PracticeDetail" time="0.408"/>
  <testcase classname="com.zoetispets.Tests" name="PracticeDetail" time="0.755"/>
  <testcase classname="com.zoetispets.Tests" name="PracticeDetail" time="0.568"/>
  <testcase classname="com.zoetispets.Tests" name="PracticeDetail" time="1.548"/>
  <testcase classname="com.zoetispets.Tests" name="PracticeDetail" time="0.254"/>
  <testcase classname="com.zoetispets.Tests" name="PracticeDetail" time="0.245"/>
  <testcase classname="com.zoetispets.Tests" name="PracticeDetail" time="0.622"/>
  <testcase classname="com.zoetispets.Tests" name="PracticeDetail" time="0.302"/>
  <testcase classname="com.zoetispets.Tests" name="PracticeDetail" time="0.417"/>
  <testcase classname="com.zoetispets.Tests" name="PracticeDetail" time="0.579"/>
  <testcase classname="com.zoetispets.Tests" name="PracticeDetail" time="0.513"/>
  <testcase classname="com.zoetispets.Tests" name="PracticeDetail" time="0.941"/>
  <testcase classname="com.zoetispets.Tests" name="PracticeDetail" time="0.589"/>
  <testcase classname="com.zoetispets.Tests" name="PracticeDetail" time="1.062"/>
  <testcase classname="com.zoetispets.Tests" name="PracticeDetail" time="0.531"/>
  <testcase classname="com.zoetispets.Tests" name="PracticeDetail" time="0.715"/>
  <testcase classname="com.zoetispets.Tests" name="PracticeDetail" time="0.787"/>
  <testcase classname="com.zoetispets.Tests" name="PracticeDetail" time="1.120"/>
  <testcase classname="com.zoetispets.Tests" name="PracticeDetail" time="0.969"/>
  <testcase classname="com.zoetispets.Tests" name="PracticeDetail" time="0.470"/>
  <testcase classname="com.zoetispets.Tests" name="PracticeDetail" time="0.262"/>
  <testcase classname="com.zoetispets.Tests" name="PracticeDetail" time="0.282"/>
  <testcase classname="com.zoetispets.Tests" name="PracticeDetail" time="0.556"/>
  <testcase classname="com.zoetispets.Tests" name="PracticeDetail" time="1.849"/>
</testsuite> <!-- com.zoetispets.Tests -->
