<?xml version="1.0" encoding="UTF-8"?>
<!-- Generated by org.testng.reporters.JUnitReportReporter -->
<testsuite hostname="runnervm7b5n9" failures="0" tests="31" name="com.zoetispets.Tests" time="107.249" errors="0" timestamp="2026-06-24T08:41:16 UTC" skipped="0">
  <testcase classname="com.zoetispets.Tests" name="PracticeDetail" time="3.375"/>
  <testcase classname="com.zoetispets.Tests" name="PracticeDetail" time="3.427"/>
  <testcase classname="com.zoetispets.Tests" name="PracticeDetail" time="3.226"/>
  <testcase classname="com.zoetispets.Tests" name="PracticeDetail" time="3.366"/>
  <testcase classname="com.zoetispets.Tests" name="PracticeDetail" time="3.243"/>
  <testcase classname="com.zoetispets.Tests" name="PracticeDetail" time="3.649"/>
  <testcase classname="com.zoetispets.Tests" name="PracticeDetail" time="3.247"/>
  <testcase classname="com.zoetispets.Tests" name="PracticeDetail" time="3.232"/>
  <testcase classname="com.zoetispets.Tests" name="PracticeDetail" time="3.605"/>
  <testcase classname="com.zoetispets.Tests" name="PracticeDetail" time="3.262"/>
  <testcase classname="com.zoetispets.Tests" name="PracticeDetail" time="3.658"/>
  <testcase classname="com.zoetispets.Tests" name="PracticeDetail" time="3.264"/>
  <testcase classname="com.zoetispets.Tests" name="PracticeDetail" time="4.060"/>
  <testcase classname="com.zoetispets.Tests" name="PracticeDetail" time="3.359"/>
  <testcase classname="com.zoetispets.Tests" name="PracticeDetail" time="4.799"/>
  <testcase classname="com.zoetispets.Tests" name="PracticeDetail" time="3.377"/>
  <testcase classname="com.zoetispets.Tests" name="PracticeDetail" time="3.696"/>
  <testcase classname="com.zoetispets.Tests" name="PracticeDetail" time="4.815"/>
  <testcase classname="com.zoetispets.Tests" name="PracticeDetail" time="3.501"/>
  <testcase classname="com.zoetispets.Tests" name="PracticeDetail" time="3.359"/>
  <testcase classname="com.zoetispets.Tests" name="PracticeDetail" time="3.552"/>
  <testcase classname="com.zoetispets.Tests" name="PracticeDetail" time="3.250"/>
  <testcase classname="com.zoetispets.Tests" name="PracticeDetail" time="3.505"/>
  <testcase classname="com.zoetispets.Tests" name="PracticeDetail" time="3.411"/>
  <testcase classname="com.zoetispets.Tests" name="PracticeDetail" time="3.392"/>
  <testcase classname="com.zoetispets.Tests" name="PracticeDetail" time="3.431"/>
  <testcase classname="com.zoetispets.Tests" name="PracticeDetail" time="3.324"/>
  <testcase classname="com.zoetispets.Tests" name="PracticeDetail" time="4.021"/>
  <testcase classname="com.zoetispets.Tests" name="PracticeDetail" time="3.486"/>
  <testcase classname="com.zoetispets.Tests" name="PracticeDetail" time="3.972"/>
  <testcase classname="com.zoetispets.Tests" name="stageAuthTest" time="0.385"/>
</testsuite> <!-- com.zoetispets.Tests -->
