<?xml version="1.0" encoding="UTF-8"?>
<!-- Generated by org.testng.reporters.JUnitReportReporter -->
<testsuite hostname="runnervmmtnos" failures="0" tests="30" name="com.zoetispets.Tests" time="20.682" errors="0" timestamp="2026-01-17T05:45:37 UTC" skipped="0">
  <testcase classname="com.zoetispets.Tests" name="PracticeDetail" time="0.591"/>
  <testcase classname="com.zoetispets.Tests" name="PracticeDetail" time="0.306"/>
  <testcase classname="com.zoetispets.Tests" name="PracticeDetail" time="0.699"/>
  <testcase classname="com.zoetispets.Tests" name="PracticeDetail" time="0.351"/>
  <testcase classname="com.zoetispets.Tests" name="PracticeDetail" time="0.278"/>
  <testcase classname="com.zoetispets.Tests" name="PracticeDetail" time="0.271"/>
  <testcase classname="com.zoetispets.Tests" name="PracticeDetail" time="0.490"/>
  <testcase classname="com.zoetispets.Tests" name="PracticeDetail" time="0.747"/>
  <testcase classname="com.zoetispets.Tests" name="PracticeDetail" time="0.614"/>
  <testcase classname="com.zoetispets.Tests" name="PracticeDetail" time="2.363"/>
  <testcase classname="com.zoetispets.Tests" name="PracticeDetail" time="0.256"/>
  <testcase classname="com.zoetispets.Tests" name="PracticeDetail" time="0.380"/>
  <testcase classname="com.zoetispets.Tests" name="PracticeDetail" time="0.262"/>
  <testcase classname="com.zoetispets.Tests" name="PracticeDetail" time="0.878"/>
  <testcase classname="com.zoetispets.Tests" name="PracticeDetail" time="0.625"/>
  <testcase classname="com.zoetispets.Tests" name="PracticeDetail" time="0.848"/>
  <testcase classname="com.zoetispets.Tests" name="PracticeDetail" time="0.626"/>
  <testcase classname="com.zoetispets.Tests" name="PracticeDetail" time="2.068"/>
  <testcase classname="com.zoetispets.Tests" name="PracticeDetail" time="0.683"/>
  <testcase classname="com.zoetispets.Tests" name="PracticeDetail" time="0.906"/>
  <testcase classname="com.zoetispets.Tests" name="PracticeDetail" time="0.688"/>
  <testcase classname="com.zoetispets.Tests" name="PracticeDetail" time="0.705"/>
  <testcase classname="com.zoetispets.Tests" name="PracticeDetail" time="0.767"/>
  <testcase classname="com.zoetispets.Tests" name="PracticeDetail" time="0.589"/>
  <testcase classname="com.zoetispets.Tests" name="PracticeDetail" time="0.922"/>
  <testcase classname="com.zoetispets.Tests" name="PracticeDetail" time="0.250"/>
  <testcase classname="com.zoetispets.Tests" name="PracticeDetail" time="0.264"/>
  <testcase classname="com.zoetispets.Tests" name="PracticeDetail" time="0.397"/>
  <testcase classname="com.zoetispets.Tests" name="PracticeDetail" time="0.871"/>
  <testcase classname="com.zoetispets.Tests" name="PracticeDetail" time="0.987"/>
</testsuite> <!-- com.zoetispets.Tests -->
