<?xml version="1.0" encoding="UTF-8"?>
<!-- Generated by org.testng.reporters.JUnitReportReporter -->
<testsuite hostname="runnervmi13qx" failures="0" tests="30" name="com.zoetispets.Tests" time="24.022" errors="0" timestamp="2026-01-14T05:51:14 UTC" skipped="0">
  <testcase classname="com.zoetispets.Tests" name="PracticeDetail" time="0.686"/>
  <testcase classname="com.zoetispets.Tests" name="PracticeDetail" time="0.345"/>
  <testcase classname="com.zoetispets.Tests" name="PracticeDetail" time="0.677"/>
  <testcase classname="com.zoetispets.Tests" name="PracticeDetail" time="1.130"/>
  <testcase classname="com.zoetispets.Tests" name="PracticeDetail" time="0.261"/>
  <testcase classname="com.zoetispets.Tests" name="PracticeDetail" time="0.269"/>
  <testcase classname="com.zoetispets.Tests" name="PracticeDetail" time="0.309"/>
  <testcase classname="com.zoetispets.Tests" name="PracticeDetail" time="0.751"/>
  <testcase classname="com.zoetispets.Tests" name="PracticeDetail" time="0.382"/>
  <testcase classname="com.zoetispets.Tests" name="PracticeDetail" time="3.908"/>
  <testcase classname="com.zoetispets.Tests" name="PracticeDetail" time="0.272"/>
  <testcase classname="com.zoetispets.Tests" name="PracticeDetail" time="0.259"/>
  <testcase classname="com.zoetispets.Tests" name="PracticeDetail" time="0.258"/>
  <testcase classname="com.zoetispets.Tests" name="PracticeDetail" time="0.734"/>
  <testcase classname="com.zoetispets.Tests" name="PracticeDetail" time="0.733"/>
  <testcase classname="com.zoetispets.Tests" name="PracticeDetail" time="0.719"/>
  <testcase classname="com.zoetispets.Tests" name="PracticeDetail" time="0.390"/>
  <testcase classname="com.zoetispets.Tests" name="PracticeDetail" time="0.745"/>
  <testcase classname="com.zoetispets.Tests" name="PracticeDetail" time="2.922"/>
  <testcase classname="com.zoetispets.Tests" name="PracticeDetail" time="0.698"/>
  <testcase classname="com.zoetispets.Tests" name="PracticeDetail" time="0.518"/>
  <testcase classname="com.zoetispets.Tests" name="PracticeDetail" time="0.667"/>
  <testcase classname="com.zoetispets.Tests" name="PracticeDetail" time="0.693"/>
  <testcase classname="com.zoetispets.Tests" name="PracticeDetail" time="0.260"/>
  <testcase classname="com.zoetispets.Tests" name="PracticeDetail" time="0.686"/>
  <testcase classname="com.zoetispets.Tests" name="PracticeDetail" time="0.367"/>
  <testcase classname="com.zoetispets.Tests" name="PracticeDetail" time="0.230"/>
  <testcase classname="com.zoetispets.Tests" name="PracticeDetail" time="0.257"/>
  <testcase classname="com.zoetispets.Tests" name="PracticeDetail" time="0.697"/>
  <testcase classname="com.zoetispets.Tests" name="PracticeDetail" time="3.199"/>
</testsuite> <!-- com.zoetispets.Tests -->
