<?xml version="1.0" encoding="UTF-8"?>
<!-- Generated by org.testng.reporters.JUnitReportReporter -->
<testsuite hostname="runnervmkkn4f" failures="0" tests="31" name="com.zoetispets.Tests" time="109.734" errors="0" timestamp="2026-07-01T09:01:33 UTC" skipped="0">
  <testcase classname="com.zoetispets.Tests" name="PracticeDetail" time="3.670"/>
  <testcase classname="com.zoetispets.Tests" name="PracticeDetail" time="4.090"/>
  <testcase classname="com.zoetispets.Tests" name="PracticeDetail" time="4.487"/>
  <testcase classname="com.zoetispets.Tests" name="PracticeDetail" time="3.513"/>
  <testcase classname="com.zoetispets.Tests" name="PracticeDetail" time="3.297"/>
  <testcase classname="com.zoetispets.Tests" name="PracticeDetail" time="3.594"/>
  <testcase classname="com.zoetispets.Tests" name="PracticeDetail" time="3.669"/>
  <testcase classname="com.zoetispets.Tests" name="PracticeDetail" time="3.501"/>
  <testcase classname="com.zoetispets.Tests" name="PracticeDetail" time="4.335"/>
  <testcase classname="com.zoetispets.Tests" name="PracticeDetail" time="3.440"/>
  <testcase classname="com.zoetispets.Tests" name="PracticeDetail" time="3.102"/>
  <testcase classname="com.zoetispets.Tests" name="PracticeDetail" time="3.465"/>
  <testcase classname="com.zoetispets.Tests" name="PracticeDetail" time="3.447"/>
  <testcase classname="com.zoetispets.Tests" name="PracticeDetail" time="3.975"/>
  <testcase classname="com.zoetispets.Tests" name="PracticeDetail" time="4.060"/>
  <testcase classname="com.zoetispets.Tests" name="PracticeDetail" time="3.679"/>
  <testcase classname="com.zoetispets.Tests" name="PracticeDetail" time="3.243"/>
  <testcase classname="com.zoetispets.Tests" name="PracticeDetail" time="3.617"/>
  <testcase classname="com.zoetispets.Tests" name="PracticeDetail" time="3.252"/>
  <testcase classname="com.zoetispets.Tests" name="PracticeDetail" time="3.455"/>
  <testcase classname="com.zoetispets.Tests" name="PracticeDetail" time="3.433"/>
  <testcase classname="com.zoetispets.Tests" name="PracticeDetail" time="3.314"/>
  <testcase classname="com.zoetispets.Tests" name="PracticeDetail" time="4.480"/>
  <testcase classname="com.zoetispets.Tests" name="PracticeDetail" time="3.491"/>
  <testcase classname="com.zoetispets.Tests" name="PracticeDetail" time="3.449"/>
  <testcase classname="com.zoetispets.Tests" name="PracticeDetail" time="3.671"/>
  <testcase classname="com.zoetispets.Tests" name="PracticeDetail" time="3.879"/>
  <testcase classname="com.zoetispets.Tests" name="PracticeDetail" time="3.512"/>
  <testcase classname="com.zoetispets.Tests" name="PracticeDetail" time="3.477"/>
  <testcase classname="com.zoetispets.Tests" name="PracticeDetail" time="3.462"/>
  <testcase classname="com.zoetispets.Tests" name="stageAuthTest" time="0.675"/>
</testsuite> <!-- com.zoetispets.Tests -->
