<?xml version="1.0" encoding="UTF-8"?>
<!-- Generated by org.testng.reporters.JUnitReportReporter -->
<testsuite hostname="runnervm727z3" failures="0" tests="30" name="com.zoetispets.Tests" time="106.106" errors="0" timestamp="2026-04-04T06:38:43 UTC" skipped="0">
  <testcase classname="com.zoetispets.Tests" name="PracticeDetail" time="3.468"/>
  <testcase classname="com.zoetispets.Tests" name="PracticeDetail" time="3.294"/>
  <testcase classname="com.zoetispets.Tests" name="PracticeDetail" time="3.280"/>
  <testcase classname="com.zoetispets.Tests" name="PracticeDetail" time="4.125"/>
  <testcase classname="com.zoetispets.Tests" name="PracticeDetail" time="4.251"/>
  <testcase classname="com.zoetispets.Tests" name="PracticeDetail" time="3.251"/>
  <testcase classname="com.zoetispets.Tests" name="PracticeDetail" time="3.258"/>
  <testcase classname="com.zoetispets.Tests" name="PracticeDetail" time="3.281"/>
  <testcase classname="com.zoetispets.Tests" name="PracticeDetail" time="3.322"/>
  <testcase classname="com.zoetispets.Tests" name="PracticeDetail" time="3.327"/>
  <testcase classname="com.zoetispets.Tests" name="PracticeDetail" time="3.268"/>
  <testcase classname="com.zoetispets.Tests" name="PracticeDetail" time="3.546"/>
  <testcase classname="com.zoetispets.Tests" name="PracticeDetail" time="3.262"/>
  <testcase classname="com.zoetispets.Tests" name="PracticeDetail" time="3.695"/>
  <testcase classname="com.zoetispets.Tests" name="PracticeDetail" time="4.055"/>
  <testcase classname="com.zoetispets.Tests" name="PracticeDetail" time="3.481"/>
  <testcase classname="com.zoetispets.Tests" name="PracticeDetail" time="3.596"/>
  <testcase classname="com.zoetispets.Tests" name="PracticeDetail" time="3.498"/>
  <testcase classname="com.zoetispets.Tests" name="PracticeDetail" time="3.359"/>
  <testcase classname="com.zoetispets.Tests" name="PracticeDetail" time="3.460"/>
  <testcase classname="com.zoetispets.Tests" name="PracticeDetail" time="4.526"/>
  <testcase classname="com.zoetispets.Tests" name="PracticeDetail" time="3.321"/>
  <testcase classname="com.zoetispets.Tests" name="PracticeDetail" time="3.768"/>
  <testcase classname="com.zoetispets.Tests" name="PracticeDetail" time="3.303"/>
  <testcase classname="com.zoetispets.Tests" name="PracticeDetail" time="3.266"/>
  <testcase classname="com.zoetispets.Tests" name="PracticeDetail" time="4.469"/>
  <testcase classname="com.zoetispets.Tests" name="PracticeDetail" time="3.331"/>
  <testcase classname="com.zoetispets.Tests" name="PracticeDetail" time="3.416"/>
  <testcase classname="com.zoetispets.Tests" name="PracticeDetail" time="3.246"/>
  <testcase classname="com.zoetispets.Tests" name="PracticeDetail" time="3.383"/>
</testsuite> <!-- com.zoetispets.Tests -->
