<?xml version="1.0" encoding="UTF-8"?>
<!-- Generated by org.testng.reporters.JUnitReportReporter -->
<testsuite hostname="runnervmymu0l" failures="0" tests="30" name="com.zoetispets.Tests" time="104.266" errors="0" timestamp="2026-01-27T12:55:59 UTC" skipped="0">
  <testcase classname="com.zoetispets.Tests" name="PracticeDetail" time="3.390"/>
  <testcase classname="com.zoetispets.Tests" name="PracticeDetail" time="3.851"/>
  <testcase classname="com.zoetispets.Tests" name="PracticeDetail" time="3.476"/>
  <testcase classname="com.zoetispets.Tests" name="PracticeDetail" time="3.204"/>
  <testcase classname="com.zoetispets.Tests" name="PracticeDetail" time="3.334"/>
  <testcase classname="com.zoetispets.Tests" name="PracticeDetail" time="3.322"/>
  <testcase classname="com.zoetispets.Tests" name="PracticeDetail" time="3.367"/>
  <testcase classname="com.zoetispets.Tests" name="PracticeDetail" time="3.342"/>
  <testcase classname="com.zoetispets.Tests" name="PracticeDetail" time="3.417"/>
  <testcase classname="com.zoetispets.Tests" name="PracticeDetail" time="4.307"/>
  <testcase classname="com.zoetispets.Tests" name="PracticeDetail" time="4.017"/>
  <testcase classname="com.zoetispets.Tests" name="PracticeDetail" time="3.344"/>
  <testcase classname="com.zoetispets.Tests" name="PracticeDetail" time="3.307"/>
  <testcase classname="com.zoetispets.Tests" name="PracticeDetail" time="3.248"/>
  <testcase classname="com.zoetispets.Tests" name="PracticeDetail" time="3.359"/>
  <testcase classname="com.zoetispets.Tests" name="PracticeDetail" time="3.252"/>
  <testcase classname="com.zoetispets.Tests" name="PracticeDetail" time="3.734"/>
  <testcase classname="com.zoetispets.Tests" name="PracticeDetail" time="3.283"/>
  <testcase classname="com.zoetispets.Tests" name="PracticeDetail" time="3.649"/>
  <testcase classname="com.zoetispets.Tests" name="PracticeDetail" time="3.223"/>
  <testcase classname="com.zoetispets.Tests" name="PracticeDetail" time="3.450"/>
  <testcase classname="com.zoetispets.Tests" name="PracticeDetail" time="3.327"/>
  <testcase classname="com.zoetispets.Tests" name="PracticeDetail" time="3.603"/>
  <testcase classname="com.zoetispets.Tests" name="PracticeDetail" time="3.781"/>
  <testcase classname="com.zoetispets.Tests" name="PracticeDetail" time="3.365"/>
  <testcase classname="com.zoetispets.Tests" name="PracticeDetail" time="3.243"/>
  <testcase classname="com.zoetispets.Tests" name="PracticeDetail" time="3.351"/>
  <testcase classname="com.zoetispets.Tests" name="PracticeDetail" time="3.260"/>
  <testcase classname="com.zoetispets.Tests" name="PracticeDetail" time="3.574"/>
  <testcase classname="com.zoetispets.Tests" name="PracticeDetail" time="3.886"/>
</testsuite> <!-- com.zoetispets.Tests -->
