<?xml version="1.0" encoding="UTF-8"?>
<!-- Generated by org.testng.reporters.JUnitReportReporter -->
<testsuite hostname="runnervmkj6or" failures="0" tests="30" name="com.zoetispets.Tests" time="109.351" errors="0" timestamp="2026-02-03T06:12:54 UTC" skipped="0">
  <testcase classname="com.zoetispets.Tests" name="PracticeDetail" time="3.288"/>
  <testcase classname="com.zoetispets.Tests" name="PracticeDetail" time="4.010"/>
  <testcase classname="com.zoetispets.Tests" name="PracticeDetail" time="3.365"/>
  <testcase classname="com.zoetispets.Tests" name="PracticeDetail" time="5.150"/>
  <testcase classname="com.zoetispets.Tests" name="PracticeDetail" time="4.103"/>
  <testcase classname="com.zoetispets.Tests" name="PracticeDetail" time="3.604"/>
  <testcase classname="com.zoetispets.Tests" name="PracticeDetail" time="3.654"/>
  <testcase classname="com.zoetispets.Tests" name="PracticeDetail" time="3.341"/>
  <testcase classname="com.zoetispets.Tests" name="PracticeDetail" time="3.311"/>
  <testcase classname="com.zoetispets.Tests" name="PracticeDetail" time="3.579"/>
  <testcase classname="com.zoetispets.Tests" name="PracticeDetail" time="3.316"/>
  <testcase classname="com.zoetispets.Tests" name="PracticeDetail" time="3.321"/>
  <testcase classname="com.zoetispets.Tests" name="PracticeDetail" time="3.436"/>
  <testcase classname="com.zoetispets.Tests" name="PracticeDetail" time="3.353"/>
  <testcase classname="com.zoetispets.Tests" name="PracticeDetail" time="3.711"/>
  <testcase classname="com.zoetispets.Tests" name="PracticeDetail" time="3.690"/>
  <testcase classname="com.zoetispets.Tests" name="PracticeDetail" time="3.598"/>
  <testcase classname="com.zoetispets.Tests" name="PracticeDetail" time="3.470"/>
  <testcase classname="com.zoetispets.Tests" name="PracticeDetail" time="3.346"/>
  <testcase classname="com.zoetispets.Tests" name="PracticeDetail" time="3.656"/>
  <testcase classname="com.zoetispets.Tests" name="PracticeDetail" time="4.962"/>
  <testcase classname="com.zoetispets.Tests" name="PracticeDetail" time="3.548"/>
  <testcase classname="com.zoetispets.Tests" name="PracticeDetail" time="4.031"/>
  <testcase classname="com.zoetispets.Tests" name="PracticeDetail" time="3.680"/>
  <testcase classname="com.zoetispets.Tests" name="PracticeDetail" time="3.370"/>
  <testcase classname="com.zoetispets.Tests" name="PracticeDetail" time="3.359"/>
  <testcase classname="com.zoetispets.Tests" name="PracticeDetail" time="3.393"/>
  <testcase classname="com.zoetispets.Tests" name="PracticeDetail" time="3.329"/>
  <testcase classname="com.zoetispets.Tests" name="PracticeDetail" time="3.403"/>
  <testcase classname="com.zoetispets.Tests" name="PracticeDetail" time="3.974"/>
</testsuite> <!-- com.zoetispets.Tests -->
