<?xml version="1.0" encoding="UTF-8"?>
<!-- Generated by org.testng.reporters.JUnitReportReporter -->
<testsuite hostname="runnervm5mmn9" failures="0" tests="31" name="com.zoetispets.Tests" time="106.092" errors="0" timestamp="2026-07-14T07:27:37 UTC" skipped="0">
  <testcase classname="com.zoetispets.Tests" name="PracticeDetail" time="3.256"/>
  <testcase classname="com.zoetispets.Tests" name="PracticeDetail" time="3.868"/>
  <testcase classname="com.zoetispets.Tests" name="PracticeDetail" time="3.786"/>
  <testcase classname="com.zoetispets.Tests" name="PracticeDetail" time="3.230"/>
  <testcase classname="com.zoetispets.Tests" name="PracticeDetail" time="3.314"/>
  <testcase classname="com.zoetispets.Tests" name="PracticeDetail" time="3.307"/>
  <testcase classname="com.zoetispets.Tests" name="PracticeDetail" time="3.248"/>
  <testcase classname="com.zoetispets.Tests" name="PracticeDetail" time="3.693"/>
  <testcase classname="com.zoetispets.Tests" name="PracticeDetail" time="3.242"/>
  <testcase classname="com.zoetispets.Tests" name="PracticeDetail" time="3.235"/>
  <testcase classname="com.zoetispets.Tests" name="PracticeDetail" time="3.242"/>
  <testcase classname="com.zoetispets.Tests" name="PracticeDetail" time="4.191"/>
  <testcase classname="com.zoetispets.Tests" name="PracticeDetail" time="3.304"/>
  <testcase classname="com.zoetispets.Tests" name="PracticeDetail" time="3.237"/>
  <testcase classname="com.zoetispets.Tests" name="PracticeDetail" time="3.602"/>
  <testcase classname="com.zoetispets.Tests" name="PracticeDetail" time="3.886"/>
  <testcase classname="com.zoetispets.Tests" name="PracticeDetail" time="3.914"/>
  <testcase classname="com.zoetispets.Tests" name="PracticeDetail" time="3.255"/>
  <testcase classname="com.zoetispets.Tests" name="PracticeDetail" time="4.342"/>
  <testcase classname="com.zoetispets.Tests" name="PracticeDetail" time="3.292"/>
  <testcase classname="com.zoetispets.Tests" name="PracticeDetail" time="3.388"/>
  <testcase classname="com.zoetispets.Tests" name="PracticeDetail" time="3.599"/>
  <testcase classname="com.zoetispets.Tests" name="PracticeDetail" time="3.517"/>
  <testcase classname="com.zoetispets.Tests" name="PracticeDetail" time="4.372"/>
  <testcase classname="com.zoetispets.Tests" name="PracticeDetail" time="3.477"/>
  <testcase classname="com.zoetispets.Tests" name="PracticeDetail" time="3.606"/>
  <testcase classname="com.zoetispets.Tests" name="PracticeDetail" time="3.235"/>
  <testcase classname="com.zoetispets.Tests" name="PracticeDetail" time="3.448"/>
  <testcase classname="com.zoetispets.Tests" name="PracticeDetail" time="3.236"/>
  <testcase classname="com.zoetispets.Tests" name="PracticeDetail" time="3.281"/>
  <testcase classname="com.zoetispets.Tests" name="stageAuthTest" time="0.489"/>
</testsuite> <!-- com.zoetispets.Tests -->
