<?xml version="1.0" encoding="UTF-8"?>
<!-- Generated by org.testng.reporters.JUnitReportReporter -->
<testsuite hostname="runnervmf2e7y" failures="0" tests="30" name="com.zoetispets.Tests" time="16.704" errors="0" timestamp="2025-11-04T05:44:28 UTC" skipped="0">
  <testcase classname="com.zoetispets.Tests" name="PracticeDetail" time="0.571"/>
  <testcase classname="com.zoetispets.Tests" name="PracticeDetail" time="0.300"/>
  <testcase classname="com.zoetispets.Tests" name="PracticeDetail" time="0.329"/>
  <testcase classname="com.zoetispets.Tests" name="PracticeDetail" time="0.326"/>
  <testcase classname="com.zoetispets.Tests" name="PracticeDetail" time="0.275"/>
  <testcase classname="com.zoetispets.Tests" name="PracticeDetail" time="0.308"/>
  <testcase classname="com.zoetispets.Tests" name="PracticeDetail" time="0.833"/>
  <testcase classname="com.zoetispets.Tests" name="PracticeDetail" time="0.776"/>
  <testcase classname="com.zoetispets.Tests" name="PracticeDetail" time="0.425"/>
  <testcase classname="com.zoetispets.Tests" name="PracticeDetail" time="1.183"/>
  <testcase classname="com.zoetispets.Tests" name="PracticeDetail" time="0.278"/>
  <testcase classname="com.zoetispets.Tests" name="PracticeDetail" time="0.273"/>
  <testcase classname="com.zoetispets.Tests" name="PracticeDetail" time="0.783"/>
  <testcase classname="com.zoetispets.Tests" name="PracticeDetail" time="0.217"/>
  <testcase classname="com.zoetispets.Tests" name="PracticeDetail" time="0.292"/>
  <testcase classname="com.zoetispets.Tests" name="PracticeDetail" time="0.445"/>
  <testcase classname="com.zoetispets.Tests" name="PracticeDetail" time="0.489"/>
  <testcase classname="com.zoetispets.Tests" name="PracticeDetail" time="0.915"/>
  <testcase classname="com.zoetispets.Tests" name="PracticeDetail" time="0.317"/>
  <testcase classname="com.zoetispets.Tests" name="PracticeDetail" time="0.727"/>
  <testcase classname="com.zoetispets.Tests" name="PracticeDetail" time="0.779"/>
  <testcase classname="com.zoetispets.Tests" name="PracticeDetail" time="0.386"/>
  <testcase classname="com.zoetispets.Tests" name="PracticeDetail" time="0.336"/>
  <testcase classname="com.zoetispets.Tests" name="PracticeDetail" time="0.882"/>
  <testcase classname="com.zoetispets.Tests" name="PracticeDetail" time="0.694"/>
  <testcase classname="com.zoetispets.Tests" name="PracticeDetail" time="0.571"/>
  <testcase classname="com.zoetispets.Tests" name="PracticeDetail" time="0.300"/>
  <testcase classname="com.zoetispets.Tests" name="PracticeDetail" time="0.442"/>
  <testcase classname="com.zoetispets.Tests" name="PracticeDetail" time="0.480"/>
  <testcase classname="com.zoetispets.Tests" name="PracticeDetail" time="1.772"/>
</testsuite> <!-- com.zoetispets.Tests -->
