<?xml version="1.0" encoding="UTF-8"?>
<!-- Generated by org.testng.reporters.JUnitReportReporter -->
<testsuite hostname="runnervmh13bl" failures="0" tests="30" name="com.zoetispets.Tests" time="16.744" errors="0" timestamp="2025-12-25T05:48:53 UTC" skipped="0">
  <testcase classname="com.zoetispets.Tests" name="PracticeDetail" time="0.420"/>
  <testcase classname="com.zoetispets.Tests" name="PracticeDetail" time="0.899"/>
  <testcase classname="com.zoetispets.Tests" name="PracticeDetail" time="0.361"/>
  <testcase classname="com.zoetispets.Tests" name="PracticeDetail" time="0.247"/>
  <testcase classname="com.zoetispets.Tests" name="PracticeDetail" time="0.275"/>
  <testcase classname="com.zoetispets.Tests" name="PracticeDetail" time="0.262"/>
  <testcase classname="com.zoetispets.Tests" name="PracticeDetail" time="1.125"/>
  <testcase classname="com.zoetispets.Tests" name="PracticeDetail" time="0.872"/>
  <testcase classname="com.zoetispets.Tests" name="PracticeDetail" time="0.358"/>
  <testcase classname="com.zoetispets.Tests" name="PracticeDetail" time="2.328"/>
  <testcase classname="com.zoetispets.Tests" name="PracticeDetail" time="0.262"/>
  <testcase classname="com.zoetispets.Tests" name="PracticeDetail" time="0.297"/>
  <testcase classname="com.zoetispets.Tests" name="PracticeDetail" time="0.374"/>
  <testcase classname="com.zoetispets.Tests" name="PracticeDetail" time="0.249"/>
  <testcase classname="com.zoetispets.Tests" name="PracticeDetail" time="0.333"/>
  <testcase classname="com.zoetispets.Tests" name="PracticeDetail" time="0.487"/>
  <testcase classname="com.zoetispets.Tests" name="PracticeDetail" time="0.386"/>
  <testcase classname="com.zoetispets.Tests" name="PracticeDetail" time="0.417"/>
  <testcase classname="com.zoetispets.Tests" name="PracticeDetail" time="0.536"/>
  <testcase classname="com.zoetispets.Tests" name="PracticeDetail" time="0.864"/>
  <testcase classname="com.zoetispets.Tests" name="PracticeDetail" time="0.608"/>
  <testcase classname="com.zoetispets.Tests" name="PracticeDetail" time="0.940"/>
  <testcase classname="com.zoetispets.Tests" name="PracticeDetail" time="0.460"/>
  <testcase classname="com.zoetispets.Tests" name="PracticeDetail" time="0.348"/>
  <testcase classname="com.zoetispets.Tests" name="PracticeDetail" time="0.458"/>
  <testcase classname="com.zoetispets.Tests" name="PracticeDetail" time="0.315"/>
  <testcase classname="com.zoetispets.Tests" name="PracticeDetail" time="0.308"/>
  <testcase classname="com.zoetispets.Tests" name="PracticeDetail" time="0.323"/>
  <testcase classname="com.zoetispets.Tests" name="PracticeDetail" time="0.678"/>
  <testcase classname="com.zoetispets.Tests" name="PracticeDetail" time="0.954"/>
</testsuite> <!-- com.zoetispets.Tests -->
