<?xml version="1.0" encoding="UTF-8"?>
<!-- Generated by org.testng.reporters.JUnitReportReporter -->
<testsuite hostname="runnervmw9dnm" failures="0" tests="30" name="com.zoetispets.Tests" time="17.278" errors="0" timestamp="2025-11-11T05:44:10 UTC" skipped="0">
  <testcase classname="com.zoetispets.Tests" name="PracticeDetail" time="0.421"/>
  <testcase classname="com.zoetispets.Tests" name="PracticeDetail" time="0.750"/>
  <testcase classname="com.zoetispets.Tests" name="PracticeDetail" time="0.620"/>
  <testcase classname="com.zoetispets.Tests" name="PracticeDetail" time="1.812"/>
  <testcase classname="com.zoetispets.Tests" name="PracticeDetail" time="0.267"/>
  <testcase classname="com.zoetispets.Tests" name="PracticeDetail" time="0.259"/>
  <testcase classname="com.zoetispets.Tests" name="PracticeDetail" time="0.261"/>
  <testcase classname="com.zoetispets.Tests" name="PracticeDetail" time="0.625"/>
  <testcase classname="com.zoetispets.Tests" name="PracticeDetail" time="0.411"/>
  <testcase classname="com.zoetispets.Tests" name="PracticeDetail" time="1.339"/>
  <testcase classname="com.zoetispets.Tests" name="PracticeDetail" time="0.243"/>
  <testcase classname="com.zoetispets.Tests" name="PracticeDetail" time="0.284"/>
  <testcase classname="com.zoetispets.Tests" name="PracticeDetail" time="0.256"/>
  <testcase classname="com.zoetispets.Tests" name="PracticeDetail" time="0.699"/>
  <testcase classname="com.zoetispets.Tests" name="PracticeDetail" time="0.663"/>
  <testcase classname="com.zoetispets.Tests" name="PracticeDetail" time="0.488"/>
  <testcase classname="com.zoetispets.Tests" name="PracticeDetail" time="0.681"/>
  <testcase classname="com.zoetispets.Tests" name="PracticeDetail" time="0.662"/>
  <testcase classname="com.zoetispets.Tests" name="PracticeDetail" time="0.508"/>
  <testcase classname="com.zoetispets.Tests" name="PracticeDetail" time="0.341"/>
  <testcase classname="com.zoetispets.Tests" name="PracticeDetail" time="0.436"/>
  <testcase classname="com.zoetispets.Tests" name="PracticeDetail" time="0.573"/>
  <testcase classname="com.zoetispets.Tests" name="PracticeDetail" time="0.743"/>
  <testcase classname="com.zoetispets.Tests" name="PracticeDetail" time="0.738"/>
  <testcase classname="com.zoetispets.Tests" name="PracticeDetail" time="0.247"/>
  <testcase classname="com.zoetispets.Tests" name="PracticeDetail" time="0.289"/>
  <testcase classname="com.zoetispets.Tests" name="PracticeDetail" time="0.395"/>
  <testcase classname="com.zoetispets.Tests" name="PracticeDetail" time="0.779"/>
  <testcase classname="com.zoetispets.Tests" name="PracticeDetail" time="0.656"/>
  <testcase classname="com.zoetispets.Tests" name="PracticeDetail" time="0.832"/>
</testsuite> <!-- com.zoetispets.Tests -->
