<?xml version="1.0" encoding="UTF-8"?>
<!-- Generated by org.testng.reporters.JUnitReportReporter -->
<testsuite hostname="runnervmoqczp" failures="0" tests="30" name="com.zoetispets.Tests" time="17.750" errors="0" timestamp="2025-12-04T05:45:22 UTC" skipped="0">
  <testcase classname="com.zoetispets.Tests" name="PracticeDetail" time="0.408"/>
  <testcase classname="com.zoetispets.Tests" name="PracticeDetail" time="1.957"/>
  <testcase classname="com.zoetispets.Tests" name="PracticeDetail" time="0.791"/>
  <testcase classname="com.zoetispets.Tests" name="PracticeDetail" time="0.449"/>
  <testcase classname="com.zoetispets.Tests" name="PracticeDetail" time="0.591"/>
  <testcase classname="com.zoetispets.Tests" name="PracticeDetail" time="0.770"/>
  <testcase classname="com.zoetispets.Tests" name="PracticeDetail" time="0.237"/>
  <testcase classname="com.zoetispets.Tests" name="PracticeDetail" time="0.277"/>
  <testcase classname="com.zoetispets.Tests" name="PracticeDetail" time="0.251"/>
  <testcase classname="com.zoetispets.Tests" name="PracticeDetail" time="0.425"/>
  <testcase classname="com.zoetispets.Tests" name="PracticeDetail" time="0.425"/>
  <testcase classname="com.zoetispets.Tests" name="PracticeDetail" time="0.575"/>
  <testcase classname="com.zoetispets.Tests" name="PracticeDetail" time="0.268"/>
  <testcase classname="com.zoetispets.Tests" name="PracticeDetail" time="0.289"/>
  <testcase classname="com.zoetispets.Tests" name="PracticeDetail" time="1.145"/>
  <testcase classname="com.zoetispets.Tests" name="PracticeDetail" time="0.780"/>
  <testcase classname="com.zoetispets.Tests" name="PracticeDetail" time="0.413"/>
  <testcase classname="com.zoetispets.Tests" name="PracticeDetail" time="0.262"/>
  <testcase classname="com.zoetispets.Tests" name="PracticeDetail" time="0.727"/>
  <testcase classname="com.zoetispets.Tests" name="PracticeDetail" time="0.561"/>
  <testcase classname="com.zoetispets.Tests" name="PracticeDetail" time="0.562"/>
  <testcase classname="com.zoetispets.Tests" name="PracticeDetail" time="0.265"/>
  <testcase classname="com.zoetispets.Tests" name="PracticeDetail" time="0.743"/>
  <testcase classname="com.zoetispets.Tests" name="PracticeDetail" time="1.237"/>
  <testcase classname="com.zoetispets.Tests" name="PracticeDetail" time="0.422"/>
  <testcase classname="com.zoetispets.Tests" name="PracticeDetail" time="0.448"/>
  <testcase classname="com.zoetispets.Tests" name="PracticeDetail" time="0.453"/>
  <testcase classname="com.zoetispets.Tests" name="PracticeDetail" time="0.813"/>
  <testcase classname="com.zoetispets.Tests" name="PracticeDetail" time="0.743"/>
  <testcase classname="com.zoetispets.Tests" name="PracticeDetail" time="0.463"/>
</testsuite> <!-- com.zoetispets.Tests -->
