<?xml version="1.0" encoding="UTF-8"?>
<!-- Generated by org.testng.reporters.JUnitReportReporter -->
<testsuite hostname="runnervmvrwv9" failures="0" tests="31" name="com.zoetispets.Tests" time="112.088" errors="0" timestamp="2026-07-27T08:57:32 UTC" skipped="0">
  <testcase classname="com.zoetispets.Tests" name="PracticeDetail" time="3.257"/>
  <testcase classname="com.zoetispets.Tests" name="PracticeDetail" time="4.080"/>
  <testcase classname="com.zoetispets.Tests" name="PracticeDetail" time="4.740"/>
  <testcase classname="com.zoetispets.Tests" name="PracticeDetail" time="4.039"/>
  <testcase classname="com.zoetispets.Tests" name="PracticeDetail" time="3.371"/>
  <testcase classname="com.zoetispets.Tests" name="PracticeDetail" time="4.211"/>
  <testcase classname="com.zoetispets.Tests" name="PracticeDetail" time="3.678"/>
  <testcase classname="com.zoetispets.Tests" name="PracticeDetail" time="3.329"/>
  <testcase classname="com.zoetispets.Tests" name="PracticeDetail" time="4.824"/>
  <testcase classname="com.zoetispets.Tests" name="PracticeDetail" time="3.523"/>
  <testcase classname="com.zoetispets.Tests" name="PracticeDetail" time="3.427"/>
  <testcase classname="com.zoetispets.Tests" name="PracticeDetail" time="3.944"/>
  <testcase classname="com.zoetispets.Tests" name="PracticeDetail" time="3.419"/>
  <testcase classname="com.zoetispets.Tests" name="PracticeDetail" time="4.127"/>
  <testcase classname="com.zoetispets.Tests" name="PracticeDetail" time="3.885"/>
  <testcase classname="com.zoetispets.Tests" name="PracticeDetail" time="3.648"/>
  <testcase classname="com.zoetispets.Tests" name="PracticeDetail" time="3.422"/>
  <testcase classname="com.zoetispets.Tests" name="PracticeDetail" time="3.434"/>
  <testcase classname="com.zoetispets.Tests" name="PracticeDetail" time="3.225"/>
  <testcase classname="com.zoetispets.Tests" name="PracticeDetail" time="3.456"/>
  <testcase classname="com.zoetispets.Tests" name="PracticeDetail" time="3.443"/>
  <testcase classname="com.zoetispets.Tests" name="PracticeDetail" time="4.497"/>
  <testcase classname="com.zoetispets.Tests" name="PracticeDetail" time="4.423"/>
  <testcase classname="com.zoetispets.Tests" name="PracticeDetail" time="3.463"/>
  <testcase classname="com.zoetispets.Tests" name="PracticeDetail" time="3.237"/>
  <testcase classname="com.zoetispets.Tests" name="PracticeDetail" time="3.589"/>
  <testcase classname="com.zoetispets.Tests" name="PracticeDetail" time="3.642"/>
  <testcase classname="com.zoetispets.Tests" name="PracticeDetail" time="3.451"/>
  <testcase classname="com.zoetispets.Tests" name="PracticeDetail" time="3.437"/>
  <testcase classname="com.zoetispets.Tests" name="PracticeDetail" time="3.450"/>
  <testcase classname="com.zoetispets.Tests" name="stageAuthTest" time="0.417"/>
</testsuite> <!-- com.zoetispets.Tests -->
