<?xml version="1.0" encoding="UTF-8"?>
<!-- Generated by org.testng.reporters.JUnitReportReporter -->
<testsuite hostname="runnervmvrwv9" failures="0" tests="31" name="com.zoetispets.Tests" time="107.467" errors="0" timestamp="2026-07-30T07:56:50 UTC" skipped="0">
  <testcase classname="com.zoetispets.Tests" name="PracticeDetail" time="3.224"/>
  <testcase classname="com.zoetispets.Tests" name="PracticeDetail" time="4.025"/>
  <testcase classname="com.zoetispets.Tests" name="PracticeDetail" time="4.435"/>
  <testcase classname="com.zoetispets.Tests" name="PracticeDetail" time="3.417"/>
  <testcase classname="com.zoetispets.Tests" name="PracticeDetail" time="3.476"/>
  <testcase classname="com.zoetispets.Tests" name="PracticeDetail" time="4.156"/>
  <testcase classname="com.zoetispets.Tests" name="PracticeDetail" time="3.264"/>
  <testcase classname="com.zoetispets.Tests" name="PracticeDetail" time="3.417"/>
  <testcase classname="com.zoetispets.Tests" name="PracticeDetail" time="4.470"/>
  <testcase classname="com.zoetispets.Tests" name="PracticeDetail" time="3.343"/>
  <testcase classname="com.zoetispets.Tests" name="PracticeDetail" time="3.348"/>
  <testcase classname="com.zoetispets.Tests" name="PracticeDetail" time="3.249"/>
  <testcase classname="com.zoetispets.Tests" name="PracticeDetail" time="3.282"/>
  <testcase classname="com.zoetispets.Tests" name="PracticeDetail" time="3.904"/>
  <testcase classname="com.zoetispets.Tests" name="PracticeDetail" time="4.025"/>
  <testcase classname="com.zoetispets.Tests" name="PracticeDetail" time="3.703"/>
  <testcase classname="com.zoetispets.Tests" name="PracticeDetail" time="3.356"/>
  <testcase classname="com.zoetispets.Tests" name="PracticeDetail" time="3.315"/>
  <testcase classname="com.zoetispets.Tests" name="PracticeDetail" time="3.731"/>
  <testcase classname="com.zoetispets.Tests" name="PracticeDetail" time="3.235"/>
  <testcase classname="com.zoetispets.Tests" name="PracticeDetail" time="3.493"/>
  <testcase classname="com.zoetispets.Tests" name="PracticeDetail" time="3.312"/>
  <testcase classname="com.zoetispets.Tests" name="PracticeDetail" time="4.512"/>
  <testcase classname="com.zoetispets.Tests" name="PracticeDetail" time="3.358"/>
  <testcase classname="com.zoetispets.Tests" name="PracticeDetail" time="3.229"/>
  <testcase classname="com.zoetispets.Tests" name="PracticeDetail" time="3.370"/>
  <testcase classname="com.zoetispets.Tests" name="PracticeDetail" time="3.627"/>
  <testcase classname="com.zoetispets.Tests" name="PracticeDetail" time="3.307"/>
  <testcase classname="com.zoetispets.Tests" name="PracticeDetail" time="3.225"/>
  <testcase classname="com.zoetispets.Tests" name="PracticeDetail" time="3.263"/>
  <testcase classname="com.zoetispets.Tests" name="stageAuthTest" time="0.396"/>
</testsuite> <!-- com.zoetispets.Tests -->
