<?xml version="1.0" encoding="UTF-8"?>
<!-- Generated by org.testng.reporters.JUnitReportReporter -->
<testsuite hostname="runnervmeorf1" failures="0" tests="30" name="com.zoetispets.Tests" time="107.100" errors="0" timestamp="2026-04-16T07:11:54 UTC" skipped="0">
  <testcase classname="com.zoetispets.Tests" name="PracticeDetail" time="3.394"/>
  <testcase classname="com.zoetispets.Tests" name="PracticeDetail" time="3.415"/>
  <testcase classname="com.zoetispets.Tests" name="PracticeDetail" time="3.394"/>
  <testcase classname="com.zoetispets.Tests" name="PracticeDetail" time="3.398"/>
  <testcase classname="com.zoetispets.Tests" name="PracticeDetail" time="3.246"/>
  <testcase classname="com.zoetispets.Tests" name="PracticeDetail" time="3.414"/>
  <testcase classname="com.zoetispets.Tests" name="PracticeDetail" time="3.405"/>
  <testcase classname="com.zoetispets.Tests" name="PracticeDetail" time="3.629"/>
  <testcase classname="com.zoetispets.Tests" name="PracticeDetail" time="3.393"/>
  <testcase classname="com.zoetispets.Tests" name="PracticeDetail" time="3.375"/>
  <testcase classname="com.zoetispets.Tests" name="PracticeDetail" time="4.813"/>
  <testcase classname="com.zoetispets.Tests" name="PracticeDetail" time="3.957"/>
  <testcase classname="com.zoetispets.Tests" name="PracticeDetail" time="3.938"/>
  <testcase classname="com.zoetispets.Tests" name="PracticeDetail" time="4.025"/>
  <testcase classname="com.zoetispets.Tests" name="PracticeDetail" time="3.375"/>
  <testcase classname="com.zoetispets.Tests" name="PracticeDetail" time="3.667"/>
  <testcase classname="com.zoetispets.Tests" name="PracticeDetail" time="3.277"/>
  <testcase classname="com.zoetispets.Tests" name="PracticeDetail" time="3.862"/>
  <testcase classname="com.zoetispets.Tests" name="PracticeDetail" time="3.401"/>
  <testcase classname="com.zoetispets.Tests" name="PracticeDetail" time="3.327"/>
  <testcase classname="com.zoetispets.Tests" name="PracticeDetail" time="3.603"/>
  <testcase classname="com.zoetispets.Tests" name="PracticeDetail" time="3.393"/>
  <testcase classname="com.zoetispets.Tests" name="PracticeDetail" time="3.447"/>
  <testcase classname="com.zoetispets.Tests" name="PracticeDetail" time="3.707"/>
  <testcase classname="com.zoetispets.Tests" name="PracticeDetail" time="4.394"/>
  <testcase classname="com.zoetispets.Tests" name="PracticeDetail" time="3.397"/>
  <testcase classname="com.zoetispets.Tests" name="PracticeDetail" time="3.520"/>
  <testcase classname="com.zoetispets.Tests" name="PracticeDetail" time="3.254"/>
  <testcase classname="com.zoetispets.Tests" name="PracticeDetail" time="3.420"/>
  <testcase classname="com.zoetispets.Tests" name="PracticeDetail" time="3.260"/>
</testsuite> <!-- com.zoetispets.Tests -->
