<?xml version="1.0" encoding="UTF-8"?>
<!-- Generated by org.testng.reporters.JUnitReportReporter -->
<testsuite hostname="runnervm7b5n9" failures="0" tests="31" name="com.zoetispets.Tests" time="108.868" errors="0" timestamp="2026-06-22T11:17:29 UTC" skipped="0">
  <testcase classname="com.zoetispets.Tests" name="PracticeDetail" time="3.241"/>
  <testcase classname="com.zoetispets.Tests" name="PracticeDetail" time="3.737"/>
  <testcase classname="com.zoetispets.Tests" name="PracticeDetail" time="3.422"/>
  <testcase classname="com.zoetispets.Tests" name="PracticeDetail" time="3.428"/>
  <testcase classname="com.zoetispets.Tests" name="PracticeDetail" time="4.578"/>
  <testcase classname="com.zoetispets.Tests" name="PracticeDetail" time="3.424"/>
  <testcase classname="com.zoetispets.Tests" name="PracticeDetail" time="3.500"/>
  <testcase classname="com.zoetispets.Tests" name="PracticeDetail" time="3.922"/>
  <testcase classname="com.zoetispets.Tests" name="PracticeDetail" time="4.745"/>
  <testcase classname="com.zoetispets.Tests" name="PracticeDetail" time="3.459"/>
  <testcase classname="com.zoetispets.Tests" name="PracticeDetail" time="3.451"/>
  <testcase classname="com.zoetispets.Tests" name="PracticeDetail" time="4.287"/>
  <testcase classname="com.zoetispets.Tests" name="PracticeDetail" time="3.237"/>
  <testcase classname="com.zoetispets.Tests" name="PracticeDetail" time="3.245"/>
  <testcase classname="com.zoetispets.Tests" name="PracticeDetail" time="3.935"/>
  <testcase classname="com.zoetispets.Tests" name="PracticeDetail" time="3.243"/>
  <testcase classname="com.zoetispets.Tests" name="PracticeDetail" time="3.456"/>
  <testcase classname="com.zoetispets.Tests" name="PracticeDetail" time="3.227"/>
  <testcase classname="com.zoetispets.Tests" name="PracticeDetail" time="3.492"/>
  <testcase classname="com.zoetispets.Tests" name="PracticeDetail" time="3.451"/>
  <testcase classname="com.zoetispets.Tests" name="PracticeDetail" time="3.810"/>
  <testcase classname="com.zoetispets.Tests" name="PracticeDetail" time="3.627"/>
  <testcase classname="com.zoetispets.Tests" name="PracticeDetail" time="3.445"/>
  <testcase classname="com.zoetispets.Tests" name="PracticeDetail" time="3.563"/>
  <testcase classname="com.zoetispets.Tests" name="PracticeDetail" time="3.854"/>
  <testcase classname="com.zoetispets.Tests" name="PracticeDetail" time="3.446"/>
  <testcase classname="com.zoetispets.Tests" name="PracticeDetail" time="3.652"/>
  <testcase classname="com.zoetispets.Tests" name="PracticeDetail" time="3.812"/>
  <testcase classname="com.zoetispets.Tests" name="PracticeDetail" time="3.439"/>
  <testcase classname="com.zoetispets.Tests" name="PracticeDetail" time="3.280"/>
  <testcase classname="com.zoetispets.Tests" name="stageAuthTest" time="0.460"/>
</testsuite> <!-- com.zoetispets.Tests -->
