<?xml version="1.0" encoding="UTF-8"?>
<!-- Generated by org.testng.reporters.JUnitReportReporter -->
<testsuite hostname="runnervmwffz4" failures="0" tests="30" name="com.zoetispets.Tests" time="107.889" errors="0" timestamp="2026-02-22T06:11:32 UTC" skipped="0">
  <testcase classname="com.zoetispets.Tests" name="PracticeDetail" time="3.409"/>
  <testcase classname="com.zoetispets.Tests" name="PracticeDetail" time="3.252"/>
  <testcase classname="com.zoetispets.Tests" name="PracticeDetail" time="3.349"/>
  <testcase classname="com.zoetispets.Tests" name="PracticeDetail" time="4.146"/>
  <testcase classname="com.zoetispets.Tests" name="PracticeDetail" time="4.251"/>
  <testcase classname="com.zoetispets.Tests" name="PracticeDetail" time="3.558"/>
  <testcase classname="com.zoetispets.Tests" name="PracticeDetail" time="3.273"/>
  <testcase classname="com.zoetispets.Tests" name="PracticeDetail" time="3.275"/>
  <testcase classname="com.zoetispets.Tests" name="PracticeDetail" time="3.383"/>
  <testcase classname="com.zoetispets.Tests" name="PracticeDetail" time="3.244"/>
  <testcase classname="com.zoetispets.Tests" name="PracticeDetail" time="3.389"/>
  <testcase classname="com.zoetispets.Tests" name="PracticeDetail" time="3.419"/>
  <testcase classname="com.zoetispets.Tests" name="PracticeDetail" time="3.355"/>
  <testcase classname="com.zoetispets.Tests" name="PracticeDetail" time="3.301"/>
  <testcase classname="com.zoetispets.Tests" name="PracticeDetail" time="3.489"/>
  <testcase classname="com.zoetispets.Tests" name="PracticeDetail" time="3.591"/>
  <testcase classname="com.zoetispets.Tests" name="PracticeDetail" time="3.483"/>
  <testcase classname="com.zoetispets.Tests" name="PracticeDetail" time="3.486"/>
  <testcase classname="com.zoetispets.Tests" name="PracticeDetail" time="5.949"/>
  <testcase classname="com.zoetispets.Tests" name="PracticeDetail" time="3.242"/>
  <testcase classname="com.zoetispets.Tests" name="PracticeDetail" time="4.079"/>
  <testcase classname="com.zoetispets.Tests" name="PracticeDetail" time="3.295"/>
  <testcase classname="com.zoetispets.Tests" name="PracticeDetail" time="4.252"/>
  <testcase classname="com.zoetispets.Tests" name="PracticeDetail" time="3.538"/>
  <testcase classname="com.zoetispets.Tests" name="PracticeDetail" time="3.367"/>
  <testcase classname="com.zoetispets.Tests" name="PracticeDetail" time="3.364"/>
  <testcase classname="com.zoetispets.Tests" name="PracticeDetail" time="3.736"/>
  <testcase classname="com.zoetispets.Tests" name="PracticeDetail" time="3.387"/>
  <testcase classname="com.zoetispets.Tests" name="PracticeDetail" time="3.260"/>
  <testcase classname="com.zoetispets.Tests" name="PracticeDetail" time="3.767"/>
</testsuite> <!-- com.zoetispets.Tests -->
