<?xml version="1.0" encoding="UTF-8"?>
<!-- Generated by org.testng.reporters.JUnitReportReporter -->
<testsuite hostname="runnervmwhb2z" failures="0" tests="30" name="com.zoetispets.Tests" time="18.297" errors="0" timestamp="2025-10-29T05:45:04 UTC" skipped="0">
  <testcase classname="com.zoetispets.Tests" name="PracticeDetail" time="1.357"/>
  <testcase classname="com.zoetispets.Tests" name="PracticeDetail" time="0.459"/>
  <testcase classname="com.zoetispets.Tests" name="PracticeDetail" time="0.282"/>
  <testcase classname="com.zoetispets.Tests" name="PracticeDetail" time="0.256"/>
  <testcase classname="com.zoetispets.Tests" name="PracticeDetail" time="0.304"/>
  <testcase classname="com.zoetispets.Tests" name="PracticeDetail" time="1.228"/>
  <testcase classname="com.zoetispets.Tests" name="PracticeDetail" time="0.803"/>
  <testcase classname="com.zoetispets.Tests" name="PracticeDetail" time="0.438"/>
  <testcase classname="com.zoetispets.Tests" name="PracticeDetail" time="0.455"/>
  <testcase classname="com.zoetispets.Tests" name="PracticeDetail" time="1.732"/>
  <testcase classname="com.zoetispets.Tests" name="PracticeDetail" time="0.567"/>
  <testcase classname="com.zoetispets.Tests" name="PracticeDetail" time="0.449"/>
  <testcase classname="com.zoetispets.Tests" name="PracticeDetail" time="0.254"/>
  <testcase classname="com.zoetispets.Tests" name="PracticeDetail" time="0.399"/>
  <testcase classname="com.zoetispets.Tests" name="PracticeDetail" time="0.474"/>
  <testcase classname="com.zoetispets.Tests" name="PracticeDetail" time="0.357"/>
  <testcase classname="com.zoetispets.Tests" name="PracticeDetail" time="2.891"/>
  <testcase classname="com.zoetispets.Tests" name="PracticeDetail" time="0.479"/>
  <testcase classname="com.zoetispets.Tests" name="PracticeDetail" time="0.769"/>
  <testcase classname="com.zoetispets.Tests" name="PracticeDetail" time="0.317"/>
  <testcase classname="com.zoetispets.Tests" name="PracticeDetail" time="0.276"/>
  <testcase classname="com.zoetispets.Tests" name="PracticeDetail" time="0.270"/>
  <testcase classname="com.zoetispets.Tests" name="PracticeDetail" time="0.351"/>
  <testcase classname="com.zoetispets.Tests" name="PracticeDetail" time="0.460"/>
  <testcase classname="com.zoetispets.Tests" name="PracticeDetail" time="0.369"/>
  <testcase classname="com.zoetispets.Tests" name="PracticeDetail" time="0.360"/>
  <testcase classname="com.zoetispets.Tests" name="PracticeDetail" time="0.298"/>
  <testcase classname="com.zoetispets.Tests" name="PracticeDetail" time="0.836"/>
  <testcase classname="com.zoetispets.Tests" name="PracticeDetail" time="0.442"/>
  <testcase classname="com.zoetispets.Tests" name="PracticeDetail" time="0.365"/>
</testsuite> <!-- com.zoetispets.Tests -->
