<?xml version="1.0" encoding="UTF-8"?>
<!-- Generated by org.testng.reporters.JUnitReportReporter -->
<testsuite hostname="runnervmoqczp" failures="0" tests="30" name="com.zoetispets.Tests" time="18.856" errors="0" timestamp="2025-12-11T05:48:24 UTC" skipped="0">
  <testcase classname="com.zoetispets.Tests" name="PracticeDetail" time="0.263"/>
  <testcase classname="com.zoetispets.Tests" name="PracticeDetail" time="0.372"/>
  <testcase classname="com.zoetispets.Tests" name="PracticeDetail" time="0.439"/>
  <testcase classname="com.zoetispets.Tests" name="PracticeDetail" time="0.447"/>
  <testcase classname="com.zoetispets.Tests" name="PracticeDetail" time="0.283"/>
  <testcase classname="com.zoetispets.Tests" name="PracticeDetail" time="1.329"/>
  <testcase classname="com.zoetispets.Tests" name="PracticeDetail" time="0.312"/>
  <testcase classname="com.zoetispets.Tests" name="PracticeDetail" time="0.468"/>
  <testcase classname="com.zoetispets.Tests" name="PracticeDetail" time="0.719"/>
  <testcase classname="com.zoetispets.Tests" name="PracticeDetail" time="0.815"/>
  <testcase classname="com.zoetispets.Tests" name="PracticeDetail" time="1.251"/>
  <testcase classname="com.zoetispets.Tests" name="PracticeDetail" time="0.359"/>
  <testcase classname="com.zoetispets.Tests" name="PracticeDetail" time="0.286"/>
  <testcase classname="com.zoetispets.Tests" name="PracticeDetail" time="0.713"/>
  <testcase classname="com.zoetispets.Tests" name="PracticeDetail" time="0.486"/>
  <testcase classname="com.zoetispets.Tests" name="PracticeDetail" time="0.247"/>
  <testcase classname="com.zoetispets.Tests" name="PracticeDetail" time="0.486"/>
  <testcase classname="com.zoetispets.Tests" name="PracticeDetail" time="0.746"/>
  <testcase classname="com.zoetispets.Tests" name="PracticeDetail" time="0.751"/>
  <testcase classname="com.zoetispets.Tests" name="PracticeDetail" time="1.848"/>
  <testcase classname="com.zoetispets.Tests" name="PracticeDetail" time="0.247"/>
  <testcase classname="com.zoetispets.Tests" name="PracticeDetail" time="0.641"/>
  <testcase classname="com.zoetispets.Tests" name="PracticeDetail" time="0.491"/>
  <testcase classname="com.zoetispets.Tests" name="PracticeDetail" time="0.733"/>
  <testcase classname="com.zoetispets.Tests" name="PracticeDetail" time="0.833"/>
  <testcase classname="com.zoetispets.Tests" name="PracticeDetail" time="0.657"/>
  <testcase classname="com.zoetispets.Tests" name="PracticeDetail" time="0.311"/>
  <testcase classname="com.zoetispets.Tests" name="PracticeDetail" time="0.842"/>
  <testcase classname="com.zoetispets.Tests" name="PracticeDetail" time="0.717"/>
  <testcase classname="com.zoetispets.Tests" name="PracticeDetail" time="0.764"/>
</testsuite> <!-- com.zoetispets.Tests -->
