<?xml version="1.0" encoding="UTF-8"?>
<!-- Generated by org.testng.reporters.JUnitReportReporter -->
<testsuite hostname="runnervmg1sw1" failures="0" tests="30" name="com.zoetispets.Tests" time="19.064" errors="0" timestamp="2025-11-29T05:44:20 UTC" skipped="0">
  <testcase classname="com.zoetispets.Tests" name="PracticeDetail" time="0.457"/>
  <testcase classname="com.zoetispets.Tests" name="PracticeDetail" time="0.583"/>
  <testcase classname="com.zoetispets.Tests" name="PracticeDetail" time="0.327"/>
  <testcase classname="com.zoetispets.Tests" name="PracticeDetail" time="0.300"/>
  <testcase classname="com.zoetispets.Tests" name="PracticeDetail" time="0.333"/>
  <testcase classname="com.zoetispets.Tests" name="PracticeDetail" time="0.365"/>
  <testcase classname="com.zoetispets.Tests" name="PracticeDetail" time="0.380"/>
  <testcase classname="com.zoetispets.Tests" name="PracticeDetail" time="0.715"/>
  <testcase classname="com.zoetispets.Tests" name="PracticeDetail" time="0.432"/>
  <testcase classname="com.zoetispets.Tests" name="PracticeDetail" time="1.181"/>
  <testcase classname="com.zoetispets.Tests" name="PracticeDetail" time="0.293"/>
  <testcase classname="com.zoetispets.Tests" name="PracticeDetail" time="0.275"/>
  <testcase classname="com.zoetispets.Tests" name="PracticeDetail" time="0.338"/>
  <testcase classname="com.zoetispets.Tests" name="PracticeDetail" time="0.372"/>
  <testcase classname="com.zoetispets.Tests" name="PracticeDetail" time="0.858"/>
  <testcase classname="com.zoetispets.Tests" name="PracticeDetail" time="0.425"/>
  <testcase classname="com.zoetispets.Tests" name="PracticeDetail" time="0.442"/>
  <testcase classname="com.zoetispets.Tests" name="PracticeDetail" time="2.392"/>
  <testcase classname="com.zoetispets.Tests" name="PracticeDetail" time="0.857"/>
  <testcase classname="com.zoetispets.Tests" name="PracticeDetail" time="0.927"/>
  <testcase classname="com.zoetispets.Tests" name="PracticeDetail" time="0.442"/>
  <testcase classname="com.zoetispets.Tests" name="PracticeDetail" time="0.362"/>
  <testcase classname="com.zoetispets.Tests" name="PracticeDetail" time="0.462"/>
  <testcase classname="com.zoetispets.Tests" name="PracticeDetail" time="0.807"/>
  <testcase classname="com.zoetispets.Tests" name="PracticeDetail" time="0.910"/>
  <testcase classname="com.zoetispets.Tests" name="PracticeDetail" time="0.274"/>
  <testcase classname="com.zoetispets.Tests" name="PracticeDetail" time="0.414"/>
  <testcase classname="com.zoetispets.Tests" name="PracticeDetail" time="0.719"/>
  <testcase classname="com.zoetispets.Tests" name="PracticeDetail" time="0.532"/>
  <testcase classname="com.zoetispets.Tests" name="PracticeDetail" time="1.890"/>
</testsuite> <!-- com.zoetispets.Tests -->
