<?xml version="1.0" encoding="UTF-8"?>
<!-- Generated by org.testng.reporters.JUnitReportReporter -->
<testsuite hostname="runnervmkj6or" failures="0" tests="30" name="com.zoetispets.Tests" time="112.819" errors="0" timestamp="2026-01-31T07:41:56 UTC" skipped="0">
  <testcase classname="com.zoetispets.Tests" name="PracticeDetail" time="3.568"/>
  <testcase classname="com.zoetispets.Tests" name="PracticeDetail" time="3.382"/>
  <testcase classname="com.zoetispets.Tests" name="PracticeDetail" time="3.575"/>
  <testcase classname="com.zoetispets.Tests" name="PracticeDetail" time="3.818"/>
  <testcase classname="com.zoetispets.Tests" name="PracticeDetail" time="3.636"/>
  <testcase classname="com.zoetispets.Tests" name="PracticeDetail" time="3.328"/>
  <testcase classname="com.zoetispets.Tests" name="PracticeDetail" time="3.325"/>
  <testcase classname="com.zoetispets.Tests" name="PracticeDetail" time="3.535"/>
  <testcase classname="com.zoetispets.Tests" name="PracticeDetail" time="3.547"/>
  <testcase classname="com.zoetispets.Tests" name="PracticeDetail" time="3.520"/>
  <testcase classname="com.zoetispets.Tests" name="PracticeDetail" time="3.991"/>
  <testcase classname="com.zoetispets.Tests" name="PracticeDetail" time="3.361"/>
  <testcase classname="com.zoetispets.Tests" name="PracticeDetail" time="3.792"/>
  <testcase classname="com.zoetispets.Tests" name="PracticeDetail" time="6.151"/>
  <testcase classname="com.zoetispets.Tests" name="PracticeDetail" time="5.821"/>
  <testcase classname="com.zoetispets.Tests" name="PracticeDetail" time="3.314"/>
  <testcase classname="com.zoetispets.Tests" name="PracticeDetail" time="3.641"/>
  <testcase classname="com.zoetispets.Tests" name="PracticeDetail" time="3.915"/>
  <testcase classname="com.zoetispets.Tests" name="PracticeDetail" time="3.819"/>
  <testcase classname="com.zoetispets.Tests" name="PracticeDetail" time="3.692"/>
  <testcase classname="com.zoetispets.Tests" name="PracticeDetail" time="3.894"/>
  <testcase classname="com.zoetispets.Tests" name="PracticeDetail" time="3.498"/>
  <testcase classname="com.zoetispets.Tests" name="PracticeDetail" time="3.270"/>
  <testcase classname="com.zoetispets.Tests" name="PracticeDetail" time="3.996"/>
  <testcase classname="com.zoetispets.Tests" name="PracticeDetail" time="3.717"/>
  <testcase classname="com.zoetispets.Tests" name="PracticeDetail" time="3.379"/>
  <testcase classname="com.zoetispets.Tests" name="PracticeDetail" time="3.546"/>
  <testcase classname="com.zoetispets.Tests" name="PracticeDetail" time="3.296"/>
  <testcase classname="com.zoetispets.Tests" name="PracticeDetail" time="4.200"/>
  <testcase classname="com.zoetispets.Tests" name="PracticeDetail" time="3.292"/>
</testsuite> <!-- com.zoetispets.Tests -->
