<?xml version="1.0" encoding="UTF-8"?>
<!-- Generated by org.testng.reporters.JUnitReportReporter -->
<testsuite hostname="runnervmrw5os" failures="0" tests="31" name="com.zoetispets.Tests" time="109.637" errors="0" timestamp="2026-05-17T07:58:26 UTC" skipped="0">
  <testcase classname="com.zoetispets.Tests" name="PracticeDetail" time="3.386"/>
  <testcase classname="com.zoetispets.Tests" name="PracticeDetail" time="3.372"/>
  <testcase classname="com.zoetispets.Tests" name="PracticeDetail" time="3.455"/>
  <testcase classname="com.zoetispets.Tests" name="PracticeDetail" time="6.200"/>
  <testcase classname="com.zoetispets.Tests" name="PracticeDetail" time="3.224"/>
  <testcase classname="com.zoetispets.Tests" name="PracticeDetail" time="3.261"/>
  <testcase classname="com.zoetispets.Tests" name="PracticeDetail" time="4.455"/>
  <testcase classname="com.zoetispets.Tests" name="PracticeDetail" time="3.257"/>
  <testcase classname="com.zoetispets.Tests" name="PracticeDetail" time="3.352"/>
  <testcase classname="com.zoetispets.Tests" name="PracticeDetail" time="3.375"/>
  <testcase classname="com.zoetispets.Tests" name="PracticeDetail" time="3.267"/>
  <testcase classname="com.zoetispets.Tests" name="PracticeDetail" time="3.916"/>
  <testcase classname="com.zoetispets.Tests" name="PracticeDetail" time="3.383"/>
  <testcase classname="com.zoetispets.Tests" name="PracticeDetail" time="3.275"/>
  <testcase classname="com.zoetispets.Tests" name="PracticeDetail" time="3.249"/>
  <testcase classname="com.zoetispets.Tests" name="PracticeDetail" time="3.252"/>
  <testcase classname="com.zoetispets.Tests" name="PracticeDetail" time="3.445"/>
  <testcase classname="com.zoetispets.Tests" name="PracticeDetail" time="4.220"/>
  <testcase classname="com.zoetispets.Tests" name="PracticeDetail" time="3.259"/>
  <testcase classname="com.zoetispets.Tests" name="PracticeDetail" time="3.280"/>
  <testcase classname="com.zoetispets.Tests" name="PracticeDetail" time="5.846"/>
  <testcase classname="com.zoetispets.Tests" name="PracticeDetail" time="3.441"/>
  <testcase classname="com.zoetispets.Tests" name="PracticeDetail" time="3.350"/>
  <testcase classname="com.zoetispets.Tests" name="PracticeDetail" time="3.360"/>
  <testcase classname="com.zoetispets.Tests" name="PracticeDetail" time="3.273"/>
  <testcase classname="com.zoetispets.Tests" name="PracticeDetail" time="4.230"/>
  <testcase classname="com.zoetispets.Tests" name="PracticeDetail" time="3.590"/>
  <testcase classname="com.zoetispets.Tests" name="PracticeDetail" time="3.601"/>
  <testcase classname="com.zoetispets.Tests" name="PracticeDetail" time="3.259"/>
  <testcase classname="com.zoetispets.Tests" name="PracticeDetail" time="3.397"/>
  <testcase classname="com.zoetispets.Tests" name="stageAuthTest" time="0.407"/>
</testsuite> <!-- com.zoetispets.Tests -->
