<?xml version="1.0" encoding="UTF-8"?>
<!-- Generated by org.testng.reporters.JUnitReportReporter -->
<testsuite hostname="runnervm3jd5f" failures="0" tests="31" name="com.zoetispets.Tests" time="112.106" errors="0" timestamp="2026-07-19T07:41:49 UTC" skipped="0">
  <testcase classname="com.zoetispets.Tests" name="PracticeDetail" time="3.396"/>
  <testcase classname="com.zoetispets.Tests" name="PracticeDetail" time="3.699"/>
  <testcase classname="com.zoetispets.Tests" name="PracticeDetail" time="3.325"/>
  <testcase classname="com.zoetispets.Tests" name="PracticeDetail" time="3.318"/>
  <testcase classname="com.zoetispets.Tests" name="PracticeDetail" time="3.255"/>
  <testcase classname="com.zoetispets.Tests" name="PracticeDetail" time="3.402"/>
  <testcase classname="com.zoetispets.Tests" name="PracticeDetail" time="4.601"/>
  <testcase classname="com.zoetispets.Tests" name="PracticeDetail" time="3.245"/>
  <testcase classname="com.zoetispets.Tests" name="PracticeDetail" time="3.249"/>
  <testcase classname="com.zoetispets.Tests" name="PracticeDetail" time="3.301"/>
  <testcase classname="com.zoetispets.Tests" name="PracticeDetail" time="3.374"/>
  <testcase classname="com.zoetispets.Tests" name="PracticeDetail" time="3.792"/>
  <testcase classname="com.zoetispets.Tests" name="PracticeDetail" time="3.251"/>
  <testcase classname="com.zoetispets.Tests" name="PracticeDetail" time="3.571"/>
  <testcase classname="com.zoetispets.Tests" name="PracticeDetail" time="3.263"/>
  <testcase classname="com.zoetispets.Tests" name="PracticeDetail" time="3.738"/>
  <testcase classname="com.zoetispets.Tests" name="PracticeDetail" time="3.438"/>
  <testcase classname="com.zoetispets.Tests" name="PracticeDetail" time="4.469"/>
  <testcase classname="com.zoetispets.Tests" name="PracticeDetail" time="3.368"/>
  <testcase classname="com.zoetispets.Tests" name="PracticeDetail" time="3.894"/>
  <testcase classname="com.zoetispets.Tests" name="PracticeDetail" time="6.971"/>
  <testcase classname="com.zoetispets.Tests" name="PracticeDetail" time="4.001"/>
  <testcase classname="com.zoetispets.Tests" name="PracticeDetail" time="3.256"/>
  <testcase classname="com.zoetispets.Tests" name="PracticeDetail" time="3.503"/>
  <testcase classname="com.zoetispets.Tests" name="PracticeDetail" time="3.612"/>
  <testcase classname="com.zoetispets.Tests" name="PracticeDetail" time="4.643"/>
  <testcase classname="com.zoetispets.Tests" name="PracticeDetail" time="3.862"/>
  <testcase classname="com.zoetispets.Tests" name="PracticeDetail" time="3.589"/>
  <testcase classname="com.zoetispets.Tests" name="PracticeDetail" time="3.411"/>
  <testcase classname="com.zoetispets.Tests" name="PracticeDetail" time="3.974"/>
  <testcase classname="com.zoetispets.Tests" name="stageAuthTest" time="0.335"/>
</testsuite> <!-- com.zoetispets.Tests -->
