<?xml version="1.0" encoding="UTF-8"?>
<!-- Generated by org.testng.reporters.JUnitReportReporter -->
<testsuite hostname="runnervmjduv7" failures="0" tests="30" name="com.zoetispets.Tests" time="115.749" errors="0" timestamp="2026-02-19T06:39:37 UTC" skipped="0">
  <testcase classname="com.zoetispets.Tests" name="PracticeDetail" time="3.347"/>
  <testcase classname="com.zoetispets.Tests" name="PracticeDetail" time="3.270"/>
  <testcase classname="com.zoetispets.Tests" name="PracticeDetail" time="3.327"/>
  <testcase classname="com.zoetispets.Tests" name="PracticeDetail" time="8.306"/>
  <testcase classname="com.zoetispets.Tests" name="PracticeDetail" time="4.279"/>
  <testcase classname="com.zoetispets.Tests" name="PracticeDetail" time="3.802"/>
  <testcase classname="com.zoetispets.Tests" name="PracticeDetail" time="3.691"/>
  <testcase classname="com.zoetispets.Tests" name="PracticeDetail" time="3.490"/>
  <testcase classname="com.zoetispets.Tests" name="PracticeDetail" time="3.273"/>
  <testcase classname="com.zoetispets.Tests" name="PracticeDetail" time="3.670"/>
  <testcase classname="com.zoetispets.Tests" name="PracticeDetail" time="3.533"/>
  <testcase classname="com.zoetispets.Tests" name="PracticeDetail" time="3.361"/>
  <testcase classname="com.zoetispets.Tests" name="PracticeDetail" time="3.260"/>
  <testcase classname="com.zoetispets.Tests" name="PracticeDetail" time="3.442"/>
  <testcase classname="com.zoetispets.Tests" name="PracticeDetail" time="3.278"/>
  <testcase classname="com.zoetispets.Tests" name="PracticeDetail" time="3.592"/>
  <testcase classname="com.zoetispets.Tests" name="PracticeDetail" time="3.514"/>
  <testcase classname="com.zoetispets.Tests" name="PracticeDetail" time="3.493"/>
  <testcase classname="com.zoetispets.Tests" name="PracticeDetail" time="4.726"/>
  <testcase classname="com.zoetispets.Tests" name="PracticeDetail" time="3.494"/>
  <testcase classname="com.zoetispets.Tests" name="PracticeDetail" time="3.318"/>
  <testcase classname="com.zoetispets.Tests" name="PracticeDetail" time="3.515"/>
  <testcase classname="com.zoetispets.Tests" name="PracticeDetail" time="4.507"/>
  <testcase classname="com.zoetispets.Tests" name="PracticeDetail" time="3.682"/>
  <testcase classname="com.zoetispets.Tests" name="PracticeDetail" time="3.281"/>
  <testcase classname="com.zoetispets.Tests" name="PracticeDetail" time="3.286"/>
  <testcase classname="com.zoetispets.Tests" name="PracticeDetail" time="3.460"/>
  <testcase classname="com.zoetispets.Tests" name="PracticeDetail" time="3.816"/>
  <testcase classname="com.zoetispets.Tests" name="PracticeDetail" time="3.267"/>
  <testcase classname="com.zoetispets.Tests" name="PracticeDetail" time="7.469"/>
</testsuite> <!-- com.zoetispets.Tests -->
