<?xml version="1.0" encoding="UTF-8"?>
<!-- Generated by org.testng.reporters.JUnitReportReporter -->
<testsuite hostname="runnervmzdgdc" failures="0" tests="30" name="com.zoetispets.Tests" time="28.416" errors="0" timestamp="2025-10-19T05:43:21 UTC" skipped="0">
  <testcase classname="com.zoetispets.Tests" name="PracticeDetail" time="0.526"/>
  <testcase classname="com.zoetispets.Tests" name="PracticeDetail" time="0.252"/>
  <testcase classname="com.zoetispets.Tests" name="PracticeDetail" time="0.584"/>
  <testcase classname="com.zoetispets.Tests" name="PracticeDetail" time="0.275"/>
  <testcase classname="com.zoetispets.Tests" name="PracticeDetail" time="0.669"/>
  <testcase classname="com.zoetispets.Tests" name="PracticeDetail" time="0.780"/>
  <testcase classname="com.zoetispets.Tests" name="PracticeDetail" time="0.691"/>
  <testcase classname="com.zoetispets.Tests" name="PracticeDetail" time="0.425"/>
  <testcase classname="com.zoetispets.Tests" name="PracticeDetail" time="0.262"/>
  <testcase classname="com.zoetispets.Tests" name="PracticeDetail" time="0.502"/>
  <testcase classname="com.zoetispets.Tests" name="PracticeDetail" time="1.753"/>
  <testcase classname="com.zoetispets.Tests" name="PracticeDetail" time="0.521"/>
  <testcase classname="com.zoetispets.Tests" name="PracticeDetail" time="0.271"/>
  <testcase classname="com.zoetispets.Tests" name="PracticeDetail" time="0.518"/>
  <testcase classname="com.zoetispets.Tests" name="PracticeDetail" time="0.445"/>
  <testcase classname="com.zoetispets.Tests" name="PracticeDetail" time="0.373"/>
  <testcase classname="com.zoetispets.Tests" name="PracticeDetail" time="1.994"/>
  <testcase classname="com.zoetispets.Tests" name="PracticeDetail" time="0.469"/>
  <testcase classname="com.zoetispets.Tests" name="PracticeDetail" time="3.313"/>
  <testcase classname="com.zoetispets.Tests" name="PracticeDetail" time="0.693"/>
  <testcase classname="com.zoetispets.Tests" name="PracticeDetail" time="0.699"/>
  <testcase classname="com.zoetispets.Tests" name="PracticeDetail" time="0.505"/>
  <testcase classname="com.zoetispets.Tests" name="PracticeDetail" time="5.358"/>
  <testcase classname="com.zoetispets.Tests" name="PracticeDetail" time="0.288"/>
  <testcase classname="com.zoetispets.Tests" name="PracticeDetail" time="0.706"/>
  <testcase classname="com.zoetispets.Tests" name="PracticeDetail" time="0.250"/>
  <testcase classname="com.zoetispets.Tests" name="PracticeDetail" time="0.302"/>
  <testcase classname="com.zoetispets.Tests" name="PracticeDetail" time="0.406"/>
  <testcase classname="com.zoetispets.Tests" name="PracticeDetail" time="0.429"/>
  <testcase classname="com.zoetispets.Tests" name="PracticeDetail" time="4.157"/>
</testsuite> <!-- com.zoetispets.Tests -->
