<?xml version="1.0" encoding="UTF-8"?>
<!-- Generated by org.testng.reporters.JUnitReportReporter -->
<testsuite hostname="runnervmg397c" failures="0" tests="31" name="com.zoetispets.Tests" time="115.897" errors="0" timestamp="2026-05-27T08:54:16 UTC" skipped="0">
  <testcase classname="com.zoetispets.Tests" name="PracticeDetail" time="3.354"/>
  <testcase classname="com.zoetispets.Tests" name="PracticeDetail" time="3.467"/>
  <testcase classname="com.zoetispets.Tests" name="PracticeDetail" time="3.381"/>
  <testcase classname="com.zoetispets.Tests" name="PracticeDetail" time="3.599"/>
  <testcase classname="com.zoetispets.Tests" name="PracticeDetail" time="4.494"/>
  <testcase classname="com.zoetispets.Tests" name="PracticeDetail" time="3.221"/>
  <testcase classname="com.zoetispets.Tests" name="PracticeDetail" time="3.494"/>
  <testcase classname="com.zoetispets.Tests" name="PracticeDetail" time="3.924"/>
  <testcase classname="com.zoetispets.Tests" name="PracticeDetail" time="6.544"/>
  <testcase classname="com.zoetispets.Tests" name="PracticeDetail" time="3.360"/>
  <testcase classname="com.zoetispets.Tests" name="PracticeDetail" time="3.370"/>
  <testcase classname="com.zoetispets.Tests" name="PracticeDetail" time="4.242"/>
  <testcase classname="com.zoetispets.Tests" name="PracticeDetail" time="3.400"/>
  <testcase classname="com.zoetispets.Tests" name="PracticeDetail" time="3.253"/>
  <testcase classname="com.zoetispets.Tests" name="PracticeDetail" time="4.097"/>
  <testcase classname="com.zoetispets.Tests" name="PracticeDetail" time="4.025"/>
  <testcase classname="com.zoetispets.Tests" name="PracticeDetail" time="3.382"/>
  <testcase classname="com.zoetispets.Tests" name="PracticeDetail" time="3.428"/>
  <testcase classname="com.zoetispets.Tests" name="PracticeDetail" time="3.420"/>
  <testcase classname="com.zoetispets.Tests" name="PracticeDetail" time="3.250"/>
  <testcase classname="com.zoetispets.Tests" name="PracticeDetail" time="4.087"/>
  <testcase classname="com.zoetispets.Tests" name="PracticeDetail" time="8.303"/>
  <testcase classname="com.zoetispets.Tests" name="PracticeDetail" time="3.233"/>
  <testcase classname="com.zoetispets.Tests" name="PracticeDetail" time="3.232"/>
  <testcase classname="com.zoetispets.Tests" name="PracticeDetail" time="3.682"/>
  <testcase classname="com.zoetispets.Tests" name="PracticeDetail" time="3.447"/>
  <testcase classname="com.zoetispets.Tests" name="PracticeDetail" time="4.625"/>
  <testcase classname="com.zoetispets.Tests" name="PracticeDetail" time="3.532"/>
  <testcase classname="com.zoetispets.Tests" name="PracticeDetail" time="3.370"/>
  <testcase classname="com.zoetispets.Tests" name="PracticeDetail" time="3.242"/>
  <testcase classname="com.zoetispets.Tests" name="stageAuthTest" time="0.439"/>
</testsuite> <!-- com.zoetispets.Tests -->
