<?xml version="1.0" encoding="UTF-8"?>
<!-- Generated by org.testng.reporters.JUnitReportReporter -->
<testsuite hostname="runnervm35a4x" failures="0" tests="30" name="com.zoetispets.Tests" time="105.466" errors="0" timestamp="2026-04-11T06:40:39 UTC" skipped="0">
  <testcase classname="com.zoetispets.Tests" name="PracticeDetail" time="3.331"/>
  <testcase classname="com.zoetispets.Tests" name="PracticeDetail" time="3.232"/>
  <testcase classname="com.zoetispets.Tests" name="PracticeDetail" time="3.357"/>
  <testcase classname="com.zoetispets.Tests" name="PracticeDetail" time="3.380"/>
  <testcase classname="com.zoetispets.Tests" name="PracticeDetail" time="3.235"/>
  <testcase classname="com.zoetispets.Tests" name="PracticeDetail" time="3.783"/>
  <testcase classname="com.zoetispets.Tests" name="PracticeDetail" time="3.627"/>
  <testcase classname="com.zoetispets.Tests" name="PracticeDetail" time="3.224"/>
  <testcase classname="com.zoetispets.Tests" name="PracticeDetail" time="3.361"/>
  <testcase classname="com.zoetispets.Tests" name="PracticeDetail" time="3.433"/>
  <testcase classname="com.zoetispets.Tests" name="PracticeDetail" time="4.354"/>
  <testcase classname="com.zoetispets.Tests" name="PracticeDetail" time="4.658"/>
  <testcase classname="com.zoetispets.Tests" name="PracticeDetail" time="3.596"/>
  <testcase classname="com.zoetispets.Tests" name="PracticeDetail" time="4.049"/>
  <testcase classname="com.zoetispets.Tests" name="PracticeDetail" time="3.507"/>
  <testcase classname="com.zoetispets.Tests" name="PracticeDetail" time="3.230"/>
  <testcase classname="com.zoetispets.Tests" name="PracticeDetail" time="3.420"/>
  <testcase classname="com.zoetispets.Tests" name="PracticeDetail" time="3.223"/>
  <testcase classname="com.zoetispets.Tests" name="PracticeDetail" time="3.345"/>
  <testcase classname="com.zoetispets.Tests" name="PracticeDetail" time="3.469"/>
  <testcase classname="com.zoetispets.Tests" name="PracticeDetail" time="3.396"/>
  <testcase classname="com.zoetispets.Tests" name="PracticeDetail" time="3.424"/>
  <testcase classname="com.zoetispets.Tests" name="PracticeDetail" time="3.391"/>
  <testcase classname="com.zoetispets.Tests" name="PracticeDetail" time="3.465"/>
  <testcase classname="com.zoetispets.Tests" name="PracticeDetail" time="3.360"/>
  <testcase classname="com.zoetispets.Tests" name="PracticeDetail" time="3.230"/>
  <testcase classname="com.zoetispets.Tests" name="PracticeDetail" time="3.280"/>
  <testcase classname="com.zoetispets.Tests" name="PracticeDetail" time="4.053"/>
  <testcase classname="com.zoetispets.Tests" name="PracticeDetail" time="3.826"/>
  <testcase classname="com.zoetispets.Tests" name="PracticeDetail" time="3.227"/>
</testsuite> <!-- com.zoetispets.Tests -->
