<?xml version="1.0" encoding="UTF-8"?>
<!-- Generated by org.testng.reporters.JUnitReportReporter -->
<testsuite hostname="runnervmoqczp" failures="0" tests="30" name="com.zoetispets.Tests" time="19.866" errors="0" timestamp="2025-12-10T05:47:19 UTC" skipped="0">
  <testcase classname="com.zoetispets.Tests" name="PracticeDetail" time="1.811"/>
  <testcase classname="com.zoetispets.Tests" name="PracticeDetail" time="0.470"/>
  <testcase classname="com.zoetispets.Tests" name="PracticeDetail" time="0.578"/>
  <testcase classname="com.zoetispets.Tests" name="PracticeDetail" time="0.325"/>
  <testcase classname="com.zoetispets.Tests" name="PracticeDetail" time="0.315"/>
  <testcase classname="com.zoetispets.Tests" name="PracticeDetail" time="0.354"/>
  <testcase classname="com.zoetispets.Tests" name="PracticeDetail" time="0.292"/>
  <testcase classname="com.zoetispets.Tests" name="PracticeDetail" time="0.443"/>
  <testcase classname="com.zoetispets.Tests" name="PracticeDetail" time="0.451"/>
  <testcase classname="com.zoetispets.Tests" name="PracticeDetail" time="0.453"/>
  <testcase classname="com.zoetispets.Tests" name="PracticeDetail" time="0.854"/>
  <testcase classname="com.zoetispets.Tests" name="PracticeDetail" time="0.492"/>
  <testcase classname="com.zoetispets.Tests" name="PracticeDetail" time="0.265"/>
  <testcase classname="com.zoetispets.Tests" name="PracticeDetail" time="3.169"/>
  <testcase classname="com.zoetispets.Tests" name="PracticeDetail" time="0.361"/>
  <testcase classname="com.zoetispets.Tests" name="PracticeDetail" time="0.378"/>
  <testcase classname="com.zoetispets.Tests" name="PracticeDetail" time="0.441"/>
  <testcase classname="com.zoetispets.Tests" name="PracticeDetail" time="0.434"/>
  <testcase classname="com.zoetispets.Tests" name="PracticeDetail" time="0.274"/>
  <testcase classname="com.zoetispets.Tests" name="PracticeDetail" time="0.522"/>
  <testcase classname="com.zoetispets.Tests" name="PracticeDetail" time="0.429"/>
  <testcase classname="com.zoetispets.Tests" name="PracticeDetail" time="0.806"/>
  <testcase classname="com.zoetispets.Tests" name="PracticeDetail" time="0.329"/>
  <testcase classname="com.zoetispets.Tests" name="PracticeDetail" time="0.395"/>
  <testcase classname="com.zoetispets.Tests" name="PracticeDetail" time="0.335"/>
  <testcase classname="com.zoetispets.Tests" name="PracticeDetail" time="3.247"/>
  <testcase classname="com.zoetispets.Tests" name="PracticeDetail" time="0.477"/>
  <testcase classname="com.zoetispets.Tests" name="PracticeDetail" time="0.402"/>
  <testcase classname="com.zoetispets.Tests" name="PracticeDetail" time="0.309"/>
  <testcase classname="com.zoetispets.Tests" name="PracticeDetail" time="0.455"/>
</testsuite> <!-- com.zoetispets.Tests -->
