<?xml version="1.0" encoding="UTF-8"?>
<!-- Generated by org.testng.reporters.JUnitReportReporter -->
<testsuite hostname="runnervmmklqx" failures="0" tests="31" name="com.zoetispets.Tests" time="105.747" errors="0" timestamp="2026-06-30T08:44:20 UTC" skipped="0">
  <testcase classname="com.zoetispets.Tests" name="PracticeDetail" time="3.605"/>
  <testcase classname="com.zoetispets.Tests" name="PracticeDetail" time="3.250"/>
  <testcase classname="com.zoetispets.Tests" name="PracticeDetail" time="4.258"/>
  <testcase classname="com.zoetispets.Tests" name="PracticeDetail" time="3.524"/>
  <testcase classname="com.zoetispets.Tests" name="PracticeDetail" time="3.247"/>
  <testcase classname="com.zoetispets.Tests" name="PracticeDetail" time="4.053"/>
  <testcase classname="com.zoetispets.Tests" name="PracticeDetail" time="3.437"/>
  <testcase classname="com.zoetispets.Tests" name="PracticeDetail" time="3.366"/>
  <testcase classname="com.zoetispets.Tests" name="PracticeDetail" time="3.406"/>
  <testcase classname="com.zoetispets.Tests" name="PracticeDetail" time="3.293"/>
  <testcase classname="com.zoetispets.Tests" name="PracticeDetail" time="3.364"/>
  <testcase classname="com.zoetispets.Tests" name="PracticeDetail" time="3.639"/>
  <testcase classname="com.zoetispets.Tests" name="PracticeDetail" time="3.371"/>
  <testcase classname="com.zoetispets.Tests" name="PracticeDetail" time="4.034"/>
  <testcase classname="com.zoetispets.Tests" name="PracticeDetail" time="3.673"/>
  <testcase classname="com.zoetispets.Tests" name="PracticeDetail" time="3.440"/>
  <testcase classname="com.zoetispets.Tests" name="PracticeDetail" time="3.326"/>
  <testcase classname="com.zoetispets.Tests" name="PracticeDetail" time="3.253"/>
  <testcase classname="com.zoetispets.Tests" name="PracticeDetail" time="3.333"/>
  <testcase classname="com.zoetispets.Tests" name="PracticeDetail" time="3.370"/>
  <testcase classname="com.zoetispets.Tests" name="PracticeDetail" time="3.321"/>
  <testcase classname="com.zoetispets.Tests" name="PracticeDetail" time="3.990"/>
  <testcase classname="com.zoetispets.Tests" name="PracticeDetail" time="4.228"/>
  <testcase classname="com.zoetispets.Tests" name="PracticeDetail" time="3.404"/>
  <testcase classname="com.zoetispets.Tests" name="PracticeDetail" time="3.365"/>
  <testcase classname="com.zoetispets.Tests" name="PracticeDetail" time="3.439"/>
  <testcase classname="com.zoetispets.Tests" name="PracticeDetail" time="3.249"/>
  <testcase classname="com.zoetispets.Tests" name="PracticeDetail" time="3.415"/>
  <testcase classname="com.zoetispets.Tests" name="PracticeDetail" time="3.351"/>
  <testcase classname="com.zoetispets.Tests" name="PracticeDetail" time="3.337"/>
  <testcase classname="com.zoetispets.Tests" name="stageAuthTest" time="0.406"/>
</testsuite> <!-- com.zoetispets.Tests -->
