<?xml version="1.0" encoding="UTF-8"?>
<!-- Generated by org.testng.reporters.JUnitReportReporter -->
<testsuite hostname="runnervmi13qx" failures="0" tests="30" name="com.zoetispets.Tests" time="19.004" errors="0" timestamp="2026-01-11T05:49:45 UTC" skipped="0">
  <testcase classname="com.zoetispets.Tests" name="PracticeDetail" time="0.463"/>
  <testcase classname="com.zoetispets.Tests" name="PracticeDetail" time="0.848"/>
  <testcase classname="com.zoetispets.Tests" name="PracticeDetail" time="0.800"/>
  <testcase classname="com.zoetispets.Tests" name="PracticeDetail" time="0.294"/>
  <testcase classname="com.zoetispets.Tests" name="PracticeDetail" time="0.316"/>
  <testcase classname="com.zoetispets.Tests" name="PracticeDetail" time="0.267"/>
  <testcase classname="com.zoetispets.Tests" name="PracticeDetail" time="0.292"/>
  <testcase classname="com.zoetispets.Tests" name="PracticeDetail" time="0.370"/>
  <testcase classname="com.zoetispets.Tests" name="PracticeDetail" time="2.486"/>
  <testcase classname="com.zoetispets.Tests" name="PracticeDetail" time="0.310"/>
  <testcase classname="com.zoetispets.Tests" name="PracticeDetail" time="0.297"/>
  <testcase classname="com.zoetispets.Tests" name="PracticeDetail" time="1.001"/>
  <testcase classname="com.zoetispets.Tests" name="PracticeDetail" time="0.297"/>
  <testcase classname="com.zoetispets.Tests" name="PracticeDetail" time="0.307"/>
  <testcase classname="com.zoetispets.Tests" name="PracticeDetail" time="0.906"/>
  <testcase classname="com.zoetispets.Tests" name="PracticeDetail" time="0.404"/>
  <testcase classname="com.zoetispets.Tests" name="PracticeDetail" time="0.729"/>
  <testcase classname="com.zoetispets.Tests" name="PracticeDetail" time="0.822"/>
  <testcase classname="com.zoetispets.Tests" name="PracticeDetail" time="0.391"/>
  <testcase classname="com.zoetispets.Tests" name="PracticeDetail" time="0.836"/>
  <testcase classname="com.zoetispets.Tests" name="PracticeDetail" time="0.775"/>
  <testcase classname="com.zoetispets.Tests" name="PracticeDetail" time="0.416"/>
  <testcase classname="com.zoetispets.Tests" name="PracticeDetail" time="0.867"/>
  <testcase classname="com.zoetispets.Tests" name="PracticeDetail" time="0.776"/>
  <testcase classname="com.zoetispets.Tests" name="PracticeDetail" time="0.784"/>
  <testcase classname="com.zoetispets.Tests" name="PracticeDetail" time="0.307"/>
  <testcase classname="com.zoetispets.Tests" name="PracticeDetail" time="0.331"/>
  <testcase classname="com.zoetispets.Tests" name="PracticeDetail" time="0.423"/>
  <testcase classname="com.zoetispets.Tests" name="PracticeDetail" time="0.828"/>
  <testcase classname="com.zoetispets.Tests" name="PracticeDetail" time="1.061"/>
</testsuite> <!-- com.zoetispets.Tests -->
