<?xml version="1.0" encoding="UTF-8"?>
<!-- Generated by org.testng.reporters.JUnitReportReporter -->
<testsuite hostname="runnervmi13qx" failures="0" tests="30" name="com.zoetispets.Tests" time="19.464" errors="0" timestamp="2026-01-10T05:46:31 UTC" skipped="0">
  <testcase classname="com.zoetispets.Tests" name="PracticeDetail" time="0.337"/>
  <testcase classname="com.zoetispets.Tests" name="PracticeDetail" time="0.440"/>
  <testcase classname="com.zoetispets.Tests" name="PracticeDetail" time="0.303"/>
  <testcase classname="com.zoetispets.Tests" name="PracticeDetail" time="0.820"/>
  <testcase classname="com.zoetispets.Tests" name="PracticeDetail" time="0.813"/>
  <testcase classname="com.zoetispets.Tests" name="PracticeDetail" time="0.334"/>
  <testcase classname="com.zoetispets.Tests" name="PracticeDetail" time="0.260"/>
  <testcase classname="com.zoetispets.Tests" name="PracticeDetail" time="0.361"/>
  <testcase classname="com.zoetispets.Tests" name="PracticeDetail" time="0.346"/>
  <testcase classname="com.zoetispets.Tests" name="PracticeDetail" time="2.236"/>
  <testcase classname="com.zoetispets.Tests" name="PracticeDetail" time="0.949"/>
  <testcase classname="com.zoetispets.Tests" name="PracticeDetail" time="0.820"/>
  <testcase classname="com.zoetispets.Tests" name="PracticeDetail" time="0.705"/>
  <testcase classname="com.zoetispets.Tests" name="PracticeDetail" time="0.856"/>
  <testcase classname="com.zoetispets.Tests" name="PracticeDetail" time="0.744"/>
  <testcase classname="com.zoetispets.Tests" name="PracticeDetail" time="0.784"/>
  <testcase classname="com.zoetispets.Tests" name="PracticeDetail" time="0.312"/>
  <testcase classname="com.zoetispets.Tests" name="PracticeDetail" time="0.802"/>
  <testcase classname="com.zoetispets.Tests" name="PracticeDetail" time="0.988"/>
  <testcase classname="com.zoetispets.Tests" name="PracticeDetail" time="0.335"/>
  <testcase classname="com.zoetispets.Tests" name="PracticeDetail" time="0.346"/>
  <testcase classname="com.zoetispets.Tests" name="PracticeDetail" time="0.437"/>
  <testcase classname="com.zoetispets.Tests" name="PracticeDetail" time="0.852"/>
  <testcase classname="com.zoetispets.Tests" name="PracticeDetail" time="0.718"/>
  <testcase classname="com.zoetispets.Tests" name="PracticeDetail" time="1.044"/>
  <testcase classname="com.zoetispets.Tests" name="PracticeDetail" time="0.417"/>
  <testcase classname="com.zoetispets.Tests" name="PracticeDetail" time="0.288"/>
  <testcase classname="com.zoetispets.Tests" name="PracticeDetail" time="0.764"/>
  <testcase classname="com.zoetispets.Tests" name="PracticeDetail" time="0.279"/>
  <testcase classname="com.zoetispets.Tests" name="PracticeDetail" time="0.774"/>
</testsuite> <!-- com.zoetispets.Tests -->
