<?xml version="1.0" encoding="UTF-8"?>
<!-- Generated by org.testng.reporters.JUnitReportReporter -->
<testsuite hostname="runnervm46oaq" failures="0" tests="30" name="com.zoetispets.Tests" time="108.757" errors="0" timestamp="2026-03-17T06:41:53 UTC" skipped="0">
  <testcase classname="com.zoetispets.Tests" name="PracticeDetail" time="3.320"/>
  <testcase classname="com.zoetispets.Tests" name="PracticeDetail" time="3.767"/>
  <testcase classname="com.zoetispets.Tests" name="PracticeDetail" time="3.615"/>
  <testcase classname="com.zoetispets.Tests" name="PracticeDetail" time="3.816"/>
  <testcase classname="com.zoetispets.Tests" name="PracticeDetail" time="4.224"/>
  <testcase classname="com.zoetispets.Tests" name="PracticeDetail" time="3.244"/>
  <testcase classname="com.zoetispets.Tests" name="PracticeDetail" time="3.241"/>
  <testcase classname="com.zoetispets.Tests" name="PracticeDetail" time="3.393"/>
  <testcase classname="com.zoetispets.Tests" name="PracticeDetail" time="3.542"/>
  <testcase classname="com.zoetispets.Tests" name="PracticeDetail" time="3.289"/>
  <testcase classname="com.zoetispets.Tests" name="PracticeDetail" time="3.840"/>
  <testcase classname="com.zoetispets.Tests" name="PracticeDetail" time="3.771"/>
  <testcase classname="com.zoetispets.Tests" name="PracticeDetail" time="3.611"/>
  <testcase classname="com.zoetispets.Tests" name="PracticeDetail" time="3.473"/>
  <testcase classname="com.zoetispets.Tests" name="PracticeDetail" time="3.796"/>
  <testcase classname="com.zoetispets.Tests" name="PracticeDetail" time="3.617"/>
  <testcase classname="com.zoetispets.Tests" name="PracticeDetail" time="3.650"/>
  <testcase classname="com.zoetispets.Tests" name="PracticeDetail" time="3.529"/>
  <testcase classname="com.zoetispets.Tests" name="PracticeDetail" time="4.981"/>
  <testcase classname="com.zoetispets.Tests" name="PracticeDetail" time="3.302"/>
  <testcase classname="com.zoetispets.Tests" name="PracticeDetail" time="3.362"/>
  <testcase classname="com.zoetispets.Tests" name="PracticeDetail" time="3.673"/>
  <testcase classname="com.zoetispets.Tests" name="PracticeDetail" time="3.417"/>
  <testcase classname="com.zoetispets.Tests" name="PracticeDetail" time="3.323"/>
  <testcase classname="com.zoetispets.Tests" name="PracticeDetail" time="3.866"/>
  <testcase classname="com.zoetispets.Tests" name="PracticeDetail" time="4.055"/>
  <testcase classname="com.zoetispets.Tests" name="PracticeDetail" time="3.888"/>
  <testcase classname="com.zoetispets.Tests" name="PracticeDetail" time="3.340"/>
  <testcase classname="com.zoetispets.Tests" name="PracticeDetail" time="3.568"/>
  <testcase classname="com.zoetispets.Tests" name="PracticeDetail" time="3.244"/>
</testsuite> <!-- com.zoetispets.Tests -->
