<?xml version="1.0" encoding="UTF-8"?>
<!-- Generated by org.testng.reporters.JUnitReportReporter -->
<testsuite hostname="runnervmnay03" failures="0" tests="30" name="com.zoetispets.Tests" time="110.087" errors="0" timestamp="2026-03-04T06:07:56 UTC" skipped="0">
  <testcase classname="com.zoetispets.Tests" name="PracticeDetail" time="3.248"/>
  <testcase classname="com.zoetispets.Tests" name="PracticeDetail" time="3.263"/>
  <testcase classname="com.zoetispets.Tests" name="PracticeDetail" time="3.256"/>
  <testcase classname="com.zoetispets.Tests" name="PracticeDetail" time="3.478"/>
  <testcase classname="com.zoetispets.Tests" name="PracticeDetail" time="3.290"/>
  <testcase classname="com.zoetispets.Tests" name="PracticeDetail" time="3.674"/>
  <testcase classname="com.zoetispets.Tests" name="PracticeDetail" time="3.559"/>
  <testcase classname="com.zoetispets.Tests" name="PracticeDetail" time="3.366"/>
  <testcase classname="com.zoetispets.Tests" name="PracticeDetail" time="3.510"/>
  <testcase classname="com.zoetispets.Tests" name="PracticeDetail" time="3.258"/>
  <testcase classname="com.zoetispets.Tests" name="PracticeDetail" time="4.441"/>
  <testcase classname="com.zoetispets.Tests" name="PracticeDetail" time="4.629"/>
  <testcase classname="com.zoetispets.Tests" name="PracticeDetail" time="3.313"/>
  <testcase classname="com.zoetispets.Tests" name="PracticeDetail" time="7.472"/>
  <testcase classname="com.zoetispets.Tests" name="PracticeDetail" time="3.573"/>
  <testcase classname="com.zoetispets.Tests" name="PracticeDetail" time="3.645"/>
  <testcase classname="com.zoetispets.Tests" name="PracticeDetail" time="3.620"/>
  <testcase classname="com.zoetispets.Tests" name="PracticeDetail" time="3.257"/>
  <testcase classname="com.zoetispets.Tests" name="PracticeDetail" time="3.247"/>
  <testcase classname="com.zoetispets.Tests" name="PracticeDetail" time="3.272"/>
  <testcase classname="com.zoetispets.Tests" name="PracticeDetail" time="3.366"/>
  <testcase classname="com.zoetispets.Tests" name="PracticeDetail" time="3.276"/>
  <testcase classname="com.zoetispets.Tests" name="PracticeDetail" time="3.477"/>
  <testcase classname="com.zoetispets.Tests" name="PracticeDetail" time="3.456"/>
  <testcase classname="com.zoetispets.Tests" name="PracticeDetail" time="3.304"/>
  <testcase classname="com.zoetispets.Tests" name="PracticeDetail" time="3.740"/>
  <testcase classname="com.zoetispets.Tests" name="PracticeDetail" time="4.082"/>
  <testcase classname="com.zoetispets.Tests" name="PracticeDetail" time="4.322"/>
  <testcase classname="com.zoetispets.Tests" name="PracticeDetail" time="3.407"/>
  <testcase classname="com.zoetispets.Tests" name="PracticeDetail" time="3.286"/>
</testsuite> <!-- com.zoetispets.Tests -->
