<?xml version="1.0" encoding="UTF-8"?>
<!-- Generated by org.testng.reporters.JUnitReportReporter -->
<testsuite hostname="runnervmeorf1" failures="0" tests="30" name="com.zoetispets.Tests" time="112.249" errors="0" timestamp="2026-04-30T07:44:19 UTC" skipped="0">
  <testcase classname="com.zoetispets.Tests" name="PracticeDetail" time="3.326"/>
  <testcase classname="com.zoetispets.Tests" name="PracticeDetail" time="3.744"/>
  <testcase classname="com.zoetispets.Tests" name="PracticeDetail" time="3.457"/>
  <testcase classname="com.zoetispets.Tests" name="PracticeDetail" time="3.960"/>
  <testcase classname="com.zoetispets.Tests" name="PracticeDetail" time="4.159"/>
  <testcase classname="com.zoetispets.Tests" name="PracticeDetail" time="3.430"/>
  <testcase classname="com.zoetispets.Tests" name="PracticeDetail" time="3.625"/>
  <testcase classname="com.zoetispets.Tests" name="PracticeDetail" time="3.346"/>
  <testcase classname="com.zoetispets.Tests" name="PracticeDetail" time="3.586"/>
  <testcase classname="com.zoetispets.Tests" name="PracticeDetail" time="3.314"/>
  <testcase classname="com.zoetispets.Tests" name="PracticeDetail" time="3.802"/>
  <testcase classname="com.zoetispets.Tests" name="PracticeDetail" time="3.389"/>
  <testcase classname="com.zoetispets.Tests" name="PracticeDetail" time="3.225"/>
  <testcase classname="com.zoetispets.Tests" name="PracticeDetail" time="7.606"/>
  <testcase classname="com.zoetispets.Tests" name="PracticeDetail" time="3.845"/>
  <testcase classname="com.zoetispets.Tests" name="PracticeDetail" time="3.554"/>
  <testcase classname="com.zoetispets.Tests" name="PracticeDetail" time="3.275"/>
  <testcase classname="com.zoetispets.Tests" name="PracticeDetail" time="3.521"/>
  <testcase classname="com.zoetispets.Tests" name="PracticeDetail" time="3.271"/>
  <testcase classname="com.zoetispets.Tests" name="PracticeDetail" time="3.314"/>
  <testcase classname="com.zoetispets.Tests" name="PracticeDetail" time="3.342"/>
  <testcase classname="com.zoetispets.Tests" name="PracticeDetail" time="4.777"/>
  <testcase classname="com.zoetispets.Tests" name="PracticeDetail" time="3.743"/>
  <testcase classname="com.zoetispets.Tests" name="PracticeDetail" time="3.363"/>
  <testcase classname="com.zoetispets.Tests" name="PracticeDetail" time="3.800"/>
  <testcase classname="com.zoetispets.Tests" name="PracticeDetail" time="4.038"/>
  <testcase classname="com.zoetispets.Tests" name="PracticeDetail" time="3.913"/>
  <testcase classname="com.zoetispets.Tests" name="PracticeDetail" time="3.394"/>
  <testcase classname="com.zoetispets.Tests" name="PracticeDetail" time="3.603"/>
  <testcase classname="com.zoetispets.Tests" name="PracticeDetail" time="3.527"/>
</testsuite> <!-- com.zoetispets.Tests -->
