<?xml version="1.0" encoding="UTF-8"?>
<!-- Generated by org.testng.reporters.JUnitReportReporter -->
<testsuite hostname="runnervm5mmn9" failures="0" tests="31" name="com.zoetispets.Tests" time="108.532" errors="0" timestamp="2026-07-12T07:43:00 UTC" skipped="0">
  <testcase classname="com.zoetispets.Tests" name="PracticeDetail" time="4.083"/>
  <testcase classname="com.zoetispets.Tests" name="PracticeDetail" time="3.771"/>
  <testcase classname="com.zoetispets.Tests" name="PracticeDetail" time="3.364"/>
  <testcase classname="com.zoetispets.Tests" name="PracticeDetail" time="3.491"/>
  <testcase classname="com.zoetispets.Tests" name="PracticeDetail" time="3.232"/>
  <testcase classname="com.zoetispets.Tests" name="PracticeDetail" time="3.655"/>
  <testcase classname="com.zoetispets.Tests" name="PracticeDetail" time="3.367"/>
  <testcase classname="com.zoetispets.Tests" name="PracticeDetail" time="3.288"/>
  <testcase classname="com.zoetispets.Tests" name="PracticeDetail" time="3.776"/>
  <testcase classname="com.zoetispets.Tests" name="PracticeDetail" time="3.420"/>
  <testcase classname="com.zoetispets.Tests" name="PracticeDetail" time="3.366"/>
  <testcase classname="com.zoetispets.Tests" name="PracticeDetail" time="3.455"/>
  <testcase classname="com.zoetispets.Tests" name="PracticeDetail" time="3.199"/>
  <testcase classname="com.zoetispets.Tests" name="PracticeDetail" time="4.194"/>
  <testcase classname="com.zoetispets.Tests" name="PracticeDetail" time="3.463"/>
  <testcase classname="com.zoetispets.Tests" name="PracticeDetail" time="3.505"/>
  <testcase classname="com.zoetispets.Tests" name="PracticeDetail" time="4.568"/>
  <testcase classname="com.zoetispets.Tests" name="PracticeDetail" time="3.665"/>
  <testcase classname="com.zoetispets.Tests" name="PracticeDetail" time="3.870"/>
  <testcase classname="com.zoetispets.Tests" name="PracticeDetail" time="4.481"/>
  <testcase classname="com.zoetispets.Tests" name="PracticeDetail" time="3.649"/>
  <testcase classname="com.zoetispets.Tests" name="PracticeDetail" time="3.458"/>
  <testcase classname="com.zoetispets.Tests" name="PracticeDetail" time="3.795"/>
  <testcase classname="com.zoetispets.Tests" name="PracticeDetail" time="3.374"/>
  <testcase classname="com.zoetispets.Tests" name="PracticeDetail" time="3.405"/>
  <testcase classname="com.zoetispets.Tests" name="PracticeDetail" time="3.371"/>
  <testcase classname="com.zoetispets.Tests" name="PracticeDetail" time="3.455"/>
  <testcase classname="com.zoetispets.Tests" name="PracticeDetail" time="3.807"/>
  <testcase classname="com.zoetispets.Tests" name="PracticeDetail" time="3.352"/>
  <testcase classname="com.zoetispets.Tests" name="PracticeDetail" time="3.368"/>
  <testcase classname="com.zoetispets.Tests" name="stageAuthTest" time="0.285"/>
</testsuite> <!-- com.zoetispets.Tests -->
