<?xml version="1.0" encoding="UTF-8"?>
<!-- Generated by org.testng.reporters.JUnitReportReporter -->
<testsuite hostname="runnervm727z3" failures="0" tests="30" name="com.zoetispets.Tests" time="106.767" errors="0" timestamp="2026-04-06T07:11:00 UTC" skipped="0">
  <testcase classname="com.zoetispets.Tests" name="PracticeDetail" time="3.267"/>
  <testcase classname="com.zoetispets.Tests" name="PracticeDetail" time="3.289"/>
  <testcase classname="com.zoetispets.Tests" name="PracticeDetail" time="3.243"/>
  <testcase classname="com.zoetispets.Tests" name="PracticeDetail" time="3.948"/>
  <testcase classname="com.zoetispets.Tests" name="PracticeDetail" time="4.071"/>
  <testcase classname="com.zoetispets.Tests" name="PracticeDetail" time="3.247"/>
  <testcase classname="com.zoetispets.Tests" name="PracticeDetail" time="3.250"/>
  <testcase classname="com.zoetispets.Tests" name="PracticeDetail" time="3.490"/>
  <testcase classname="com.zoetispets.Tests" name="PracticeDetail" time="3.427"/>
  <testcase classname="com.zoetispets.Tests" name="PracticeDetail" time="3.392"/>
  <testcase classname="com.zoetispets.Tests" name="PracticeDetail" time="3.253"/>
  <testcase classname="com.zoetispets.Tests" name="PracticeDetail" time="3.317"/>
  <testcase classname="com.zoetispets.Tests" name="PracticeDetail" time="3.398"/>
  <testcase classname="com.zoetispets.Tests" name="PracticeDetail" time="4.126"/>
  <testcase classname="com.zoetispets.Tests" name="PracticeDetail" time="3.532"/>
  <testcase classname="com.zoetispets.Tests" name="PracticeDetail" time="3.270"/>
  <testcase classname="com.zoetispets.Tests" name="PracticeDetail" time="3.612"/>
  <testcase classname="com.zoetispets.Tests" name="PracticeDetail" time="3.256"/>
  <testcase classname="com.zoetispets.Tests" name="PracticeDetail" time="3.891"/>
  <testcase classname="com.zoetispets.Tests" name="PracticeDetail" time="3.407"/>
  <testcase classname="com.zoetispets.Tests" name="PracticeDetail" time="4.488"/>
  <testcase classname="com.zoetispets.Tests" name="PracticeDetail" time="3.644"/>
  <testcase classname="com.zoetispets.Tests" name="PracticeDetail" time="4.680"/>
  <testcase classname="com.zoetispets.Tests" name="PracticeDetail" time="3.286"/>
  <testcase classname="com.zoetispets.Tests" name="PracticeDetail" time="3.269"/>
  <testcase classname="com.zoetispets.Tests" name="PracticeDetail" time="4.388"/>
  <testcase classname="com.zoetispets.Tests" name="PracticeDetail" time="3.251"/>
  <testcase classname="com.zoetispets.Tests" name="PracticeDetail" time="3.430"/>
  <testcase classname="com.zoetispets.Tests" name="PracticeDetail" time="3.359"/>
  <testcase classname="com.zoetispets.Tests" name="PracticeDetail" time="3.286"/>
</testsuite> <!-- com.zoetispets.Tests -->
