<?xml version="1.0" encoding="UTF-8"?>
<!-- Generated by org.testng.reporters.JUnitReportReporter -->
<testsuite hostname="runnervm0kj6c" failures="0" tests="30" name="com.zoetispets.Tests" time="108.745" errors="0" timestamp="2026-03-14T06:08:50 UTC" skipped="0">
  <testcase classname="com.zoetispets.Tests" name="PracticeDetail" time="3.365"/>
  <testcase classname="com.zoetispets.Tests" name="PracticeDetail" time="3.821"/>
  <testcase classname="com.zoetispets.Tests" name="PracticeDetail" time="3.517"/>
  <testcase classname="com.zoetispets.Tests" name="PracticeDetail" time="4.261"/>
  <testcase classname="com.zoetispets.Tests" name="PracticeDetail" time="4.796"/>
  <testcase classname="com.zoetispets.Tests" name="PracticeDetail" time="3.266"/>
  <testcase classname="com.zoetispets.Tests" name="PracticeDetail" time="3.619"/>
  <testcase classname="com.zoetispets.Tests" name="PracticeDetail" time="3.388"/>
  <testcase classname="com.zoetispets.Tests" name="PracticeDetail" time="3.970"/>
  <testcase classname="com.zoetispets.Tests" name="PracticeDetail" time="3.271"/>
  <testcase classname="com.zoetispets.Tests" name="PracticeDetail" time="3.372"/>
  <testcase classname="com.zoetispets.Tests" name="PracticeDetail" time="3.782"/>
  <testcase classname="com.zoetispets.Tests" name="PracticeDetail" time="3.557"/>
  <testcase classname="com.zoetispets.Tests" name="PracticeDetail" time="3.509"/>
  <testcase classname="com.zoetispets.Tests" name="PracticeDetail" time="3.531"/>
  <testcase classname="com.zoetispets.Tests" name="PracticeDetail" time="3.431"/>
  <testcase classname="com.zoetispets.Tests" name="PracticeDetail" time="3.615"/>
  <testcase classname="com.zoetispets.Tests" name="PracticeDetail" time="3.550"/>
  <testcase classname="com.zoetispets.Tests" name="PracticeDetail" time="3.412"/>
  <testcase classname="com.zoetispets.Tests" name="PracticeDetail" time="3.367"/>
  <testcase classname="com.zoetispets.Tests" name="PracticeDetail" time="3.419"/>
  <testcase classname="com.zoetispets.Tests" name="PracticeDetail" time="4.890"/>
  <testcase classname="com.zoetispets.Tests" name="PracticeDetail" time="3.684"/>
  <testcase classname="com.zoetispets.Tests" name="PracticeDetail" time="3.373"/>
  <testcase classname="com.zoetispets.Tests" name="PracticeDetail" time="3.355"/>
  <testcase classname="com.zoetispets.Tests" name="PracticeDetail" time="4.155"/>
  <testcase classname="com.zoetispets.Tests" name="PracticeDetail" time="3.259"/>
  <testcase classname="com.zoetispets.Tests" name="PracticeDetail" time="3.480"/>
  <testcase classname="com.zoetispets.Tests" name="PracticeDetail" time="3.368"/>
  <testcase classname="com.zoetispets.Tests" name="PracticeDetail" time="3.362"/>
</testsuite> <!-- com.zoetispets.Tests -->
