<?xml version="1.0" encoding="UTF-8"?>
<!-- Generated by org.testng.reporters.JUnitReportReporter -->
<testsuite hostname="runnervmvrwv9" failures="0" tests="31" name="com.zoetispets.Tests" time="107.465" errors="0" timestamp="2026-07-31T08:18:52 UTC" skipped="0">
  <testcase classname="com.zoetispets.Tests" name="PracticeDetail" time="3.328"/>
  <testcase classname="com.zoetispets.Tests" name="PracticeDetail" time="3.321"/>
  <testcase classname="com.zoetispets.Tests" name="PracticeDetail" time="4.859"/>
  <testcase classname="com.zoetispets.Tests" name="PracticeDetail" time="4.338"/>
  <testcase classname="com.zoetispets.Tests" name="PracticeDetail" time="3.578"/>
  <testcase classname="com.zoetispets.Tests" name="PracticeDetail" time="4.282"/>
  <testcase classname="com.zoetispets.Tests" name="PracticeDetail" time="3.282"/>
  <testcase classname="com.zoetispets.Tests" name="PracticeDetail" time="3.432"/>
  <testcase classname="com.zoetispets.Tests" name="PracticeDetail" time="3.411"/>
  <testcase classname="com.zoetispets.Tests" name="PracticeDetail" time="3.633"/>
  <testcase classname="com.zoetispets.Tests" name="PracticeDetail" time="3.225"/>
  <testcase classname="com.zoetispets.Tests" name="PracticeDetail" time="3.656"/>
  <testcase classname="com.zoetispets.Tests" name="PracticeDetail" time="3.215"/>
  <testcase classname="com.zoetispets.Tests" name="PracticeDetail" time="3.222"/>
  <testcase classname="com.zoetispets.Tests" name="PracticeDetail" time="3.707"/>
  <testcase classname="com.zoetispets.Tests" name="PracticeDetail" time="3.353"/>
  <testcase classname="com.zoetispets.Tests" name="PracticeDetail" time="3.507"/>
  <testcase classname="com.zoetispets.Tests" name="PracticeDetail" time="3.481"/>
  <testcase classname="com.zoetispets.Tests" name="PracticeDetail" time="3.572"/>
  <testcase classname="com.zoetispets.Tests" name="PracticeDetail" time="3.224"/>
  <testcase classname="com.zoetispets.Tests" name="PracticeDetail" time="3.309"/>
  <testcase classname="com.zoetispets.Tests" name="PracticeDetail" time="4.059"/>
  <testcase classname="com.zoetispets.Tests" name="PracticeDetail" time="4.506"/>
  <testcase classname="com.zoetispets.Tests" name="PracticeDetail" time="3.253"/>
  <testcase classname="com.zoetispets.Tests" name="PracticeDetail" time="3.373"/>
  <testcase classname="com.zoetispets.Tests" name="PracticeDetail" time="3.243"/>
  <testcase classname="com.zoetispets.Tests" name="PracticeDetail" time="3.243"/>
  <testcase classname="com.zoetispets.Tests" name="PracticeDetail" time="3.499"/>
  <testcase classname="com.zoetispets.Tests" name="PracticeDetail" time="3.261"/>
  <testcase classname="com.zoetispets.Tests" name="PracticeDetail" time="3.389"/>
  <testcase classname="com.zoetispets.Tests" name="stageAuthTest" time="0.704"/>
</testsuite> <!-- com.zoetispets.Tests -->
