<?xml version="1.0" encoding="UTF-8"?>
<!-- Generated by org.testng.reporters.JUnitReportReporter -->
<testsuite hostname="runnervmmtnos" failures="0" tests="30" name="com.zoetispets.Tests" time="17.942" errors="0" timestamp="2026-01-21T05:53:38 UTC" skipped="0">
  <testcase classname="com.zoetispets.Tests" name="PracticeDetail" time="1.479"/>
  <testcase classname="com.zoetispets.Tests" name="PracticeDetail" time="0.546"/>
  <testcase classname="com.zoetispets.Tests" name="PracticeDetail" time="0.475"/>
  <testcase classname="com.zoetispets.Tests" name="PracticeDetail" time="0.345"/>
  <testcase classname="com.zoetispets.Tests" name="PracticeDetail" time="0.269"/>
  <testcase classname="com.zoetispets.Tests" name="PracticeDetail" time="0.500"/>
  <testcase classname="com.zoetispets.Tests" name="PracticeDetail" time="0.945"/>
  <testcase classname="com.zoetispets.Tests" name="PracticeDetail" time="0.266"/>
  <testcase classname="com.zoetispets.Tests" name="PracticeDetail" time="0.730"/>
  <testcase classname="com.zoetispets.Tests" name="PracticeDetail" time="0.439"/>
  <testcase classname="com.zoetispets.Tests" name="PracticeDetail" time="0.927"/>
  <testcase classname="com.zoetispets.Tests" name="PracticeDetail" time="0.500"/>
  <testcase classname="com.zoetispets.Tests" name="PracticeDetail" time="0.272"/>
  <testcase classname="com.zoetispets.Tests" name="PracticeDetail" time="0.274"/>
  <testcase classname="com.zoetispets.Tests" name="PracticeDetail" time="1.154"/>
  <testcase classname="com.zoetispets.Tests" name="PracticeDetail" time="0.451"/>
  <testcase classname="com.zoetispets.Tests" name="PracticeDetail" time="0.461"/>
  <testcase classname="com.zoetispets.Tests" name="PracticeDetail" time="0.830"/>
  <testcase classname="com.zoetispets.Tests" name="PracticeDetail" time="0.636"/>
  <testcase classname="com.zoetispets.Tests" name="PracticeDetail" time="0.275"/>
  <testcase classname="com.zoetispets.Tests" name="PracticeDetail" time="0.486"/>
  <testcase classname="com.zoetispets.Tests" name="PracticeDetail" time="0.309"/>
  <testcase classname="com.zoetispets.Tests" name="PracticeDetail" time="0.300"/>
  <testcase classname="com.zoetispets.Tests" name="PracticeDetail" time="0.282"/>
  <testcase classname="com.zoetispets.Tests" name="PracticeDetail" time="0.372"/>
  <testcase classname="com.zoetispets.Tests" name="PracticeDetail" time="0.463"/>
  <testcase classname="com.zoetispets.Tests" name="PracticeDetail" time="0.835"/>
  <testcase classname="com.zoetispets.Tests" name="PracticeDetail" time="1.017"/>
  <testcase classname="com.zoetispets.Tests" name="PracticeDetail" time="1.507"/>
  <testcase classname="com.zoetispets.Tests" name="PracticeDetail" time="0.597"/>
</testsuite> <!-- com.zoetispets.Tests -->
