<?xml version="1.0" encoding="UTF-8"?>
<!-- Generated by org.testng.reporters.JUnitReportReporter -->
<testsuite hostname="runnervmwffz4" failures="0" tests="30" name="com.zoetispets.Tests" time="106.285" errors="0" timestamp="2026-02-21T06:05:18 UTC" skipped="0">
  <testcase classname="com.zoetispets.Tests" name="PracticeDetail" time="3.286"/>
  <testcase classname="com.zoetispets.Tests" name="PracticeDetail" time="3.454"/>
  <testcase classname="com.zoetispets.Tests" name="PracticeDetail" time="3.463"/>
  <testcase classname="com.zoetispets.Tests" name="PracticeDetail" time="3.613"/>
  <testcase classname="com.zoetispets.Tests" name="PracticeDetail" time="4.468"/>
  <testcase classname="com.zoetispets.Tests" name="PracticeDetail" time="3.994"/>
  <testcase classname="com.zoetispets.Tests" name="PracticeDetail" time="3.472"/>
  <testcase classname="com.zoetispets.Tests" name="PracticeDetail" time="3.533"/>
  <testcase classname="com.zoetispets.Tests" name="PracticeDetail" time="3.287"/>
  <testcase classname="com.zoetispets.Tests" name="PracticeDetail" time="3.417"/>
  <testcase classname="com.zoetispets.Tests" name="PracticeDetail" time="3.420"/>
  <testcase classname="com.zoetispets.Tests" name="PracticeDetail" time="3.427"/>
  <testcase classname="com.zoetispets.Tests" name="PracticeDetail" time="3.421"/>
  <testcase classname="com.zoetispets.Tests" name="PracticeDetail" time="3.838"/>
  <testcase classname="com.zoetispets.Tests" name="PracticeDetail" time="3.276"/>
  <testcase classname="com.zoetispets.Tests" name="PracticeDetail" time="3.433"/>
  <testcase classname="com.zoetispets.Tests" name="PracticeDetail" time="3.498"/>
  <testcase classname="com.zoetispets.Tests" name="PracticeDetail" time="3.449"/>
  <testcase classname="com.zoetispets.Tests" name="PracticeDetail" time="3.396"/>
  <testcase classname="com.zoetispets.Tests" name="PracticeDetail" time="3.270"/>
  <testcase classname="com.zoetispets.Tests" name="PracticeDetail" time="3.319"/>
  <testcase classname="com.zoetispets.Tests" name="PracticeDetail" time="3.276"/>
  <testcase classname="com.zoetispets.Tests" name="PracticeDetail" time="4.333"/>
  <testcase classname="com.zoetispets.Tests" name="PracticeDetail" time="3.528"/>
  <testcase classname="com.zoetispets.Tests" name="PracticeDetail" time="3.297"/>
  <testcase classname="com.zoetispets.Tests" name="PracticeDetail" time="3.516"/>
  <testcase classname="com.zoetispets.Tests" name="PracticeDetail" time="3.437"/>
  <testcase classname="com.zoetispets.Tests" name="PracticeDetail" time="3.485"/>
  <testcase classname="com.zoetispets.Tests" name="PracticeDetail" time="3.512"/>
  <testcase classname="com.zoetispets.Tests" name="PracticeDetail" time="4.167"/>
</testsuite> <!-- com.zoetispets.Tests -->
