<?xml version="1.0" encoding="UTF-8"?>
<!-- Generated by org.testng.reporters.JUnitReportReporter -->
<testsuite hostname="runnervmwhb2z" failures="0" tests="30" name="com.zoetispets.Tests" time="18.807" errors="0" timestamp="2025-10-21T05:43:19 UTC" skipped="0">
  <testcase classname="com.zoetispets.Tests" name="PracticeDetail" time="1.396"/>
  <testcase classname="com.zoetispets.Tests" name="PracticeDetail" time="0.346"/>
  <testcase classname="com.zoetispets.Tests" name="PracticeDetail" time="0.324"/>
  <testcase classname="com.zoetispets.Tests" name="PracticeDetail" time="0.264"/>
  <testcase classname="com.zoetispets.Tests" name="PracticeDetail" time="0.268"/>
  <testcase classname="com.zoetispets.Tests" name="PracticeDetail" time="0.332"/>
  <testcase classname="com.zoetispets.Tests" name="PracticeDetail" time="0.372"/>
  <testcase classname="com.zoetispets.Tests" name="PracticeDetail" time="0.695"/>
  <testcase classname="com.zoetispets.Tests" name="PracticeDetail" time="0.570"/>
  <testcase classname="com.zoetispets.Tests" name="PracticeDetail" time="0.411"/>
  <testcase classname="com.zoetispets.Tests" name="PracticeDetail" time="0.379"/>
  <testcase classname="com.zoetispets.Tests" name="PracticeDetail" time="0.678"/>
  <testcase classname="com.zoetispets.Tests" name="PracticeDetail" time="0.252"/>
  <testcase classname="com.zoetispets.Tests" name="PracticeDetail" time="0.418"/>
  <testcase classname="com.zoetispets.Tests" name="PracticeDetail" time="0.393"/>
  <testcase classname="com.zoetispets.Tests" name="PracticeDetail" time="0.711"/>
  <testcase classname="com.zoetispets.Tests" name="PracticeDetail" time="3.910"/>
  <testcase classname="com.zoetispets.Tests" name="PracticeDetail" time="0.964"/>
  <testcase classname="com.zoetispets.Tests" name="PracticeDetail" time="0.690"/>
  <testcase classname="com.zoetispets.Tests" name="PracticeDetail" time="0.316"/>
  <testcase classname="com.zoetispets.Tests" name="PracticeDetail" time="0.299"/>
  <testcase classname="com.zoetispets.Tests" name="PracticeDetail" time="0.281"/>
  <testcase classname="com.zoetispets.Tests" name="PracticeDetail" time="0.736"/>
  <testcase classname="com.zoetispets.Tests" name="PracticeDetail" time="0.813"/>
  <testcase classname="com.zoetispets.Tests" name="PracticeDetail" time="0.374"/>
  <testcase classname="com.zoetispets.Tests" name="PracticeDetail" time="0.480"/>
  <testcase classname="com.zoetispets.Tests" name="PracticeDetail" time="0.291"/>
  <testcase classname="com.zoetispets.Tests" name="PracticeDetail" time="0.776"/>
  <testcase classname="com.zoetispets.Tests" name="PracticeDetail" time="0.310"/>
  <testcase classname="com.zoetispets.Tests" name="PracticeDetail" time="0.758"/>
</testsuite> <!-- com.zoetispets.Tests -->
