<?xml version="1.0" encoding="UTF-8"?>
<!-- Generated by org.testng.reporters.JUnitReportReporter -->
<testsuite hostname="runnervmnay03" failures="0" tests="30" name="com.zoetispets.Tests" time="108.091" errors="0" timestamp="2026-02-28T05:59:12 UTC" skipped="0">
  <testcase classname="com.zoetispets.Tests" name="PracticeDetail" time="3.407"/>
  <testcase classname="com.zoetispets.Tests" name="PracticeDetail" time="3.401"/>
  <testcase classname="com.zoetispets.Tests" name="PracticeDetail" time="3.643"/>
  <testcase classname="com.zoetispets.Tests" name="PracticeDetail" time="3.643"/>
  <testcase classname="com.zoetispets.Tests" name="PracticeDetail" time="4.913"/>
  <testcase classname="com.zoetispets.Tests" name="PracticeDetail" time="3.753"/>
  <testcase classname="com.zoetispets.Tests" name="PracticeDetail" time="3.756"/>
  <testcase classname="com.zoetispets.Tests" name="PracticeDetail" time="3.536"/>
  <testcase classname="com.zoetispets.Tests" name="PracticeDetail" time="3.379"/>
  <testcase classname="com.zoetispets.Tests" name="PracticeDetail" time="3.568"/>
  <testcase classname="com.zoetispets.Tests" name="PracticeDetail" time="3.545"/>
  <testcase classname="com.zoetispets.Tests" name="PracticeDetail" time="3.553"/>
  <testcase classname="com.zoetispets.Tests" name="PracticeDetail" time="3.650"/>
  <testcase classname="com.zoetispets.Tests" name="PracticeDetail" time="3.557"/>
  <testcase classname="com.zoetispets.Tests" name="PracticeDetail" time="3.818"/>
  <testcase classname="com.zoetispets.Tests" name="PracticeDetail" time="3.700"/>
  <testcase classname="com.zoetispets.Tests" name="PracticeDetail" time="3.491"/>
  <testcase classname="com.zoetispets.Tests" name="PracticeDetail" time="3.401"/>
  <testcase classname="com.zoetispets.Tests" name="PracticeDetail" time="3.524"/>
  <testcase classname="com.zoetispets.Tests" name="PracticeDetail" time="3.261"/>
  <testcase classname="com.zoetispets.Tests" name="PracticeDetail" time="3.415"/>
  <testcase classname="com.zoetispets.Tests" name="PracticeDetail" time="3.258"/>
  <testcase classname="com.zoetispets.Tests" name="PracticeDetail" time="4.164"/>
  <testcase classname="com.zoetispets.Tests" name="PracticeDetail" time="3.493"/>
  <testcase classname="com.zoetispets.Tests" name="PracticeDetail" time="3.520"/>
  <testcase classname="com.zoetispets.Tests" name="PracticeDetail" time="3.570"/>
  <testcase classname="com.zoetispets.Tests" name="PracticeDetail" time="3.412"/>
  <testcase classname="com.zoetispets.Tests" name="PracticeDetail" time="3.359"/>
  <testcase classname="com.zoetispets.Tests" name="PracticeDetail" time="3.359"/>
  <testcase classname="com.zoetispets.Tests" name="PracticeDetail" time="4.042"/>
</testsuite> <!-- com.zoetispets.Tests -->
