<?xml version="1.0" encoding="UTF-8"?>
<!-- Generated by org.testng.reporters.JUnitReportReporter -->
<testsuite hostname="runnervm3jd5f" failures="0" tests="31" name="com.zoetispets.Tests" time="106.523" errors="0" timestamp="2026-07-23T07:59:24 UTC" skipped="0">
  <testcase classname="com.zoetispets.Tests" name="PracticeDetail" time="3.375"/>
  <testcase classname="com.zoetispets.Tests" name="PracticeDetail" time="3.240"/>
  <testcase classname="com.zoetispets.Tests" name="PracticeDetail" time="4.601"/>
  <testcase classname="com.zoetispets.Tests" name="PracticeDetail" time="3.454"/>
  <testcase classname="com.zoetispets.Tests" name="PracticeDetail" time="3.293"/>
  <testcase classname="com.zoetispets.Tests" name="PracticeDetail" time="4.155"/>
  <testcase classname="com.zoetispets.Tests" name="PracticeDetail" time="3.382"/>
  <testcase classname="com.zoetispets.Tests" name="PracticeDetail" time="3.283"/>
  <testcase classname="com.zoetispets.Tests" name="PracticeDetail" time="4.559"/>
  <testcase classname="com.zoetispets.Tests" name="PracticeDetail" time="3.220"/>
  <testcase classname="com.zoetispets.Tests" name="PracticeDetail" time="3.497"/>
  <testcase classname="com.zoetispets.Tests" name="PracticeDetail" time="3.297"/>
  <testcase classname="com.zoetispets.Tests" name="PracticeDetail" time="3.412"/>
  <testcase classname="com.zoetispets.Tests" name="PracticeDetail" time="3.960"/>
  <testcase classname="com.zoetispets.Tests" name="PracticeDetail" time="3.790"/>
  <testcase classname="com.zoetispets.Tests" name="PracticeDetail" time="3.320"/>
  <testcase classname="com.zoetispets.Tests" name="PracticeDetail" time="3.402"/>
  <testcase classname="com.zoetispets.Tests" name="PracticeDetail" time="3.216"/>
  <testcase classname="com.zoetispets.Tests" name="PracticeDetail" time="3.227"/>
  <testcase classname="com.zoetispets.Tests" name="PracticeDetail" time="3.287"/>
  <testcase classname="com.zoetispets.Tests" name="PracticeDetail" time="3.275"/>
  <testcase classname="com.zoetispets.Tests" name="PracticeDetail" time="3.892"/>
  <testcase classname="com.zoetispets.Tests" name="PracticeDetail" time="4.183"/>
  <testcase classname="com.zoetispets.Tests" name="PracticeDetail" time="3.313"/>
  <testcase classname="com.zoetispets.Tests" name="PracticeDetail" time="3.439"/>
  <testcase classname="com.zoetispets.Tests" name="PracticeDetail" time="3.496"/>
  <testcase classname="com.zoetispets.Tests" name="PracticeDetail" time="3.595"/>
  <testcase classname="com.zoetispets.Tests" name="PracticeDetail" time="3.427"/>
  <testcase classname="com.zoetispets.Tests" name="PracticeDetail" time="3.317"/>
  <testcase classname="com.zoetispets.Tests" name="PracticeDetail" time="3.237"/>
  <testcase classname="com.zoetispets.Tests" name="stageAuthTest" time="0.379"/>
</testsuite> <!-- com.zoetispets.Tests -->
