<?xml version="1.0" encoding="UTF-8"?>
<!-- Generated by org.testng.reporters.JUnitReportReporter -->
<testsuite hostname="runnervmf2e7y" failures="0" tests="30" name="com.zoetispets.Tests" time="19.653" errors="0" timestamp="2025-11-03T05:45:07 UTC" skipped="0">
  <testcase classname="com.zoetispets.Tests" name="PracticeDetail" time="0.754"/>
  <testcase classname="com.zoetispets.Tests" name="PracticeDetail" time="0.437"/>
  <testcase classname="com.zoetispets.Tests" name="PracticeDetail" time="0.698"/>
  <testcase classname="com.zoetispets.Tests" name="PracticeDetail" time="0.517"/>
  <testcase classname="com.zoetispets.Tests" name="PracticeDetail" time="0.461"/>
  <testcase classname="com.zoetispets.Tests" name="PracticeDetail" time="0.289"/>
  <testcase classname="com.zoetispets.Tests" name="PracticeDetail" time="1.066"/>
  <testcase classname="com.zoetispets.Tests" name="PracticeDetail" time="0.853"/>
  <testcase classname="com.zoetispets.Tests" name="PracticeDetail" time="0.504"/>
  <testcase classname="com.zoetispets.Tests" name="PracticeDetail" time="2.066"/>
  <testcase classname="com.zoetispets.Tests" name="PracticeDetail" time="0.301"/>
  <testcase classname="com.zoetispets.Tests" name="PracticeDetail" time="0.285"/>
  <testcase classname="com.zoetispets.Tests" name="PracticeDetail" time="0.550"/>
  <testcase classname="com.zoetispets.Tests" name="PracticeDetail" time="0.272"/>
  <testcase classname="com.zoetispets.Tests" name="PracticeDetail" time="0.462"/>
  <testcase classname="com.zoetispets.Tests" name="PracticeDetail" time="0.364"/>
  <testcase classname="com.zoetispets.Tests" name="PracticeDetail" time="0.476"/>
  <testcase classname="com.zoetispets.Tests" name="PracticeDetail" time="0.738"/>
  <testcase classname="com.zoetispets.Tests" name="PracticeDetail" time="0.433"/>
  <testcase classname="com.zoetispets.Tests" name="PracticeDetail" time="0.711"/>
  <testcase classname="com.zoetispets.Tests" name="PracticeDetail" time="0.393"/>
  <testcase classname="com.zoetispets.Tests" name="PracticeDetail" time="0.536"/>
  <testcase classname="com.zoetispets.Tests" name="PracticeDetail" time="0.726"/>
  <testcase classname="com.zoetispets.Tests" name="PracticeDetail" time="0.832"/>
  <testcase classname="com.zoetispets.Tests" name="PracticeDetail" time="0.732"/>
  <testcase classname="com.zoetispets.Tests" name="PracticeDetail" time="0.605"/>
  <testcase classname="com.zoetispets.Tests" name="PracticeDetail" time="0.276"/>
  <testcase classname="com.zoetispets.Tests" name="PracticeDetail" time="0.345"/>
  <testcase classname="com.zoetispets.Tests" name="PracticeDetail" time="0.380"/>
  <testcase classname="com.zoetispets.Tests" name="PracticeDetail" time="2.591"/>
</testsuite> <!-- com.zoetispets.Tests -->
