<?xml version="1.0" encoding="UTF-8"?>
<!-- Generated by org.testng.reporters.JUnitReportReporter -->
<testsuite hostname="runnervm46oaq" failures="0" tests="30" name="com.zoetispets.Tests" time="108.639" errors="0" timestamp="2026-03-24T06:42:06 UTC" skipped="0">
  <testcase classname="com.zoetispets.Tests" name="PracticeDetail" time="4.323"/>
  <testcase classname="com.zoetispets.Tests" name="PracticeDetail" time="3.261"/>
  <testcase classname="com.zoetispets.Tests" name="PracticeDetail" time="3.400"/>
  <testcase classname="com.zoetispets.Tests" name="PracticeDetail" time="3.420"/>
  <testcase classname="com.zoetispets.Tests" name="PracticeDetail" time="3.413"/>
  <testcase classname="com.zoetispets.Tests" name="PracticeDetail" time="6.080"/>
  <testcase classname="com.zoetispets.Tests" name="PracticeDetail" time="3.820"/>
  <testcase classname="com.zoetispets.Tests" name="PracticeDetail" time="3.240"/>
  <testcase classname="com.zoetispets.Tests" name="PracticeDetail" time="4.172"/>
  <testcase classname="com.zoetispets.Tests" name="PracticeDetail" time="3.353"/>
  <testcase classname="com.zoetispets.Tests" name="PracticeDetail" time="3.654"/>
  <testcase classname="com.zoetispets.Tests" name="PracticeDetail" time="3.374"/>
  <testcase classname="com.zoetispets.Tests" name="PracticeDetail" time="3.520"/>
  <testcase classname="com.zoetispets.Tests" name="PracticeDetail" time="3.382"/>
  <testcase classname="com.zoetispets.Tests" name="PracticeDetail" time="3.558"/>
  <testcase classname="com.zoetispets.Tests" name="PracticeDetail" time="3.234"/>
  <testcase classname="com.zoetispets.Tests" name="PracticeDetail" time="3.276"/>
  <testcase classname="com.zoetispets.Tests" name="PracticeDetail" time="3.420"/>
  <testcase classname="com.zoetispets.Tests" name="PracticeDetail" time="3.490"/>
  <testcase classname="com.zoetispets.Tests" name="PracticeDetail" time="3.630"/>
  <testcase classname="com.zoetispets.Tests" name="PracticeDetail" time="3.347"/>
  <testcase classname="com.zoetispets.Tests" name="PracticeDetail" time="3.369"/>
  <testcase classname="com.zoetispets.Tests" name="PracticeDetail" time="3.427"/>
  <testcase classname="com.zoetispets.Tests" name="PracticeDetail" time="4.011"/>
  <testcase classname="com.zoetispets.Tests" name="PracticeDetail" time="4.120"/>
  <testcase classname="com.zoetispets.Tests" name="PracticeDetail" time="3.404"/>
  <testcase classname="com.zoetispets.Tests" name="PracticeDetail" time="3.389"/>
  <testcase classname="com.zoetispets.Tests" name="PracticeDetail" time="3.238"/>
  <testcase classname="com.zoetispets.Tests" name="PracticeDetail" time="3.400"/>
  <testcase classname="com.zoetispets.Tests" name="PracticeDetail" time="3.914"/>
</testsuite> <!-- com.zoetispets.Tests -->
