<?xml version="1.0" encoding="UTF-8"?>
<!-- Generated by org.testng.reporters.JUnitReportReporter -->
<testsuite hostname="runnervmmklqx" failures="0" tests="31" name="com.zoetispets.Tests" time="108.792" errors="0" timestamp="2026-07-02T08:31:06 UTC" skipped="0">
  <testcase classname="com.zoetispets.Tests" name="PracticeDetail" time="3.213"/>
  <testcase classname="com.zoetispets.Tests" name="PracticeDetail" time="3.867"/>
  <testcase classname="com.zoetispets.Tests" name="PracticeDetail" time="4.034"/>
  <testcase classname="com.zoetispets.Tests" name="PracticeDetail" time="3.623"/>
  <testcase classname="com.zoetispets.Tests" name="PracticeDetail" time="3.579"/>
  <testcase classname="com.zoetispets.Tests" name="PracticeDetail" time="3.982"/>
  <testcase classname="com.zoetispets.Tests" name="PracticeDetail" time="3.494"/>
  <testcase classname="com.zoetispets.Tests" name="PracticeDetail" time="3.627"/>
  <testcase classname="com.zoetispets.Tests" name="PracticeDetail" time="3.385"/>
  <testcase classname="com.zoetispets.Tests" name="PracticeDetail" time="3.305"/>
  <testcase classname="com.zoetispets.Tests" name="PracticeDetail" time="3.573"/>
  <testcase classname="com.zoetispets.Tests" name="PracticeDetail" time="3.490"/>
  <testcase classname="com.zoetispets.Tests" name="PracticeDetail" time="3.905"/>
  <testcase classname="com.zoetispets.Tests" name="PracticeDetail" time="3.922"/>
  <testcase classname="com.zoetispets.Tests" name="PracticeDetail" time="4.052"/>
  <testcase classname="com.zoetispets.Tests" name="PracticeDetail" time="3.513"/>
  <testcase classname="com.zoetispets.Tests" name="PracticeDetail" time="3.472"/>
  <testcase classname="com.zoetispets.Tests" name="PracticeDetail" time="3.301"/>
  <testcase classname="com.zoetispets.Tests" name="PracticeDetail" time="3.879"/>
  <testcase classname="com.zoetispets.Tests" name="PracticeDetail" time="3.382"/>
  <testcase classname="com.zoetispets.Tests" name="PracticeDetail" time="3.308"/>
  <testcase classname="com.zoetispets.Tests" name="PracticeDetail" time="3.802"/>
  <testcase classname="com.zoetispets.Tests" name="PracticeDetail" time="4.424"/>
  <testcase classname="com.zoetispets.Tests" name="PracticeDetail" time="3.406"/>
  <testcase classname="com.zoetispets.Tests" name="PracticeDetail" time="3.382"/>
  <testcase classname="com.zoetispets.Tests" name="PracticeDetail" time="3.519"/>
  <testcase classname="com.zoetispets.Tests" name="PracticeDetail" time="3.689"/>
  <testcase classname="com.zoetispets.Tests" name="PracticeDetail" time="3.515"/>
  <testcase classname="com.zoetispets.Tests" name="PracticeDetail" time="3.388"/>
  <testcase classname="com.zoetispets.Tests" name="PracticeDetail" time="3.405"/>
  <testcase classname="com.zoetispets.Tests" name="stageAuthTest" time="0.356"/>
</testsuite> <!-- com.zoetispets.Tests -->
