<?xml version="1.0" encoding="UTF-8"?>
<!-- Generated by org.testng.reporters.JUnitReportReporter -->
<testsuite hostname="runnervm1li68" failures="0" tests="31" name="com.zoetispets.Tests" time="110.604" errors="0" timestamp="2026-06-12T09:47:08 UTC" skipped="0">
  <testcase classname="com.zoetispets.Tests" name="PracticeDetail" time="3.443"/>
  <testcase classname="com.zoetispets.Tests" name="PracticeDetail" time="3.868"/>
  <testcase classname="com.zoetispets.Tests" name="PracticeDetail" time="3.966"/>
  <testcase classname="com.zoetispets.Tests" name="PracticeDetail" time="3.712"/>
  <testcase classname="com.zoetispets.Tests" name="PracticeDetail" time="3.465"/>
  <testcase classname="com.zoetispets.Tests" name="PracticeDetail" time="3.903"/>
  <testcase classname="com.zoetispets.Tests" name="PracticeDetail" time="3.334"/>
  <testcase classname="com.zoetispets.Tests" name="PracticeDetail" time="3.631"/>
  <testcase classname="com.zoetispets.Tests" name="PracticeDetail" time="3.652"/>
  <testcase classname="com.zoetispets.Tests" name="PracticeDetail" time="3.510"/>
  <testcase classname="com.zoetispets.Tests" name="PracticeDetail" time="3.210"/>
  <testcase classname="com.zoetispets.Tests" name="PracticeDetail" time="3.530"/>
  <testcase classname="com.zoetispets.Tests" name="PracticeDetail" time="3.775"/>
  <testcase classname="com.zoetispets.Tests" name="PracticeDetail" time="3.920"/>
  <testcase classname="com.zoetispets.Tests" name="PracticeDetail" time="3.700"/>
  <testcase classname="com.zoetispets.Tests" name="PracticeDetail" time="3.491"/>
  <testcase classname="com.zoetispets.Tests" name="PracticeDetail" time="3.446"/>
  <testcase classname="com.zoetispets.Tests" name="PracticeDetail" time="3.397"/>
  <testcase classname="com.zoetispets.Tests" name="PracticeDetail" time="3.839"/>
  <testcase classname="com.zoetispets.Tests" name="PracticeDetail" time="3.332"/>
  <testcase classname="com.zoetispets.Tests" name="PracticeDetail" time="3.298"/>
  <testcase classname="com.zoetispets.Tests" name="PracticeDetail" time="4.587"/>
  <testcase classname="com.zoetispets.Tests" name="PracticeDetail" time="5.484"/>
  <testcase classname="com.zoetispets.Tests" name="PracticeDetail" time="4.077"/>
  <testcase classname="com.zoetispets.Tests" name="PracticeDetail" time="3.456"/>
  <testcase classname="com.zoetispets.Tests" name="PracticeDetail" time="3.445"/>
  <testcase classname="com.zoetispets.Tests" name="PracticeDetail" time="3.414"/>
  <testcase classname="com.zoetispets.Tests" name="PracticeDetail" time="3.802"/>
  <testcase classname="com.zoetispets.Tests" name="PracticeDetail" time="3.272"/>
  <testcase classname="com.zoetispets.Tests" name="PracticeDetail" time="3.335"/>
  <testcase classname="com.zoetispets.Tests" name="stageAuthTest" time="0.310"/>
</testsuite> <!-- com.zoetispets.Tests -->
