<?xml version="1.0" encoding="UTF-8"?>
<!-- Generated by org.testng.reporters.JUnitReportReporter -->
<testsuite hostname="runnervmh13bl" failures="0" tests="30" name="com.zoetispets.Tests" time="23.591" errors="0" timestamp="2025-12-30T05:48:29 UTC" skipped="0">
  <testcase classname="com.zoetispets.Tests" name="PracticeDetail" time="0.740"/>
  <testcase classname="com.zoetispets.Tests" name="PracticeDetail" time="0.313"/>
  <testcase classname="com.zoetispets.Tests" name="PracticeDetail" time="0.319"/>
  <testcase classname="com.zoetispets.Tests" name="PracticeDetail" time="0.314"/>
  <testcase classname="com.zoetispets.Tests" name="PracticeDetail" time="0.382"/>
  <testcase classname="com.zoetispets.Tests" name="PracticeDetail" time="0.509"/>
  <testcase classname="com.zoetispets.Tests" name="PracticeDetail" time="0.350"/>
  <testcase classname="com.zoetispets.Tests" name="PracticeDetail" time="0.347"/>
  <testcase classname="com.zoetispets.Tests" name="PracticeDetail" time="2.415"/>
  <testcase classname="com.zoetispets.Tests" name="PracticeDetail" time="0.319"/>
  <testcase classname="com.zoetispets.Tests" name="PracticeDetail" time="0.285"/>
  <testcase classname="com.zoetispets.Tests" name="PracticeDetail" time="0.706"/>
  <testcase classname="com.zoetispets.Tests" name="PracticeDetail" time="0.275"/>
  <testcase classname="com.zoetispets.Tests" name="PracticeDetail" time="0.834"/>
  <testcase classname="com.zoetispets.Tests" name="PracticeDetail" time="0.318"/>
  <testcase classname="com.zoetispets.Tests" name="PracticeDetail" time="1.793"/>
  <testcase classname="com.zoetispets.Tests" name="PracticeDetail" time="0.419"/>
  <testcase classname="com.zoetispets.Tests" name="PracticeDetail" time="0.700"/>
  <testcase classname="com.zoetispets.Tests" name="PracticeDetail" time="0.428"/>
  <testcase classname="com.zoetispets.Tests" name="PracticeDetail" time="1.018"/>
  <testcase classname="com.zoetispets.Tests" name="PracticeDetail" time="0.688"/>
  <testcase classname="com.zoetispets.Tests" name="PracticeDetail" time="0.878"/>
  <testcase classname="com.zoetispets.Tests" name="PracticeDetail" time="0.784"/>
  <testcase classname="com.zoetispets.Tests" name="PracticeDetail" time="0.333"/>
  <testcase classname="com.zoetispets.Tests" name="PracticeDetail" time="2.403"/>
  <testcase classname="com.zoetispets.Tests" name="PracticeDetail" time="0.285"/>
  <testcase classname="com.zoetispets.Tests" name="PracticeDetail" time="0.877"/>
  <testcase classname="com.zoetispets.Tests" name="PracticeDetail" time="0.702"/>
  <testcase classname="com.zoetispets.Tests" name="PracticeDetail" time="0.712"/>
  <testcase classname="com.zoetispets.Tests" name="PracticeDetail" time="3.145"/>
</testsuite> <!-- com.zoetispets.Tests -->
