<?xml version="1.0" encoding="UTF-8"?>
<!-- Generated by org.testng.reporters.JUnitReportReporter -->
<testsuite hostname="runnervmg1sw1" failures="0" tests="30" name="com.zoetispets.Tests" time="20.257" errors="0" timestamp="2025-11-19T05:44:36 UTC" skipped="0">
  <testcase classname="com.zoetispets.Tests" name="PracticeDetail" time="0.745"/>
  <testcase classname="com.zoetispets.Tests" name="PracticeDetail" time="0.868"/>
  <testcase classname="com.zoetispets.Tests" name="PracticeDetail" time="0.444"/>
  <testcase classname="com.zoetispets.Tests" name="PracticeDetail" time="0.262"/>
  <testcase classname="com.zoetispets.Tests" name="PracticeDetail" time="0.267"/>
  <testcase classname="com.zoetispets.Tests" name="PracticeDetail" time="0.263"/>
  <testcase classname="com.zoetispets.Tests" name="PracticeDetail" time="1.171"/>
  <testcase classname="com.zoetispets.Tests" name="PracticeDetail" time="0.732"/>
  <testcase classname="com.zoetispets.Tests" name="PracticeDetail" time="2.037"/>
  <testcase classname="com.zoetispets.Tests" name="PracticeDetail" time="1.075"/>
  <testcase classname="com.zoetispets.Tests" name="PracticeDetail" time="0.296"/>
  <testcase classname="com.zoetispets.Tests" name="PracticeDetail" time="0.247"/>
  <testcase classname="com.zoetispets.Tests" name="PracticeDetail" time="0.741"/>
  <testcase classname="com.zoetispets.Tests" name="PracticeDetail" time="0.261"/>
  <testcase classname="com.zoetispets.Tests" name="PracticeDetail" time="1.903"/>
  <testcase classname="com.zoetispets.Tests" name="PracticeDetail" time="0.700"/>
  <testcase classname="com.zoetispets.Tests" name="PracticeDetail" time="0.463"/>
  <testcase classname="com.zoetispets.Tests" name="PracticeDetail" time="0.566"/>
  <testcase classname="com.zoetispets.Tests" name="PracticeDetail" time="0.595"/>
  <testcase classname="com.zoetispets.Tests" name="PracticeDetail" time="0.715"/>
  <testcase classname="com.zoetispets.Tests" name="PracticeDetail" time="0.452"/>
  <testcase classname="com.zoetispets.Tests" name="PracticeDetail" time="0.915"/>
  <testcase classname="com.zoetispets.Tests" name="PracticeDetail" time="0.689"/>
  <testcase classname="com.zoetispets.Tests" name="PracticeDetail" time="0.450"/>
  <testcase classname="com.zoetispets.Tests" name="PracticeDetail" time="0.548"/>
  <testcase classname="com.zoetispets.Tests" name="PracticeDetail" time="0.755"/>
  <testcase classname="com.zoetispets.Tests" name="PracticeDetail" time="0.249"/>
  <testcase classname="com.zoetispets.Tests" name="PracticeDetail" time="0.258"/>
  <testcase classname="com.zoetispets.Tests" name="PracticeDetail" time="0.638"/>
  <testcase classname="com.zoetispets.Tests" name="PracticeDetail" time="0.952"/>
</testsuite> <!-- com.zoetispets.Tests -->
