<?xml version="1.0" encoding="UTF-8"?>
<!-- Generated by org.testng.reporters.JUnitReportReporter -->
<testsuite hostname="runnervm0kj6c" failures="0" tests="30" name="com.zoetispets.Tests" time="110.357" errors="0" timestamp="2026-03-05T06:09:48 UTC" skipped="0">
  <testcase classname="com.zoetispets.Tests" name="PracticeDetail" time="3.402"/>
  <testcase classname="com.zoetispets.Tests" name="PracticeDetail" time="3.974"/>
  <testcase classname="com.zoetispets.Tests" name="PracticeDetail" time="3.438"/>
  <testcase classname="com.zoetispets.Tests" name="PracticeDetail" time="3.770"/>
  <testcase classname="com.zoetispets.Tests" name="PracticeDetail" time="4.534"/>
  <testcase classname="com.zoetispets.Tests" name="PracticeDetail" time="3.407"/>
  <testcase classname="com.zoetispets.Tests" name="PracticeDetail" time="3.399"/>
  <testcase classname="com.zoetispets.Tests" name="PracticeDetail" time="3.416"/>
  <testcase classname="com.zoetispets.Tests" name="PracticeDetail" time="3.478"/>
  <testcase classname="com.zoetispets.Tests" name="PracticeDetail" time="3.496"/>
  <testcase classname="com.zoetispets.Tests" name="PracticeDetail" time="3.397"/>
  <testcase classname="com.zoetispets.Tests" name="PracticeDetail" time="3.449"/>
  <testcase classname="com.zoetispets.Tests" name="PracticeDetail" time="3.298"/>
  <testcase classname="com.zoetispets.Tests" name="PracticeDetail" time="3.594"/>
  <testcase classname="com.zoetispets.Tests" name="PracticeDetail" time="3.503"/>
  <testcase classname="com.zoetispets.Tests" name="PracticeDetail" time="3.419"/>
  <testcase classname="com.zoetispets.Tests" name="PracticeDetail" time="3.571"/>
  <testcase classname="com.zoetispets.Tests" name="PracticeDetail" time="3.399"/>
  <testcase classname="com.zoetispets.Tests" name="PracticeDetail" time="6.082"/>
  <testcase classname="com.zoetispets.Tests" name="PracticeDetail" time="3.417"/>
  <testcase classname="com.zoetispets.Tests" name="PracticeDetail" time="4.487"/>
  <testcase classname="com.zoetispets.Tests" name="PracticeDetail" time="3.320"/>
  <testcase classname="com.zoetispets.Tests" name="PracticeDetail" time="3.717"/>
  <testcase classname="com.zoetispets.Tests" name="PracticeDetail" time="3.698"/>
  <testcase classname="com.zoetispets.Tests" name="PracticeDetail" time="3.922"/>
  <testcase classname="com.zoetispets.Tests" name="PracticeDetail" time="4.198"/>
  <testcase classname="com.zoetispets.Tests" name="PracticeDetail" time="3.333"/>
  <testcase classname="com.zoetispets.Tests" name="PracticeDetail" time="3.354"/>
  <testcase classname="com.zoetispets.Tests" name="PracticeDetail" time="3.507"/>
  <testcase classname="com.zoetispets.Tests" name="PracticeDetail" time="3.378"/>
</testsuite> <!-- com.zoetispets.Tests -->
