<?xml version="1.0" encoding="UTF-8"?>
<!-- Generated by org.testng.reporters.JUnitReportReporter -->
<testsuite hostname="runnervmwhb2z" failures="0" tests="30" name="com.zoetispets.Tests" time="18.804" errors="0" timestamp="2025-10-24T05:43:03 UTC" skipped="0">
  <testcase classname="com.zoetispets.Tests" name="PracticeDetail" time="1.319"/>
  <testcase classname="com.zoetispets.Tests" name="PracticeDetail" time="0.341"/>
  <testcase classname="com.zoetispets.Tests" name="PracticeDetail" time="0.260"/>
  <testcase classname="com.zoetispets.Tests" name="PracticeDetail" time="0.350"/>
  <testcase classname="com.zoetispets.Tests" name="PracticeDetail" time="0.965"/>
  <testcase classname="com.zoetispets.Tests" name="PracticeDetail" time="1.541"/>
  <testcase classname="com.zoetispets.Tests" name="PracticeDetail" time="0.404"/>
  <testcase classname="com.zoetispets.Tests" name="PracticeDetail" time="0.293"/>
  <testcase classname="com.zoetispets.Tests" name="PracticeDetail" time="0.382"/>
  <testcase classname="com.zoetispets.Tests" name="PracticeDetail" time="0.776"/>
  <testcase classname="com.zoetispets.Tests" name="PracticeDetail" time="0.785"/>
  <testcase classname="com.zoetispets.Tests" name="PracticeDetail" time="0.871"/>
  <testcase classname="com.zoetispets.Tests" name="PracticeDetail" time="0.355"/>
  <testcase classname="com.zoetispets.Tests" name="PracticeDetail" time="0.490"/>
  <testcase classname="com.zoetispets.Tests" name="PracticeDetail" time="0.366"/>
  <testcase classname="com.zoetispets.Tests" name="PracticeDetail" time="0.632"/>
  <testcase classname="com.zoetispets.Tests" name="PracticeDetail" time="0.421"/>
  <testcase classname="com.zoetispets.Tests" name="PracticeDetail" time="0.369"/>
  <testcase classname="com.zoetispets.Tests" name="PracticeDetail" time="1.782"/>
  <testcase classname="com.zoetispets.Tests" name="PracticeDetail" time="0.892"/>
  <testcase classname="com.zoetispets.Tests" name="PracticeDetail" time="0.769"/>
  <testcase classname="com.zoetispets.Tests" name="PracticeDetail" time="0.979"/>
  <testcase classname="com.zoetispets.Tests" name="PracticeDetail" time="0.388"/>
  <testcase classname="com.zoetispets.Tests" name="PracticeDetail" time="0.286"/>
  <testcase classname="com.zoetispets.Tests" name="PracticeDetail" time="0.262"/>
  <testcase classname="com.zoetispets.Tests" name="PracticeDetail" time="0.360"/>
  <testcase classname="com.zoetispets.Tests" name="PracticeDetail" time="0.836"/>
  <testcase classname="com.zoetispets.Tests" name="PracticeDetail" time="0.498"/>
  <testcase classname="com.zoetispets.Tests" name="PracticeDetail" time="0.488"/>
  <testcase classname="com.zoetispets.Tests" name="PracticeDetail" time="0.344"/>
</testsuite> <!-- com.zoetispets.Tests -->
