<?xml version="1.0" encoding="UTF-8"?>
<!-- Generated by org.testng.reporters.JUnitReportReporter -->
<testsuite hostname="runnervmg397c" failures="0" tests="31" name="com.zoetispets.Tests" time="109.640" errors="0" timestamp="2026-05-23T07:57:38 UTC" skipped="0">
  <testcase classname="com.zoetispets.Tests" name="PracticeDetail" time="3.472"/>
  <testcase classname="com.zoetispets.Tests" name="PracticeDetail" time="3.400"/>
  <testcase classname="com.zoetispets.Tests" name="PracticeDetail" time="3.348"/>
  <testcase classname="com.zoetispets.Tests" name="PracticeDetail" time="3.422"/>
  <testcase classname="com.zoetispets.Tests" name="PracticeDetail" time="4.444"/>
  <testcase classname="com.zoetispets.Tests" name="PracticeDetail" time="3.344"/>
  <testcase classname="com.zoetispets.Tests" name="PracticeDetail" time="3.687"/>
  <testcase classname="com.zoetispets.Tests" name="PracticeDetail" time="4.188"/>
  <testcase classname="com.zoetispets.Tests" name="PracticeDetail" time="3.411"/>
  <testcase classname="com.zoetispets.Tests" name="PracticeDetail" time="3.429"/>
  <testcase classname="com.zoetispets.Tests" name="PracticeDetail" time="3.239"/>
  <testcase classname="com.zoetispets.Tests" name="PracticeDetail" time="4.001"/>
  <testcase classname="com.zoetispets.Tests" name="PracticeDetail" time="3.400"/>
  <testcase classname="com.zoetispets.Tests" name="PracticeDetail" time="3.230"/>
  <testcase classname="com.zoetispets.Tests" name="PracticeDetail" time="3.852"/>
  <testcase classname="com.zoetispets.Tests" name="PracticeDetail" time="3.289"/>
  <testcase classname="com.zoetispets.Tests" name="PracticeDetail" time="3.369"/>
  <testcase classname="com.zoetispets.Tests" name="PracticeDetail" time="3.350"/>
  <testcase classname="com.zoetispets.Tests" name="PracticeDetail" time="3.826"/>
  <testcase classname="com.zoetispets.Tests" name="PracticeDetail" time="3.314"/>
  <testcase classname="com.zoetispets.Tests" name="PracticeDetail" time="3.305"/>
  <testcase classname="com.zoetispets.Tests" name="PracticeDetail" time="7.431"/>
  <testcase classname="com.zoetispets.Tests" name="PracticeDetail" time="3.234"/>
  <testcase classname="com.zoetispets.Tests" name="PracticeDetail" time="3.226"/>
  <testcase classname="com.zoetispets.Tests" name="PracticeDetail" time="4.034"/>
  <testcase classname="com.zoetispets.Tests" name="PracticeDetail" time="3.248"/>
  <testcase classname="com.zoetispets.Tests" name="PracticeDetail" time="3.634"/>
  <testcase classname="com.zoetispets.Tests" name="PracticeDetail" time="3.419"/>
  <testcase classname="com.zoetispets.Tests" name="PracticeDetail" time="3.365"/>
  <testcase classname="com.zoetispets.Tests" name="PracticeDetail" time="3.350"/>
  <testcase classname="com.zoetispets.Tests" name="stageAuthTest" time="0.379"/>
</testsuite> <!-- com.zoetispets.Tests -->
