<?xml version="1.0" encoding="UTF-8"?>
<!-- Generated by org.testng.reporters.JUnitReportReporter -->
<testsuite hostname="runnervmzvulz" failures="0" tests="31" name="com.zoetispets.Tests" time="107.183" errors="0" timestamp="2026-08-15T05:54:35 UTC" skipped="0">
  <testcase classname="com.zoetispets.Tests" name="PracticeDetail" time="3.214"/>
  <testcase classname="com.zoetispets.Tests" name="PracticeDetail" time="4.063"/>
  <testcase classname="com.zoetispets.Tests" name="PracticeDetail" time="3.296"/>
  <testcase classname="com.zoetispets.Tests" name="PracticeDetail" time="3.410"/>
  <testcase classname="com.zoetispets.Tests" name="PracticeDetail" time="3.827"/>
  <testcase classname="com.zoetispets.Tests" name="PracticeDetail" time="3.603"/>
  <testcase classname="com.zoetispets.Tests" name="PracticeDetail" time="4.353"/>
  <testcase classname="com.zoetispets.Tests" name="PracticeDetail" time="4.441"/>
  <testcase classname="com.zoetispets.Tests" name="PracticeDetail" time="3.409"/>
  <testcase classname="com.zoetispets.Tests" name="PracticeDetail" time="3.425"/>
  <testcase classname="com.zoetispets.Tests" name="PracticeDetail" time="3.405"/>
  <testcase classname="com.zoetispets.Tests" name="PracticeDetail" time="3.275"/>
  <testcase classname="com.zoetispets.Tests" name="PracticeDetail" time="3.454"/>
  <testcase classname="com.zoetispets.Tests" name="PracticeDetail" time="3.228"/>
  <testcase classname="com.zoetispets.Tests" name="PracticeDetail" time="3.428"/>
  <testcase classname="com.zoetispets.Tests" name="PracticeDetail" time="3.559"/>
  <testcase classname="com.zoetispets.Tests" name="PracticeDetail" time="3.585"/>
  <testcase classname="com.zoetispets.Tests" name="PracticeDetail" time="3.431"/>
  <testcase classname="com.zoetispets.Tests" name="PracticeDetail" time="4.030"/>
  <testcase classname="com.zoetispets.Tests" name="PracticeDetail" time="3.480"/>
  <testcase classname="com.zoetispets.Tests" name="PracticeDetail" time="3.226"/>
  <testcase classname="com.zoetispets.Tests" name="PracticeDetail" time="3.395"/>
  <testcase classname="com.zoetispets.Tests" name="PracticeDetail" time="3.244"/>
  <testcase classname="com.zoetispets.Tests" name="PracticeDetail" time="3.229"/>
  <testcase classname="com.zoetispets.Tests" name="PracticeDetail" time="3.895"/>
  <testcase classname="com.zoetispets.Tests" name="PracticeDetail" time="3.302"/>
  <testcase classname="com.zoetispets.Tests" name="PracticeDetail" time="3.384"/>
  <testcase classname="com.zoetispets.Tests" name="PracticeDetail" time="3.912"/>
  <testcase classname="com.zoetispets.Tests" name="PracticeDetail" time="3.299"/>
  <testcase classname="com.zoetispets.Tests" name="PracticeDetail" time="3.707"/>
  <testcase classname="com.zoetispets.Tests" name="stageAuthTest" time="0.674"/>
</testsuite> <!-- com.zoetispets.Tests -->
