<?xml version="1.0" encoding="UTF-8"?>
<!-- Generated by org.testng.reporters.JUnitReportReporter -->
<testsuite hostname="runnervmrw5os" failures="0" tests="31" name="com.zoetispets.Tests" time="108.812" errors="0" timestamp="2026-05-20T08:42:21 UTC" skipped="0">
  <testcase classname="com.zoetispets.Tests" name="PracticeDetail" time="3.421"/>
  <testcase classname="com.zoetispets.Tests" name="PracticeDetail" time="3.414"/>
  <testcase classname="com.zoetispets.Tests" name="PracticeDetail" time="3.442"/>
  <testcase classname="com.zoetispets.Tests" name="PracticeDetail" time="3.450"/>
  <testcase classname="com.zoetispets.Tests" name="PracticeDetail" time="3.253"/>
  <testcase classname="com.zoetispets.Tests" name="PracticeDetail" time="3.383"/>
  <testcase classname="com.zoetispets.Tests" name="PracticeDetail" time="4.404"/>
  <testcase classname="com.zoetispets.Tests" name="PracticeDetail" time="3.391"/>
  <testcase classname="com.zoetispets.Tests" name="PracticeDetail" time="3.242"/>
  <testcase classname="com.zoetispets.Tests" name="PracticeDetail" time="3.383"/>
  <testcase classname="com.zoetispets.Tests" name="PracticeDetail" time="3.406"/>
  <testcase classname="com.zoetispets.Tests" name="PracticeDetail" time="3.913"/>
  <testcase classname="com.zoetispets.Tests" name="PracticeDetail" time="3.255"/>
  <testcase classname="com.zoetispets.Tests" name="PracticeDetail" time="3.418"/>
  <testcase classname="com.zoetispets.Tests" name="PracticeDetail" time="3.365"/>
  <testcase classname="com.zoetispets.Tests" name="PracticeDetail" time="3.385"/>
  <testcase classname="com.zoetispets.Tests" name="PracticeDetail" time="3.456"/>
  <testcase classname="com.zoetispets.Tests" name="PracticeDetail" time="4.386"/>
  <testcase classname="com.zoetispets.Tests" name="PracticeDetail" time="3.413"/>
  <testcase classname="com.zoetispets.Tests" name="PracticeDetail" time="3.261"/>
  <testcase classname="com.zoetispets.Tests" name="PracticeDetail" time="5.816"/>
  <testcase classname="com.zoetispets.Tests" name="PracticeDetail" time="3.464"/>
  <testcase classname="com.zoetispets.Tests" name="PracticeDetail" time="3.377"/>
  <testcase classname="com.zoetispets.Tests" name="PracticeDetail" time="3.246"/>
  <testcase classname="com.zoetispets.Tests" name="PracticeDetail" time="3.441"/>
  <testcase classname="com.zoetispets.Tests" name="PracticeDetail" time="4.808"/>
  <testcase classname="com.zoetispets.Tests" name="PracticeDetail" time="3.631"/>
  <testcase classname="com.zoetispets.Tests" name="PracticeDetail" time="3.922"/>
  <testcase classname="com.zoetispets.Tests" name="PracticeDetail" time="3.376"/>
  <testcase classname="com.zoetispets.Tests" name="PracticeDetail" time="3.250"/>
  <testcase classname="com.zoetispets.Tests" name="stageAuthTest" time="0.440"/>
</testsuite> <!-- com.zoetispets.Tests -->
