<?xml version="1.0" encoding="UTF-8"?>
<!-- Generated by org.testng.reporters.JUnitReportReporter -->
<testsuite hostname="runnervm35a4x" failures="0" tests="30" name="com.zoetispets.Tests" time="112.411" errors="0" timestamp="2026-04-12T06:55:37 UTC" skipped="0">
  <testcase classname="com.zoetispets.Tests" name="PracticeDetail" time="3.310"/>
  <testcase classname="com.zoetispets.Tests" name="PracticeDetail" time="3.680"/>
  <testcase classname="com.zoetispets.Tests" name="PracticeDetail" time="3.506"/>
  <testcase classname="com.zoetispets.Tests" name="PracticeDetail" time="3.892"/>
  <testcase classname="com.zoetispets.Tests" name="PracticeDetail" time="3.925"/>
  <testcase classname="com.zoetispets.Tests" name="PracticeDetail" time="3.531"/>
  <testcase classname="com.zoetispets.Tests" name="PracticeDetail" time="3.632"/>
  <testcase classname="com.zoetispets.Tests" name="PracticeDetail" time="3.308"/>
  <testcase classname="com.zoetispets.Tests" name="PracticeDetail" time="3.435"/>
  <testcase classname="com.zoetispets.Tests" name="PracticeDetail" time="3.302"/>
  <testcase classname="com.zoetispets.Tests" name="PracticeDetail" time="3.800"/>
  <testcase classname="com.zoetispets.Tests" name="PracticeDetail" time="5.376"/>
  <testcase classname="com.zoetispets.Tests" name="PracticeDetail" time="3.572"/>
  <testcase classname="com.zoetispets.Tests" name="PracticeDetail" time="5.990"/>
  <testcase classname="com.zoetispets.Tests" name="PracticeDetail" time="3.817"/>
  <testcase classname="com.zoetispets.Tests" name="PracticeDetail" time="3.588"/>
  <testcase classname="com.zoetispets.Tests" name="PracticeDetail" time="3.654"/>
  <testcase classname="com.zoetispets.Tests" name="PracticeDetail" time="3.535"/>
  <testcase classname="com.zoetispets.Tests" name="PracticeDetail" time="4.915"/>
  <testcase classname="com.zoetispets.Tests" name="PracticeDetail" time="3.299"/>
  <testcase classname="com.zoetispets.Tests" name="PracticeDetail" time="3.321"/>
  <testcase classname="com.zoetispets.Tests" name="PracticeDetail" time="3.541"/>
  <testcase classname="com.zoetispets.Tests" name="PracticeDetail" time="3.416"/>
  <testcase classname="com.zoetispets.Tests" name="PracticeDetail" time="3.310"/>
  <testcase classname="com.zoetispets.Tests" name="PracticeDetail" time="3.719"/>
  <testcase classname="com.zoetispets.Tests" name="PracticeDetail" time="3.872"/>
  <testcase classname="com.zoetispets.Tests" name="PracticeDetail" time="3.731"/>
  <testcase classname="com.zoetispets.Tests" name="PracticeDetail" time="3.354"/>
  <testcase classname="com.zoetispets.Tests" name="PracticeDetail" time="3.514"/>
  <testcase classname="com.zoetispets.Tests" name="PracticeDetail" time="3.566"/>
</testsuite> <!-- com.zoetispets.Tests -->
