<?xml version="1.0" encoding="UTF-8"?>
<!-- Generated by org.testng.reporters.JUnitReportReporter -->
<testsuite hostname="runnervmmklqx" failures="0" tests="31" name="com.zoetispets.Tests" time="114.120" errors="0" timestamp="2026-06-29T10:11:45 UTC" skipped="0">
  <testcase classname="com.zoetispets.Tests" name="PracticeDetail" time="3.483"/>
  <testcase classname="com.zoetispets.Tests" name="PracticeDetail" time="3.864"/>
  <testcase classname="com.zoetispets.Tests" name="PracticeDetail" time="4.160"/>
  <testcase classname="com.zoetispets.Tests" name="PracticeDetail" time="3.694"/>
  <testcase classname="com.zoetispets.Tests" name="PracticeDetail" time="3.425"/>
  <testcase classname="com.zoetispets.Tests" name="PracticeDetail" time="5.310"/>
  <testcase classname="com.zoetispets.Tests" name="PracticeDetail" time="3.419"/>
  <testcase classname="com.zoetispets.Tests" name="PracticeDetail" time="3.426"/>
  <testcase classname="com.zoetispets.Tests" name="PracticeDetail" time="3.445"/>
  <testcase classname="com.zoetispets.Tests" name="PracticeDetail" time="3.631"/>
  <testcase classname="com.zoetispets.Tests" name="PracticeDetail" time="3.399"/>
  <testcase classname="com.zoetispets.Tests" name="PracticeDetail" time="3.940"/>
  <testcase classname="com.zoetispets.Tests" name="PracticeDetail" time="3.773"/>
  <testcase classname="com.zoetispets.Tests" name="PracticeDetail" time="3.910"/>
  <testcase classname="com.zoetispets.Tests" name="PracticeDetail" time="3.819"/>
  <testcase classname="com.zoetispets.Tests" name="PracticeDetail" time="3.412"/>
  <testcase classname="com.zoetispets.Tests" name="PracticeDetail" time="3.489"/>
  <testcase classname="com.zoetispets.Tests" name="PracticeDetail" time="3.454"/>
  <testcase classname="com.zoetispets.Tests" name="PracticeDetail" time="3.918"/>
  <testcase classname="com.zoetispets.Tests" name="PracticeDetail" time="3.340"/>
  <testcase classname="com.zoetispets.Tests" name="PracticeDetail" time="3.383"/>
  <testcase classname="com.zoetispets.Tests" name="PracticeDetail" time="6.658"/>
  <testcase classname="com.zoetispets.Tests" name="PracticeDetail" time="4.429"/>
  <testcase classname="com.zoetispets.Tests" name="PracticeDetail" time="3.399"/>
  <testcase classname="com.zoetispets.Tests" name="PracticeDetail" time="3.346"/>
  <testcase classname="com.zoetispets.Tests" name="PracticeDetail" time="3.378"/>
  <testcase classname="com.zoetispets.Tests" name="PracticeDetail" time="4.169"/>
  <testcase classname="com.zoetispets.Tests" name="PracticeDetail" time="3.909"/>
  <testcase classname="com.zoetispets.Tests" name="PracticeDetail" time="3.348"/>
  <testcase classname="com.zoetispets.Tests" name="PracticeDetail" time="3.297"/>
  <testcase classname="com.zoetispets.Tests" name="stageAuthTest" time="0.493"/>
</testsuite> <!-- com.zoetispets.Tests -->
