<?xml version="1.0" encoding="UTF-8"?>
<!-- Generated by org.testng.reporters.JUnitReportReporter -->
<testsuite hostname="runnervmkkn4f" failures="0" tests="31" name="com.zoetispets.Tests" time="118.018" errors="0" timestamp="2026-07-04T08:13:55 UTC" skipped="0">
  <testcase classname="com.zoetispets.Tests" name="PracticeDetail" time="3.408"/>
  <testcase classname="com.zoetispets.Tests" name="PracticeDetail" time="4.256"/>
  <testcase classname="com.zoetispets.Tests" name="PracticeDetail" time="4.133"/>
  <testcase classname="com.zoetispets.Tests" name="PracticeDetail" time="4.078"/>
  <testcase classname="com.zoetispets.Tests" name="PracticeDetail" time="3.388"/>
  <testcase classname="com.zoetispets.Tests" name="PracticeDetail" time="7.767"/>
  <testcase classname="com.zoetispets.Tests" name="PracticeDetail" time="3.611"/>
  <testcase classname="com.zoetispets.Tests" name="PracticeDetail" time="3.340"/>
  <testcase classname="com.zoetispets.Tests" name="PracticeDetail" time="3.486"/>
  <testcase classname="com.zoetispets.Tests" name="PracticeDetail" time="3.396"/>
  <testcase classname="com.zoetispets.Tests" name="PracticeDetail" time="3.441"/>
  <testcase classname="com.zoetispets.Tests" name="PracticeDetail" time="3.403"/>
  <testcase classname="com.zoetispets.Tests" name="PracticeDetail" time="3.906"/>
  <testcase classname="com.zoetispets.Tests" name="PracticeDetail" time="3.991"/>
  <testcase classname="com.zoetispets.Tests" name="PracticeDetail" time="3.781"/>
  <testcase classname="com.zoetispets.Tests" name="PracticeDetail" time="3.627"/>
  <testcase classname="com.zoetispets.Tests" name="PracticeDetail" time="3.415"/>
  <testcase classname="com.zoetispets.Tests" name="PracticeDetail" time="3.561"/>
  <testcase classname="com.zoetispets.Tests" name="PracticeDetail" time="3.826"/>
  <testcase classname="com.zoetispets.Tests" name="PracticeDetail" time="3.282"/>
  <testcase classname="com.zoetispets.Tests" name="PracticeDetail" time="3.413"/>
  <testcase classname="com.zoetispets.Tests" name="PracticeDetail" time="7.310"/>
  <testcase classname="com.zoetispets.Tests" name="PracticeDetail" time="4.724"/>
  <testcase classname="com.zoetispets.Tests" name="PracticeDetail" time="3.460"/>
  <testcase classname="com.zoetispets.Tests" name="PracticeDetail" time="3.427"/>
  <testcase classname="com.zoetispets.Tests" name="PracticeDetail" time="3.604"/>
  <testcase classname="com.zoetispets.Tests" name="PracticeDetail" time="4.248"/>
  <testcase classname="com.zoetispets.Tests" name="PracticeDetail" time="3.468"/>
  <testcase classname="com.zoetispets.Tests" name="PracticeDetail" time="3.403"/>
  <testcase classname="com.zoetispets.Tests" name="PracticeDetail" time="3.430"/>
  <testcase classname="com.zoetispets.Tests" name="stageAuthTest" time="0.435"/>
</testsuite> <!-- com.zoetispets.Tests -->
