<?xml version="1.0" encoding="UTF-8"?>
<!-- Generated by org.testng.reporters.JUnitReportReporter -->
<testsuite hostname="runnervm04xxt" failures="0" tests="30" name="com.zoetispets.Tests" time="106.479" errors="0" timestamp="2026-04-23T07:15:52 UTC" skipped="0">
  <testcase classname="com.zoetispets.Tests" name="PracticeDetail" time="3.254"/>
  <testcase classname="com.zoetispets.Tests" name="PracticeDetail" time="4.513"/>
  <testcase classname="com.zoetispets.Tests" name="PracticeDetail" time="3.244"/>
  <testcase classname="com.zoetispets.Tests" name="PracticeDetail" time="3.445"/>
  <testcase classname="com.zoetispets.Tests" name="PracticeDetail" time="3.458"/>
  <testcase classname="com.zoetispets.Tests" name="PracticeDetail" time="3.893"/>
  <testcase classname="com.zoetispets.Tests" name="PracticeDetail" time="3.482"/>
  <testcase classname="com.zoetispets.Tests" name="PracticeDetail" time="3.259"/>
  <testcase classname="com.zoetispets.Tests" name="PracticeDetail" time="3.247"/>
  <testcase classname="com.zoetispets.Tests" name="PracticeDetail" time="3.438"/>
  <testcase classname="com.zoetispets.Tests" name="PracticeDetail" time="3.392"/>
  <testcase classname="com.zoetispets.Tests" name="PracticeDetail" time="3.391"/>
  <testcase classname="com.zoetispets.Tests" name="PracticeDetail" time="3.450"/>
  <testcase classname="com.zoetispets.Tests" name="PracticeDetail" time="4.692"/>
  <testcase classname="com.zoetispets.Tests" name="PracticeDetail" time="3.392"/>
  <testcase classname="com.zoetispets.Tests" name="PracticeDetail" time="3.753"/>
  <testcase classname="com.zoetispets.Tests" name="PracticeDetail" time="3.478"/>
  <testcase classname="com.zoetispets.Tests" name="PracticeDetail" time="3.288"/>
  <testcase classname="com.zoetispets.Tests" name="PracticeDetail" time="4.209"/>
  <testcase classname="com.zoetispets.Tests" name="PracticeDetail" time="3.372"/>
  <testcase classname="com.zoetispets.Tests" name="PracticeDetail" time="3.525"/>
  <testcase classname="com.zoetispets.Tests" name="PracticeDetail" time="3.264"/>
  <testcase classname="com.zoetispets.Tests" name="PracticeDetail" time="3.877"/>
  <testcase classname="com.zoetispets.Tests" name="PracticeDetail" time="3.482"/>
  <testcase classname="com.zoetispets.Tests" name="PracticeDetail" time="4.179"/>
  <testcase classname="com.zoetispets.Tests" name="PracticeDetail" time="3.293"/>
  <testcase classname="com.zoetispets.Tests" name="PracticeDetail" time="3.298"/>
  <testcase classname="com.zoetispets.Tests" name="PracticeDetail" time="3.257"/>
  <testcase classname="com.zoetispets.Tests" name="PracticeDetail" time="3.363"/>
  <testcase classname="com.zoetispets.Tests" name="PracticeDetail" time="3.291"/>
</testsuite> <!-- com.zoetispets.Tests -->
