<?xml version="1.0" encoding="UTF-8"?>
<!-- Generated by org.testng.reporters.JUnitReportReporter -->
<testsuite hostname="runnervm0kj6c" failures="0" tests="30" name="com.zoetispets.Tests" time="112.971" errors="0" timestamp="2026-03-06T06:08:30 UTC" skipped="0">
  <testcase classname="com.zoetispets.Tests" name="PracticeDetail" time="3.302"/>
  <testcase classname="com.zoetispets.Tests" name="PracticeDetail" time="5.181"/>
  <testcase classname="com.zoetispets.Tests" name="PracticeDetail" time="3.494"/>
  <testcase classname="com.zoetispets.Tests" name="PracticeDetail" time="3.621"/>
  <testcase classname="com.zoetispets.Tests" name="PracticeDetail" time="4.124"/>
  <testcase classname="com.zoetispets.Tests" name="PracticeDetail" time="3.450"/>
  <testcase classname="com.zoetispets.Tests" name="PracticeDetail" time="3.195"/>
  <testcase classname="com.zoetispets.Tests" name="PracticeDetail" time="3.660"/>
  <testcase classname="com.zoetispets.Tests" name="PracticeDetail" time="3.429"/>
  <testcase classname="com.zoetispets.Tests" name="PracticeDetail" time="3.318"/>
  <testcase classname="com.zoetispets.Tests" name="PracticeDetail" time="3.809"/>
  <testcase classname="com.zoetispets.Tests" name="PracticeDetail" time="3.673"/>
  <testcase classname="com.zoetispets.Tests" name="PracticeDetail" time="3.503"/>
  <testcase classname="com.zoetispets.Tests" name="PracticeDetail" time="3.957"/>
  <testcase classname="com.zoetispets.Tests" name="PracticeDetail" time="3.792"/>
  <testcase classname="com.zoetispets.Tests" name="PracticeDetail" time="3.646"/>
  <testcase classname="com.zoetispets.Tests" name="PracticeDetail" time="3.273"/>
  <testcase classname="com.zoetispets.Tests" name="PracticeDetail" time="3.511"/>
  <testcase classname="com.zoetispets.Tests" name="PracticeDetail" time="5.048"/>
  <testcase classname="com.zoetispets.Tests" name="PracticeDetail" time="3.347"/>
  <testcase classname="com.zoetispets.Tests" name="PracticeDetail" time="4.448"/>
  <testcase classname="com.zoetispets.Tests" name="PracticeDetail" time="5.908"/>
  <testcase classname="com.zoetispets.Tests" name="PracticeDetail" time="3.461"/>
  <testcase classname="com.zoetispets.Tests" name="PracticeDetail" time="3.271"/>
  <testcase classname="com.zoetispets.Tests" name="PracticeDetail" time="3.750"/>
  <testcase classname="com.zoetispets.Tests" name="PracticeDetail" time="3.895"/>
  <testcase classname="com.zoetispets.Tests" name="PracticeDetail" time="3.757"/>
  <testcase classname="com.zoetispets.Tests" name="PracticeDetail" time="3.369"/>
  <testcase classname="com.zoetispets.Tests" name="PracticeDetail" time="3.269"/>
  <testcase classname="com.zoetispets.Tests" name="PracticeDetail" time="3.510"/>
</testsuite> <!-- com.zoetispets.Tests -->
