<?xml version="1.0" encoding="UTF-8"?>
<!-- Generated by org.testng.reporters.JUnitReportReporter -->
<testsuite hostname="runnervmh13bl" failures="0" tests="30" name="com.zoetispets.Tests" time="20.258" errors="0" timestamp="2025-12-22T05:49:07 UTC" skipped="0">
  <testcase classname="com.zoetispets.Tests" name="PracticeDetail" time="0.965"/>
  <testcase classname="com.zoetispets.Tests" name="PracticeDetail" time="0.756"/>
  <testcase classname="com.zoetispets.Tests" name="PracticeDetail" time="0.773"/>
  <testcase classname="com.zoetispets.Tests" name="PracticeDetail" time="0.721"/>
  <testcase classname="com.zoetispets.Tests" name="PracticeDetail" time="0.254"/>
  <testcase classname="com.zoetispets.Tests" name="PracticeDetail" time="0.267"/>
  <testcase classname="com.zoetispets.Tests" name="PracticeDetail" time="0.287"/>
  <testcase classname="com.zoetispets.Tests" name="PracticeDetail" time="0.381"/>
  <testcase classname="com.zoetispets.Tests" name="PracticeDetail" time="1.167"/>
  <testcase classname="com.zoetispets.Tests" name="PracticeDetail" time="0.262"/>
  <testcase classname="com.zoetispets.Tests" name="PracticeDetail" time="0.297"/>
  <testcase classname="com.zoetispets.Tests" name="PracticeDetail" time="0.411"/>
  <testcase classname="com.zoetispets.Tests" name="PracticeDetail" time="0.262"/>
  <testcase classname="com.zoetispets.Tests" name="PracticeDetail" time="0.353"/>
  <testcase classname="com.zoetispets.Tests" name="PracticeDetail" time="0.720"/>
  <testcase classname="com.zoetispets.Tests" name="PracticeDetail" time="2.723"/>
  <testcase classname="com.zoetispets.Tests" name="PracticeDetail" time="0.410"/>
  <testcase classname="com.zoetispets.Tests" name="PracticeDetail" time="0.657"/>
  <testcase classname="com.zoetispets.Tests" name="PracticeDetail" time="0.859"/>
  <testcase classname="com.zoetispets.Tests" name="PracticeDetail" time="0.743"/>
  <testcase classname="com.zoetispets.Tests" name="PracticeDetail" time="0.439"/>
  <testcase classname="com.zoetispets.Tests" name="PracticeDetail" time="0.915"/>
  <testcase classname="com.zoetispets.Tests" name="PracticeDetail" time="0.712"/>
  <testcase classname="com.zoetispets.Tests" name="PracticeDetail" time="0.316"/>
  <testcase classname="com.zoetispets.Tests" name="PracticeDetail" time="0.321"/>
  <testcase classname="com.zoetispets.Tests" name="PracticeDetail" time="0.703"/>
  <testcase classname="com.zoetispets.Tests" name="PracticeDetail" time="0.241"/>
  <testcase classname="com.zoetispets.Tests" name="PracticeDetail" time="1.823"/>
  <testcase classname="com.zoetispets.Tests" name="PracticeDetail" time="0.816"/>
  <testcase classname="com.zoetispets.Tests" name="PracticeDetail" time="0.704"/>
</testsuite> <!-- com.zoetispets.Tests -->
