<?xml version="1.0" encoding="UTF-8"?>
<!-- Generated by org.testng.reporters.JUnitReportReporter -->
<testsuite hostname="runnervm5mmn9" failures="0" tests="31" name="com.zoetispets.Tests" time="106.348" errors="0" timestamp="2026-07-15T07:31:24 UTC" skipped="0">
  <testcase classname="com.zoetispets.Tests" name="PracticeDetail" time="4.011"/>
  <testcase classname="com.zoetispets.Tests" name="PracticeDetail" time="3.563"/>
  <testcase classname="com.zoetispets.Tests" name="PracticeDetail" time="3.284"/>
  <testcase classname="com.zoetispets.Tests" name="PracticeDetail" time="3.414"/>
  <testcase classname="com.zoetispets.Tests" name="PracticeDetail" time="3.368"/>
  <testcase classname="com.zoetispets.Tests" name="PracticeDetail" time="3.426"/>
  <testcase classname="com.zoetispets.Tests" name="PracticeDetail" time="3.238"/>
  <testcase classname="com.zoetispets.Tests" name="PracticeDetail" time="3.235"/>
  <testcase classname="com.zoetispets.Tests" name="PracticeDetail" time="3.297"/>
  <testcase classname="com.zoetispets.Tests" name="PracticeDetail" time="3.382"/>
  <testcase classname="com.zoetispets.Tests" name="PracticeDetail" time="3.538"/>
  <testcase classname="com.zoetispets.Tests" name="PracticeDetail" time="3.345"/>
  <testcase classname="com.zoetispets.Tests" name="PracticeDetail" time="3.282"/>
  <testcase classname="com.zoetispets.Tests" name="PracticeDetail" time="3.804"/>
  <testcase classname="com.zoetispets.Tests" name="PracticeDetail" time="3.710"/>
  <testcase classname="com.zoetispets.Tests" name="PracticeDetail" time="3.314"/>
  <testcase classname="com.zoetispets.Tests" name="PracticeDetail" time="4.100"/>
  <testcase classname="com.zoetispets.Tests" name="PracticeDetail" time="3.303"/>
  <testcase classname="com.zoetispets.Tests" name="PracticeDetail" time="3.819"/>
  <testcase classname="com.zoetispets.Tests" name="PracticeDetail" time="4.378"/>
  <testcase classname="com.zoetispets.Tests" name="PracticeDetail" time="3.544"/>
  <testcase classname="com.zoetispets.Tests" name="PracticeDetail" time="3.314"/>
  <testcase classname="com.zoetispets.Tests" name="PracticeDetail" time="3.728"/>
  <testcase classname="com.zoetispets.Tests" name="PracticeDetail" time="3.560"/>
  <testcase classname="com.zoetispets.Tests" name="PracticeDetail" time="4.010"/>
  <testcase classname="com.zoetispets.Tests" name="PracticeDetail" time="3.317"/>
  <testcase classname="com.zoetispets.Tests" name="PracticeDetail" time="3.234"/>
  <testcase classname="com.zoetispets.Tests" name="PracticeDetail" time="3.769"/>
  <testcase classname="com.zoetispets.Tests" name="PracticeDetail" time="3.391"/>
  <testcase classname="com.zoetispets.Tests" name="PracticeDetail" time="3.277"/>
  <testcase classname="com.zoetispets.Tests" name="stageAuthTest" time="0.393"/>
</testsuite> <!-- com.zoetispets.Tests -->
