<?xml version="1.0" encoding="UTF-8"?>
<!-- Generated by org.testng.reporters.JUnitReportReporter -->
<testsuite hostname="runnervmrw5os" failures="0" tests="31" name="com.zoetispets.Tests" time="107.299" errors="0" timestamp="2026-05-22T08:38:38 UTC" skipped="0">
  <testcase classname="com.zoetispets.Tests" name="PracticeDetail" time="3.212"/>
  <testcase classname="com.zoetispets.Tests" name="PracticeDetail" time="3.394"/>
  <testcase classname="com.zoetispets.Tests" name="PracticeDetail" time="3.403"/>
  <testcase classname="com.zoetispets.Tests" name="PracticeDetail" time="3.310"/>
  <testcase classname="com.zoetispets.Tests" name="PracticeDetail" time="4.472"/>
  <testcase classname="com.zoetispets.Tests" name="PracticeDetail" time="3.303"/>
  <testcase classname="com.zoetispets.Tests" name="PracticeDetail" time="3.734"/>
  <testcase classname="com.zoetispets.Tests" name="PracticeDetail" time="3.353"/>
  <testcase classname="com.zoetispets.Tests" name="PracticeDetail" time="3.460"/>
  <testcase classname="com.zoetispets.Tests" name="PracticeDetail" time="3.358"/>
  <testcase classname="com.zoetispets.Tests" name="PracticeDetail" time="3.288"/>
  <testcase classname="com.zoetispets.Tests" name="PracticeDetail" time="4.192"/>
  <testcase classname="com.zoetispets.Tests" name="PracticeDetail" time="3.372"/>
  <testcase classname="com.zoetispets.Tests" name="PracticeDetail" time="3.208"/>
  <testcase classname="com.zoetispets.Tests" name="PracticeDetail" time="6.008"/>
  <testcase classname="com.zoetispets.Tests" name="PracticeDetail" time="3.229"/>
  <testcase classname="com.zoetispets.Tests" name="PracticeDetail" time="3.371"/>
  <testcase classname="com.zoetispets.Tests" name="PracticeDetail" time="3.326"/>
  <testcase classname="com.zoetispets.Tests" name="PracticeDetail" time="3.468"/>
  <testcase classname="com.zoetispets.Tests" name="PracticeDetail" time="3.360"/>
  <testcase classname="com.zoetispets.Tests" name="PracticeDetail" time="3.287"/>
  <testcase classname="com.zoetispets.Tests" name="PracticeDetail" time="3.491"/>
  <testcase classname="com.zoetispets.Tests" name="PracticeDetail" time="3.306"/>
  <testcase classname="com.zoetispets.Tests" name="PracticeDetail" time="3.285"/>
  <testcase classname="com.zoetispets.Tests" name="PracticeDetail" time="4.092"/>
  <testcase classname="com.zoetispets.Tests" name="PracticeDetail" time="3.402"/>
  <testcase classname="com.zoetispets.Tests" name="PracticeDetail" time="3.819"/>
  <testcase classname="com.zoetispets.Tests" name="PracticeDetail" time="3.480"/>
  <testcase classname="com.zoetispets.Tests" name="PracticeDetail" time="3.361"/>
  <testcase classname="com.zoetispets.Tests" name="PracticeDetail" time="3.533"/>
  <testcase classname="com.zoetispets.Tests" name="stageAuthTest" time="0.422"/>
</testsuite> <!-- com.zoetispets.Tests -->
