<?xml version="1.0" encoding="UTF-8"?>
<!-- Generated by org.testng.reporters.JUnitReportReporter -->
<testsuite hostname="runnervm7b5n9" failures="0" tests="31" name="com.zoetispets.Tests" time="107.274" errors="0" timestamp="2026-06-23T08:45:32 UTC" skipped="0">
  <testcase classname="com.zoetispets.Tests" name="PracticeDetail" time="3.521"/>
  <testcase classname="com.zoetispets.Tests" name="PracticeDetail" time="3.574"/>
  <testcase classname="com.zoetispets.Tests" name="PracticeDetail" time="3.411"/>
  <testcase classname="com.zoetispets.Tests" name="PracticeDetail" time="3.463"/>
  <testcase classname="com.zoetispets.Tests" name="PracticeDetail" time="4.530"/>
  <testcase classname="com.zoetispets.Tests" name="PracticeDetail" time="3.343"/>
  <testcase classname="com.zoetispets.Tests" name="PracticeDetail" time="3.434"/>
  <testcase classname="com.zoetispets.Tests" name="PracticeDetail" time="3.937"/>
  <testcase classname="com.zoetispets.Tests" name="PracticeDetail" time="3.421"/>
  <testcase classname="com.zoetispets.Tests" name="PracticeDetail" time="3.410"/>
  <testcase classname="com.zoetispets.Tests" name="PracticeDetail" time="3.348"/>
  <testcase classname="com.zoetispets.Tests" name="PracticeDetail" time="4.183"/>
  <testcase classname="com.zoetispets.Tests" name="PracticeDetail" time="3.347"/>
  <testcase classname="com.zoetispets.Tests" name="PracticeDetail" time="3.980"/>
  <testcase classname="com.zoetispets.Tests" name="PracticeDetail" time="3.853"/>
  <testcase classname="com.zoetispets.Tests" name="PracticeDetail" time="3.221"/>
  <testcase classname="com.zoetispets.Tests" name="PracticeDetail" time="3.602"/>
  <testcase classname="com.zoetispets.Tests" name="PracticeDetail" time="3.467"/>
  <testcase classname="com.zoetispets.Tests" name="PracticeDetail" time="3.939"/>
  <testcase classname="com.zoetispets.Tests" name="PracticeDetail" time="3.401"/>
  <testcase classname="com.zoetispets.Tests" name="PracticeDetail" time="3.232"/>
  <testcase classname="com.zoetispets.Tests" name="PracticeDetail" time="3.501"/>
  <testcase classname="com.zoetispets.Tests" name="PracticeDetail" time="3.352"/>
  <testcase classname="com.zoetispets.Tests" name="PracticeDetail" time="3.236"/>
  <testcase classname="com.zoetispets.Tests" name="PracticeDetail" time="3.906"/>
  <testcase classname="com.zoetispets.Tests" name="PracticeDetail" time="3.253"/>
  <testcase classname="com.zoetispets.Tests" name="PracticeDetail" time="3.477"/>
  <testcase classname="com.zoetispets.Tests" name="PracticeDetail" time="3.744"/>
  <testcase classname="com.zoetispets.Tests" name="PracticeDetail" time="3.360"/>
  <testcase classname="com.zoetispets.Tests" name="PracticeDetail" time="3.467"/>
  <testcase classname="com.zoetispets.Tests" name="stageAuthTest" time="0.361"/>
</testsuite> <!-- com.zoetispets.Tests -->
