<?xml version="1.0" encoding="UTF-8"?>
<!-- Generated by org.testng.reporters.JUnitReportReporter -->
<testsuite hostname="runnervmg1sw1" failures="0" tests="30" name="com.zoetispets.Tests" time="26.391" errors="0" timestamp="2025-11-18T05:44:57 UTC" skipped="0">
  <testcase classname="com.zoetispets.Tests" name="PracticeDetail" time="0.408"/>
  <testcase classname="com.zoetispets.Tests" name="PracticeDetail" time="0.726"/>
  <testcase classname="com.zoetispets.Tests" name="PracticeDetail" time="0.678"/>
  <testcase classname="com.zoetispets.Tests" name="PracticeDetail" time="0.817"/>
  <testcase classname="com.zoetispets.Tests" name="PracticeDetail" time="0.300"/>
  <testcase classname="com.zoetispets.Tests" name="PracticeDetail" time="0.262"/>
  <testcase classname="com.zoetispets.Tests" name="PracticeDetail" time="0.680"/>
  <testcase classname="com.zoetispets.Tests" name="PracticeDetail" time="1.213"/>
  <testcase classname="com.zoetispets.Tests" name="PracticeDetail" time="2.558"/>
  <testcase classname="com.zoetispets.Tests" name="PracticeDetail" time="0.251"/>
  <testcase classname="com.zoetispets.Tests" name="PracticeDetail" time="0.250"/>
  <testcase classname="com.zoetispets.Tests" name="PracticeDetail" time="0.474"/>
  <testcase classname="com.zoetispets.Tests" name="PracticeDetail" time="0.256"/>
  <testcase classname="com.zoetispets.Tests" name="PracticeDetail" time="0.491"/>
  <testcase classname="com.zoetispets.Tests" name="PracticeDetail" time="0.651"/>
  <testcase classname="com.zoetispets.Tests" name="PracticeDetail" time="0.258"/>
  <testcase classname="com.zoetispets.Tests" name="PracticeDetail" time="4.372"/>
  <testcase classname="com.zoetispets.Tests" name="PracticeDetail" time="0.730"/>
  <testcase classname="com.zoetispets.Tests" name="PracticeDetail" time="2.384"/>
  <testcase classname="com.zoetispets.Tests" name="PracticeDetail" time="0.688"/>
  <testcase classname="com.zoetispets.Tests" name="PracticeDetail" time="0.474"/>
  <testcase classname="com.zoetispets.Tests" name="PracticeDetail" time="0.648"/>
  <testcase classname="com.zoetispets.Tests" name="PracticeDetail" time="0.605"/>
  <testcase classname="com.zoetispets.Tests" name="PracticeDetail" time="0.468"/>
  <testcase classname="com.zoetispets.Tests" name="PracticeDetail" time="0.792"/>
  <testcase classname="com.zoetispets.Tests" name="PracticeDetail" time="0.280"/>
  <testcase classname="com.zoetispets.Tests" name="PracticeDetail" time="0.282"/>
  <testcase classname="com.zoetispets.Tests" name="PracticeDetail" time="2.800"/>
  <testcase classname="com.zoetispets.Tests" name="PracticeDetail" time="0.665"/>
  <testcase classname="com.zoetispets.Tests" name="PracticeDetail" time="0.930"/>
</testsuite> <!-- com.zoetispets.Tests -->
