<?xml version="1.0" encoding="UTF-8"?>
<!-- Generated by org.testng.reporters.JUnitReportReporter -->
<testsuite hostname="runnervm1li68" failures="0" tests="31" name="com.zoetispets.Tests" time="109.809" errors="0" timestamp="2026-06-13T08:40:07 UTC" skipped="0">
  <testcase classname="com.zoetispets.Tests" name="PracticeDetail" time="3.434"/>
  <testcase classname="com.zoetispets.Tests" name="PracticeDetail" time="3.604"/>
  <testcase classname="com.zoetispets.Tests" name="PracticeDetail" time="3.416"/>
  <testcase classname="com.zoetispets.Tests" name="PracticeDetail" time="3.435"/>
  <testcase classname="com.zoetispets.Tests" name="PracticeDetail" time="3.380"/>
  <testcase classname="com.zoetispets.Tests" name="PracticeDetail" time="3.479"/>
  <testcase classname="com.zoetispets.Tests" name="PracticeDetail" time="3.092"/>
  <testcase classname="com.zoetispets.Tests" name="PracticeDetail" time="3.387"/>
  <testcase classname="com.zoetispets.Tests" name="PracticeDetail" time="4.572"/>
  <testcase classname="com.zoetispets.Tests" name="PracticeDetail" time="4.567"/>
  <testcase classname="com.zoetispets.Tests" name="PracticeDetail" time="4.279"/>
  <testcase classname="com.zoetispets.Tests" name="PracticeDetail" time="3.375"/>
  <testcase classname="com.zoetispets.Tests" name="PracticeDetail" time="3.234"/>
  <testcase classname="com.zoetispets.Tests" name="PracticeDetail" time="3.382"/>
  <testcase classname="com.zoetispets.Tests" name="PracticeDetail" time="3.389"/>
  <testcase classname="com.zoetispets.Tests" name="PracticeDetail" time="3.371"/>
  <testcase classname="com.zoetispets.Tests" name="PracticeDetail" time="3.420"/>
  <testcase classname="com.zoetispets.Tests" name="PracticeDetail" time="3.441"/>
  <testcase classname="com.zoetispets.Tests" name="PracticeDetail" time="3.363"/>
  <testcase classname="com.zoetispets.Tests" name="PracticeDetail" time="3.930"/>
  <testcase classname="com.zoetispets.Tests" name="PracticeDetail" time="3.502"/>
  <testcase classname="com.zoetispets.Tests" name="PracticeDetail" time="3.358"/>
  <testcase classname="com.zoetispets.Tests" name="PracticeDetail" time="3.387"/>
  <testcase classname="com.zoetispets.Tests" name="PracticeDetail" time="4.038"/>
  <testcase classname="com.zoetispets.Tests" name="PracticeDetail" time="4.191"/>
  <testcase classname="com.zoetispets.Tests" name="PracticeDetail" time="3.238"/>
  <testcase classname="com.zoetispets.Tests" name="PracticeDetail" time="3.249"/>
  <testcase classname="com.zoetispets.Tests" name="PracticeDetail" time="3.506"/>
  <testcase classname="com.zoetispets.Tests" name="PracticeDetail" time="4.145"/>
  <testcase classname="com.zoetispets.Tests" name="PracticeDetail" time="5.072"/>
  <testcase classname="com.zoetispets.Tests" name="stageAuthTest" time="0.573"/>
</testsuite> <!-- com.zoetispets.Tests -->
