<?xml version="1.0" encoding="UTF-8"?>
<!-- Generated by org.testng.reporters.JUnitReportReporter -->
<testsuite hostname="runnervm3jyl0" failures="0" tests="31" name="com.zoetispets.Tests" time="107.221" errors="0" timestamp="2026-06-10T09:06:26 UTC" skipped="0">
  <testcase classname="com.zoetispets.Tests" name="PracticeDetail" time="3.313"/>
  <testcase classname="com.zoetispets.Tests" name="PracticeDetail" time="3.780"/>
  <testcase classname="com.zoetispets.Tests" name="PracticeDetail" time="3.260"/>
  <testcase classname="com.zoetispets.Tests" name="PracticeDetail" time="3.838"/>
  <testcase classname="com.zoetispets.Tests" name="PracticeDetail" time="3.351"/>
  <testcase classname="com.zoetispets.Tests" name="PracticeDetail" time="3.601"/>
  <testcase classname="com.zoetispets.Tests" name="PracticeDetail" time="3.439"/>
  <testcase classname="com.zoetispets.Tests" name="PracticeDetail" time="3.728"/>
  <testcase classname="com.zoetispets.Tests" name="PracticeDetail" time="3.433"/>
  <testcase classname="com.zoetispets.Tests" name="PracticeDetail" time="3.435"/>
  <testcase classname="com.zoetispets.Tests" name="PracticeDetail" time="3.320"/>
  <testcase classname="com.zoetispets.Tests" name="PracticeDetail" time="4.212"/>
  <testcase classname="com.zoetispets.Tests" name="PracticeDetail" time="3.463"/>
  <testcase classname="com.zoetispets.Tests" name="PracticeDetail" time="3.295"/>
  <testcase classname="com.zoetispets.Tests" name="PracticeDetail" time="3.691"/>
  <testcase classname="com.zoetispets.Tests" name="PracticeDetail" time="3.256"/>
  <testcase classname="com.zoetispets.Tests" name="PracticeDetail" time="3.685"/>
  <testcase classname="com.zoetispets.Tests" name="PracticeDetail" time="4.097"/>
  <testcase classname="com.zoetispets.Tests" name="PracticeDetail" time="3.478"/>
  <testcase classname="com.zoetispets.Tests" name="PracticeDetail" time="3.402"/>
  <testcase classname="com.zoetispets.Tests" name="PracticeDetail" time="3.856"/>
  <testcase classname="com.zoetispets.Tests" name="PracticeDetail" time="3.338"/>
  <testcase classname="com.zoetispets.Tests" name="PracticeDetail" time="3.980"/>
  <testcase classname="com.zoetispets.Tests" name="PracticeDetail" time="3.501"/>
  <testcase classname="com.zoetispets.Tests" name="PracticeDetail" time="3.427"/>
  <testcase classname="com.zoetispets.Tests" name="PracticeDetail" time="3.362"/>
  <testcase classname="com.zoetispets.Tests" name="PracticeDetail" time="3.578"/>
  <testcase classname="com.zoetispets.Tests" name="PracticeDetail" time="3.801"/>
  <testcase classname="com.zoetispets.Tests" name="PracticeDetail" time="3.452"/>
  <testcase classname="com.zoetispets.Tests" name="PracticeDetail" time="3.649"/>
  <testcase classname="com.zoetispets.Tests" name="stageAuthTest" time="0.200"/>
</testsuite> <!-- com.zoetispets.Tests -->
