<?xml version="1.0" encoding="UTF-8"?>
<!-- Generated by org.testng.reporters.JUnitReportReporter -->
<testsuite hostname="runnervmw9dnm" failures="0" tests="30" name="com.zoetispets.Tests" time="19.980" errors="0" timestamp="2025-11-07T05:44:02 UTC" skipped="0">
  <testcase classname="com.zoetispets.Tests" name="PracticeDetail" time="0.906"/>
  <testcase classname="com.zoetispets.Tests" name="PracticeDetail" time="0.618"/>
  <testcase classname="com.zoetispets.Tests" name="PracticeDetail" time="0.803"/>
  <testcase classname="com.zoetispets.Tests" name="PracticeDetail" time="0.585"/>
  <testcase classname="com.zoetispets.Tests" name="PracticeDetail" time="0.720"/>
  <testcase classname="com.zoetispets.Tests" name="PracticeDetail" time="0.281"/>
  <testcase classname="com.zoetispets.Tests" name="PracticeDetail" time="0.280"/>
  <testcase classname="com.zoetispets.Tests" name="PracticeDetail" time="0.318"/>
  <testcase classname="com.zoetispets.Tests" name="PracticeDetail" time="1.076"/>
  <testcase classname="com.zoetispets.Tests" name="PracticeDetail" time="0.337"/>
  <testcase classname="com.zoetispets.Tests" name="PracticeDetail" time="2.482"/>
  <testcase classname="com.zoetispets.Tests" name="PracticeDetail" time="0.280"/>
  <testcase classname="com.zoetispets.Tests" name="PracticeDetail" time="0.286"/>
  <testcase classname="com.zoetispets.Tests" name="PracticeDetail" time="0.763"/>
  <testcase classname="com.zoetispets.Tests" name="PracticeDetail" time="0.274"/>
  <testcase classname="com.zoetispets.Tests" name="PracticeDetail" time="0.312"/>
  <testcase classname="com.zoetispets.Tests" name="PracticeDetail" time="0.621"/>
  <testcase classname="com.zoetispets.Tests" name="PracticeDetail" time="0.438"/>
  <testcase classname="com.zoetispets.Tests" name="PracticeDetail" time="0.280"/>
  <testcase classname="com.zoetispets.Tests" name="PracticeDetail" time="0.676"/>
  <testcase classname="com.zoetispets.Tests" name="PracticeDetail" time="0.450"/>
  <testcase classname="com.zoetispets.Tests" name="PracticeDetail" time="1.106"/>
  <testcase classname="com.zoetispets.Tests" name="PracticeDetail" time="0.787"/>
  <testcase classname="com.zoetispets.Tests" name="PracticeDetail" time="0.542"/>
  <testcase classname="com.zoetispets.Tests" name="PracticeDetail" time="0.544"/>
  <testcase classname="com.zoetispets.Tests" name="PracticeDetail" time="1.111"/>
  <testcase classname="com.zoetispets.Tests" name="PracticeDetail" time="0.263"/>
  <testcase classname="com.zoetispets.Tests" name="PracticeDetail" time="0.284"/>
  <testcase classname="com.zoetispets.Tests" name="PracticeDetail" time="0.825"/>
  <testcase classname="com.zoetispets.Tests" name="PracticeDetail" time="1.732"/>
</testsuite> <!-- com.zoetispets.Tests -->
