<?xml version="1.0" encoding="UTF-8"?>
<!-- Generated by org.testng.reporters.JUnitReportReporter -->
<testsuite hostname="runnervmymu0l" failures="0" tests="30" name="com.zoetispets.Tests" time="19.317" errors="0" timestamp="2026-01-23T05:52:18 UTC" skipped="0">
  <testcase classname="com.zoetispets.Tests" name="PracticeDetail" time="0.414"/>
  <testcase classname="com.zoetispets.Tests" name="PracticeDetail" time="0.663"/>
  <testcase classname="com.zoetispets.Tests" name="PracticeDetail" time="0.474"/>
  <testcase classname="com.zoetispets.Tests" name="PracticeDetail" time="0.352"/>
  <testcase classname="com.zoetispets.Tests" name="PracticeDetail" time="0.326"/>
  <testcase classname="com.zoetispets.Tests" name="PracticeDetail" time="0.310"/>
  <testcase classname="com.zoetispets.Tests" name="PracticeDetail" time="1.561"/>
  <testcase classname="com.zoetispets.Tests" name="PracticeDetail" time="0.683"/>
  <testcase classname="com.zoetispets.Tests" name="PracticeDetail" time="0.420"/>
  <testcase classname="com.zoetispets.Tests" name="PracticeDetail" time="1.274"/>
  <testcase classname="com.zoetispets.Tests" name="PracticeDetail" time="0.245"/>
  <testcase classname="com.zoetispets.Tests" name="PracticeDetail" time="0.937"/>
  <testcase classname="com.zoetispets.Tests" name="PracticeDetail" time="0.937"/>
  <testcase classname="com.zoetispets.Tests" name="PracticeDetail" time="0.395"/>
  <testcase classname="com.zoetispets.Tests" name="PracticeDetail" time="0.307"/>
  <testcase classname="com.zoetispets.Tests" name="PracticeDetail" time="0.387"/>
  <testcase classname="com.zoetispets.Tests" name="PracticeDetail" time="0.387"/>
  <testcase classname="com.zoetispets.Tests" name="PracticeDetail" time="0.525"/>
  <testcase classname="com.zoetispets.Tests" name="PracticeDetail" time="0.727"/>
  <testcase classname="com.zoetispets.Tests" name="PracticeDetail" time="0.660"/>
  <testcase classname="com.zoetispets.Tests" name="PracticeDetail" time="0.592"/>
  <testcase classname="com.zoetispets.Tests" name="PracticeDetail" time="0.372"/>
  <testcase classname="com.zoetispets.Tests" name="PracticeDetail" time="0.526"/>
  <testcase classname="com.zoetispets.Tests" name="PracticeDetail" time="0.380"/>
  <testcase classname="com.zoetispets.Tests" name="PracticeDetail" time="0.349"/>
  <testcase classname="com.zoetispets.Tests" name="PracticeDetail" time="0.248"/>
  <testcase classname="com.zoetispets.Tests" name="PracticeDetail" time="0.273"/>
  <testcase classname="com.zoetispets.Tests" name="PracticeDetail" time="0.401"/>
  <testcase classname="com.zoetispets.Tests" name="PracticeDetail" time="0.399"/>
  <testcase classname="com.zoetispets.Tests" name="PracticeDetail" time="3.793"/>
</testsuite> <!-- com.zoetispets.Tests -->
