<?xml version="1.0" encoding="UTF-8"?>
<!-- Generated by org.testng.reporters.JUnitReportReporter -->
<testsuite hostname="runnervmmtnos" failures="0" tests="30" name="com.zoetispets.Tests" time="22.136" errors="0" timestamp="2026-01-20T05:54:21 UTC" skipped="0">
  <testcase classname="com.zoetispets.Tests" name="PracticeDetail" time="0.306"/>
  <testcase classname="com.zoetispets.Tests" name="PracticeDetail" time="0.467"/>
  <testcase classname="com.zoetispets.Tests" name="PracticeDetail" time="0.354"/>
  <testcase classname="com.zoetispets.Tests" name="PracticeDetail" time="0.403"/>
  <testcase classname="com.zoetispets.Tests" name="PracticeDetail" time="0.251"/>
  <testcase classname="com.zoetispets.Tests" name="PracticeDetail" time="0.259"/>
  <testcase classname="com.zoetispets.Tests" name="PracticeDetail" time="0.956"/>
  <testcase classname="com.zoetispets.Tests" name="PracticeDetail" time="0.502"/>
  <testcase classname="com.zoetispets.Tests" name="PracticeDetail" time="0.422"/>
  <testcase classname="com.zoetispets.Tests" name="PracticeDetail" time="1.293"/>
  <testcase classname="com.zoetispets.Tests" name="PracticeDetail" time="0.314"/>
  <testcase classname="com.zoetispets.Tests" name="PracticeDetail" time="0.252"/>
  <testcase classname="com.zoetispets.Tests" name="PracticeDetail" time="0.250"/>
  <testcase classname="com.zoetispets.Tests" name="PracticeDetail" time="0.780"/>
  <testcase classname="com.zoetispets.Tests" name="PracticeDetail" time="1.022"/>
  <testcase classname="com.zoetispets.Tests" name="PracticeDetail" time="0.747"/>
  <testcase classname="com.zoetispets.Tests" name="PracticeDetail" time="0.470"/>
  <testcase classname="com.zoetispets.Tests" name="PracticeDetail" time="0.567"/>
  <testcase classname="com.zoetispets.Tests" name="PracticeDetail" time="0.501"/>
  <testcase classname="com.zoetispets.Tests" name="PracticeDetail" time="0.622"/>
  <testcase classname="com.zoetispets.Tests" name="PracticeDetail" time="0.853"/>
  <testcase classname="com.zoetispets.Tests" name="PracticeDetail" time="0.796"/>
  <testcase classname="com.zoetispets.Tests" name="PracticeDetail" time="0.794"/>
  <testcase classname="com.zoetispets.Tests" name="PracticeDetail" time="0.756"/>
  <testcase classname="com.zoetispets.Tests" name="PracticeDetail" time="0.528"/>
  <testcase classname="com.zoetispets.Tests" name="PracticeDetail" time="2.863"/>
  <testcase classname="com.zoetispets.Tests" name="PracticeDetail" time="0.254"/>
  <testcase classname="com.zoetispets.Tests" name="PracticeDetail" time="0.256"/>
  <testcase classname="com.zoetispets.Tests" name="PracticeDetail" time="0.434"/>
  <testcase classname="com.zoetispets.Tests" name="PracticeDetail" time="3.864"/>
</testsuite> <!-- com.zoetispets.Tests -->
