<?xml version="1.0" encoding="UTF-8"?>
<!-- Generated by org.testng.reporters.JUnitReportReporter -->
<testsuite hostname="runnervmzvulz" failures="0" tests="31" name="com.zoetispets.Tests" time="107.636" errors="0" timestamp="2026-08-18T05:58:05 UTC" skipped="0">
  <testcase classname="com.zoetispets.Tests" name="PracticeDetail" time="3.212"/>
  <testcase classname="com.zoetispets.Tests" name="PracticeDetail" time="3.210"/>
  <testcase classname="com.zoetispets.Tests" name="PracticeDetail" time="3.309"/>
  <testcase classname="com.zoetispets.Tests" name="PracticeDetail" time="3.525"/>
  <testcase classname="com.zoetispets.Tests" name="PracticeDetail" time="3.357"/>
  <testcase classname="com.zoetispets.Tests" name="PracticeDetail" time="3.804"/>
  <testcase classname="com.zoetispets.Tests" name="PracticeDetail" time="4.227"/>
  <testcase classname="com.zoetispets.Tests" name="PracticeDetail" time="4.782"/>
  <testcase classname="com.zoetispets.Tests" name="PracticeDetail" time="3.311"/>
  <testcase classname="com.zoetispets.Tests" name="PracticeDetail" time="3.620"/>
  <testcase classname="com.zoetispets.Tests" name="PracticeDetail" time="3.288"/>
  <testcase classname="com.zoetispets.Tests" name="PracticeDetail" time="4.191"/>
  <testcase classname="com.zoetispets.Tests" name="PracticeDetail" time="3.701"/>
  <testcase classname="com.zoetispets.Tests" name="PracticeDetail" time="3.195"/>
  <testcase classname="com.zoetispets.Tests" name="PracticeDetail" time="3.213"/>
  <testcase classname="com.zoetispets.Tests" name="PracticeDetail" time="3.316"/>
  <testcase classname="com.zoetispets.Tests" name="PracticeDetail" time="4.075"/>
  <testcase classname="com.zoetispets.Tests" name="PracticeDetail" time="3.831"/>
  <testcase classname="com.zoetispets.Tests" name="PracticeDetail" time="3.997"/>
  <testcase classname="com.zoetispets.Tests" name="PracticeDetail" time="3.555"/>
  <testcase classname="com.zoetispets.Tests" name="PracticeDetail" time="3.206"/>
  <testcase classname="com.zoetispets.Tests" name="PracticeDetail" time="3.524"/>
  <testcase classname="com.zoetispets.Tests" name="PracticeDetail" time="3.353"/>
  <testcase classname="com.zoetispets.Tests" name="PracticeDetail" time="3.516"/>
  <testcase classname="com.zoetispets.Tests" name="PracticeDetail" time="3.285"/>
  <testcase classname="com.zoetispets.Tests" name="PracticeDetail" time="3.383"/>
  <testcase classname="com.zoetispets.Tests" name="PracticeDetail" time="3.256"/>
  <testcase classname="com.zoetispets.Tests" name="PracticeDetail" time="4.049"/>
  <testcase classname="com.zoetispets.Tests" name="PracticeDetail" time="3.391"/>
  <testcase classname="com.zoetispets.Tests" name="PracticeDetail" time="3.597"/>
  <testcase classname="com.zoetispets.Tests" name="stageAuthTest" time="0.357"/>
</testsuite> <!-- com.zoetispets.Tests -->
