<?xml version="1.0" encoding="UTF-8"?>
<!-- Generated by org.testng.reporters.JUnitReportReporter -->
<testsuite hostname="runnervmw9dnm" failures="0" tests="30" name="com.zoetispets.Tests" time="23.778" errors="0" timestamp="2025-11-09T05:42:34 UTC" skipped="0">
  <testcase classname="com.zoetispets.Tests" name="PracticeDetail" time="0.882"/>
  <testcase classname="com.zoetispets.Tests" name="PracticeDetail" time="1.040"/>
  <testcase classname="com.zoetispets.Tests" name="PracticeDetail" time="0.484"/>
  <testcase classname="com.zoetispets.Tests" name="PracticeDetail" time="0.786"/>
  <testcase classname="com.zoetispets.Tests" name="PracticeDetail" time="0.328"/>
  <testcase classname="com.zoetispets.Tests" name="PracticeDetail" time="0.322"/>
  <testcase classname="com.zoetispets.Tests" name="PracticeDetail" time="0.496"/>
  <testcase classname="com.zoetispets.Tests" name="PracticeDetail" time="0.534"/>
  <testcase classname="com.zoetispets.Tests" name="PracticeDetail" time="0.515"/>
  <testcase classname="com.zoetispets.Tests" name="PracticeDetail" time="2.737"/>
  <testcase classname="com.zoetispets.Tests" name="PracticeDetail" time="0.347"/>
  <testcase classname="com.zoetispets.Tests" name="PracticeDetail" time="0.313"/>
  <testcase classname="com.zoetispets.Tests" name="PracticeDetail" time="0.332"/>
  <testcase classname="com.zoetispets.Tests" name="PracticeDetail" time="0.318"/>
  <testcase classname="com.zoetispets.Tests" name="PracticeDetail" time="4.893"/>
  <testcase classname="com.zoetispets.Tests" name="PracticeDetail" time="0.652"/>
  <testcase classname="com.zoetispets.Tests" name="PracticeDetail" time="0.375"/>
  <testcase classname="com.zoetispets.Tests" name="PracticeDetail" time="0.539"/>
  <testcase classname="com.zoetispets.Tests" name="PracticeDetail" time="0.862"/>
  <testcase classname="com.zoetispets.Tests" name="PracticeDetail" time="1.180"/>
  <testcase classname="com.zoetispets.Tests" name="PracticeDetail" time="0.786"/>
  <testcase classname="com.zoetispets.Tests" name="PracticeDetail" time="0.419"/>
  <testcase classname="com.zoetispets.Tests" name="PracticeDetail" time="0.917"/>
  <testcase classname="com.zoetispets.Tests" name="PracticeDetail" time="0.812"/>
  <testcase classname="com.zoetispets.Tests" name="PracticeDetail" time="0.518"/>
  <testcase classname="com.zoetispets.Tests" name="PracticeDetail" time="0.413"/>
  <testcase classname="com.zoetispets.Tests" name="PracticeDetail" time="0.299"/>
  <testcase classname="com.zoetispets.Tests" name="PracticeDetail" time="0.301"/>
  <testcase classname="com.zoetispets.Tests" name="PracticeDetail" time="0.847"/>
  <testcase classname="com.zoetispets.Tests" name="PracticeDetail" time="0.531"/>
</testsuite> <!-- com.zoetispets.Tests -->
