<?xml version="1.0" encoding="UTF-8"?>
<!-- Generated by org.testng.reporters.JUnitReportReporter -->
<testsuite hostname="runnervmwffz4" failures="0" tests="30" name="com.zoetispets.Tests" time="107.587" errors="0" timestamp="2026-02-11T06:42:51 UTC" skipped="0">
  <testcase classname="com.zoetispets.Tests" name="PracticeDetail" time="3.222"/>
  <testcase classname="com.zoetispets.Tests" name="PracticeDetail" time="3.834"/>
  <testcase classname="com.zoetispets.Tests" name="PracticeDetail" time="3.193"/>
  <testcase classname="com.zoetispets.Tests" name="PracticeDetail" time="3.933"/>
  <testcase classname="com.zoetispets.Tests" name="PracticeDetail" time="4.265"/>
  <testcase classname="com.zoetispets.Tests" name="PracticeDetail" time="3.354"/>
  <testcase classname="com.zoetispets.Tests" name="PracticeDetail" time="3.602"/>
  <testcase classname="com.zoetispets.Tests" name="PracticeDetail" time="3.654"/>
  <testcase classname="com.zoetispets.Tests" name="PracticeDetail" time="3.740"/>
  <testcase classname="com.zoetispets.Tests" name="PracticeDetail" time="3.307"/>
  <testcase classname="com.zoetispets.Tests" name="PracticeDetail" time="4.549"/>
  <testcase classname="com.zoetispets.Tests" name="PracticeDetail" time="3.309"/>
  <testcase classname="com.zoetispets.Tests" name="PracticeDetail" time="3.533"/>
  <testcase classname="com.zoetispets.Tests" name="PracticeDetail" time="3.278"/>
  <testcase classname="com.zoetispets.Tests" name="PracticeDetail" time="3.220"/>
  <testcase classname="com.zoetispets.Tests" name="PracticeDetail" time="3.552"/>
  <testcase classname="com.zoetispets.Tests" name="PracticeDetail" time="3.847"/>
  <testcase classname="com.zoetispets.Tests" name="PracticeDetail" time="3.882"/>
  <testcase classname="com.zoetispets.Tests" name="PracticeDetail" time="3.515"/>
  <testcase classname="com.zoetispets.Tests" name="PracticeDetail" time="3.519"/>
  <testcase classname="com.zoetispets.Tests" name="PracticeDetail" time="3.776"/>
  <testcase classname="com.zoetispets.Tests" name="PracticeDetail" time="3.203"/>
  <testcase classname="com.zoetispets.Tests" name="PracticeDetail" time="3.927"/>
  <testcase classname="com.zoetispets.Tests" name="PracticeDetail" time="3.527"/>
  <testcase classname="com.zoetispets.Tests" name="PracticeDetail" time="3.323"/>
  <testcase classname="com.zoetispets.Tests" name="PracticeDetail" time="3.293"/>
  <testcase classname="com.zoetispets.Tests" name="PracticeDetail" time="3.649"/>
  <testcase classname="com.zoetispets.Tests" name="PracticeDetail" time="3.337"/>
  <testcase classname="com.zoetispets.Tests" name="PracticeDetail" time="3.320"/>
  <testcase classname="com.zoetispets.Tests" name="PracticeDetail" time="3.924"/>
</testsuite> <!-- com.zoetispets.Tests -->
