<?xml version="1.0" encoding="UTF-8"?>
<!-- Generated by org.testng.reporters.JUnitReportReporter -->
<testsuite hostname="runnervmymu0l" failures="0" tests="30" name="com.zoetispets.Tests" time="17.856" errors="0" timestamp="2026-01-25T05:52:04 UTC" skipped="0">
  <testcase classname="com.zoetispets.Tests" name="PracticeDetail" time="0.453"/>
  <testcase classname="com.zoetispets.Tests" name="PracticeDetail" time="0.628"/>
  <testcase classname="com.zoetispets.Tests" name="PracticeDetail" time="0.469"/>
  <testcase classname="com.zoetispets.Tests" name="PracticeDetail" time="0.323"/>
  <testcase classname="com.zoetispets.Tests" name="PracticeDetail" time="0.271"/>
  <testcase classname="com.zoetispets.Tests" name="PracticeDetail" time="0.297"/>
  <testcase classname="com.zoetispets.Tests" name="PracticeDetail" time="0.424"/>
  <testcase classname="com.zoetispets.Tests" name="PracticeDetail" time="0.596"/>
  <testcase classname="com.zoetispets.Tests" name="PracticeDetail" time="0.376"/>
  <testcase classname="com.zoetispets.Tests" name="PracticeDetail" time="1.392"/>
  <testcase classname="com.zoetispets.Tests" name="PracticeDetail" time="0.298"/>
  <testcase classname="com.zoetispets.Tests" name="PracticeDetail" time="1.203"/>
  <testcase classname="com.zoetispets.Tests" name="PracticeDetail" time="0.422"/>
  <testcase classname="com.zoetispets.Tests" name="PracticeDetail" time="0.263"/>
  <testcase classname="com.zoetispets.Tests" name="PracticeDetail" time="0.399"/>
  <testcase classname="com.zoetispets.Tests" name="PracticeDetail" time="0.385"/>
  <testcase classname="com.zoetispets.Tests" name="PracticeDetail" time="0.332"/>
  <testcase classname="com.zoetispets.Tests" name="PracticeDetail" time="0.374"/>
  <testcase classname="com.zoetispets.Tests" name="PracticeDetail" time="0.694"/>
  <testcase classname="com.zoetispets.Tests" name="PracticeDetail" time="0.596"/>
  <testcase classname="com.zoetispets.Tests" name="PracticeDetail" time="1.027"/>
  <testcase classname="com.zoetispets.Tests" name="PracticeDetail" time="0.523"/>
  <testcase classname="com.zoetispets.Tests" name="PracticeDetail" time="0.360"/>
  <testcase classname="com.zoetispets.Tests" name="PracticeDetail" time="0.410"/>
  <testcase classname="com.zoetispets.Tests" name="PracticeDetail" time="0.356"/>
  <testcase classname="com.zoetispets.Tests" name="PracticeDetail" time="1.478"/>
  <testcase classname="com.zoetispets.Tests" name="PracticeDetail" time="0.260"/>
  <testcase classname="com.zoetispets.Tests" name="PracticeDetail" time="0.330"/>
  <testcase classname="com.zoetispets.Tests" name="PracticeDetail" time="0.388"/>
  <testcase classname="com.zoetispets.Tests" name="PracticeDetail" time="2.529"/>
</testsuite> <!-- com.zoetispets.Tests -->
