<?xml version="1.0" encoding="UTF-8"?>
<!-- Generated by org.testng.reporters.JUnitXMLReporter -->
<testsuite ignored="0" hostname="pkrvmsl9tci6h6u" failures="0" tests="9" name="ZoetisPetsCheckTests" time="16.26" errors="0" timestamp="2025-08-13T12:03:17 UTC">
  <testcase classname="com.zoetispets.Tests" name="PracticeDetail" time="1.404"/>
  <testcase classname="com.zoetispets.Tests" name="PracticeDetail" time="0.374"/>
  <testcase classname="com.zoetispets.Tests" name="PracticeDetail" time="0.281"/>
  <testcase classname="com.zoetispets.Tests" name="PracticeDetail" time="0.301"/>
  <testcase classname="com.zoetispets.Tests" name="PracticeDetail" time="0.311"/>
  <testcase classname="com.zoetispets.Tests" name="PracticeDetail" time="0.302"/>
  <testcase classname="com.zoetispets.Tests" name="PracticeDetail" time="0.283"/>
  <testcase classname="com.zoetispets.Tests" name="PracticeDetail" time="0.29"/>
  <testcase classname="com.zoetispets.Tests" name="PracticeDetail" time="0.28"/>
</testsuite> <!-- ZoetisPetsCheckTests -->
